[0.265s] Invoking command in '/home/navneeth/ros2_ws/build/my_py_pkg': PYTHONPATH=/home/navneeth/ros2_ws/install/my_py_pkg/lib/python3.8/site-packages:${PYTHONPATH} /usr/bin/python3 setup.py develop --prefix /home/navneeth/ros2_ws/install/my_py_pkg --editable --build-directory /home/navneeth/ros2_ws/build/my_py_pkg/build --no-deps install_data --install-dir /home/navneeth/ros2_ws/install/my_py_pkg
[0.531s] running develop
[0.703s] running egg_info
[0.703s] writing my_py_pkg.egg-info/PKG-INFO
[0.703s] writing dependency_links to my_py_pkg.egg-info/dependency_links.txt
[0.704s] writing entry points to my_py_pkg.egg-info/entry_points.txt
[0.704s] writing requirements to my_py_pkg.egg-info/requires.txt
[0.704s] writing top-level names to my_py_pkg.egg-info/top_level.txt
[0.799s] listing git files failed - pretending there aren't any
[0.801s] reading manifest file 'my_py_pkg.egg-info/SOURCES.txt'
[0.802s] writing manifest file 'my_py_pkg.egg-info/SOURCES.txt'
[0.839s] running build_ext
[0.839s] Creating /home/navneeth/ros2_ws/install/my_py_pkg/lib/python3.8/site-packages/my-py-pkg.egg-link (link to .)
[0.840s] Installing py_node script to /home/navneeth/ros2_ws/install/my_py_pkg/lib/my_py_pkg
[0.840s] Installing robot_news_station script to /home/navneeth/ros2_ws/install/my_py_pkg/lib/my_py_pkg
[0.840s] Installing smartphone script to /home/navneeth/ros2_ws/install/my_py_pkg/lib/my_py_pkg
[0.841s] 
[0.841s] Installed /home/navneeth/ros2_ws/build/my_py_pkg
[0.841s] running install_data
[0.872s] Invoked command in '/home/navneeth/ros2_ws/build/my_py_pkg' returned '0': PYTHONPATH=/home/navneeth/ros2_ws/install/my_py_pkg/lib/python3.8/site-packages:${PYTHONPATH} /usr/bin/python3 setup.py develop --prefix /home/navneeth/ros2_ws/install/my_py_pkg --editable --build-directory /home/navneeth/ros2_ws/build/my_py_pkg/build --no-deps install_data --install-dir /home/navneeth/ros2_ws/install/my_py_pkg
