[0.760s] Invoking command in '/home/navneeth/ros2_ws/build/my_py_pkg': PYTHONPATH=/home/navneeth/ros2_ws/install/my_py_pkg/lib/python3.8/site-packages:${PYTHONPATH} /usr/bin/python3 setup.py develop --prefix /home/navneeth/ros2_ws/install/my_py_pkg --uninstall --editable --build-directory /home/navneeth/ros2_ws/build/my_py_pkg/build
[1.097s] running develop
[1.301s] Invoked command in '/home/navneeth/ros2_ws/build/my_py_pkg' returned '0': PYTHONPATH=/home/navneeth/ros2_ws/install/my_py_pkg/lib/python3.8/site-packages:${PYTHONPATH} /usr/bin/python3 setup.py develop --prefix /home/navneeth/ros2_ws/install/my_py_pkg --uninstall --editable --build-directory /home/navneeth/ros2_ws/build/my_py_pkg/build
[1.302s] Invoking command in '/home/navneeth/ros2_ws/src/my_py_pkg': PYTHONPATH=/home/navneeth/ros2_ws/install/my_py_pkg/lib/python3.8/site-packages:${PYTHONPATH} /usr/bin/python3 setup.py egg_info --egg-base ../../build/my_py_pkg build --build-base /home/navneeth/ros2_ws/build/my_py_pkg/build install --prefix /home/navneeth/ros2_ws/install/my_py_pkg --record /home/navneeth/ros2_ws/build/my_py_pkg/install.log --single-version-externally-managed
[1.529s] running egg_info
[1.530s] writing ../../build/my_py_pkg/my_py_pkg.egg-info/PKG-INFO
[1.530s] writing dependency_links to ../../build/my_py_pkg/my_py_pkg.egg-info/dependency_links.txt
[1.531s] writing entry points to ../../build/my_py_pkg/my_py_pkg.egg-info/entry_points.txt
[1.531s] writing requirements to ../../build/my_py_pkg/my_py_pkg.egg-info/requires.txt
[1.531s] writing top-level names to ../../build/my_py_pkg/my_py_pkg.egg-info/top_level.txt
[2.300s] listing git files failed - pretending there aren't any
[2.308s] reading manifest file '../../build/my_py_pkg/my_py_pkg.egg-info/SOURCES.txt'
[2.330s] writing manifest file '../../build/my_py_pkg/my_py_pkg.egg-info/SOURCES.txt'
[2.330s] running build
[2.330s] running build_py
[2.339s] running install
[2.342s] running install_lib
[2.368s] running install_data
[2.372s] running install_egg_info
[2.375s] removing '/home/navneeth/ros2_ws/install/my_py_pkg/lib/python3.8/site-packages/my_py_pkg-0.0.0-py3.8.egg-info' (and everything under it)
[2.408s] Copying ../../build/my_py_pkg/my_py_pkg.egg-info to /home/navneeth/ros2_ws/install/my_py_pkg/lib/python3.8/site-packages/my_py_pkg-0.0.0-py3.8.egg-info
[2.412s] running install_scripts
[2.453s] Installing add_two_ints_client_no_opp = my_py_pkg.add_two_ints_client_no_opp:mainadd_two_ints_client script to /home/navneeth/ros2_ws/install/my_py_pkg/lib/my_py_pkg
[2.453s] Installing add_two_ints_server script to /home/navneeth/ros2_ws/install/my_py_pkg/lib/my_py_pkg
[2.453s] Installing number_counter script to /home/navneeth/ros2_ws/install/my_py_pkg/lib/my_py_pkg
[2.453s] Installing number_publisher script to /home/navneeth/ros2_ws/install/my_py_pkg/lib/my_py_pkg
[2.453s] Installing py_node script to /home/navneeth/ros2_ws/install/my_py_pkg/lib/my_py_pkg
[2.453s] Installing robot_news_station script to /home/navneeth/ros2_ws/install/my_py_pkg/lib/my_py_pkg
[2.453s] Installing smartphone script to /home/navneeth/ros2_ws/install/my_py_pkg/lib/my_py_pkg
[2.454s] writing list of installed files to '/home/navneeth/ros2_ws/build/my_py_pkg/install.log'
[2.476s] Invoked command in '/home/navneeth/ros2_ws/src/my_py_pkg' returned '0': PYTHONPATH=/home/navneeth/ros2_ws/install/my_py_pkg/lib/python3.8/site-packages:${PYTHONPATH} /usr/bin/python3 setup.py egg_info --egg-base ../../build/my_py_pkg build --build-base /home/navneeth/ros2_ws/build/my_py_pkg/build install --prefix /home/navneeth/ros2_ws/install/my_py_pkg --record /home/navneeth/ros2_ws/build/my_py_pkg/install.log --single-version-externally-managed
