[0.013s] Invoking command in '/home/navneeth/ros2_ws/build/my_robot_interfaces': CMAKE_PREFIX_PATH=/home/navneeth/ros2_ws/install/my_robot_interfaces:/home/navneeth/ros2_ws/install/my_py_pkg:/opt/ros/foxy:/opt/ros/noetic /usr/bin/cmake --build /home/navneeth/ros2_ws/build/my_robot_interfaces -- -j8 -l8
[0.037s] -- Found ament_cmake: 0.9.9 (/opt/ros/foxy/share/ament_cmake/cmake)
[0.063s] -- Found PythonInterp: /usr/bin/python3 (found suitable version "3.8.10", minimum required is "3") 
[0.063s] -- Using PYTHON_EXECUTABLE: /usr/bin/python3
[0.266s] -- Found rosidl_default_generators: 1.0.1 (/opt/ros/foxy/share/rosidl_default_generators/cmake)
[0.268s] -- Using all available rosidl_typesupport_c: rosidl_typesupport_fastrtps_c;rosidl_typesupport_introspection_c
[0.271s] -- Found rosidl_adapter: 1.2.1 (/opt/ros/foxy/share/rosidl_adapter/cmake)
[0.390s] -- Using all available rosidl_typesupport_cpp: rosidl_typesupport_fastrtps_cpp;rosidl_typesupport_introspection_cpp
[0.432s] -- Found PythonInterp: /usr/bin/python3 (found version "3.8.10") 
[0.599s] CMake Error at /opt/ros/foxy/share/rosidl_adapter/cmake/rosidl_adapt_interfaces.cmake:60 (message):
[0.600s]   execute_process(/usr/bin/python3 -m rosidl_adapter --package-name
[0.600s]   my_robot_interfaces --arguments-file
[0.600s]   /home/navneeth/ros2_ws/build/my_robot_interfaces/rosidl_adapter__arguments__my_robot_interfaces.json
[0.600s]   --output-dir
[0.600s]   /home/navneeth/ros2_ws/build/my_robot_interfaces/rosidl_adapter/my_robot_interfaces
[0.600s]   --output-file
[0.600s]   /home/navneeth/ros2_ws/build/my_robot_interfaces/rosidl_adapter/my_robot_interfaces.idls)
[0.600s]   returned error code 1:
[0.600s] 
[0.600s]   Traceback (most recent call last):
[0.601s] 
[0.601s]     File "/usr/lib/python3.8/runpy.py", line 194, in _run_module_as_main
[0.601s]       return _run_code(code, main_globals, None,
[0.601s]     File "/usr/lib/python3.8/runpy.py", line 87, in _run_code
[0.601s]       exec(code, run_globals)
[0.601s]     File "/opt/ros/foxy/lib/python3.8/site-packages/rosidl_adapter/__main__.py", line 19, in <module>
[0.601s]       sys.exit(main())
[0.601s]     File "/opt/ros/foxy/lib/python3.8/site-packages/rosidl_adapter/main.py", line 53, in main
[0.601s]       abs_idl_file = convert_to_idl(
[0.601s]     File "/opt/ros/foxy/lib/python3.8/site-packages/rosidl_adapter/__init__.py", line 24, in convert_to_idl
[0.602s]       return convert_srv_to_idl(
[0.602s]     File "/opt/ros/foxy/lib/python3.8/site-packages/rosidl_adapter/srv/__init__.py", line 28, in convert_srv_to_idl
[0.602s]       srv = parse_service_string(package_name, input_file.stem, content)
[0.602s]     File "/opt/ros/foxy/lib/python3.8/site-packages/rosidl_adapter/parser.py", line 852, in parse_service_string
[0.602s]       request_message = parse_message_string(
[0.602s]     File "/opt/ros/foxy/lib/python3.8/site-packages/rosidl_adapter/parser.py", line 540, in parse_message_string
[0.602s]       msg = MessageSpecification(pkg_name, msg_name, fields, constants)
[0.602s]     File "/opt/ros/foxy/lib/python3.8/site-packages/rosidl_adapter/parser.py", line 387, in __init__
[0.602s]       self.base_type = BaseType(
[0.602s]     File "/opt/ros/foxy/lib/python3.8/site-packages/rosidl_adapter/parser.py", line 204, in __init__
[0.602s]       raise InvalidResourceName(
[0.602s] 
[0.603s]   rosidl_adapter.parser.InvalidResourceName: 'set_led_Request' is an invalid
[0.603s]   message name.  It should have the pattern '^[A-Z][A-Za-z0-9]*$'
[0.603s] 
[0.603s] Call Stack (most recent call first):
[0.603s]   /opt/ros/foxy/share/rosidl_cmake/cmake/rosidl_generate_interfaces.cmake:130 (rosidl_adapt_interfaces)
[0.603s]   CMakeLists.txt:22 (rosidl_generate_interfaces)
[0.603s] 
[0.603s] 
[0.603s] -- Configuring incomplete, errors occurred!
[0.603s] See also "/home/navneeth/ros2_ws/build/my_robot_interfaces/CMakeFiles/CMakeOutput.log".
[0.606s] make: *** [Makefile:988: cmake_check_build_system] Error 1
[0.608s] Invoked command in '/home/navneeth/ros2_ws/build/my_robot_interfaces' returned '2': CMAKE_PREFIX_PATH=/home/navneeth/ros2_ws/install/my_robot_interfaces:/home/navneeth/ros2_ws/install/my_py_pkg:/opt/ros/foxy:/opt/ros/noetic /usr/bin/cmake --build /home/navneeth/ros2_ws/build/my_robot_interfaces -- -j8 -l8
