[0.016s] Invoking command in '/home/navneeth/ros2_ws/build/my_robot_interfaces': CMAKE_PREFIX_PATH=/home/navneeth/ros2_ws/install/my_robot_interfaces:/home/navneeth/ros2_ws/install/my_py_pkg:/opt/ros/foxy:/opt/ros/noetic /usr/bin/cmake --build /home/navneeth/ros2_ws/build/my_robot_interfaces -- -j8 -l8
[0.036s] CMake Warning (dev) at CMakeLists.txt:23:
[0.036s]   Syntax Warning in cmake code at column 25
[0.036s] 
[0.036s]   Argument not separated from preceding token by whitespace.
[0.036s] This warning is for project developers.  Use -Wno-dev to suppress it.
[0.036s] 
[0.246s] -- Found ament_cmake: 0.9.9 (/opt/ros/foxy/share/ament_cmake/cmake)
[0.378s] -- Found PythonInterp: /usr/bin/python3 (found suitable version "3.8.10", minimum required is "3") 
[0.378s] -- Using PYTHON_EXECUTABLE: /usr/bin/python3
[0.846s] -- Found rosidl_default_generators: 1.0.1 (/opt/ros/foxy/share/rosidl_default_generators/cmake)
[0.895s] -- Using all available rosidl_typesupport_c: rosidl_typesupport_fastrtps_c;rosidl_typesupport_introspection_c
[0.967s] -- Found rosidl_adapter: 1.2.1 (/opt/ros/foxy/share/rosidl_adapter/cmake)
[1.586s] -- Using all available rosidl_typesupport_cpp: rosidl_typesupport_fastrtps_cpp;rosidl_typesupport_introspection_cpp
[1.915s] CMake Error at /opt/ros/foxy/share/rosidl_cmake/cmake/rosidl_generate_interfaces.cmake:93 (message):
[1.915s]   rosidl_generate_interfaces() the passed file ',' doesn't exist relative to
[1.916s]   the CMAKE_CURRENT_SOURCE_DIR
[1.916s]   '/home/navneeth/ros2_ws/src/my_robot_interfaces'
[1.916s] Call Stack (most recent call first):
[1.916s]   CMakeLists.txt:22 (rosidl_generate_interfaces)
[1.917s] 
[1.917s] 
[1.918s] -- Configuring incomplete, errors occurred!
[1.919s] See also "/home/navneeth/ros2_ws/build/my_robot_interfaces/CMakeFiles/CMakeOutput.log".
[1.933s] make: *** [Makefile:748: cmake_check_build_system] Error 1
[1.938s] Invoked command in '/home/navneeth/ros2_ws/build/my_robot_interfaces' returned '2': CMAKE_PREFIX_PATH=/home/navneeth/ros2_ws/install/my_robot_interfaces:/home/navneeth/ros2_ws/install/my_py_pkg:/opt/ros/foxy:/opt/ros/noetic /usr/bin/cmake --build /home/navneeth/ros2_ws/build/my_robot_interfaces -- -j8 -l8
