[0.266s] Invoking command in '/home/navneeth/ros2_ws/build/my_py_pkg': PYTHONPATH=/home/navneeth/ros2_ws/install/my_py_pkg/lib/python3.8/site-packages:/home/navneeth/ros2_ws/install/my_robot_interfaces/lib/python3.8/site-packages:/home/navneeth/ros2_ws/build/my_py_pkg:/home/navneeth/ros2_ws/install/my_py_pkg/lib/python3.8/site-packages:/opt/ros/noetic/lib/python3/dist-packages:/opt/ros/foxy/lib/python3.8/site-packages /usr/bin/python3 setup.py develop --prefix /home/navneeth/ros2_ws/install/my_py_pkg --editable --build-directory /home/navneeth/ros2_ws/build/my_py_pkg/build --no-deps install_data --install-dir /home/navneeth/ros2_ws/install/my_py_pkg
[0.506s] running develop
[0.672s] running egg_info
[0.672s] writing my_py_pkg.egg-info/PKG-INFO
[0.673s] writing dependency_links to my_py_pkg.egg-info/dependency_links.txt
[0.673s] writing entry points to my_py_pkg.egg-info/entry_points.txt
[0.673s] writing requirements to my_py_pkg.egg-info/requires.txt
[0.673s] writing top-level names to my_py_pkg.egg-info/top_level.txt
[0.770s] listing git files failed - pretending there aren't any
[0.772s] reading manifest file 'my_py_pkg.egg-info/SOURCES.txt'
[0.773s] writing manifest file 'my_py_pkg.egg-info/SOURCES.txt'
[0.806s] running build_ext
[0.807s] Creating /home/navneeth/ros2_ws/install/my_py_pkg/lib/python3.8/site-packages/my-py-pkg.egg-link (link to .)
[0.808s] Installing add_two_ints_client_no_opp = my_py_pkg.add_two_ints_client_no_opp:mainadd_two_ints_client script to /home/navneeth/ros2_ws/install/my_py_pkg/lib/my_py_pkg
[0.808s] Installing add_two_ints_server script to /home/navneeth/ros2_ws/install/my_py_pkg/lib/my_py_pkg
[0.808s] Installing battery_instance script to /home/navneeth/ros2_ws/install/my_py_pkg/lib/my_py_pkg
[0.808s] Installing hw_status_publisher script to /home/navneeth/ros2_ws/install/my_py_pkg/lib/my_py_pkg
[0.808s] Installing led_panel script to /home/navneeth/ros2_ws/install/my_py_pkg/lib/my_py_pkg
[0.808s] Installing number_counter script to /home/navneeth/ros2_ws/install/my_py_pkg/lib/my_py_pkg
[0.808s] Installing number_publisher script to /home/navneeth/ros2_ws/install/my_py_pkg/lib/my_py_pkg
[0.808s] Installing py_node script to /home/navneeth/ros2_ws/install/my_py_pkg/lib/my_py_pkg
[0.809s] Installing robot_news_station script to /home/navneeth/ros2_ws/install/my_py_pkg/lib/my_py_pkg
[0.809s] Installing smartphone script to /home/navneeth/ros2_ws/install/my_py_pkg/lib/my_py_pkg
[0.809s] 
[0.809s] Installed /home/navneeth/ros2_ws/build/my_py_pkg
[0.809s] running install_data
[0.837s] Invoked command in '/home/navneeth/ros2_ws/build/my_py_pkg' returned '0': PYTHONPATH=/home/navneeth/ros2_ws/install/my_py_pkg/lib/python3.8/site-packages:/home/navneeth/ros2_ws/install/my_robot_interfaces/lib/python3.8/site-packages:/home/navneeth/ros2_ws/build/my_py_pkg:/home/navneeth/ros2_ws/install/my_py_pkg/lib/python3.8/site-packages:/opt/ros/noetic/lib/python3/dist-packages:/opt/ros/foxy/lib/python3.8/site-packages /usr/bin/python3 setup.py develop --prefix /home/navneeth/ros2_ws/install/my_py_pkg --editable --build-directory /home/navneeth/ros2_ws/build/my_py_pkg/build --no-deps install_data --install-dir /home/navneeth/ros2_ws/install/my_py_pkg
