[0.291s] DEBUG:colcon:Command line arguments: ['/usr/bin/colcon', 'build']
[0.291s] DEBUG:colcon:Parsed command line arguments: Namespace(ament_cmake_args=None, base_paths=['.'], build_base='build', catkin_cmake_args=None, catkin_skip_building_tests=False, cmake_args=None, cmake_clean_cache=False, cmake_clean_first=False, cmake_force_configure=False, cmake_target=None, cmake_target_skip_unavailable=False, continue_on_error=False, event_handlers=None, executor='parallel', ignore_user_meta=False, install_base='install', log_base=None, log_level=None, main=<bound method BuildVerb.main of <colcon_core.verb.build.BuildVerb object at 0x7f0faec798b0>>, merge_install=False, metas=['./colcon.meta'], packages_above=None, packages_above_and_dependencies=None, packages_above_depth=None, packages_end=None, packages_ignore=None, packages_ignore_regex=None, packages_select=None, packages_select_build_failed=False, packages_select_by_dep=None, packages_select_regex=None, packages_select_test_failures=False, packages_skip=None, packages_skip_build_finished=False, packages_skip_by_dep=None, packages_skip_regex=None, packages_skip_test_passed=False, packages_skip_up_to=None, packages_start=None, packages_up_to=None, packages_up_to_regex=None, parallel_workers=8, paths=None, symlink_install=False, test_result_base=None, verb_extension=<colcon_core.verb.build.BuildVerb object at 0x7f0faec798b0>, verb_name='build', verb_parser=<colcon_defaults.argument_parser.defaults.DefaultArgumentsDecorator object at 0x7f0faec79e20>)
[0.296s] Level 1:colcon.colcon_core.package_discovery:discover_packages(colcon_meta) check parameters
[0.296s] Level 1:colcon.colcon_core.package_discovery:discover_packages(recursive) check parameters
[0.296s] Level 1:colcon.colcon_core.package_discovery:discover_packages(ignore) check parameters
[0.296s] Level 1:colcon.colcon_core.package_discovery:discover_packages(path) check parameters
[0.296s] Level 1:colcon.colcon_core.package_discovery:discover_packages(colcon_meta) discover
[0.296s] Level 1:colcon.colcon_core.package_discovery:discover_packages(recursive) discover
[0.296s] INFO:colcon.colcon_core.package_discovery:Crawling recursively for packages in '/home/navneeth/ros2_ws'
[0.296s] Level 1:colcon.colcon_core.package_identification:_identify(.) by extensions ['ignore', 'ignore_ament_install']
[0.296s] Level 1:colcon.colcon_core.package_identification:_identify(.) by extension 'ignore'
[0.296s] Level 1:colcon.colcon_core.package_identification:_identify(.) by extension 'ignore_ament_install'
[0.296s] Level 1:colcon.colcon_core.package_identification:_identify(.) by extensions ['colcon_pkg']
[0.296s] Level 1:colcon.colcon_core.package_identification:_identify(.) by extension 'colcon_pkg'
[0.296s] Level 1:colcon.colcon_core.package_identification:_identify(.) by extensions ['colcon_meta']
[0.296s] Level 1:colcon.colcon_core.package_identification:_identify(.) by extension 'colcon_meta'
[0.296s] Level 1:colcon.colcon_core.package_identification:_identify(.) by extensions ['ros']
[0.296s] Level 1:colcon.colcon_core.package_identification:_identify(.) by extension 'ros'
[0.306s] Level 1:colcon.colcon_core.package_identification:_identify(.) by extensions ['cmake', 'python']
[0.306s] Level 1:colcon.colcon_core.package_identification:_identify(.) by extension 'cmake'
[0.306s] Level 1:colcon.colcon_core.package_identification:_identify(.) by extension 'python'
[0.306s] Level 1:colcon.colcon_core.package_identification:_identify(.) by extensions ['python_setup_py']
[0.306s] Level 1:colcon.colcon_core.package_identification:_identify(.) by extension 'python_setup_py'
[0.306s] Level 1:colcon.colcon_core.package_identification:_identify(build) by extensions ['ignore', 'ignore_ament_install']
[0.307s] Level 1:colcon.colcon_core.package_identification:_identify(build) by extension 'ignore'
[0.307s] Level 1:colcon.colcon_core.package_identification:_identify(build) ignored
[0.307s] Level 1:colcon.colcon_core.package_identification:_identify(install) by extensions ['ignore', 'ignore_ament_install']
[0.307s] Level 1:colcon.colcon_core.package_identification:_identify(install) by extension 'ignore'
[0.307s] Level 1:colcon.colcon_core.package_identification:_identify(install) ignored
[0.307s] Level 1:colcon.colcon_core.package_identification:_identify(log) by extensions ['ignore', 'ignore_ament_install']
[0.307s] Level 1:colcon.colcon_core.package_identification:_identify(log) by extension 'ignore'
[0.307s] Level 1:colcon.colcon_core.package_identification:_identify(log) ignored
[0.307s] Level 1:colcon.colcon_core.package_identification:_identify(src) by extensions ['ignore', 'ignore_ament_install']
[0.307s] Level 1:colcon.colcon_core.package_identification:_identify(src) by extension 'ignore'
[0.307s] Level 1:colcon.colcon_core.package_identification:_identify(src) by extension 'ignore_ament_install'
[0.307s] Level 1:colcon.colcon_core.package_identification:_identify(src) by extensions ['colcon_pkg']
[0.307s] Level 1:colcon.colcon_core.package_identification:_identify(src) by extension 'colcon_pkg'
[0.307s] Level 1:colcon.colcon_core.package_identification:_identify(src) by extensions ['colcon_meta']
[0.307s] Level 1:colcon.colcon_core.package_identification:_identify(src) by extension 'colcon_meta'
[0.307s] Level 1:colcon.colcon_core.package_identification:_identify(src) by extensions ['ros']
[0.307s] Level 1:colcon.colcon_core.package_identification:_identify(src) by extension 'ros'
[0.307s] Level 1:colcon.colcon_core.package_identification:_identify(src) by extensions ['cmake', 'python']
[0.307s] Level 1:colcon.colcon_core.package_identification:_identify(src) by extension 'cmake'
[0.308s] Level 1:colcon.colcon_core.package_identification:_identify(src) by extension 'python'
[0.308s] Level 1:colcon.colcon_core.package_identification:_identify(src) by extensions ['python_setup_py']
[0.308s] Level 1:colcon.colcon_core.package_identification:_identify(src) by extension 'python_setup_py'
[0.308s] Level 1:colcon.colcon_core.package_identification:_identify(src/my_py_pkg) by extensions ['ignore', 'ignore_ament_install']
[0.308s] Level 1:colcon.colcon_core.package_identification:_identify(src/my_py_pkg) by extension 'ignore'
[0.308s] Level 1:colcon.colcon_core.package_identification:_identify(src/my_py_pkg) by extension 'ignore_ament_install'
[0.308s] Level 1:colcon.colcon_core.package_identification:_identify(src/my_py_pkg) by extensions ['colcon_pkg']
[0.308s] Level 1:colcon.colcon_core.package_identification:_identify(src/my_py_pkg) by extension 'colcon_pkg'
[0.308s] Level 1:colcon.colcon_core.package_identification:_identify(src/my_py_pkg) by extensions ['colcon_meta']
[0.308s] Level 1:colcon.colcon_core.package_identification:_identify(src/my_py_pkg) by extension 'colcon_meta'
[0.308s] Level 1:colcon.colcon_core.package_identification:_identify(src/my_py_pkg) by extensions ['ros']
[0.308s] Level 1:colcon.colcon_core.package_identification:_identify(src/my_py_pkg) by extension 'ros'
[0.310s] DEBUG:colcon.colcon_core.package_identification:Package 'src/my_py_pkg' with type 'ros.ament_python' and name 'my_py_pkg'
[0.310s] Level 1:colcon.colcon_core.package_identification:_identify(src/my_robot_interfaces) by extensions ['ignore', 'ignore_ament_install']
[0.310s] Level 1:colcon.colcon_core.package_identification:_identify(src/my_robot_interfaces) by extension 'ignore'
[0.310s] Level 1:colcon.colcon_core.package_identification:_identify(src/my_robot_interfaces) by extension 'ignore_ament_install'
[0.310s] Level 1:colcon.colcon_core.package_identification:_identify(src/my_robot_interfaces) by extensions ['colcon_pkg']
[0.310s] Level 1:colcon.colcon_core.package_identification:_identify(src/my_robot_interfaces) by extension 'colcon_pkg'
[0.310s] Level 1:colcon.colcon_core.package_identification:_identify(src/my_robot_interfaces) by extensions ['colcon_meta']
[0.311s] Level 1:colcon.colcon_core.package_identification:_identify(src/my_robot_interfaces) by extension 'colcon_meta'
[0.311s] Level 1:colcon.colcon_core.package_identification:_identify(src/my_robot_interfaces) by extensions ['ros']
[0.311s] Level 1:colcon.colcon_core.package_identification:_identify(src/my_robot_interfaces) by extension 'ros'
[0.311s] DEBUG:colcon.colcon_core.package_identification:Package 'src/my_robot_interfaces' with type 'ros.ament_cmake' and name 'my_robot_interfaces'
[0.311s] Level 1:colcon.colcon_core.package_discovery:discover_packages(recursive) using defaults
[0.311s] Level 1:colcon.colcon_core.package_discovery:discover_packages(ignore) discover
[0.311s] Level 1:colcon.colcon_core.package_discovery:discover_packages(ignore) using defaults
[0.311s] Level 1:colcon.colcon_core.package_discovery:discover_packages(path) discover
[0.311s] Level 1:colcon.colcon_core.package_discovery:discover_packages(path) using defaults
[0.327s] Level 5:colcon.colcon_core.verb:set package 'my_robot_interfaces' build argument 'cmake_args' from command line to 'None'
[0.328s] Level 5:colcon.colcon_core.verb:set package 'my_robot_interfaces' build argument 'cmake_target' from command line to 'None'
[0.328s] Level 5:colcon.colcon_core.verb:set package 'my_robot_interfaces' build argument 'cmake_target_skip_unavailable' from command line to 'False'
[0.328s] Level 5:colcon.colcon_core.verb:set package 'my_robot_interfaces' build argument 'cmake_clean_cache' from command line to 'False'
[0.328s] Level 5:colcon.colcon_core.verb:set package 'my_robot_interfaces' build argument 'cmake_clean_first' from command line to 'False'
[0.328s] Level 5:colcon.colcon_core.verb:set package 'my_robot_interfaces' build argument 'cmake_force_configure' from command line to 'False'
[0.328s] Level 5:colcon.colcon_core.verb:set package 'my_robot_interfaces' build argument 'ament_cmake_args' from command line to 'None'
[0.328s] Level 5:colcon.colcon_core.verb:set package 'my_robot_interfaces' build argument 'catkin_cmake_args' from command line to 'None'
[0.328s] Level 5:colcon.colcon_core.verb:set package 'my_robot_interfaces' build argument 'catkin_skip_building_tests' from command line to 'False'
[0.328s] DEBUG:colcon.colcon_core.verb:Building package 'my_robot_interfaces' with the following arguments: {'ament_cmake_args': None, 'build_base': '/home/navneeth/ros2_ws/build/my_robot_interfaces', 'catkin_cmake_args': None, 'catkin_skip_building_tests': False, 'cmake_args': None, 'cmake_clean_cache': False, 'cmake_clean_first': False, 'cmake_force_configure': False, 'cmake_target': None, 'cmake_target_skip_unavailable': False, 'install_base': '/home/navneeth/ros2_ws/install/my_robot_interfaces', 'merge_install': False, 'path': '/home/navneeth/ros2_ws/src/my_robot_interfaces', 'symlink_install': False, 'test_result_base': None}
[0.330s] Level 5:colcon.colcon_core.verb:set package 'my_py_pkg' build argument 'cmake_args' from command line to 'None'
[0.330s] Level 5:colcon.colcon_core.verb:set package 'my_py_pkg' build argument 'cmake_target' from command line to 'None'
[0.330s] Level 5:colcon.colcon_core.verb:set package 'my_py_pkg' build argument 'cmake_target_skip_unavailable' from command line to 'False'
[0.330s] Level 5:colcon.colcon_core.verb:set package 'my_py_pkg' build argument 'cmake_clean_cache' from command line to 'False'
[0.330s] Level 5:colcon.colcon_core.verb:set package 'my_py_pkg' build argument 'cmake_clean_first' from command line to 'False'
[0.330s] Level 5:colcon.colcon_core.verb:set package 'my_py_pkg' build argument 'cmake_force_configure' from command line to 'False'
[0.330s] Level 5:colcon.colcon_core.verb:set package 'my_py_pkg' build argument 'ament_cmake_args' from command line to 'None'
[0.330s] Level 5:colcon.colcon_core.verb:set package 'my_py_pkg' build argument 'catkin_cmake_args' from command line to 'None'
[0.330s] Level 5:colcon.colcon_core.verb:set package 'my_py_pkg' build argument 'catkin_skip_building_tests' from command line to 'False'
[0.330s] DEBUG:colcon.colcon_core.verb:Building package 'my_py_pkg' with the following arguments: {'ament_cmake_args': None, 'build_base': '/home/navneeth/ros2_ws/build/my_py_pkg', 'catkin_cmake_args': None, 'catkin_skip_building_tests': False, 'cmake_args': None, 'cmake_clean_cache': False, 'cmake_clean_first': False, 'cmake_force_configure': False, 'cmake_target': None, 'cmake_target_skip_unavailable': False, 'install_base': '/home/navneeth/ros2_ws/install/my_py_pkg', 'merge_install': False, 'path': '/home/navneeth/ros2_ws/src/my_py_pkg', 'symlink_install': False, 'test_result_base': None}
[0.330s] INFO:colcon.colcon_core.executor:Executing jobs using 'parallel' executor
[0.332s] DEBUG:colcon.colcon_parallel_executor.executor.parallel:run_until_complete
[0.332s] INFO:colcon.colcon_ros.task.ament_cmake.build:Building ROS package in '/home/navneeth/ros2_ws/src/my_robot_interfaces' with build type 'ament_cmake'
[0.332s] INFO:colcon.colcon_cmake.task.cmake.build:Building CMake package in '/home/navneeth/ros2_ws/src/my_robot_interfaces'
[0.336s] INFO:colcon.colcon_core.plugin_system:Skipping extension 'colcon_core.shell.bat': Not used on non-Windows systems
[0.336s] INFO:colcon.colcon_core.shell:Skip shell extension 'powershell' for command environment: Not usable outside of PowerShell
[0.336s] DEBUG:colcon.colcon_core.shell:Skip shell extension 'dsv' for command environment
[0.339s] DEBUG:colcon.colcon_core.shell:Ignoring prefix path '/opt/ros/foxy'
[0.339s] DEBUG:colcon.colcon_core.shell:Ignoring prefix path '/opt/ros/noetic'
[0.347s] DEBUG:colcon.colcon_core.event_handler.log_command:Invoking command in '/home/navneeth/ros2_ws/build/my_robot_interfaces': CMAKE_PREFIX_PATH=/home/navneeth/ros2_ws/install/my_robot_interfaces:/home/navneeth/ros2_ws/install/my_py_pkg:/opt/ros/foxy:/opt/ros/noetic /usr/bin/cmake --build /home/navneeth/ros2_ws/build/my_robot_interfaces -- -j8 -l8
[8.904s] DEBUG:colcon.colcon_core.event_handler.log_command:Invoked command in '/home/navneeth/ros2_ws/build/my_robot_interfaces' returned '0': CMAKE_PREFIX_PATH=/home/navneeth/ros2_ws/install/my_robot_interfaces:/home/navneeth/ros2_ws/install/my_py_pkg:/opt/ros/foxy:/opt/ros/noetic /usr/bin/cmake --build /home/navneeth/ros2_ws/build/my_robot_interfaces -- -j8 -l8
[8.961s] DEBUG:colcon.colcon_core.event_handler.log_command:Invoking command in '/home/navneeth/ros2_ws/build/my_robot_interfaces': CMAKE_PREFIX_PATH=/home/navneeth/ros2_ws/install/my_robot_interfaces:/home/navneeth/ros2_ws/install/my_py_pkg:/opt/ros/foxy:/opt/ros/noetic /usr/bin/cmake --install /home/navneeth/ros2_ws/build/my_robot_interfaces
[9.020s] Level 1:colcon.colcon_core.environment:create_environment_scripts_only(my_robot_interfaces)
[9.021s] DEBUG:colcon.colcon_core.event_handler.log_command:Invoked command in '/home/navneeth/ros2_ws/build/my_robot_interfaces' returned '0': CMAKE_PREFIX_PATH=/home/navneeth/ros2_ws/install/my_robot_interfaces:/home/navneeth/ros2_ws/install/my_py_pkg:/opt/ros/foxy:/opt/ros/noetic /usr/bin/cmake --install /home/navneeth/ros2_ws/build/my_robot_interfaces
[9.024s] Level 1:colcon.colcon_core.environment:checking '/home/navneeth/ros2_ws/install/my_robot_interfaces' for CMake module files
[9.024s] Level 1:colcon.colcon_core.environment:checking '/home/navneeth/ros2_ws/install/my_robot_interfaces' for CMake config files
[9.024s] Level 1:colcon.colcon_core.shell:create_environment_hook('my_robot_interfaces', 'cmake_prefix_path')
[9.025s] INFO:colcon.colcon_core.shell:Creating environment hook '/home/navneeth/ros2_ws/install/my_robot_interfaces/share/my_robot_interfaces/hook/cmake_prefix_path.ps1'
[9.026s] INFO:colcon.colcon_core.shell:Creating environment descriptor '/home/navneeth/ros2_ws/install/my_robot_interfaces/share/my_robot_interfaces/hook/cmake_prefix_path.dsv'
[9.026s] INFO:colcon.colcon_core.shell:Creating environment hook '/home/navneeth/ros2_ws/install/my_robot_interfaces/share/my_robot_interfaces/hook/cmake_prefix_path.sh'
[9.027s] Level 1:colcon.colcon_core.environment:checking '/home/navneeth/ros2_ws/install/my_robot_interfaces/lib'
[9.027s] Level 1:colcon.colcon_core.shell:create_environment_hook('my_robot_interfaces', 'ld_library_path_lib')
[9.028s] INFO:colcon.colcon_core.shell:Creating environment hook '/home/navneeth/ros2_ws/install/my_robot_interfaces/share/my_robot_interfaces/hook/ld_library_path_lib.ps1'
[9.028s] INFO:colcon.colcon_core.shell:Creating environment descriptor '/home/navneeth/ros2_ws/install/my_robot_interfaces/share/my_robot_interfaces/hook/ld_library_path_lib.dsv'
[9.028s] INFO:colcon.colcon_core.shell:Creating environment hook '/home/navneeth/ros2_ws/install/my_robot_interfaces/share/my_robot_interfaces/hook/ld_library_path_lib.sh'
[9.028s] Level 1:colcon.colcon_core.environment:checking '/home/navneeth/ros2_ws/install/my_robot_interfaces/bin'
[9.028s] Level 1:colcon.colcon_core.environment:checking '/home/navneeth/ros2_ws/install/my_robot_interfaces/lib/pkgconfig/my_robot_interfaces.pc'
[9.029s] Level 1:colcon.colcon_core.environment:checking '/home/navneeth/ros2_ws/install/my_robot_interfaces/lib/python3.8/site-packages'
[9.029s] Level 1:colcon.colcon_core.shell:create_environment_hook('my_robot_interfaces', 'pythonpath')
[9.029s] INFO:colcon.colcon_core.shell:Creating environment hook '/home/navneeth/ros2_ws/install/my_robot_interfaces/share/my_robot_interfaces/hook/pythonpath.ps1'
[9.029s] INFO:colcon.colcon_core.shell:Creating environment descriptor '/home/navneeth/ros2_ws/install/my_robot_interfaces/share/my_robot_interfaces/hook/pythonpath.dsv'
[9.030s] INFO:colcon.colcon_core.shell:Creating environment hook '/home/navneeth/ros2_ws/install/my_robot_interfaces/share/my_robot_interfaces/hook/pythonpath.sh'
[9.031s] INFO:colcon.colcon_core.shell:Creating package script '/home/navneeth/ros2_ws/install/my_robot_interfaces/share/my_robot_interfaces/package.ps1'
[9.031s] INFO:colcon.colcon_core.shell:Creating package descriptor '/home/navneeth/ros2_ws/install/my_robot_interfaces/share/my_robot_interfaces/package.dsv'
[9.032s] INFO:colcon.colcon_core.shell:Creating package script '/home/navneeth/ros2_ws/install/my_robot_interfaces/share/my_robot_interfaces/package.sh'
[9.032s] INFO:colcon.colcon_core.shell:Creating package script '/home/navneeth/ros2_ws/install/my_robot_interfaces/share/my_robot_interfaces/package.bash'
[9.033s] INFO:colcon.colcon_core.shell:Creating package script '/home/navneeth/ros2_ws/install/my_robot_interfaces/share/my_robot_interfaces/package.zsh'
[9.034s] Level 1:colcon.colcon_core.environment:create_file_with_runtime_dependencies(/home/navneeth/ros2_ws/install/my_robot_interfaces/share/colcon-core/packages/my_robot_interfaces)
[9.080s] Level 1:colcon.colcon_core.environment:create_environment_scripts_only(my_robot_interfaces)
[9.081s] Level 1:colcon.colcon_core.environment:checking '/home/navneeth/ros2_ws/install/my_robot_interfaces' for CMake module files
[9.082s] Level 1:colcon.colcon_core.environment:checking '/home/navneeth/ros2_ws/install/my_robot_interfaces' for CMake config files
[9.082s] Level 1:colcon.colcon_core.shell:create_environment_hook('my_robot_interfaces', 'cmake_prefix_path')
[9.082s] INFO:colcon.colcon_core.shell:Creating environment hook '/home/navneeth/ros2_ws/install/my_robot_interfaces/share/my_robot_interfaces/hook/cmake_prefix_path.ps1'
[9.083s] INFO:colcon.colcon_core.shell:Creating environment descriptor '/home/navneeth/ros2_ws/install/my_robot_interfaces/share/my_robot_interfaces/hook/cmake_prefix_path.dsv'
[9.083s] INFO:colcon.colcon_core.shell:Creating environment hook '/home/navneeth/ros2_ws/install/my_robot_interfaces/share/my_robot_interfaces/hook/cmake_prefix_path.sh'
[9.083s] Level 1:colcon.colcon_core.environment:checking '/home/navneeth/ros2_ws/install/my_robot_interfaces/lib'
[9.083s] Level 1:colcon.colcon_core.shell:create_environment_hook('my_robot_interfaces', 'ld_library_path_lib')
[9.084s] INFO:colcon.colcon_core.shell:Creating environment hook '/home/navneeth/ros2_ws/install/my_robot_interfaces/share/my_robot_interfaces/hook/ld_library_path_lib.ps1'
[9.084s] INFO:colcon.colcon_core.shell:Creating environment descriptor '/home/navneeth/ros2_ws/install/my_robot_interfaces/share/my_robot_interfaces/hook/ld_library_path_lib.dsv'
[9.084s] INFO:colcon.colcon_core.shell:Creating environment hook '/home/navneeth/ros2_ws/install/my_robot_interfaces/share/my_robot_interfaces/hook/ld_library_path_lib.sh'
[9.085s] Level 1:colcon.colcon_core.environment:checking '/home/navneeth/ros2_ws/install/my_robot_interfaces/bin'
[9.085s] Level 1:colcon.colcon_core.environment:checking '/home/navneeth/ros2_ws/install/my_robot_interfaces/lib/pkgconfig/my_robot_interfaces.pc'
[9.085s] Level 1:colcon.colcon_core.environment:checking '/home/navneeth/ros2_ws/install/my_robot_interfaces/lib/python3.8/site-packages'
[9.085s] Level 1:colcon.colcon_core.shell:create_environment_hook('my_robot_interfaces', 'pythonpath')
[9.085s] INFO:colcon.colcon_core.shell:Creating environment hook '/home/navneeth/ros2_ws/install/my_robot_interfaces/share/my_robot_interfaces/hook/pythonpath.ps1'
[9.086s] INFO:colcon.colcon_core.shell:Creating environment descriptor '/home/navneeth/ros2_ws/install/my_robot_interfaces/share/my_robot_interfaces/hook/pythonpath.dsv'
[9.086s] INFO:colcon.colcon_core.shell:Creating environment hook '/home/navneeth/ros2_ws/install/my_robot_interfaces/share/my_robot_interfaces/hook/pythonpath.sh'
[9.087s] INFO:colcon.colcon_core.shell:Creating package script '/home/navneeth/ros2_ws/install/my_robot_interfaces/share/my_robot_interfaces/package.ps1'
[9.087s] INFO:colcon.colcon_core.shell:Creating package descriptor '/home/navneeth/ros2_ws/install/my_robot_interfaces/share/my_robot_interfaces/package.dsv'
[9.088s] INFO:colcon.colcon_core.shell:Creating package script '/home/navneeth/ros2_ws/install/my_robot_interfaces/share/my_robot_interfaces/package.sh'
[9.088s] INFO:colcon.colcon_core.shell:Creating package script '/home/navneeth/ros2_ws/install/my_robot_interfaces/share/my_robot_interfaces/package.bash'
[9.088s] INFO:colcon.colcon_core.shell:Creating package script '/home/navneeth/ros2_ws/install/my_robot_interfaces/share/my_robot_interfaces/package.zsh'
[9.089s] Level 1:colcon.colcon_core.environment:create_file_with_runtime_dependencies(/home/navneeth/ros2_ws/install/my_robot_interfaces/share/colcon-core/packages/my_robot_interfaces)
[9.089s] INFO:colcon.colcon_ros.task.ament_python.build:Building ROS package in '/home/navneeth/ros2_ws/src/my_py_pkg' with build type 'ament_python'
[9.089s] Level 1:colcon.colcon_core.shell:create_environment_hook('my_py_pkg', 'ament_prefix_path')
[9.090s] INFO:colcon.colcon_core.shell:Creating environment hook '/home/navneeth/ros2_ws/install/my_py_pkg/share/my_py_pkg/hook/ament_prefix_path.ps1'
[9.090s] INFO:colcon.colcon_core.shell:Creating environment descriptor '/home/navneeth/ros2_ws/install/my_py_pkg/share/my_py_pkg/hook/ament_prefix_path.dsv'
[9.091s] INFO:colcon.colcon_core.shell:Creating environment hook '/home/navneeth/ros2_ws/install/my_py_pkg/share/my_py_pkg/hook/ament_prefix_path.sh'
[9.091s] INFO:colcon.colcon_core.shell:Skip shell extension 'powershell' for command environment: Not usable outside of PowerShell
[9.091s] DEBUG:colcon.colcon_core.shell:Skip shell extension 'dsv' for command environment
[9.093s] DEBUG:colcon.colcon_core.shell:Ignoring prefix path '/opt/ros/foxy'
[9.093s] DEBUG:colcon.colcon_core.shell:Ignoring prefix path '/opt/ros/noetic'
[9.348s] INFO:colcon.colcon_core.task.python.build:Building Python package in '/home/navneeth/ros2_ws/src/my_py_pkg'
[9.349s] INFO:colcon.colcon_core.shell:Skip shell extension 'powershell' for command environment: Not usable outside of PowerShell
[9.349s] DEBUG:colcon.colcon_core.shell:Skip shell extension 'dsv' for command environment
[9.351s] DEBUG:colcon.colcon_core.shell:Ignoring prefix path '/opt/ros/foxy'
[9.351s] DEBUG:colcon.colcon_core.shell:Ignoring prefix path '/opt/ros/noetic'
[9.358s] DEBUG:colcon.colcon_core.event_handler.log_command:Invoking command in '/home/navneeth/ros2_ws/build/my_py_pkg': PYTHONPATH=/home/navneeth/ros2_ws/install/my_py_pkg/lib/python3.8/site-packages:/home/navneeth/ros2_ws/install/my_robot_interfaces/lib/python3.8/site-packages:/home/navneeth/ros2_ws/install/my_py_pkg/lib/python3.8/site-packages:/opt/ros/noetic/lib/python3/dist-packages:/opt/ros/foxy/lib/python3.8/site-packages /usr/bin/python3 setup.py develop --prefix /home/navneeth/ros2_ws/install/my_py_pkg --uninstall --editable --build-directory /home/navneeth/ros2_ws/build/my_py_pkg/build
[9.797s] DEBUG:colcon.colcon_core.event_handler.log_command:Invoked command in '/home/navneeth/ros2_ws/build/my_py_pkg' returned '0': PYTHONPATH=/home/navneeth/ros2_ws/install/my_py_pkg/lib/python3.8/site-packages:/home/navneeth/ros2_ws/install/my_robot_interfaces/lib/python3.8/site-packages:/home/navneeth/ros2_ws/install/my_py_pkg/lib/python3.8/site-packages:/opt/ros/noetic/lib/python3/dist-packages:/opt/ros/foxy/lib/python3.8/site-packages /usr/bin/python3 setup.py develop --prefix /home/navneeth/ros2_ws/install/my_py_pkg --uninstall --editable --build-directory /home/navneeth/ros2_ws/build/my_py_pkg/build
[9.797s] DEBUG:colcon.colcon_core.event_handler.log_command:Invoking command in '/home/navneeth/ros2_ws/src/my_py_pkg': PYTHONPATH=/home/navneeth/ros2_ws/install/my_py_pkg/lib/python3.8/site-packages:/home/navneeth/ros2_ws/install/my_robot_interfaces/lib/python3.8/site-packages:/home/navneeth/ros2_ws/install/my_py_pkg/lib/python3.8/site-packages:/opt/ros/noetic/lib/python3/dist-packages:/opt/ros/foxy/lib/python3.8/site-packages /usr/bin/python3 setup.py egg_info --egg-base ../../build/my_py_pkg build --build-base /home/navneeth/ros2_ws/build/my_py_pkg/build install --prefix /home/navneeth/ros2_ws/install/my_py_pkg --record /home/navneeth/ros2_ws/build/my_py_pkg/install.log --single-version-externally-managed
[10.160s] Level 1:colcon.colcon_core.environment:checking '/home/navneeth/ros2_ws/install/my_py_pkg' for CMake module files
[10.161s] DEBUG:colcon.colcon_core.event_handler.log_command:Invoked command in '/home/navneeth/ros2_ws/src/my_py_pkg' returned '0': PYTHONPATH=/home/navneeth/ros2_ws/install/my_py_pkg/lib/python3.8/site-packages:/home/navneeth/ros2_ws/install/my_robot_interfaces/lib/python3.8/site-packages:/home/navneeth/ros2_ws/install/my_py_pkg/lib/python3.8/site-packages:/opt/ros/noetic/lib/python3/dist-packages:/opt/ros/foxy/lib/python3.8/site-packages /usr/bin/python3 setup.py egg_info --egg-base ../../build/my_py_pkg build --build-base /home/navneeth/ros2_ws/build/my_py_pkg/build install --prefix /home/navneeth/ros2_ws/install/my_py_pkg --record /home/navneeth/ros2_ws/build/my_py_pkg/install.log --single-version-externally-managed
[10.161s] Level 1:colcon.colcon_core.environment:checking '/home/navneeth/ros2_ws/install/my_py_pkg' for CMake config files
[10.162s] Level 1:colcon.colcon_core.environment:checking '/home/navneeth/ros2_ws/install/my_py_pkg/lib'
[10.162s] Level 1:colcon.colcon_core.environment:checking '/home/navneeth/ros2_ws/install/my_py_pkg/bin'
[10.162s] Level 1:colcon.colcon_core.environment:checking '/home/navneeth/ros2_ws/install/my_py_pkg/lib/pkgconfig/my_py_pkg.pc'
[10.162s] Level 1:colcon.colcon_core.environment:checking '/home/navneeth/ros2_ws/install/my_py_pkg/lib/python3.8/site-packages'
[10.162s] Level 1:colcon.colcon_core.shell:create_environment_hook('my_py_pkg', 'pythonpath')
[10.163s] INFO:colcon.colcon_core.shell:Creating environment hook '/home/navneeth/ros2_ws/install/my_py_pkg/share/my_py_pkg/hook/pythonpath.ps1'
[10.163s] INFO:colcon.colcon_core.shell:Creating environment descriptor '/home/navneeth/ros2_ws/install/my_py_pkg/share/my_py_pkg/hook/pythonpath.dsv'
[10.163s] INFO:colcon.colcon_core.shell:Creating environment hook '/home/navneeth/ros2_ws/install/my_py_pkg/share/my_py_pkg/hook/pythonpath.sh'
[10.164s] Level 1:colcon.colcon_core.environment:create_environment_scripts_only(my_py_pkg)
[10.164s] INFO:colcon.colcon_core.shell:Creating package script '/home/navneeth/ros2_ws/install/my_py_pkg/share/my_py_pkg/package.ps1'
[10.165s] INFO:colcon.colcon_core.shell:Creating package descriptor '/home/navneeth/ros2_ws/install/my_py_pkg/share/my_py_pkg/package.dsv'
[10.165s] INFO:colcon.colcon_core.shell:Creating package script '/home/navneeth/ros2_ws/install/my_py_pkg/share/my_py_pkg/package.sh'
[10.166s] INFO:colcon.colcon_core.shell:Creating package script '/home/navneeth/ros2_ws/install/my_py_pkg/share/my_py_pkg/package.bash'
[10.166s] INFO:colcon.colcon_core.shell:Creating package script '/home/navneeth/ros2_ws/install/my_py_pkg/share/my_py_pkg/package.zsh'
[10.166s] Level 1:colcon.colcon_core.environment:create_file_with_runtime_dependencies(/home/navneeth/ros2_ws/install/my_py_pkg/share/colcon-core/packages/my_py_pkg)
[10.167s] DEBUG:colcon.colcon_parallel_executor.executor.parallel:closing loop
[10.167s] DEBUG:colcon.colcon_parallel_executor.executor.parallel:loop closed
[10.167s] DEBUG:colcon.colcon_parallel_executor.executor.parallel:run_until_complete finished with '0'
[10.167s] DEBUG:colcon.colcon_core.event_reactor:joining thread
[10.173s] INFO:colcon.colcon_core.plugin_system:Skipping extension 'colcon_notification.desktop_notification.terminal_notifier': Not used on non-Darwin systems
[10.173s] INFO:colcon.colcon_core.plugin_system:Skipping extension 'colcon_notification.desktop_notification.win32': Not used on non-Windows systems
[10.173s] INFO:colcon.colcon_notification.desktop_notification:Sending desktop notification using 'notify2'
[10.187s] DEBUG:colcon.colcon_core.event_reactor:joined thread
[10.188s] INFO:colcon.colcon_core.shell:Creating prefix script '/home/navneeth/ros2_ws/install/local_setup.ps1'
[10.189s] INFO:colcon.colcon_core.shell:Creating prefix util module '/home/navneeth/ros2_ws/install/_local_setup_util_ps1.py'
[10.191s] INFO:colcon.colcon_core.shell:Creating prefix chain script '/home/navneeth/ros2_ws/install/setup.ps1'
[10.193s] INFO:colcon.colcon_core.shell:Creating prefix script '/home/navneeth/ros2_ws/install/local_setup.sh'
[10.193s] INFO:colcon.colcon_core.shell:Creating prefix util module '/home/navneeth/ros2_ws/install/_local_setup_util_sh.py'
[10.194s] INFO:colcon.colcon_core.shell:Creating prefix chain script '/home/navneeth/ros2_ws/install/setup.sh'
[10.197s] INFO:colcon.colcon_core.shell:Creating prefix script '/home/navneeth/ros2_ws/install/local_setup.bash'
[10.197s] INFO:colcon.colcon_core.shell:Creating prefix chain script '/home/navneeth/ros2_ws/install/setup.bash'
[10.199s] INFO:colcon.colcon_core.shell:Creating prefix script '/home/navneeth/ros2_ws/install/local_setup.zsh'
[10.200s] INFO:colcon.colcon_core.shell:Creating prefix chain script '/home/navneeth/ros2_ws/install/setup.zsh'
