[  1%] Built target my_robot_interfaces__cpp
[ 12%] Built target my_robot_interfaces__rosidl_generator_c
[ 23%] Built target my_robot_interfaces__rosidl_typesupport_cpp
[ 34%] Built target my_robot_interfaces__rosidl_typesupport_introspection_cpp
[ 45%] Built target my_robot_interfaces__rosidl_typesupport_c
[ 56%] Built target my_robot_interfaces__rosidl_typesupport_introspection_c
[ 67%] Built target my_robot_interfaces__rosidl_typesupport_fastrtps_cpp
[ 78%] Built target my_robot_interfaces__rosidl_typesupport_fastrtps_c
[ 78%] Built target my_robot_interfaces
[ 80%] Built target my_robot_interfaces__py
[ 89%] Built target my_robot_interfaces__python
[ 92%] Built target my_robot_interfaces__rosidl_typesupport_fastrtps_c__pyext
[ 96%] Built target my_robot_interfaces__rosidl_typesupport_introspection_c__pyext
[100%] Built target my_robot_interfaces__rosidl_typesupport_c__pyext
-- Install configuration: ""
-- Execute custom install script
-- Up-to-date symlink: /home/navneeth/ros2_ws/install/my_robot_interfaces/share/ament_index/resource_index/rosidl_interfaces/my_robot_interfaces
-- Up-to-date symlink: /home/navneeth/ros2_ws/install/my_robot_interfaces/include/my_robot_interfaces/msg/detail/hardware_status__functions.h
-- Up-to-date symlink: /home/navneeth/ros2_ws/install/my_robot_interfaces/include/my_robot_interfaces/msg/detail/hardware_status__struct.h
-- Up-to-date symlink: /home/navneeth/ros2_ws/install/my_robot_interfaces/include/my_robot_interfaces/msg/detail/hardware_status__type_support.h
-- Up-to-date symlink: /home/navneeth/ros2_ws/install/my_robot_interfaces/include/my_robot_interfaces/msg/detail/led_status__functions.h
-- Up-to-date symlink: /home/navneeth/ros2_ws/install/my_robot_interfaces/include/my_robot_interfaces/msg/detail/led_status__struct.h
-- Up-to-date symlink: /home/navneeth/ros2_ws/install/my_robot_interfaces/include/my_robot_interfaces/msg/detail/led_status__type_support.h
-- Up-to-date symlink: /home/navneeth/ros2_ws/install/my_robot_interfaces/include/my_robot_interfaces/msg/hardware_status.h
-- Up-to-date symlink: /home/navneeth/ros2_ws/install/my_robot_interfaces/include/my_robot_interfaces/msg/led_status.h
-- Up-to-date symlink: /home/navneeth/ros2_ws/install/my_robot_interfaces/include/my_robot_interfaces/msg/rosidl_generator_c__visibility_control.h
-- Up-to-date symlink: /home/navneeth/ros2_ws/install/my_robot_interfaces/include/my_robot_interfaces/srv/compute_rectangle_area.h
-- Up-to-date symlink: /home/navneeth/ros2_ws/install/my_robot_interfaces/include/my_robot_interfaces/srv/detail/compute_rectangle_area__functions.h
-- Up-to-date symlink: /home/navneeth/ros2_ws/install/my_robot_interfaces/include/my_robot_interfaces/srv/detail/compute_rectangle_area__struct.h
-- Up-to-date symlink: /home/navneeth/ros2_ws/install/my_robot_interfaces/include/my_robot_interfaces/srv/detail/compute_rectangle_area__type_support.h
-- Up-to-date symlink: /home/navneeth/ros2_ws/install/my_robot_interfaces/include/my_robot_interfaces/srv/detail/set_led__functions.h
-- Up-to-date symlink: /home/navneeth/ros2_ws/install/my_robot_interfaces/include/my_robot_interfaces/srv/detail/set_led__struct.h
-- Up-to-date symlink: /home/navneeth/ros2_ws/install/my_robot_interfaces/include/my_robot_interfaces/srv/detail/set_led__type_support.h
-- Up-to-date symlink: /home/navneeth/ros2_ws/install/my_robot_interfaces/include/my_robot_interfaces/srv/set_led.h
-- Up-to-date symlink: /home/navneeth/ros2_ws/install/my_robot_interfaces/share/my_robot_interfaces/environment/library_path.sh
-- Up-to-date symlink: /home/navneeth/ros2_ws/install/my_robot_interfaces/share/my_robot_interfaces/environment/library_path.dsv
-- Up-to-date symlink: /home/navneeth/ros2_ws/install/my_robot_interfaces/include/my_robot_interfaces/msg/detail/hardware_status__rosidl_typesupport_fastrtps_c.h
-- Up-to-date symlink: /home/navneeth/ros2_ws/install/my_robot_interfaces/include/my_robot_interfaces/msg/detail/led_status__rosidl_typesupport_fastrtps_c.h
-- Up-to-date symlink: /home/navneeth/ros2_ws/install/my_robot_interfaces/include/my_robot_interfaces/msg/rosidl_typesupport_fastrtps_c__visibility_control.h
-- Up-to-date symlink: /home/navneeth/ros2_ws/install/my_robot_interfaces/include/my_robot_interfaces/srv/detail/compute_rectangle_area__rosidl_typesupport_fastrtps_c.h
-- Up-to-date symlink: /home/navneeth/ros2_ws/install/my_robot_interfaces/include/my_robot_interfaces/srv/detail/set_led__rosidl_typesupport_fastrtps_c.h
-- Up-to-date symlink: /home/navneeth/ros2_ws/install/my_robot_interfaces/lib/libmy_robot_interfaces__rosidl_typesupport_fastrtps_c.so
-- Up-to-date symlink: /home/navneeth/ros2_ws/install/my_robot_interfaces/include/my_robot_interfaces/msg/detail/hardware_status__rosidl_typesupport_fastrtps_cpp.hpp
-- Up-to-date symlink: /home/navneeth/ros2_ws/install/my_robot_interfaces/include/my_robot_interfaces/msg/detail/led_status__rosidl_typesupport_fastrtps_cpp.hpp
-- Up-to-date symlink: /home/navneeth/ros2_ws/install/my_robot_interfaces/include/my_robot_interfaces/msg/rosidl_typesupport_fastrtps_cpp__visibility_control.h
-- Up-to-date symlink: /home/navneeth/ros2_ws/install/my_robot_interfaces/include/my_robot_interfaces/srv/detail/compute_rectangle_area__rosidl_typesupport_fastrtps_cpp.hpp
-- Up-to-date symlink: /home/navneeth/ros2_ws/install/my_robot_interfaces/include/my_robot_interfaces/srv/detail/set_led__rosidl_typesupport_fastrtps_cpp.hpp
-- Up-to-date symlink: /home/navneeth/ros2_ws/install/my_robot_interfaces/lib/libmy_robot_interfaces__rosidl_typesupport_fastrtps_cpp.so
-- Up-to-date symlink: /home/navneeth/ros2_ws/install/my_robot_interfaces/include/my_robot_interfaces/msg/detail/hardware_status__rosidl_typesupport_introspection_c.h
-- Up-to-date symlink: /home/navneeth/ros2_ws/install/my_robot_interfaces/include/my_robot_interfaces/msg/detail/led_status__rosidl_typesupport_introspection_c.h
-- Up-to-date symlink: /home/navneeth/ros2_ws/install/my_robot_interfaces/include/my_robot_interfaces/msg/rosidl_typesupport_introspection_c__visibility_control.h
-- Up-to-date symlink: /home/navneeth/ros2_ws/install/my_robot_interfaces/include/my_robot_interfaces/srv/detail/compute_rectangle_area__rosidl_typesupport_introspection_c.h
-- Up-to-date symlink: /home/navneeth/ros2_ws/install/my_robot_interfaces/include/my_robot_interfaces/srv/detail/set_led__rosidl_typesupport_introspection_c.h
-- Up-to-date symlink: /home/navneeth/ros2_ws/install/my_robot_interfaces/include/my_robot_interfaces/msg/detail/hardware_status__builder.hpp
-- Up-to-date symlink: /home/navneeth/ros2_ws/install/my_robot_interfaces/include/my_robot_interfaces/msg/detail/hardware_status__struct.hpp
-- Up-to-date symlink: /home/navneeth/ros2_ws/install/my_robot_interfaces/include/my_robot_interfaces/msg/detail/hardware_status__traits.hpp
-- Up-to-date symlink: /home/navneeth/ros2_ws/install/my_robot_interfaces/include/my_robot_interfaces/msg/detail/led_status__builder.hpp
-- Up-to-date symlink: /home/navneeth/ros2_ws/install/my_robot_interfaces/include/my_robot_interfaces/msg/detail/led_status__struct.hpp
-- Up-to-date symlink: /home/navneeth/ros2_ws/install/my_robot_interfaces/include/my_robot_interfaces/msg/detail/led_status__traits.hpp
-- Up-to-date symlink: /home/navneeth/ros2_ws/install/my_robot_interfaces/include/my_robot_interfaces/msg/hardware_status.hpp
-- Up-to-date symlink: /home/navneeth/ros2_ws/install/my_robot_interfaces/include/my_robot_interfaces/msg/led_status.hpp
-- Up-to-date symlink: /home/navneeth/ros2_ws/install/my_robot_interfaces/include/my_robot_interfaces/srv/compute_rectangle_area.hpp
-- Up-to-date symlink: /home/navneeth/ros2_ws/install/my_robot_interfaces/include/my_robot_interfaces/srv/detail/compute_rectangle_area__builder.hpp
-- Up-to-date symlink: /home/navneeth/ros2_ws/install/my_robot_interfaces/include/my_robot_interfaces/srv/detail/compute_rectangle_area__struct.hpp
-- Up-to-date symlink: /home/navneeth/ros2_ws/install/my_robot_interfaces/include/my_robot_interfaces/srv/detail/compute_rectangle_area__traits.hpp
-- Up-to-date symlink: /home/navneeth/ros2_ws/install/my_robot_interfaces/include/my_robot_interfaces/srv/detail/set_led__builder.hpp
-- Up-to-date symlink: /home/navneeth/ros2_ws/install/my_robot_interfaces/include/my_robot_interfaces/srv/detail/set_led__struct.hpp
-- Up-to-date symlink: /home/navneeth/ros2_ws/install/my_robot_interfaces/include/my_robot_interfaces/srv/detail/set_led__traits.hpp
-- Up-to-date symlink: /home/navneeth/ros2_ws/install/my_robot_interfaces/include/my_robot_interfaces/srv/set_led.hpp
-- Up-to-date symlink: /home/navneeth/ros2_ws/install/my_robot_interfaces/include/my_robot_interfaces/msg/detail/hardware_status__rosidl_typesupport_introspection_cpp.hpp
-- Up-to-date symlink: /home/navneeth/ros2_ws/install/my_robot_interfaces/include/my_robot_interfaces/msg/detail/led_status__rosidl_typesupport_introspection_cpp.hpp
-- Up-to-date symlink: /home/navneeth/ros2_ws/install/my_robot_interfaces/include/my_robot_interfaces/srv/detail/compute_rectangle_area__rosidl_typesupport_introspection_cpp.hpp
-- Up-to-date symlink: /home/navneeth/ros2_ws/install/my_robot_interfaces/include/my_robot_interfaces/srv/detail/set_led__rosidl_typesupport_introspection_cpp.hpp
-- Up-to-date symlink: /home/navneeth/ros2_ws/install/my_robot_interfaces/share/my_robot_interfaces/environment/pythonpath.sh
-- Up-to-date symlink: /home/navneeth/ros2_ws/install/my_robot_interfaces/share/my_robot_interfaces/environment/pythonpath.dsv
-- Up-to-date symlink: /home/navneeth/ros2_ws/install/my_robot_interfaces/lib/python3.8/site-packages/my_robot_interfaces/__init__.py
-- Up-to-date symlink: /home/navneeth/ros2_ws/install/my_robot_interfaces/lib/python3.8/site-packages/my_robot_interfaces/msg/__init__.py
-- Up-to-date symlink: /home/navneeth/ros2_ws/install/my_robot_interfaces/lib/python3.8/site-packages/my_robot_interfaces/msg/_hardware_status.py
-- Up-to-date symlink: /home/navneeth/ros2_ws/install/my_robot_interfaces/lib/python3.8/site-packages/my_robot_interfaces/msg/_led_status.py
-- Up-to-date symlink: /home/navneeth/ros2_ws/install/my_robot_interfaces/lib/python3.8/site-packages/my_robot_interfaces/srv/__init__.py
-- Up-to-date symlink: /home/navneeth/ros2_ws/install/my_robot_interfaces/lib/python3.8/site-packages/my_robot_interfaces/srv/_compute_rectangle_area.py
-- Up-to-date symlink: /home/navneeth/ros2_ws/install/my_robot_interfaces/lib/python3.8/site-packages/my_robot_interfaces/srv/_set_led.py
-- Up-to-date symlink: /home/navneeth/ros2_ws/install/my_robot_interfaces/lib/python3.8/site-packages/my_robot_interfaces/my_robot_interfaces_s__rosidl_typesupport_fastrtps_c.cpython-38-x86_64-linux-gnu.so
-- Up-to-date symlink: /home/navneeth/ros2_ws/install/my_robot_interfaces/lib/python3.8/site-packages/my_robot_interfaces/my_robot_interfaces_s__rosidl_typesupport_introspection_c.cpython-38-x86_64-linux-gnu.so
-- Up-to-date symlink: /home/navneeth/ros2_ws/install/my_robot_interfaces/lib/python3.8/site-packages/my_robot_interfaces/my_robot_interfaces_s__rosidl_typesupport_c.cpython-38-x86_64-linux-gnu.so
-- Up-to-date symlink: /home/navneeth/ros2_ws/install/my_robot_interfaces/lib/libmy_robot_interfaces__python.so
-- Up-to-date symlink: /home/navneeth/ros2_ws/install/my_robot_interfaces/share/my_robot_interfaces/msg/HardwareStatus.idl
-- Up-to-date symlink: /home/navneeth/ros2_ws/install/my_robot_interfaces/share/my_robot_interfaces/msg/LedStatus.idl
-- Up-to-date symlink: /home/navneeth/ros2_ws/install/my_robot_interfaces/share/my_robot_interfaces/srv/ComputeRectangleArea.idl
-- Up-to-date symlink: /home/navneeth/ros2_ws/install/my_robot_interfaces/share/my_robot_interfaces/srv/SetLed.idl
-- Up-to-date symlink: /home/navneeth/ros2_ws/install/my_robot_interfaces/share/my_robot_interfaces/msg/HardwareStatus.msg
-- Up-to-date symlink: /home/navneeth/ros2_ws/install/my_robot_interfaces/share/my_robot_interfaces/msg/LedStatus.msg
-- Up-to-date symlink: /home/navneeth/ros2_ws/install/my_robot_interfaces/share/my_robot_interfaces/srv/ComputeRectangleArea.srv
-- Up-to-date symlink: /home/navneeth/ros2_ws/install/my_robot_interfaces/share/my_robot_interfaces/srv/ComputeRectangleArea_Request.msg
-- Up-to-date symlink: /home/navneeth/ros2_ws/install/my_robot_interfaces/share/my_robot_interfaces/srv/ComputeRectangleArea_Response.msg
-- Up-to-date symlink: /home/navneeth/ros2_ws/install/my_robot_interfaces/share/my_robot_interfaces/srv/SetLed.srv
-- Up-to-date symlink: /home/navneeth/ros2_ws/install/my_robot_interfaces/share/my_robot_interfaces/srv/SetLed_Request.msg
-- Up-to-date symlink: /home/navneeth/ros2_ws/install/my_robot_interfaces/share/my_robot_interfaces/srv/SetLed_Response.msg
-- Up-to-date symlink: /home/navneeth/ros2_ws/install/my_robot_interfaces/share/ament_index/resource_index/package_run_dependencies/my_robot_interfaces
-- Up-to-date symlink: /home/navneeth/ros2_ws/install/my_robot_interfaces/share/ament_index/resource_index/parent_prefix_path/my_robot_interfaces
-- Up-to-date symlink: /home/navneeth/ros2_ws/install/my_robot_interfaces/share/my_robot_interfaces/environment/ament_prefix_path.sh
-- Up-to-date symlink: /home/navneeth/ros2_ws/install/my_robot_interfaces/share/my_robot_interfaces/environment/ament_prefix_path.dsv
-- Up-to-date symlink: /home/navneeth/ros2_ws/install/my_robot_interfaces/share/my_robot_interfaces/environment/path.sh
-- Up-to-date symlink: /home/navneeth/ros2_ws/install/my_robot_interfaces/share/my_robot_interfaces/environment/path.dsv
-- Up-to-date symlink: /home/navneeth/ros2_ws/install/my_robot_interfaces/share/my_robot_interfaces/local_setup.bash
-- Up-to-date symlink: /home/navneeth/ros2_ws/install/my_robot_interfaces/share/my_robot_interfaces/local_setup.sh
-- Up-to-date symlink: /home/navneeth/ros2_ws/install/my_robot_interfaces/share/my_robot_interfaces/local_setup.zsh
-- Up-to-date symlink: /home/navneeth/ros2_ws/install/my_robot_interfaces/share/my_robot_interfaces/local_setup.dsv
-- Symlinking: /home/navneeth/ros2_ws/install/my_robot_interfaces/share/my_robot_interfaces/package.dsv
-- Up-to-date symlink: /home/navneeth/ros2_ws/install/my_robot_interfaces/share/ament_index/resource_index/packages/my_robot_interfaces
-- Up-to-date symlink: /home/navneeth/ros2_ws/install/my_robot_interfaces/share/my_robot_interfaces/cmake/rosidl_cmake-extras.cmake
-- Up-to-date symlink: /home/navneeth/ros2_ws/install/my_robot_interfaces/share/my_robot_interfaces/cmake/ament_cmake_export_dependencies-extras.cmake
-- Up-to-date symlink: /home/navneeth/ros2_ws/install/my_robot_interfaces/share/my_robot_interfaces/cmake/ament_cmake_export_libraries-extras.cmake
-- Up-to-date symlink: /home/navneeth/ros2_ws/install/my_robot_interfaces/share/my_robot_interfaces/cmake/ament_cmake_export_targets-extras.cmake
-- Up-to-date symlink: /home/navneeth/ros2_ws/install/my_robot_interfaces/share/my_robot_interfaces/cmake/ament_cmake_export_include_directories-extras.cmake
-- Up-to-date symlink: /home/navneeth/ros2_ws/install/my_robot_interfaces/share/my_robot_interfaces/cmake/rosidl_cmake_export_typesupport_libraries-extras.cmake
-- Up-to-date symlink: /home/navneeth/ros2_ws/install/my_robot_interfaces/share/my_robot_interfaces/cmake/rosidl_cmake_export_typesupport_targets-extras.cmake
-- Up-to-date symlink: /home/navneeth/ros2_ws/install/my_robot_interfaces/share/my_robot_interfaces/cmake/my_robot_interfacesConfig.cmake
-- Up-to-date symlink: /home/navneeth/ros2_ws/install/my_robot_interfaces/share/my_robot_interfaces/cmake/my_robot_interfacesConfig-version.cmake
-- Up-to-date symlink: /home/navneeth/ros2_ws/install/my_robot_interfaces/share/my_robot_interfaces/package.xml
-- Up-to-date: /home/navneeth/ros2_ws/install/my_robot_interfaces/lib/libmy_robot_interfaces__rosidl_generator_c.so
-- Up-to-date: /home/navneeth/ros2_ws/install/my_robot_interfaces/lib/libmy_robot_interfaces__rosidl_typesupport_introspection_c.so
-- Up-to-date: /home/navneeth/ros2_ws/install/my_robot_interfaces/lib/libmy_robot_interfaces__rosidl_typesupport_c.so
-- Up-to-date: /home/navneeth/ros2_ws/install/my_robot_interfaces/lib/libmy_robot_interfaces__rosidl_typesupport_introspection_cpp.so
-- Up-to-date: /home/navneeth/ros2_ws/install/my_robot_interfaces/lib/libmy_robot_interfaces__rosidl_typesupport_cpp.so
-- Up-to-date: /home/navneeth/ros2_ws/install/my_robot_interfaces/share/my_robot_interfaces/cmake/my_robot_interfaces__rosidl_generator_cExport.cmake
-- Up-to-date: /home/navneeth/ros2_ws/install/my_robot_interfaces/share/my_robot_interfaces/cmake/my_robot_interfaces__rosidl_generator_cExport-noconfig.cmake
-- Up-to-date: /home/navneeth/ros2_ws/install/my_robot_interfaces/share/my_robot_interfaces/cmake/my_robot_interfaces__rosidl_typesupport_introspection_cExport.cmake
-- Up-to-date: /home/navneeth/ros2_ws/install/my_robot_interfaces/share/my_robot_interfaces/cmake/my_robot_interfaces__rosidl_typesupport_introspection_cExport-noconfig.cmake
-- Up-to-date: /home/navneeth/ros2_ws/install/my_robot_interfaces/share/my_robot_interfaces/cmake/my_robot_interfaces__rosidl_typesupport_cExport.cmake
-- Up-to-date: /home/navneeth/ros2_ws/install/my_robot_interfaces/share/my_robot_interfaces/cmake/my_robot_interfaces__rosidl_typesupport_cExport-noconfig.cmake
-- Up-to-date: /home/navneeth/ros2_ws/install/my_robot_interfaces/share/my_robot_interfaces/cmake/my_robot_interfaces__rosidl_generator_cppExport.cmake
-- Up-to-date: /home/navneeth/ros2_ws/install/my_robot_interfaces/share/my_robot_interfaces/cmake/my_robot_interfaces__rosidl_typesupport_introspection_cppExport.cmake
-- Up-to-date: /home/navneeth/ros2_ws/install/my_robot_interfaces/share/my_robot_interfaces/cmake/my_robot_interfaces__rosidl_typesupport_introspection_cppExport-noconfig.cmake
-- Up-to-date: /home/navneeth/ros2_ws/install/my_robot_interfaces/share/my_robot_interfaces/cmake/my_robot_interfaces__rosidl_typesupport_cppExport.cmake
-- Up-to-date: /home/navneeth/ros2_ws/install/my_robot_interfaces/share/my_robot_interfaces/cmake/my_robot_interfaces__rosidl_typesupport_cppExport-noconfig.cmake
