[0.020s] Invoking command in '/home/navneeth/ros2_ws/build/my_robot_interfaces': CMAKE_PREFIX_PATH=/home/navneeth/ros2_ws/install/my_robot_interfaces:/home/navneeth/ros2_ws/install/my_py_pkg:/opt/ros/foxy:/opt/ros/noetic /usr/bin/cmake --build /home/navneeth/ros2_ws/build/my_robot_interfaces -- -j8 -l8
[0.069s] [  7%] Built target my_robot_interfaces__cpp
[0.070s] [ 12%] Built target my_robot_interfaces__rosidl_generator_c
[0.091s] [ 23%] Built target my_robot_interfaces__rosidl_typesupport_c
[0.092s] [ 34%] Built target my_robot_interfaces__rosidl_typesupport_introspection_cpp
[0.093s] [ 45%] Built target my_robot_interfaces__rosidl_typesupport_introspection_c
[0.095s] [ 56%] Built target my_robot_interfaces__rosidl_typesupport_cpp
[0.101s] [ 67%] Built target my_robot_interfaces__rosidl_typesupport_fastrtps_cpp
[0.128s] [ 78%] Built target my_robot_interfaces__rosidl_typesupport_fastrtps_c
[0.147s] [ 78%] Built target my_robot_interfaces
[0.168s] [ 80%] Built target my_robot_interfaces__py
[0.195s] [ 89%] Built target my_robot_interfaces__python
[0.219s] [ 96%] Built target my_robot_interfaces__rosidl_typesupport_c__pyext
[0.219s] [ 96%] Built target my_robot_interfaces__rosidl_typesupport_fastrtps_c__pyext
[0.220s] [100%] Built target my_robot_interfaces__rosidl_typesupport_introspection_c__pyext
[0.231s] Invoked command in '/home/navneeth/ros2_ws/build/my_robot_interfaces' returned '0': CMAKE_PREFIX_PATH=/home/navneeth/ros2_ws/install/my_robot_interfaces:/home/navneeth/ros2_ws/install/my_py_pkg:/opt/ros/foxy:/opt/ros/noetic /usr/bin/cmake --build /home/navneeth/ros2_ws/build/my_robot_interfaces -- -j8 -l8
[0.311s] Invoking command in '/home/navneeth/ros2_ws/build/my_robot_interfaces': CMAKE_PREFIX_PATH=/home/navneeth/ros2_ws/install/my_robot_interfaces:/home/navneeth/ros2_ws/install/my_py_pkg:/opt/ros/foxy:/opt/ros/noetic /usr/bin/cmake --install /home/navneeth/ros2_ws/build/my_robot_interfaces
[0.319s] -- Install configuration: ""
[0.319s] -- Execute custom install script
[0.320s] -- Up-to-date symlink: /home/navneeth/ros2_ws/install/my_robot_interfaces/share/ament_index/resource_index/rosidl_interfaces/my_robot_interfaces
[0.320s] -- Up-to-date symlink: /home/navneeth/ros2_ws/install/my_robot_interfaces/include/my_robot_interfaces/msg/detail/hardware_status__functions.h
[0.321s] -- Up-to-date symlink: /home/navneeth/ros2_ws/install/my_robot_interfaces/include/my_robot_interfaces/msg/detail/hardware_status__struct.h
[0.321s] -- Up-to-date symlink: /home/navneeth/ros2_ws/install/my_robot_interfaces/include/my_robot_interfaces/msg/detail/hardware_status__type_support.h
[0.321s] -- Up-to-date symlink: /home/navneeth/ros2_ws/install/my_robot_interfaces/include/my_robot_interfaces/msg/detail/led_status__functions.h
[0.321s] -- Up-to-date symlink: /home/navneeth/ros2_ws/install/my_robot_interfaces/include/my_robot_interfaces/msg/detail/led_status__struct.h
[0.321s] -- Up-to-date symlink: /home/navneeth/ros2_ws/install/my_robot_interfaces/include/my_robot_interfaces/msg/detail/led_status__type_support.h
[0.321s] -- Up-to-date symlink: /home/navneeth/ros2_ws/install/my_robot_interfaces/include/my_robot_interfaces/msg/hardware_status.h
[0.321s] -- Up-to-date symlink: /home/navneeth/ros2_ws/install/my_robot_interfaces/include/my_robot_interfaces/msg/led_status.h
[0.321s] -- Up-to-date symlink: /home/navneeth/ros2_ws/install/my_robot_interfaces/include/my_robot_interfaces/msg/rosidl_generator_c__visibility_control.h
[0.321s] -- Up-to-date symlink: /home/navneeth/ros2_ws/install/my_robot_interfaces/include/my_robot_interfaces/srv/compute_rectangle_area.h
[0.322s] -- Up-to-date symlink: /home/navneeth/ros2_ws/install/my_robot_interfaces/include/my_robot_interfaces/srv/detail/compute_rectangle_area__functions.h
[0.322s] -- Up-to-date symlink: /home/navneeth/ros2_ws/install/my_robot_interfaces/include/my_robot_interfaces/srv/detail/compute_rectangle_area__struct.h
[0.322s] -- Up-to-date symlink: /home/navneeth/ros2_ws/install/my_robot_interfaces/include/my_robot_interfaces/srv/detail/compute_rectangle_area__type_support.h
[0.322s] -- Up-to-date symlink: /home/navneeth/ros2_ws/install/my_robot_interfaces/include/my_robot_interfaces/srv/detail/set_led__functions.h
[0.322s] -- Up-to-date symlink: /home/navneeth/ros2_ws/install/my_robot_interfaces/include/my_robot_interfaces/srv/detail/set_led__struct.h
[0.322s] -- Up-to-date symlink: /home/navneeth/ros2_ws/install/my_robot_interfaces/include/my_robot_interfaces/srv/detail/set_led__type_support.h
[0.322s] -- Up-to-date symlink: /home/navneeth/ros2_ws/install/my_robot_interfaces/include/my_robot_interfaces/srv/set_led.h
[0.323s] -- Up-to-date symlink: /home/navneeth/ros2_ws/install/my_robot_interfaces/share/my_robot_interfaces/environment/library_path.sh
[0.323s] -- Up-to-date symlink: /home/navneeth/ros2_ws/install/my_robot_interfaces/share/my_robot_interfaces/environment/library_path.dsv
[0.324s] -- Up-to-date symlink: /home/navneeth/ros2_ws/install/my_robot_interfaces/include/my_robot_interfaces/msg/detail/hardware_status__rosidl_typesupport_fastrtps_c.h
[0.324s] -- Up-to-date symlink: /home/navneeth/ros2_ws/install/my_robot_interfaces/include/my_robot_interfaces/msg/detail/led_status__rosidl_typesupport_fastrtps_c.h
[0.324s] -- Up-to-date symlink: /home/navneeth/ros2_ws/install/my_robot_interfaces/include/my_robot_interfaces/msg/rosidl_typesupport_fastrtps_c__visibility_control.h
[0.324s] -- Up-to-date symlink: /home/navneeth/ros2_ws/install/my_robot_interfaces/include/my_robot_interfaces/srv/detail/compute_rectangle_area__rosidl_typesupport_fastrtps_c.h
[0.324s] -- Up-to-date symlink: /home/navneeth/ros2_ws/install/my_robot_interfaces/include/my_robot_interfaces/srv/detail/set_led__rosidl_typesupport_fastrtps_c.h
[0.324s] -- Up-to-date symlink: /home/navneeth/ros2_ws/install/my_robot_interfaces/lib/libmy_robot_interfaces__rosidl_typesupport_fastrtps_c.so
[0.325s] -- Up-to-date symlink: /home/navneeth/ros2_ws/install/my_robot_interfaces/include/my_robot_interfaces/msg/detail/hardware_status__rosidl_typesupport_fastrtps_cpp.hpp
[0.325s] -- Up-to-date symlink: /home/navneeth/ros2_ws/install/my_robot_interfaces/include/my_robot_interfaces/msg/detail/led_status__rosidl_typesupport_fastrtps_cpp.hpp
[0.325s] -- Up-to-date symlink: /home/navneeth/ros2_ws/install/my_robot_interfaces/include/my_robot_interfaces/msg/rosidl_typesupport_fastrtps_cpp__visibility_control.h
[0.325s] -- Up-to-date symlink: /home/navneeth/ros2_ws/install/my_robot_interfaces/include/my_robot_interfaces/srv/detail/compute_rectangle_area__rosidl_typesupport_fastrtps_cpp.hpp
[0.326s] -- Up-to-date symlink: /home/navneeth/ros2_ws/install/my_robot_interfaces/include/my_robot_interfaces/srv/detail/set_led__rosidl_typesupport_fastrtps_cpp.hpp
[0.326s] -- Up-to-date symlink: /home/navneeth/ros2_ws/install/my_robot_interfaces/lib/libmy_robot_interfaces__rosidl_typesupport_fastrtps_cpp.so
[0.327s] -- Up-to-date symlink: /home/navneeth/ros2_ws/install/my_robot_interfaces/include/my_robot_interfaces/msg/detail/hardware_status__rosidl_typesupport_introspection_c.h
[0.327s] -- Up-to-date symlink: /home/navneeth/ros2_ws/install/my_robot_interfaces/include/my_robot_interfaces/msg/detail/led_status__rosidl_typesupport_introspection_c.h
[0.327s] -- Up-to-date symlink: /home/navneeth/ros2_ws/install/my_robot_interfaces/include/my_robot_interfaces/msg/rosidl_typesupport_introspection_c__visibility_control.h
[0.327s] -- Up-to-date symlink: /home/navneeth/ros2_ws/install/my_robot_interfaces/include/my_robot_interfaces/srv/detail/compute_rectangle_area__rosidl_typesupport_introspection_c.h
[0.327s] -- Up-to-date symlink: /home/navneeth/ros2_ws/install/my_robot_interfaces/include/my_robot_interfaces/srv/detail/set_led__rosidl_typesupport_introspection_c.h
[0.328s] -- Up-to-date symlink: /home/navneeth/ros2_ws/install/my_robot_interfaces/include/my_robot_interfaces/msg/detail/hardware_status__builder.hpp
[0.328s] -- Up-to-date symlink: /home/navneeth/ros2_ws/install/my_robot_interfaces/include/my_robot_interfaces/msg/detail/hardware_status__struct.hpp
[0.328s] -- Up-to-date symlink: /home/navneeth/ros2_ws/install/my_robot_interfaces/include/my_robot_interfaces/msg/detail/hardware_status__traits.hpp
[0.328s] -- Up-to-date symlink: /home/navneeth/ros2_ws/install/my_robot_interfaces/include/my_robot_interfaces/msg/detail/led_status__builder.hpp
[0.328s] -- Up-to-date symlink: /home/navneeth/ros2_ws/install/my_robot_interfaces/include/my_robot_interfaces/msg/detail/led_status__struct.hpp
[0.328s] -- Up-to-date symlink: /home/navneeth/ros2_ws/install/my_robot_interfaces/include/my_robot_interfaces/msg/detail/led_status__traits.hpp
[0.329s] -- Up-to-date symlink: /home/navneeth/ros2_ws/install/my_robot_interfaces/include/my_robot_interfaces/msg/hardware_status.hpp
[0.329s] -- Up-to-date symlink: /home/navneeth/ros2_ws/install/my_robot_interfaces/include/my_robot_interfaces/msg/led_status.hpp
[0.329s] -- Up-to-date symlink: /home/navneeth/ros2_ws/install/my_robot_interfaces/include/my_robot_interfaces/srv/compute_rectangle_area.hpp
[0.329s] -- Up-to-date symlink: /home/navneeth/ros2_ws/install/my_robot_interfaces/include/my_robot_interfaces/srv/detail/compute_rectangle_area__builder.hpp
[0.329s] -- Up-to-date symlink: /home/navneeth/ros2_ws/install/my_robot_interfaces/include/my_robot_interfaces/srv/detail/compute_rectangle_area__struct.hpp
[0.329s] -- Up-to-date symlink: /home/navneeth/ros2_ws/install/my_robot_interfaces/include/my_robot_interfaces/srv/detail/compute_rectangle_area__traits.hpp
[0.329s] -- Up-to-date symlink: /home/navneeth/ros2_ws/install/my_robot_interfaces/include/my_robot_interfaces/srv/detail/set_led__builder.hpp
[0.330s] -- Up-to-date symlink: /home/navneeth/ros2_ws/install/my_robot_interfaces/include/my_robot_interfaces/srv/detail/set_led__struct.hpp
[0.330s] -- Up-to-date symlink: /home/navneeth/ros2_ws/install/my_robot_interfaces/include/my_robot_interfaces/srv/detail/set_led__traits.hpp
[0.330s] -- Up-to-date symlink: /home/navneeth/ros2_ws/install/my_robot_interfaces/include/my_robot_interfaces/srv/set_led.hpp
[0.330s] -- Up-to-date symlink: /home/navneeth/ros2_ws/install/my_robot_interfaces/include/my_robot_interfaces/msg/detail/hardware_status__rosidl_typesupport_introspection_cpp.hpp
[0.330s] -- Up-to-date symlink: /home/navneeth/ros2_ws/install/my_robot_interfaces/include/my_robot_interfaces/msg/detail/led_status__rosidl_typesupport_introspection_cpp.hpp
[0.331s] -- Up-to-date symlink: /home/navneeth/ros2_ws/install/my_robot_interfaces/include/my_robot_interfaces/srv/detail/compute_rectangle_area__rosidl_typesupport_introspection_cpp.hpp
[0.331s] -- Up-to-date symlink: /home/navneeth/ros2_ws/install/my_robot_interfaces/include/my_robot_interfaces/srv/detail/set_led__rosidl_typesupport_introspection_cpp.hpp
[0.331s] -- Up-to-date symlink: /home/navneeth/ros2_ws/install/my_robot_interfaces/share/my_robot_interfaces/environment/pythonpath.sh
[0.331s] -- Up-to-date symlink: /home/navneeth/ros2_ws/install/my_robot_interfaces/share/my_robot_interfaces/environment/pythonpath.dsv
[0.331s] -- Up-to-date symlink: /home/navneeth/ros2_ws/install/my_robot_interfaces/lib/python3.8/site-packages/my_robot_interfaces/__init__.py
[0.332s] -- Up-to-date symlink: /home/navneeth/ros2_ws/install/my_robot_interfaces/lib/python3.8/site-packages/my_robot_interfaces/msg/__init__.py
[0.332s] -- Up-to-date symlink: /home/navneeth/ros2_ws/install/my_robot_interfaces/lib/python3.8/site-packages/my_robot_interfaces/msg/_hardware_status.py
[0.332s] -- Up-to-date symlink: /home/navneeth/ros2_ws/install/my_robot_interfaces/lib/python3.8/site-packages/my_robot_interfaces/msg/_led_status.py
[0.333s] -- Up-to-date symlink: /home/navneeth/ros2_ws/install/my_robot_interfaces/lib/python3.8/site-packages/my_robot_interfaces/srv/__init__.py
[0.333s] -- Up-to-date symlink: /home/navneeth/ros2_ws/install/my_robot_interfaces/lib/python3.8/site-packages/my_robot_interfaces/srv/_compute_rectangle_area.py
[0.333s] -- Up-to-date symlink: /home/navneeth/ros2_ws/install/my_robot_interfaces/lib/python3.8/site-packages/my_robot_interfaces/srv/_set_led.py
[0.333s] -- Up-to-date symlink: /home/navneeth/ros2_ws/install/my_robot_interfaces/lib/python3.8/site-packages/my_robot_interfaces/my_robot_interfaces_s__rosidl_typesupport_fastrtps_c.cpython-38-x86_64-linux-gnu.so
[0.334s] -- Up-to-date symlink: /home/navneeth/ros2_ws/install/my_robot_interfaces/lib/python3.8/site-packages/my_robot_interfaces/my_robot_interfaces_s__rosidl_typesupport_introspection_c.cpython-38-x86_64-linux-gnu.so
[0.334s] -- Up-to-date symlink: /home/navneeth/ros2_ws/install/my_robot_interfaces/lib/python3.8/site-packages/my_robot_interfaces/my_robot_interfaces_s__rosidl_typesupport_c.cpython-38-x86_64-linux-gnu.so
[0.334s] -- Up-to-date symlink: /home/navneeth/ros2_ws/install/my_robot_interfaces/lib/libmy_robot_interfaces__python.so
[0.335s] -- Up-to-date symlink: /home/navneeth/ros2_ws/install/my_robot_interfaces/share/my_robot_interfaces/msg/HardwareStatus.idl
[0.335s] -- Up-to-date symlink: /home/navneeth/ros2_ws/install/my_robot_interfaces/share/my_robot_interfaces/msg/LedStatus.idl
[0.335s] -- Up-to-date symlink: /home/navneeth/ros2_ws/install/my_robot_interfaces/share/my_robot_interfaces/srv/ComputeRectangleArea.idl
[0.335s] -- Up-to-date symlink: /home/navneeth/ros2_ws/install/my_robot_interfaces/share/my_robot_interfaces/srv/SetLed.idl
[0.335s] -- Up-to-date symlink: /home/navneeth/ros2_ws/install/my_robot_interfaces/share/my_robot_interfaces/msg/HardwareStatus.msg
[0.336s] -- Up-to-date symlink: /home/navneeth/ros2_ws/install/my_robot_interfaces/share/my_robot_interfaces/msg/LedStatus.msg
[0.336s] -- Up-to-date symlink: /home/navneeth/ros2_ws/install/my_robot_interfaces/share/my_robot_interfaces/srv/ComputeRectangleArea.srv
[0.336s] -- Up-to-date symlink: /home/navneeth/ros2_ws/install/my_robot_interfaces/share/my_robot_interfaces/srv/ComputeRectangleArea_Request.msg
[0.336s] -- Up-to-date symlink: /home/navneeth/ros2_ws/install/my_robot_interfaces/share/my_robot_interfaces/srv/ComputeRectangleArea_Response.msg
[0.337s] -- Up-to-date symlink: /home/navneeth/ros2_ws/install/my_robot_interfaces/share/my_robot_interfaces/srv/SetLed.srv
[0.337s] -- Up-to-date symlink: /home/navneeth/ros2_ws/install/my_robot_interfaces/share/my_robot_interfaces/srv/SetLed_Request.msg
[0.337s] -- Up-to-date symlink: /home/navneeth/ros2_ws/install/my_robot_interfaces/share/my_robot_interfaces/srv/SetLed_Response.msg
[0.337s] -- Up-to-date symlink: /home/navneeth/ros2_ws/install/my_robot_interfaces/share/ament_index/resource_index/package_run_dependencies/my_robot_interfaces
[0.337s] -- Up-to-date symlink: /home/navneeth/ros2_ws/install/my_robot_interfaces/share/ament_index/resource_index/parent_prefix_path/my_robot_interfaces
[0.338s] -- Up-to-date symlink: /home/navneeth/ros2_ws/install/my_robot_interfaces/share/my_robot_interfaces/environment/ament_prefix_path.sh
[0.338s] -- Up-to-date symlink: /home/navneeth/ros2_ws/install/my_robot_interfaces/share/my_robot_interfaces/environment/ament_prefix_path.dsv
[0.338s] -- Up-to-date symlink: /home/navneeth/ros2_ws/install/my_robot_interfaces/share/my_robot_interfaces/environment/path.sh
[0.339s] -- Up-to-date symlink: /home/navneeth/ros2_ws/install/my_robot_interfaces/share/my_robot_interfaces/environment/path.dsv
[0.339s] -- Up-to-date symlink: /home/navneeth/ros2_ws/install/my_robot_interfaces/share/my_robot_interfaces/local_setup.bash
[0.339s] -- Up-to-date symlink: /home/navneeth/ros2_ws/install/my_robot_interfaces/share/my_robot_interfaces/local_setup.sh
[0.339s] -- Up-to-date symlink: /home/navneeth/ros2_ws/install/my_robot_interfaces/share/my_robot_interfaces/local_setup.zsh
[0.339s] -- Up-to-date symlink: /home/navneeth/ros2_ws/install/my_robot_interfaces/share/my_robot_interfaces/local_setup.dsv
[0.340s] -- Symlinking: /home/navneeth/ros2_ws/install/my_robot_interfaces/share/my_robot_interfaces/package.dsv
[0.349s] -- Up-to-date symlink: /home/navneeth/ros2_ws/install/my_robot_interfaces/share/ament_index/resource_index/packages/my_robot_interfaces
[0.349s] -- Up-to-date symlink: /home/navneeth/ros2_ws/install/my_robot_interfaces/share/my_robot_interfaces/cmake/rosidl_cmake-extras.cmake
[0.349s] -- Up-to-date symlink: /home/navneeth/ros2_ws/install/my_robot_interfaces/share/my_robot_interfaces/cmake/ament_cmake_export_dependencies-extras.cmake
[0.349s] -- Up-to-date symlink: /home/navneeth/ros2_ws/install/my_robot_interfaces/share/my_robot_interfaces/cmake/ament_cmake_export_libraries-extras.cmake
[0.349s] -- Up-to-date symlink: /home/navneeth/ros2_ws/install/my_robot_interfaces/share/my_robot_interfaces/cmake/ament_cmake_export_targets-extras.cmake
[0.350s] -- Up-to-date symlink: /home/navneeth/ros2_ws/install/my_robot_interfaces/share/my_robot_interfaces/cmake/ament_cmake_export_include_directories-extras.cmake
[0.350s] -- Up-to-date symlink: /home/navneeth/ros2_ws/install/my_robot_interfaces/share/my_robot_interfaces/cmake/rosidl_cmake_export_typesupport_libraries-extras.cmake
[0.350s] -- Up-to-date symlink: /home/navneeth/ros2_ws/install/my_robot_interfaces/share/my_robot_interfaces/cmake/rosidl_cmake_export_typesupport_targets-extras.cmake
[0.350s] -- Up-to-date symlink: /home/navneeth/ros2_ws/install/my_robot_interfaces/share/my_robot_interfaces/cmake/my_robot_interfacesConfig.cmake
[0.351s] -- Up-to-date symlink: /home/navneeth/ros2_ws/install/my_robot_interfaces/share/my_robot_interfaces/cmake/my_robot_interfacesConfig-version.cmake
[0.351s] -- Up-to-date symlink: /home/navneeth/ros2_ws/install/my_robot_interfaces/share/my_robot_interfaces/package.xml
[0.351s] -- Up-to-date: /home/navneeth/ros2_ws/install/my_robot_interfaces/lib/libmy_robot_interfaces__rosidl_generator_c.so
[0.351s] -- Up-to-date: /home/navneeth/ros2_ws/install/my_robot_interfaces/lib/libmy_robot_interfaces__rosidl_typesupport_introspection_c.so
[0.352s] -- Up-to-date: /home/navneeth/ros2_ws/install/my_robot_interfaces/lib/libmy_robot_interfaces__rosidl_typesupport_c.so
[0.352s] -- Up-to-date: /home/navneeth/ros2_ws/install/my_robot_interfaces/lib/libmy_robot_interfaces__rosidl_typesupport_introspection_cpp.so
[0.352s] -- Up-to-date: /home/navneeth/ros2_ws/install/my_robot_interfaces/lib/libmy_robot_interfaces__rosidl_typesupport_cpp.so
[0.386s] -- Up-to-date: /home/navneeth/ros2_ws/install/my_robot_interfaces/share/my_robot_interfaces/cmake/my_robot_interfaces__rosidl_generator_cExport.cmake
[0.386s] -- Up-to-date: /home/navneeth/ros2_ws/install/my_robot_interfaces/share/my_robot_interfaces/cmake/my_robot_interfaces__rosidl_generator_cExport-noconfig.cmake
[0.386s] -- Up-to-date: /home/navneeth/ros2_ws/install/my_robot_interfaces/share/my_robot_interfaces/cmake/my_robot_interfaces__rosidl_typesupport_introspection_cExport.cmake
[0.386s] -- Up-to-date: /home/navneeth/ros2_ws/install/my_robot_interfaces/share/my_robot_interfaces/cmake/my_robot_interfaces__rosidl_typesupport_introspection_cExport-noconfig.cmake
[0.386s] -- Up-to-date: /home/navneeth/ros2_ws/install/my_robot_interfaces/share/my_robot_interfaces/cmake/my_robot_interfaces__rosidl_typesupport_cExport.cmake
[0.386s] -- Up-to-date: /home/navneeth/ros2_ws/install/my_robot_interfaces/share/my_robot_interfaces/cmake/my_robot_interfaces__rosidl_typesupport_cExport-noconfig.cmake
[0.386s] -- Up-to-date: /home/navneeth/ros2_ws/install/my_robot_interfaces/share/my_robot_interfaces/cmake/my_robot_interfaces__rosidl_generator_cppExport.cmake
[0.387s] -- Up-to-date: /home/navneeth/ros2_ws/install/my_robot_interfaces/share/my_robot_interfaces/cmake/my_robot_interfaces__rosidl_typesupport_introspection_cppExport.cmake
[0.387s] -- Up-to-date: /home/navneeth/ros2_ws/install/my_robot_interfaces/share/my_robot_interfaces/cmake/my_robot_interfaces__rosidl_typesupport_introspection_cppExport-noconfig.cmake
[0.387s] -- Up-to-date: /home/navneeth/ros2_ws/install/my_robot_interfaces/share/my_robot_interfaces/cmake/my_robot_interfaces__rosidl_typesupport_cppExport.cmake
[0.387s] -- Up-to-date: /home/navneeth/ros2_ws/install/my_robot_interfaces/share/my_robot_interfaces/cmake/my_robot_interfaces__rosidl_typesupport_cppExport-noconfig.cmake
[0.388s] Invoked command in '/home/navneeth/ros2_ws/build/my_robot_interfaces' returned '0': CMAKE_PREFIX_PATH=/home/navneeth/ros2_ws/install/my_robot_interfaces:/home/navneeth/ros2_ws/install/my_py_pkg:/opt/ros/foxy:/opt/ros/noetic /usr/bin/cmake --install /home/navneeth/ros2_ws/build/my_robot_interfaces
