[0.353s] Invoking command in '/home/navneeth/ros2_ws/build/my_py_pkg': PYTHONPATH=/home/navneeth/ros2_ws/install/my_py_pkg/lib/python3.8/site-packages:${PYTHONPATH} /usr/bin/python3 setup.py develop --prefix /home/navneeth/ros2_ws/install/my_py_pkg --editable --build-directory /home/navneeth/ros2_ws/build/my_py_pkg/build --no-deps install_data --install-dir /home/navneeth/ros2_ws/install/my_py_pkg
[0.628s] running develop
[0.792s] running egg_info
[0.792s] writing my_py_pkg.egg-info/PKG-INFO
[0.792s] writing dependency_links to my_py_pkg.egg-info/dependency_links.txt
[0.792s] writing entry points to my_py_pkg.egg-info/entry_points.txt
[0.793s] writing requirements to my_py_pkg.egg-info/requires.txt
[0.793s] writing top-level names to my_py_pkg.egg-info/top_level.txt
[0.877s] listing git files failed - pretending there aren't any
[0.879s] reading manifest file 'my_py_pkg.egg-info/SOURCES.txt'
[0.879s] writing manifest file 'my_py_pkg.egg-info/SOURCES.txt'
[1.444s] running build_ext
[1.465s] Creating /home/navneeth/ros2_ws/install/my_py_pkg/lib/python3.8/site-packages/my-py-pkg.egg-link (link to .)
[1.469s] Installing add_two_ints_client_no_opp script to /home/navneeth/ros2_ws/install/my_py_pkg/lib/my_py_pkg
[1.470s] Installing add_two_ints_server script to /home/navneeth/ros2_ws/install/my_py_pkg/lib/my_py_pkg
[1.471s] Installing number_counter script to /home/navneeth/ros2_ws/install/my_py_pkg/lib/my_py_pkg
[1.471s] Installing number_publisher script to /home/navneeth/ros2_ws/install/my_py_pkg/lib/my_py_pkg
[1.472s] Installing py_node script to /home/navneeth/ros2_ws/install/my_py_pkg/lib/my_py_pkg
[1.472s] Installing robot_news_station script to /home/navneeth/ros2_ws/install/my_py_pkg/lib/my_py_pkg
[1.473s] Installing smartphone script to /home/navneeth/ros2_ws/install/my_py_pkg/lib/my_py_pkg
[1.473s] 
[1.474s] Installed /home/navneeth/ros2_ws/build/my_py_pkg
[1.474s] running install_data
[1.528s] Invoked command in '/home/navneeth/ros2_ws/build/my_py_pkg' returned '0': PYTHONPATH=/home/navneeth/ros2_ws/install/my_py_pkg/lib/python3.8/site-packages:${PYTHONPATH} /usr/bin/python3 setup.py develop --prefix /home/navneeth/ros2_ws/install/my_py_pkg --editable --build-directory /home/navneeth/ros2_ws/build/my_py_pkg/build --no-deps install_data --install-dir /home/navneeth/ros2_ws/install/my_py_pkg
