[0.020s] Invoking command in '/home/navneeth/ros2_ws/build/my_robot_interfaces': CMAKE_PREFIX_PATH=/opt/ros/foxy /usr/bin/cmake --build /home/navneeth/ros2_ws/build/my_robot_interfaces -- -j8 -l8
[0.068s] [  1%] Built target my_robot_interfaces__cpp
[0.068s] [ 12%] Built target my_robot_interfaces__rosidl_generator_c
[0.088s] [ 23%] Built target my_robot_interfaces__rosidl_typesupport_cpp
[0.089s] [ 34%] Built target my_robot_interfaces__rosidl_typesupport_introspection_cpp
[0.093s] [ 45%] Built target my_robot_interfaces__rosidl_typesupport_c
[0.095s] [ 56%] Built target my_robot_interfaces__rosidl_typesupport_introspection_c
[0.099s] [ 67%] Built target my_robot_interfaces__rosidl_typesupport_fastrtps_cpp
[0.123s] [ 78%] Built target my_robot_interfaces__rosidl_typesupport_fastrtps_c
[0.142s] [ 78%] Built target my_robot_interfaces
[0.159s] [ 80%] Built target my_robot_interfaces__py
[0.183s] [ 89%] Built target my_robot_interfaces__python
[0.206s] [100%] Built target my_robot_interfaces__rosidl_typesupport_c__pyext
[0.206s] [100%] Built target my_robot_interfaces__rosidl_typesupport_introspection_c__pyext
[0.206s] [100%] Built target my_robot_interfaces__rosidl_typesupport_fastrtps_c__pyext
[0.280s] Invoked command in '/home/navneeth/ros2_ws/build/my_robot_interfaces' returned '0': CMAKE_PREFIX_PATH=/opt/ros/foxy /usr/bin/cmake --build /home/navneeth/ros2_ws/build/my_robot_interfaces -- -j8 -l8
[0.355s] Invoking command in '/home/navneeth/ros2_ws/build/my_robot_interfaces': CMAKE_PREFIX_PATH=/opt/ros/foxy /usr/bin/cmake --install /home/navneeth/ros2_ws/build/my_robot_interfaces
[0.362s] -- Install configuration: ""
[0.362s] -- Execute custom install script
[0.363s] -- Up-to-date symlink: /home/navneeth/ros2_ws/install/my_robot_interfaces/share/ament_index/resource_index/rosidl_interfaces/my_robot_interfaces
[0.363s] -- Up-to-date symlink: /home/navneeth/ros2_ws/install/my_robot_interfaces/include/my_robot_interfaces/msg/detail/hardware_status__functions.h
[0.363s] -- Up-to-date symlink: /home/navneeth/ros2_ws/install/my_robot_interfaces/include/my_robot_interfaces/msg/detail/hardware_status__struct.h
[0.364s] -- Up-to-date symlink: /home/navneeth/ros2_ws/install/my_robot_interfaces/include/my_robot_interfaces/msg/detail/hardware_status__type_support.h
[0.364s] -- Up-to-date symlink: /home/navneeth/ros2_ws/install/my_robot_interfaces/include/my_robot_interfaces/msg/detail/led_status__functions.h
[0.364s] -- Up-to-date symlink: /home/navneeth/ros2_ws/install/my_robot_interfaces/include/my_robot_interfaces/msg/detail/led_status__struct.h
[0.364s] -- Up-to-date symlink: /home/navneeth/ros2_ws/install/my_robot_interfaces/include/my_robot_interfaces/msg/detail/led_status__type_support.h
[0.364s] -- Up-to-date symlink: /home/navneeth/ros2_ws/install/my_robot_interfaces/include/my_robot_interfaces/msg/hardware_status.h
[0.364s] -- Up-to-date symlink: /home/navneeth/ros2_ws/install/my_robot_interfaces/include/my_robot_interfaces/msg/led_status.h
[0.364s] -- Up-to-date symlink: /home/navneeth/ros2_ws/install/my_robot_interfaces/include/my_robot_interfaces/msg/rosidl_generator_c__visibility_control.h
[0.365s] -- Up-to-date symlink: /home/navneeth/ros2_ws/install/my_robot_interfaces/include/my_robot_interfaces/srv/compute_rectangle_area.h
[0.365s] -- Up-to-date symlink: /home/navneeth/ros2_ws/install/my_robot_interfaces/include/my_robot_interfaces/srv/detail/compute_rectangle_area__functions.h
[0.365s] -- Up-to-date symlink: /home/navneeth/ros2_ws/install/my_robot_interfaces/include/my_robot_interfaces/srv/detail/compute_rectangle_area__struct.h
[0.365s] -- Up-to-date symlink: /home/navneeth/ros2_ws/install/my_robot_interfaces/include/my_robot_interfaces/srv/detail/compute_rectangle_area__type_support.h
[0.365s] -- Up-to-date symlink: /home/navneeth/ros2_ws/install/my_robot_interfaces/include/my_robot_interfaces/srv/detail/set_led__functions.h
[0.365s] -- Up-to-date symlink: /home/navneeth/ros2_ws/install/my_robot_interfaces/include/my_robot_interfaces/srv/detail/set_led__struct.h
[0.366s] -- Up-to-date symlink: /home/navneeth/ros2_ws/install/my_robot_interfaces/include/my_robot_interfaces/srv/detail/set_led__type_support.h
[0.366s] -- Up-to-date symlink: /home/navneeth/ros2_ws/install/my_robot_interfaces/include/my_robot_interfaces/srv/set_led.h
[0.366s] -- Up-to-date symlink: /home/navneeth/ros2_ws/install/my_robot_interfaces/share/my_robot_interfaces/environment/library_path.sh
[0.366s] -- Up-to-date symlink: /home/navneeth/ros2_ws/install/my_robot_interfaces/share/my_robot_interfaces/environment/library_path.dsv
[0.367s] -- Up-to-date symlink: /home/navneeth/ros2_ws/install/my_robot_interfaces/include/my_robot_interfaces/msg/detail/hardware_status__rosidl_typesupport_fastrtps_c.h
[0.367s] -- Up-to-date symlink: /home/navneeth/ros2_ws/install/my_robot_interfaces/include/my_robot_interfaces/msg/detail/led_status__rosidl_typesupport_fastrtps_c.h
[0.367s] -- Up-to-date symlink: /home/navneeth/ros2_ws/install/my_robot_interfaces/include/my_robot_interfaces/msg/rosidl_typesupport_fastrtps_c__visibility_control.h
[0.367s] -- Up-to-date symlink: /home/navneeth/ros2_ws/install/my_robot_interfaces/include/my_robot_interfaces/srv/detail/compute_rectangle_area__rosidl_typesupport_fastrtps_c.h
[0.367s] -- Up-to-date symlink: /home/navneeth/ros2_ws/install/my_robot_interfaces/include/my_robot_interfaces/srv/detail/set_led__rosidl_typesupport_fastrtps_c.h
[0.368s] -- Up-to-date symlink: /home/navneeth/ros2_ws/install/my_robot_interfaces/lib/libmy_robot_interfaces__rosidl_typesupport_fastrtps_c.so
[0.368s] -- Up-to-date symlink: /home/navneeth/ros2_ws/install/my_robot_interfaces/include/my_robot_interfaces/msg/detail/hardware_status__rosidl_typesupport_fastrtps_cpp.hpp
[0.368s] -- Up-to-date symlink: /home/navneeth/ros2_ws/install/my_robot_interfaces/include/my_robot_interfaces/msg/detail/led_status__rosidl_typesupport_fastrtps_cpp.hpp
[0.369s] -- Up-to-date symlink: /home/navneeth/ros2_ws/install/my_robot_interfaces/include/my_robot_interfaces/msg/rosidl_typesupport_fastrtps_cpp__visibility_control.h
[0.369s] -- Up-to-date symlink: /home/navneeth/ros2_ws/install/my_robot_interfaces/include/my_robot_interfaces/srv/detail/compute_rectangle_area__rosidl_typesupport_fastrtps_cpp.hpp
[0.369s] -- Up-to-date symlink: /home/navneeth/ros2_ws/install/my_robot_interfaces/include/my_robot_interfaces/srv/detail/set_led__rosidl_typesupport_fastrtps_cpp.hpp
[0.369s] -- Up-to-date symlink: /home/navneeth/ros2_ws/install/my_robot_interfaces/lib/libmy_robot_interfaces__rosidl_typesupport_fastrtps_cpp.so
[0.370s] -- Up-to-date symlink: /home/navneeth/ros2_ws/install/my_robot_interfaces/include/my_robot_interfaces/msg/detail/hardware_status__rosidl_typesupport_introspection_c.h
[0.370s] -- Up-to-date symlink: /home/navneeth/ros2_ws/install/my_robot_interfaces/include/my_robot_interfaces/msg/detail/led_status__rosidl_typesupport_introspection_c.h
[0.370s] -- Up-to-date symlink: /home/navneeth/ros2_ws/install/my_robot_interfaces/include/my_robot_interfaces/msg/rosidl_typesupport_introspection_c__visibility_control.h
[0.370s] -- Up-to-date symlink: /home/navneeth/ros2_ws/install/my_robot_interfaces/include/my_robot_interfaces/srv/detail/compute_rectangle_area__rosidl_typesupport_introspection_c.h
[0.370s] -- Up-to-date symlink: /home/navneeth/ros2_ws/install/my_robot_interfaces/include/my_robot_interfaces/srv/detail/set_led__rosidl_typesupport_introspection_c.h
[0.371s] -- Up-to-date symlink: /home/navneeth/ros2_ws/install/my_robot_interfaces/include/my_robot_interfaces/msg/detail/hardware_status__builder.hpp
[0.371s] -- Up-to-date symlink: /home/navneeth/ros2_ws/install/my_robot_interfaces/include/my_robot_interfaces/msg/detail/hardware_status__struct.hpp
[0.371s] -- Up-to-date symlink: /home/navneeth/ros2_ws/install/my_robot_interfaces/include/my_robot_interfaces/msg/detail/hardware_status__traits.hpp
[0.371s] -- Up-to-date symlink: /home/navneeth/ros2_ws/install/my_robot_interfaces/include/my_robot_interfaces/msg/detail/led_status__builder.hpp
[0.371s] -- Up-to-date symlink: /home/navneeth/ros2_ws/install/my_robot_interfaces/include/my_robot_interfaces/msg/detail/led_status__struct.hpp
[0.372s] -- Up-to-date symlink: /home/navneeth/ros2_ws/install/my_robot_interfaces/include/my_robot_interfaces/msg/detail/led_status__traits.hpp
[0.372s] -- Up-to-date symlink: /home/navneeth/ros2_ws/install/my_robot_interfaces/include/my_robot_interfaces/msg/hardware_status.hpp
[0.372s] -- Up-to-date symlink: /home/navneeth/ros2_ws/install/my_robot_interfaces/include/my_robot_interfaces/msg/led_status.hpp
[0.372s] -- Up-to-date symlink: /home/navneeth/ros2_ws/install/my_robot_interfaces/include/my_robot_interfaces/srv/compute_rectangle_area.hpp
[0.372s] -- Up-to-date symlink: /home/navneeth/ros2_ws/install/my_robot_interfaces/include/my_robot_interfaces/srv/detail/compute_rectangle_area__builder.hpp
[0.372s] -- Up-to-date symlink: /home/navneeth/ros2_ws/install/my_robot_interfaces/include/my_robot_interfaces/srv/detail/compute_rectangle_area__struct.hpp
[0.372s] -- Up-to-date symlink: /home/navneeth/ros2_ws/install/my_robot_interfaces/include/my_robot_interfaces/srv/detail/compute_rectangle_area__traits.hpp
[0.373s] -- Up-to-date symlink: /home/navneeth/ros2_ws/install/my_robot_interfaces/include/my_robot_interfaces/srv/detail/set_led__builder.hpp
[0.373s] -- Up-to-date symlink: /home/navneeth/ros2_ws/install/my_robot_interfaces/include/my_robot_interfaces/srv/detail/set_led__struct.hpp
[0.373s] -- Up-to-date symlink: /home/navneeth/ros2_ws/install/my_robot_interfaces/include/my_robot_interfaces/srv/detail/set_led__traits.hpp
[0.373s] -- Up-to-date symlink: /home/navneeth/ros2_ws/install/my_robot_interfaces/include/my_robot_interfaces/srv/set_led.hpp
[0.373s] -- Up-to-date symlink: /home/navneeth/ros2_ws/install/my_robot_interfaces/include/my_robot_interfaces/msg/detail/hardware_status__rosidl_typesupport_introspection_cpp.hpp
[0.374s] -- Up-to-date symlink: /home/navneeth/ros2_ws/install/my_robot_interfaces/include/my_robot_interfaces/msg/detail/led_status__rosidl_typesupport_introspection_cpp.hpp
[0.374s] -- Up-to-date symlink: /home/navneeth/ros2_ws/install/my_robot_interfaces/include/my_robot_interfaces/srv/detail/compute_rectangle_area__rosidl_typesupport_introspection_cpp.hpp
[0.374s] -- Up-to-date symlink: /home/navneeth/ros2_ws/install/my_robot_interfaces/include/my_robot_interfaces/srv/detail/set_led__rosidl_typesupport_introspection_cpp.hpp
[0.374s] -- Up-to-date symlink: /home/navneeth/ros2_ws/install/my_robot_interfaces/share/my_robot_interfaces/environment/pythonpath.sh
[0.374s] -- Up-to-date symlink: /home/navneeth/ros2_ws/install/my_robot_interfaces/share/my_robot_interfaces/environment/pythonpath.dsv
[0.375s] -- Up-to-date symlink: /home/navneeth/ros2_ws/install/my_robot_interfaces/lib/python3.8/site-packages/my_robot_interfaces/__init__.py
[0.375s] -- Up-to-date symlink: /home/navneeth/ros2_ws/install/my_robot_interfaces/lib/python3.8/site-packages/my_robot_interfaces/msg/__init__.py
[0.375s] -- Up-to-date symlink: /home/navneeth/ros2_ws/install/my_robot_interfaces/lib/python3.8/site-packages/my_robot_interfaces/msg/_hardware_status.py
[0.375s] -- Up-to-date symlink: /home/navneeth/ros2_ws/install/my_robot_interfaces/lib/python3.8/site-packages/my_robot_interfaces/msg/_led_status.py
[0.376s] -- Up-to-date symlink: /home/navneeth/ros2_ws/install/my_robot_interfaces/lib/python3.8/site-packages/my_robot_interfaces/srv/__init__.py
[0.376s] -- Up-to-date symlink: /home/navneeth/ros2_ws/install/my_robot_interfaces/lib/python3.8/site-packages/my_robot_interfaces/srv/_compute_rectangle_area.py
[0.376s] -- Up-to-date symlink: /home/navneeth/ros2_ws/install/my_robot_interfaces/lib/python3.8/site-packages/my_robot_interfaces/srv/_set_led.py
[0.376s] -- Up-to-date symlink: /home/navneeth/ros2_ws/install/my_robot_interfaces/lib/python3.8/site-packages/my_robot_interfaces/my_robot_interfaces_s__rosidl_typesupport_fastrtps_c.cpython-38-x86_64-linux-gnu.so
[0.377s] -- Up-to-date symlink: /home/navneeth/ros2_ws/install/my_robot_interfaces/lib/python3.8/site-packages/my_robot_interfaces/my_robot_interfaces_s__rosidl_typesupport_introspection_c.cpython-38-x86_64-linux-gnu.so
[0.377s] -- Up-to-date symlink: /home/navneeth/ros2_ws/install/my_robot_interfaces/lib/python3.8/site-packages/my_robot_interfaces/my_robot_interfaces_s__rosidl_typesupport_c.cpython-38-x86_64-linux-gnu.so
[0.377s] -- Up-to-date symlink: /home/navneeth/ros2_ws/install/my_robot_interfaces/lib/libmy_robot_interfaces__python.so
[0.378s] -- Up-to-date symlink: /home/navneeth/ros2_ws/install/my_robot_interfaces/share/my_robot_interfaces/msg/HardwareStatus.idl
[0.378s] -- Up-to-date symlink: /home/navneeth/ros2_ws/install/my_robot_interfaces/share/my_robot_interfaces/msg/LedStatus.idl
[0.378s] -- Up-to-date symlink: /home/navneeth/ros2_ws/install/my_robot_interfaces/share/my_robot_interfaces/srv/ComputeRectangleArea.idl
[0.378s] -- Up-to-date symlink: /home/navneeth/ros2_ws/install/my_robot_interfaces/share/my_robot_interfaces/srv/SetLed.idl
[0.378s] -- Up-to-date symlink: /home/navneeth/ros2_ws/install/my_robot_interfaces/share/my_robot_interfaces/msg/HardwareStatus.msg
[0.379s] -- Up-to-date symlink: /home/navneeth/ros2_ws/install/my_robot_interfaces/share/my_robot_interfaces/msg/LedStatus.msg
[0.379s] -- Up-to-date symlink: /home/navneeth/ros2_ws/install/my_robot_interfaces/share/my_robot_interfaces/srv/ComputeRectangleArea.srv
[0.379s] -- Up-to-date symlink: /home/navneeth/ros2_ws/install/my_robot_interfaces/share/my_robot_interfaces/srv/ComputeRectangleArea_Request.msg
[0.379s] -- Up-to-date symlink: /home/navneeth/ros2_ws/install/my_robot_interfaces/share/my_robot_interfaces/srv/ComputeRectangleArea_Response.msg
[0.380s] -- Up-to-date symlink: /home/navneeth/ros2_ws/install/my_robot_interfaces/share/my_robot_interfaces/srv/SetLed.srv
[0.380s] -- Up-to-date symlink: /home/navneeth/ros2_ws/install/my_robot_interfaces/share/my_robot_interfaces/srv/SetLed_Request.msg
[0.380s] -- Up-to-date symlink: /home/navneeth/ros2_ws/install/my_robot_interfaces/share/my_robot_interfaces/srv/SetLed_Response.msg
[0.380s] -- Up-to-date symlink: /home/navneeth/ros2_ws/install/my_robot_interfaces/share/ament_index/resource_index/package_run_dependencies/my_robot_interfaces
[0.380s] -- Up-to-date symlink: /home/navneeth/ros2_ws/install/my_robot_interfaces/share/ament_index/resource_index/parent_prefix_path/my_robot_interfaces
[0.381s] -- Up-to-date symlink: /home/navneeth/ros2_ws/install/my_robot_interfaces/share/my_robot_interfaces/environment/ament_prefix_path.sh
[0.381s] -- Up-to-date symlink: /home/navneeth/ros2_ws/install/my_robot_interfaces/share/my_robot_interfaces/environment/ament_prefix_path.dsv
[0.381s] -- Up-to-date symlink: /home/navneeth/ros2_ws/install/my_robot_interfaces/share/my_robot_interfaces/environment/path.sh
[0.381s] -- Up-to-date symlink: /home/navneeth/ros2_ws/install/my_robot_interfaces/share/my_robot_interfaces/environment/path.dsv
[0.381s] -- Up-to-date symlink: /home/navneeth/ros2_ws/install/my_robot_interfaces/share/my_robot_interfaces/local_setup.bash
[0.382s] -- Up-to-date symlink: /home/navneeth/ros2_ws/install/my_robot_interfaces/share/my_robot_interfaces/local_setup.sh
[0.382s] -- Up-to-date symlink: /home/navneeth/ros2_ws/install/my_robot_interfaces/share/my_robot_interfaces/local_setup.zsh
[0.382s] -- Up-to-date symlink: /home/navneeth/ros2_ws/install/my_robot_interfaces/share/my_robot_interfaces/local_setup.dsv
[0.382s] -- Symlinking: /home/navneeth/ros2_ws/install/my_robot_interfaces/share/my_robot_interfaces/package.dsv
[0.390s] -- Up-to-date symlink: /home/navneeth/ros2_ws/install/my_robot_interfaces/share/ament_index/resource_index/packages/my_robot_interfaces
[0.391s] -- Up-to-date symlink: /home/navneeth/ros2_ws/install/my_robot_interfaces/share/my_robot_interfaces/cmake/rosidl_cmake-extras.cmake
[0.391s] -- Up-to-date symlink: /home/navneeth/ros2_ws/install/my_robot_interfaces/share/my_robot_interfaces/cmake/ament_cmake_export_dependencies-extras.cmake
[0.391s] -- Up-to-date symlink: /home/navneeth/ros2_ws/install/my_robot_interfaces/share/my_robot_interfaces/cmake/ament_cmake_export_libraries-extras.cmake
[0.391s] -- Up-to-date symlink: /home/navneeth/ros2_ws/install/my_robot_interfaces/share/my_robot_interfaces/cmake/ament_cmake_export_targets-extras.cmake
[0.391s] -- Up-to-date symlink: /home/navneeth/ros2_ws/install/my_robot_interfaces/share/my_robot_interfaces/cmake/ament_cmake_export_include_directories-extras.cmake
[0.392s] -- Up-to-date symlink: /home/navneeth/ros2_ws/install/my_robot_interfaces/share/my_robot_interfaces/cmake/rosidl_cmake_export_typesupport_libraries-extras.cmake
[0.392s] -- Up-to-date symlink: /home/navneeth/ros2_ws/install/my_robot_interfaces/share/my_robot_interfaces/cmake/rosidl_cmake_export_typesupport_targets-extras.cmake
[0.392s] -- Up-to-date symlink: /home/navneeth/ros2_ws/install/my_robot_interfaces/share/my_robot_interfaces/cmake/my_robot_interfacesConfig.cmake
[0.392s] -- Up-to-date symlink: /home/navneeth/ros2_ws/install/my_robot_interfaces/share/my_robot_interfaces/cmake/my_robot_interfacesConfig-version.cmake
[0.392s] -- Up-to-date symlink: /home/navneeth/ros2_ws/install/my_robot_interfaces/share/my_robot_interfaces/package.xml
[0.393s] -- Up-to-date: /home/navneeth/ros2_ws/install/my_robot_interfaces/lib/libmy_robot_interfaces__rosidl_generator_c.so
[0.393s] -- Up-to-date: /home/navneeth/ros2_ws/install/my_robot_interfaces/lib/libmy_robot_interfaces__rosidl_typesupport_introspection_c.so
[0.393s] -- Up-to-date: /home/navneeth/ros2_ws/install/my_robot_interfaces/lib/libmy_robot_interfaces__rosidl_typesupport_c.so
[0.394s] -- Up-to-date: /home/navneeth/ros2_ws/install/my_robot_interfaces/lib/libmy_robot_interfaces__rosidl_typesupport_introspection_cpp.so
[0.394s] -- Up-to-date: /home/navneeth/ros2_ws/install/my_robot_interfaces/lib/libmy_robot_interfaces__rosidl_typesupport_cpp.so
[0.422s] -- Up-to-date: /home/navneeth/ros2_ws/install/my_robot_interfaces/share/my_robot_interfaces/cmake/my_robot_interfaces__rosidl_generator_cExport.cmake
[0.422s] -- Up-to-date: /home/navneeth/ros2_ws/install/my_robot_interfaces/share/my_robot_interfaces/cmake/my_robot_interfaces__rosidl_generator_cExport-noconfig.cmake
[0.423s] -- Up-to-date: /home/navneeth/ros2_ws/install/my_robot_interfaces/share/my_robot_interfaces/cmake/my_robot_interfaces__rosidl_typesupport_introspection_cExport.cmake
[0.423s] -- Up-to-date: /home/navneeth/ros2_ws/install/my_robot_interfaces/share/my_robot_interfaces/cmake/my_robot_interfaces__rosidl_typesupport_introspection_cExport-noconfig.cmake
[0.423s] -- Up-to-date: /home/navneeth/ros2_ws/install/my_robot_interfaces/share/my_robot_interfaces/cmake/my_robot_interfaces__rosidl_typesupport_cExport.cmake
[0.423s] -- Up-to-date: /home/navneeth/ros2_ws/install/my_robot_interfaces/share/my_robot_interfaces/cmake/my_robot_interfaces__rosidl_typesupport_cExport-noconfig.cmake
[0.423s] -- Up-to-date: /home/navneeth/ros2_ws/install/my_robot_interfaces/share/my_robot_interfaces/cmake/my_robot_interfaces__rosidl_generator_cppExport.cmake
[0.423s] -- Up-to-date: /home/navneeth/ros2_ws/install/my_robot_interfaces/share/my_robot_interfaces/cmake/my_robot_interfaces__rosidl_typesupport_introspection_cppExport.cmake
[0.423s] -- Up-to-date: /home/navneeth/ros2_ws/install/my_robot_interfaces/share/my_robot_interfaces/cmake/my_robot_interfaces__rosidl_typesupport_introspection_cppExport-noconfig.cmake
[0.423s] -- Up-to-date: /home/navneeth/ros2_ws/install/my_robot_interfaces/share/my_robot_interfaces/cmake/my_robot_interfaces__rosidl_typesupport_cppExport.cmake
[0.423s] -- Up-to-date: /home/navneeth/ros2_ws/install/my_robot_interfaces/share/my_robot_interfaces/cmake/my_robot_interfaces__rosidl_typesupport_cppExport-noconfig.cmake
[0.425s] Invoked command in '/home/navneeth/ros2_ws/build/my_robot_interfaces' returned '0': CMAKE_PREFIX_PATH=/opt/ros/foxy /usr/bin/cmake --install /home/navneeth/ros2_ws/build/my_robot_interfaces
