[0.121s] DEBUG:colcon:Command line arguments: ['/usr/bin/colcon', 'build']
[0.121s] DEBUG:colcon:Parsed command line arguments: Namespace(allow_overriding=[], ament_cmake_args=None, base_paths=['.'], build_base='build', catkin_cmake_args=None, catkin_skip_building_tests=False, cmake_args=None, cmake_clean_cache=False, cmake_clean_first=False, cmake_force_configure=False, cmake_target=None, cmake_target_skip_unavailable=False, continue_on_error=False, event_handlers=None, executor='parallel', ignore_user_meta=False, install_base='install', log_base=None, log_level=None, main=<bound method BuildVerb.main of <colcon_core.verb.build.BuildVerb object at 0x7fdc98fe0be0>>, merge_install=False, metas=['./colcon.meta'], packages_above=None, packages_above_and_dependencies=None, packages_above_depth=None, packages_end=None, packages_ignore=None, packages_ignore_regex=None, packages_select=None, packages_select_build_failed=False, packages_select_by_dep=None, packages_select_regex=None, packages_select_test_failures=False, packages_skip=None, packages_skip_build_finished=False, packages_skip_by_dep=None, packages_skip_regex=None, packages_skip_test_passed=False, packages_skip_up_to=None, packages_start=None, packages_up_to=None, packages_up_to_regex=None, parallel_workers=8, paths=None, symlink_install=False, test_result_base=None, verb_extension=<colcon_core.verb.build.BuildVerb object at 0x7fdc98fe0be0>, verb_name='build', verb_parser=<colcon_defaults.argument_parser.defaults.DefaultArgumentsDecorator object at 0x7fdc98fea190>)
[0.124s] Level 1:colcon.colcon_core.package_discovery:discover_packages(colcon_meta) check parameters
[0.124s] Level 1:colcon.colcon_core.package_discovery:discover_packages(recursive) check parameters
[0.124s] Level 1:colcon.colcon_core.package_discovery:discover_packages(ignore) check parameters
[0.124s] Level 1:colcon.colcon_core.package_discovery:discover_packages(path) check parameters
[0.125s] Level 1:colcon.colcon_core.package_discovery:discover_packages(colcon_meta) discover
[0.125s] Level 1:colcon.colcon_core.package_discovery:discover_packages(recursive) discover
[0.125s] INFO:colcon.colcon_core.package_discovery:Crawling recursively for packages in '/home/navneeth/ros2_ws'
[0.125s] Level 1:colcon.colcon_core.package_identification:_identify(.) by extensions ['ignore', 'ignore_ament_install']
[0.125s] Level 1:colcon.colcon_core.package_identification:_identify(.) by extension 'ignore'
[0.125s] Level 1:colcon.colcon_core.package_identification:_identify(.) by extension 'ignore_ament_install'
[0.125s] Level 1:colcon.colcon_core.package_identification:_identify(.) by extensions ['colcon_pkg']
[0.125s] Level 1:colcon.colcon_core.package_identification:_identify(.) by extension 'colcon_pkg'
[0.125s] Level 1:colcon.colcon_core.package_identification:_identify(.) by extensions ['colcon_meta']
[0.125s] Level 1:colcon.colcon_core.package_identification:_identify(.) by extension 'colcon_meta'
[0.125s] Level 1:colcon.colcon_core.package_identification:_identify(.) by extensions ['ros']
[0.125s] Level 1:colcon.colcon_core.package_identification:_identify(.) by extension 'ros'
[0.135s] Level 1:colcon.colcon_core.package_identification:_identify(.) by extensions ['cmake', 'python']
[0.135s] Level 1:colcon.colcon_core.package_identification:_identify(.) by extension 'cmake'
[0.135s] Level 1:colcon.colcon_core.package_identification:_identify(.) by extension 'python'
[0.135s] Level 1:colcon.colcon_core.package_identification:_identify(.) by extensions ['python_setup_py']
[0.135s] Level 1:colcon.colcon_core.package_identification:_identify(.) by extension 'python_setup_py'
[0.135s] Level 1:colcon.colcon_core.package_identification:_identify(build) by extensions ['ignore', 'ignore_ament_install']
[0.135s] Level 1:colcon.colcon_core.package_identification:_identify(build) by extension 'ignore'
[0.135s] Level 1:colcon.colcon_core.package_identification:_identify(build) ignored
[0.135s] Level 1:colcon.colcon_core.package_identification:_identify(install) by extensions ['ignore', 'ignore_ament_install']
[0.135s] Level 1:colcon.colcon_core.package_identification:_identify(install) by extension 'ignore'
[0.135s] Level 1:colcon.colcon_core.package_identification:_identify(install) ignored
[0.136s] Level 1:colcon.colcon_core.package_identification:_identify(log) by extensions ['ignore', 'ignore_ament_install']
[0.136s] Level 1:colcon.colcon_core.package_identification:_identify(log) by extension 'ignore'
[0.136s] Level 1:colcon.colcon_core.package_identification:_identify(log) ignored
[0.136s] Level 1:colcon.colcon_core.package_identification:_identify(src) by extensions ['ignore', 'ignore_ament_install']
[0.136s] Level 1:colcon.colcon_core.package_identification:_identify(src) by extension 'ignore'
[0.136s] Level 1:colcon.colcon_core.package_identification:_identify(src) by extension 'ignore_ament_install'
[0.136s] Level 1:colcon.colcon_core.package_identification:_identify(src) by extensions ['colcon_pkg']
[0.136s] Level 1:colcon.colcon_core.package_identification:_identify(src) by extension 'colcon_pkg'
[0.136s] Level 1:colcon.colcon_core.package_identification:_identify(src) by extensions ['colcon_meta']
[0.136s] Level 1:colcon.colcon_core.package_identification:_identify(src) by extension 'colcon_meta'
[0.136s] Level 1:colcon.colcon_core.package_identification:_identify(src) by extensions ['ros']
[0.136s] Level 1:colcon.colcon_core.package_identification:_identify(src) by extension 'ros'
[0.136s] Level 1:colcon.colcon_core.package_identification:_identify(src) by extensions ['cmake', 'python']
[0.136s] Level 1:colcon.colcon_core.package_identification:_identify(src) by extension 'cmake'
[0.136s] Level 1:colcon.colcon_core.package_identification:_identify(src) by extension 'python'
[0.136s] Level 1:colcon.colcon_core.package_identification:_identify(src) by extensions ['python_setup_py']
[0.136s] Level 1:colcon.colcon_core.package_identification:_identify(src) by extension 'python_setup_py'
[0.136s] Level 1:colcon.colcon_core.package_identification:_identify(src/my_py_pkg) by extensions ['ignore', 'ignore_ament_install']
[0.136s] Level 1:colcon.colcon_core.package_identification:_identify(src/my_py_pkg) by extension 'ignore'
[0.137s] Level 1:colcon.colcon_core.package_identification:_identify(src/my_py_pkg) by extension 'ignore_ament_install'
[0.137s] Level 1:colcon.colcon_core.package_identification:_identify(src/my_py_pkg) by extensions ['colcon_pkg']
[0.137s] Level 1:colcon.colcon_core.package_identification:_identify(src/my_py_pkg) by extension 'colcon_pkg'
[0.137s] Level 1:colcon.colcon_core.package_identification:_identify(src/my_py_pkg) by extensions ['colcon_meta']
[0.137s] Level 1:colcon.colcon_core.package_identification:_identify(src/my_py_pkg) by extension 'colcon_meta'
[0.137s] Level 1:colcon.colcon_core.package_identification:_identify(src/my_py_pkg) by extensions ['ros']
[0.137s] Level 1:colcon.colcon_core.package_identification:_identify(src/my_py_pkg) by extension 'ros'
[0.139s] DEBUG:colcon.colcon_core.package_identification:Package 'src/my_py_pkg' with type 'ros.ament_python' and name 'my_py_pkg'
[0.139s] Level 1:colcon.colcon_core.package_identification:_identify(src/my_robot_bringup) by extensions ['ignore', 'ignore_ament_install']
[0.139s] Level 1:colcon.colcon_core.package_identification:_identify(src/my_robot_bringup) by extension 'ignore'
[0.139s] Level 1:colcon.colcon_core.package_identification:_identify(src/my_robot_bringup) by extension 'ignore_ament_install'
[0.139s] Level 1:colcon.colcon_core.package_identification:_identify(src/my_robot_bringup) by extensions ['colcon_pkg']
[0.139s] Level 1:colcon.colcon_core.package_identification:_identify(src/my_robot_bringup) by extension 'colcon_pkg'
[0.139s] Level 1:colcon.colcon_core.package_identification:_identify(src/my_robot_bringup) by extensions ['colcon_meta']
[0.139s] Level 1:colcon.colcon_core.package_identification:_identify(src/my_robot_bringup) by extension 'colcon_meta'
[0.139s] Level 1:colcon.colcon_core.package_identification:_identify(src/my_robot_bringup) by extensions ['ros']
[0.139s] Level 1:colcon.colcon_core.package_identification:_identify(src/my_robot_bringup) by extension 'ros'
[0.140s] DEBUG:colcon.colcon_core.package_identification:Package 'src/my_robot_bringup' with type 'ros.ament_cmake' and name 'my_robot_bringup'
[0.140s] Level 1:colcon.colcon_core.package_identification:_identify(src/my_robot_interfaces) by extensions ['ignore', 'ignore_ament_install']
[0.140s] Level 1:colcon.colcon_core.package_identification:_identify(src/my_robot_interfaces) by extension 'ignore'
[0.140s] Level 1:colcon.colcon_core.package_identification:_identify(src/my_robot_interfaces) by extension 'ignore_ament_install'
[0.140s] Level 1:colcon.colcon_core.package_identification:_identify(src/my_robot_interfaces) by extensions ['colcon_pkg']
[0.140s] Level 1:colcon.colcon_core.package_identification:_identify(src/my_robot_interfaces) by extension 'colcon_pkg'
[0.140s] Level 1:colcon.colcon_core.package_identification:_identify(src/my_robot_interfaces) by extensions ['colcon_meta']
[0.140s] Level 1:colcon.colcon_core.package_identification:_identify(src/my_robot_interfaces) by extension 'colcon_meta'
[0.140s] Level 1:colcon.colcon_core.package_identification:_identify(src/my_robot_interfaces) by extensions ['ros']
[0.140s] Level 1:colcon.colcon_core.package_identification:_identify(src/my_robot_interfaces) by extension 'ros'
[0.140s] DEBUG:colcon.colcon_core.package_identification:Package 'src/my_robot_interfaces' with type 'ros.ament_cmake' and name 'my_robot_interfaces'
[0.140s] Level 1:colcon.colcon_core.package_identification:_identify(src/turtle_sim_catch_them_all) by extensions ['ignore', 'ignore_ament_install']
[0.141s] Level 1:colcon.colcon_core.package_identification:_identify(src/turtle_sim_catch_them_all) by extension 'ignore'
[0.141s] Level 1:colcon.colcon_core.package_identification:_identify(src/turtle_sim_catch_them_all) by extension 'ignore_ament_install'
[0.141s] Level 1:colcon.colcon_core.package_identification:_identify(src/turtle_sim_catch_them_all) by extensions ['colcon_pkg']
[0.141s] Level 1:colcon.colcon_core.package_identification:_identify(src/turtle_sim_catch_them_all) by extension 'colcon_pkg'
[0.141s] Level 1:colcon.colcon_core.package_identification:_identify(src/turtle_sim_catch_them_all) by extensions ['colcon_meta']
[0.141s] Level 1:colcon.colcon_core.package_identification:_identify(src/turtle_sim_catch_them_all) by extension 'colcon_meta'
[0.141s] Level 1:colcon.colcon_core.package_identification:_identify(src/turtle_sim_catch_them_all) by extensions ['ros']
[0.141s] Level 1:colcon.colcon_core.package_identification:_identify(src/turtle_sim_catch_them_all) by extension 'ros'
[0.141s] DEBUG:colcon.colcon_core.package_identification:Package 'src/turtle_sim_catch_them_all' with type 'ros.ament_python' and name 'turtle_sim_catch_them_all'
[0.141s] Level 1:colcon.colcon_core.package_discovery:discover_packages(recursive) using defaults
[0.141s] Level 1:colcon.colcon_core.package_discovery:discover_packages(ignore) discover
[0.141s] Level 1:colcon.colcon_core.package_discovery:discover_packages(ignore) using defaults
[0.141s] Level 1:colcon.colcon_core.package_discovery:discover_packages(path) discover
[0.141s] Level 1:colcon.colcon_core.package_discovery:discover_packages(path) using defaults
[0.157s] Level 5:colcon.colcon_core.verb:set package 'my_robot_interfaces' build argument 'cmake_args' from command line to 'None'
[0.157s] Level 5:colcon.colcon_core.verb:set package 'my_robot_interfaces' build argument 'cmake_target' from command line to 'None'
[0.157s] Level 5:colcon.colcon_core.verb:set package 'my_robot_interfaces' build argument 'cmake_target_skip_unavailable' from command line to 'False'
[0.157s] Level 5:colcon.colcon_core.verb:set package 'my_robot_interfaces' build argument 'cmake_clean_cache' from command line to 'False'
[0.157s] Level 5:colcon.colcon_core.verb:set package 'my_robot_interfaces' build argument 'cmake_clean_first' from command line to 'False'
[0.157s] Level 5:colcon.colcon_core.verb:set package 'my_robot_interfaces' build argument 'cmake_force_configure' from command line to 'False'
[0.157s] Level 5:colcon.colcon_core.verb:set package 'my_robot_interfaces' build argument 'ament_cmake_args' from command line to 'None'
[0.157s] Level 5:colcon.colcon_core.verb:set package 'my_robot_interfaces' build argument 'catkin_cmake_args' from command line to 'None'
[0.157s] Level 5:colcon.colcon_core.verb:set package 'my_robot_interfaces' build argument 'catkin_skip_building_tests' from command line to 'False'
[0.157s] DEBUG:colcon.colcon_core.verb:Building package 'my_robot_interfaces' with the following arguments: {'ament_cmake_args': None, 'build_base': '/home/navneeth/ros2_ws/build/my_robot_interfaces', 'catkin_cmake_args': None, 'catkin_skip_building_tests': False, 'cmake_args': None, 'cmake_clean_cache': False, 'cmake_clean_first': False, 'cmake_force_configure': False, 'cmake_target': None, 'cmake_target_skip_unavailable': False, 'install_base': '/home/navneeth/ros2_ws/install/my_robot_interfaces', 'merge_install': False, 'path': '/home/navneeth/ros2_ws/src/my_robot_interfaces', 'symlink_install': False, 'test_result_base': None}
[0.158s] Level 5:colcon.colcon_core.verb:set package 'turtle_sim_catch_them_all' build argument 'cmake_args' from command line to 'None'
[0.158s] Level 5:colcon.colcon_core.verb:set package 'turtle_sim_catch_them_all' build argument 'cmake_target' from command line to 'None'
[0.158s] Level 5:colcon.colcon_core.verb:set package 'turtle_sim_catch_them_all' build argument 'cmake_target_skip_unavailable' from command line to 'False'
[0.158s] Level 5:colcon.colcon_core.verb:set package 'turtle_sim_catch_them_all' build argument 'cmake_clean_cache' from command line to 'False'
[0.158s] Level 5:colcon.colcon_core.verb:set package 'turtle_sim_catch_them_all' build argument 'cmake_clean_first' from command line to 'False'
[0.158s] Level 5:colcon.colcon_core.verb:set package 'turtle_sim_catch_them_all' build argument 'cmake_force_configure' from command line to 'False'
[0.158s] Level 5:colcon.colcon_core.verb:set package 'turtle_sim_catch_them_all' build argument 'ament_cmake_args' from command line to 'None'
[0.158s] Level 5:colcon.colcon_core.verb:set package 'turtle_sim_catch_them_all' build argument 'catkin_cmake_args' from command line to 'None'
[0.158s] Level 5:colcon.colcon_core.verb:set package 'turtle_sim_catch_them_all' build argument 'catkin_skip_building_tests' from command line to 'False'
[0.158s] DEBUG:colcon.colcon_core.verb:Building package 'turtle_sim_catch_them_all' with the following arguments: {'ament_cmake_args': None, 'build_base': '/home/navneeth/ros2_ws/build/turtle_sim_catch_them_all', 'catkin_cmake_args': None, 'catkin_skip_building_tests': False, 'cmake_args': None, 'cmake_clean_cache': False, 'cmake_clean_first': False, 'cmake_force_configure': False, 'cmake_target': None, 'cmake_target_skip_unavailable': False, 'install_base': '/home/navneeth/ros2_ws/install/turtle_sim_catch_them_all', 'merge_install': False, 'path': '/home/navneeth/ros2_ws/src/turtle_sim_catch_them_all', 'symlink_install': False, 'test_result_base': None}
[0.158s] Level 5:colcon.colcon_core.verb:set package 'my_py_pkg' build argument 'cmake_args' from command line to 'None'
[0.158s] Level 5:colcon.colcon_core.verb:set package 'my_py_pkg' build argument 'cmake_target' from command line to 'None'
[0.158s] Level 5:colcon.colcon_core.verb:set package 'my_py_pkg' build argument 'cmake_target_skip_unavailable' from command line to 'False'
[0.158s] Level 5:colcon.colcon_core.verb:set package 'my_py_pkg' build argument 'cmake_clean_cache' from command line to 'False'
[0.158s] Level 5:colcon.colcon_core.verb:set package 'my_py_pkg' build argument 'cmake_clean_first' from command line to 'False'
[0.159s] Level 5:colcon.colcon_core.verb:set package 'my_py_pkg' build argument 'cmake_force_configure' from command line to 'False'
[0.159s] Level 5:colcon.colcon_core.verb:set package 'my_py_pkg' build argument 'ament_cmake_args' from command line to 'None'
[0.159s] Level 5:colcon.colcon_core.verb:set package 'my_py_pkg' build argument 'catkin_cmake_args' from command line to 'None'
[0.159s] Level 5:colcon.colcon_core.verb:set package 'my_py_pkg' build argument 'catkin_skip_building_tests' from command line to 'False'
[0.159s] DEBUG:colcon.colcon_core.verb:Building package 'my_py_pkg' with the following arguments: {'ament_cmake_args': None, 'build_base': '/home/navneeth/ros2_ws/build/my_py_pkg', 'catkin_cmake_args': None, 'catkin_skip_building_tests': False, 'cmake_args': None, 'cmake_clean_cache': False, 'cmake_clean_first': False, 'cmake_force_configure': False, 'cmake_target': None, 'cmake_target_skip_unavailable': False, 'install_base': '/home/navneeth/ros2_ws/install/my_py_pkg', 'merge_install': False, 'path': '/home/navneeth/ros2_ws/src/my_py_pkg', 'symlink_install': False, 'test_result_base': None}
[0.159s] Level 5:colcon.colcon_core.verb:set package 'my_robot_bringup' build argument 'cmake_args' from command line to 'None'
[0.159s] Level 5:colcon.colcon_core.verb:set package 'my_robot_bringup' build argument 'cmake_target' from command line to 'None'
[0.159s] Level 5:colcon.colcon_core.verb:set package 'my_robot_bringup' build argument 'cmake_target_skip_unavailable' from command line to 'False'
[0.159s] Level 5:colcon.colcon_core.verb:set package 'my_robot_bringup' build argument 'cmake_clean_cache' from command line to 'False'
[0.159s] Level 5:colcon.colcon_core.verb:set package 'my_robot_bringup' build argument 'cmake_clean_first' from command line to 'False'
[0.159s] Level 5:colcon.colcon_core.verb:set package 'my_robot_bringup' build argument 'cmake_force_configure' from command line to 'False'
[0.159s] Level 5:colcon.colcon_core.verb:set package 'my_robot_bringup' build argument 'ament_cmake_args' from command line to 'None'
[0.159s] Level 5:colcon.colcon_core.verb:set package 'my_robot_bringup' build argument 'catkin_cmake_args' from command line to 'None'
[0.159s] Level 5:colcon.colcon_core.verb:set package 'my_robot_bringup' build argument 'catkin_skip_building_tests' from command line to 'False'
[0.159s] DEBUG:colcon.colcon_core.verb:Building package 'my_robot_bringup' with the following arguments: {'ament_cmake_args': None, 'build_base': '/home/navneeth/ros2_ws/build/my_robot_bringup', 'catkin_cmake_args': None, 'catkin_skip_building_tests': False, 'cmake_args': None, 'cmake_clean_cache': False, 'cmake_clean_first': False, 'cmake_force_configure': False, 'cmake_target': None, 'cmake_target_skip_unavailable': False, 'install_base': '/home/navneeth/ros2_ws/install/my_robot_bringup', 'merge_install': False, 'path': '/home/navneeth/ros2_ws/src/my_robot_bringup', 'symlink_install': False, 'test_result_base': None}
[0.162s] INFO:colcon.colcon_core.executor:Executing jobs using 'parallel' executor
[0.164s] DEBUG:colcon.colcon_parallel_executor.executor.parallel:run_until_complete
[0.164s] INFO:colcon.colcon_ros.task.ament_cmake.build:Building ROS package in '/home/navneeth/ros2_ws/src/my_robot_interfaces' with build type 'ament_cmake'
[0.164s] INFO:colcon.colcon_cmake.task.cmake.build:Building CMake package in '/home/navneeth/ros2_ws/src/my_robot_interfaces'
[0.167s] INFO:colcon.colcon_core.plugin_system:Skipping extension 'colcon_core.shell.bat': Not used on non-Windows systems
[0.167s] INFO:colcon.colcon_core.shell:Skip shell extension 'powershell' for command environment: Not usable outside of PowerShell
[0.167s] DEBUG:colcon.colcon_core.shell:Skip shell extension 'dsv' for command environment
[0.171s] INFO:colcon.colcon_ros.task.ament_python.build:Building ROS package in '/home/navneeth/ros2_ws/src/turtle_sim_catch_them_all' with build type 'ament_python'
[0.171s] Level 1:colcon.colcon_core.shell:create_environment_hook('turtle_sim_catch_them_all', 'ament_prefix_path')
[0.172s] INFO:colcon.colcon_core.shell:Creating environment hook '/home/navneeth/ros2_ws/install/turtle_sim_catch_them_all/share/turtle_sim_catch_them_all/hook/ament_prefix_path.ps1'
[0.172s] INFO:colcon.colcon_core.shell:Creating environment descriptor '/home/navneeth/ros2_ws/install/turtle_sim_catch_them_all/share/turtle_sim_catch_them_all/hook/ament_prefix_path.dsv'
[0.173s] INFO:colcon.colcon_core.shell:Creating environment hook '/home/navneeth/ros2_ws/install/turtle_sim_catch_them_all/share/turtle_sim_catch_them_all/hook/ament_prefix_path.sh'
[0.174s] INFO:colcon.colcon_core.shell:Skip shell extension 'powershell' for command environment: Not usable outside of PowerShell
[0.174s] DEBUG:colcon.colcon_core.shell:Skip shell extension 'dsv' for command environment
[0.185s] DEBUG:colcon.colcon_core.event_handler.log_command:Invoking command in '/home/navneeth/ros2_ws/build/my_robot_interfaces': CMAKE_PREFIX_PATH=/opt/ros/foxy /usr/bin/cmake --build /home/navneeth/ros2_ws/build/my_robot_interfaces -- -j8 -l8
[0.437s] INFO:colcon.colcon_core.task.python.build:Building Python package in '/home/navneeth/ros2_ws/src/turtle_sim_catch_them_all'
[0.438s] INFO:colcon.colcon_core.shell:Skip shell extension 'powershell' for command environment: Not usable outside of PowerShell
[0.438s] DEBUG:colcon.colcon_core.shell:Skip shell extension 'dsv' for command environment
[0.450s] DEBUG:colcon.colcon_core.event_handler.log_command:Invoked command in '/home/navneeth/ros2_ws/build/my_robot_interfaces' returned '0': CMAKE_PREFIX_PATH=/opt/ros/foxy /usr/bin/cmake --build /home/navneeth/ros2_ws/build/my_robot_interfaces -- -j8 -l8
[0.517s] DEBUG:colcon.colcon_core.event_handler.log_command:Invoking command in '/home/navneeth/ros2_ws/build/my_robot_interfaces': CMAKE_PREFIX_PATH=/opt/ros/foxy /usr/bin/cmake --install /home/navneeth/ros2_ws/build/my_robot_interfaces
[0.589s] Level 1:colcon.colcon_core.environment:create_environment_scripts_only(my_robot_interfaces)
[0.590s] DEBUG:colcon.colcon_core.event_handler.log_command:Invoked command in '/home/navneeth/ros2_ws/build/my_robot_interfaces' returned '0': CMAKE_PREFIX_PATH=/opt/ros/foxy /usr/bin/cmake --install /home/navneeth/ros2_ws/build/my_robot_interfaces
[0.593s] Level 1:colcon.colcon_core.environment:checking '/home/navneeth/ros2_ws/install/my_robot_interfaces' for CMake module files
[0.594s] Level 1:colcon.colcon_core.environment:checking '/home/navneeth/ros2_ws/install/my_robot_interfaces' for CMake config files
[0.594s] Level 1:colcon.colcon_core.shell:create_environment_hook('my_robot_interfaces', 'cmake_prefix_path')
[0.595s] INFO:colcon.colcon_core.shell:Creating environment hook '/home/navneeth/ros2_ws/install/my_robot_interfaces/share/my_robot_interfaces/hook/cmake_prefix_path.ps1'
[0.595s] INFO:colcon.colcon_core.shell:Creating environment descriptor '/home/navneeth/ros2_ws/install/my_robot_interfaces/share/my_robot_interfaces/hook/cmake_prefix_path.dsv'
[0.595s] INFO:colcon.colcon_core.shell:Creating environment hook '/home/navneeth/ros2_ws/install/my_robot_interfaces/share/my_robot_interfaces/hook/cmake_prefix_path.sh'
[0.596s] Level 1:colcon.colcon_core.environment:checking '/home/navneeth/ros2_ws/install/my_robot_interfaces/lib'
[0.596s] Level 1:colcon.colcon_core.shell:create_environment_hook('my_robot_interfaces', 'ld_library_path_lib')
[0.596s] INFO:colcon.colcon_core.shell:Creating environment hook '/home/navneeth/ros2_ws/install/my_robot_interfaces/share/my_robot_interfaces/hook/ld_library_path_lib.ps1'
[0.597s] INFO:colcon.colcon_core.shell:Creating environment descriptor '/home/navneeth/ros2_ws/install/my_robot_interfaces/share/my_robot_interfaces/hook/ld_library_path_lib.dsv'
[0.597s] INFO:colcon.colcon_core.shell:Creating environment hook '/home/navneeth/ros2_ws/install/my_robot_interfaces/share/my_robot_interfaces/hook/ld_library_path_lib.sh'
[0.597s] Level 1:colcon.colcon_core.environment:checking '/home/navneeth/ros2_ws/install/my_robot_interfaces/bin'
[0.597s] Level 1:colcon.colcon_core.environment:checking '/home/navneeth/ros2_ws/install/my_robot_interfaces/lib/pkgconfig/my_robot_interfaces.pc'
[0.597s] Level 1:colcon.colcon_core.environment:checking '/home/navneeth/ros2_ws/install/my_robot_interfaces/lib/python3.8/site-packages'
[0.597s] Level 1:colcon.colcon_core.shell:create_environment_hook('my_robot_interfaces', 'pythonpath')
[0.598s] INFO:colcon.colcon_core.shell:Creating environment hook '/home/navneeth/ros2_ws/install/my_robot_interfaces/share/my_robot_interfaces/hook/pythonpath.ps1'
[0.598s] INFO:colcon.colcon_core.shell:Creating environment descriptor '/home/navneeth/ros2_ws/install/my_robot_interfaces/share/my_robot_interfaces/hook/pythonpath.dsv'
[0.598s] INFO:colcon.colcon_core.shell:Creating environment hook '/home/navneeth/ros2_ws/install/my_robot_interfaces/share/my_robot_interfaces/hook/pythonpath.sh'
[0.599s] INFO:colcon.colcon_core.shell:Creating package script '/home/navneeth/ros2_ws/install/my_robot_interfaces/share/my_robot_interfaces/package.ps1'
[0.600s] INFO:colcon.colcon_core.shell:Creating package descriptor '/home/navneeth/ros2_ws/install/my_robot_interfaces/share/my_robot_interfaces/package.dsv'
[0.600s] INFO:colcon.colcon_core.shell:Creating package script '/home/navneeth/ros2_ws/install/my_robot_interfaces/share/my_robot_interfaces/package.sh'
[0.601s] INFO:colcon.colcon_core.shell:Creating package script '/home/navneeth/ros2_ws/install/my_robot_interfaces/share/my_robot_interfaces/package.bash'
[0.601s] INFO:colcon.colcon_core.shell:Creating package script '/home/navneeth/ros2_ws/install/my_robot_interfaces/share/my_robot_interfaces/package.zsh'
[0.602s] Level 1:colcon.colcon_core.environment:create_file_with_runtime_dependencies(/home/navneeth/ros2_ws/install/my_robot_interfaces/share/colcon-core/packages/my_robot_interfaces)
[0.660s] Level 1:colcon.colcon_core.environment:create_environment_scripts_only(my_robot_interfaces)
[0.661s] Level 1:colcon.colcon_core.environment:checking '/home/navneeth/ros2_ws/install/my_robot_interfaces' for CMake module files
[0.661s] Level 1:colcon.colcon_core.environment:checking '/home/navneeth/ros2_ws/install/my_robot_interfaces' for CMake config files
[0.662s] Level 1:colcon.colcon_core.shell:create_environment_hook('my_robot_interfaces', 'cmake_prefix_path')
[0.662s] INFO:colcon.colcon_core.shell:Creating environment hook '/home/navneeth/ros2_ws/install/my_robot_interfaces/share/my_robot_interfaces/hook/cmake_prefix_path.ps1'
[0.663s] INFO:colcon.colcon_core.shell:Creating environment descriptor '/home/navneeth/ros2_ws/install/my_robot_interfaces/share/my_robot_interfaces/hook/cmake_prefix_path.dsv'
[0.663s] INFO:colcon.colcon_core.shell:Creating environment hook '/home/navneeth/ros2_ws/install/my_robot_interfaces/share/my_robot_interfaces/hook/cmake_prefix_path.sh'
[0.663s] Level 1:colcon.colcon_core.environment:checking '/home/navneeth/ros2_ws/install/my_robot_interfaces/lib'
[0.663s] Level 1:colcon.colcon_core.shell:create_environment_hook('my_robot_interfaces', 'ld_library_path_lib')
[0.664s] INFO:colcon.colcon_core.shell:Creating environment hook '/home/navneeth/ros2_ws/install/my_robot_interfaces/share/my_robot_interfaces/hook/ld_library_path_lib.ps1'
[0.664s] INFO:colcon.colcon_core.shell:Creating environment descriptor '/home/navneeth/ros2_ws/install/my_robot_interfaces/share/my_robot_interfaces/hook/ld_library_path_lib.dsv'
[0.664s] INFO:colcon.colcon_core.shell:Creating environment hook '/home/navneeth/ros2_ws/install/my_robot_interfaces/share/my_robot_interfaces/hook/ld_library_path_lib.sh'
[0.665s] Level 1:colcon.colcon_core.environment:checking '/home/navneeth/ros2_ws/install/my_robot_interfaces/bin'
[0.665s] Level 1:colcon.colcon_core.environment:checking '/home/navneeth/ros2_ws/install/my_robot_interfaces/lib/pkgconfig/my_robot_interfaces.pc'
[0.665s] Level 1:colcon.colcon_core.environment:checking '/home/navneeth/ros2_ws/install/my_robot_interfaces/lib/python3.8/site-packages'
[0.665s] Level 1:colcon.colcon_core.shell:create_environment_hook('my_robot_interfaces', 'pythonpath')
[0.665s] INFO:colcon.colcon_core.shell:Creating environment hook '/home/navneeth/ros2_ws/install/my_robot_interfaces/share/my_robot_interfaces/hook/pythonpath.ps1'
[0.666s] INFO:colcon.colcon_core.shell:Creating environment descriptor '/home/navneeth/ros2_ws/install/my_robot_interfaces/share/my_robot_interfaces/hook/pythonpath.dsv'
[0.666s] INFO:colcon.colcon_core.shell:Creating environment hook '/home/navneeth/ros2_ws/install/my_robot_interfaces/share/my_robot_interfaces/hook/pythonpath.sh'
[0.667s] INFO:colcon.colcon_core.shell:Creating package script '/home/navneeth/ros2_ws/install/my_robot_interfaces/share/my_robot_interfaces/package.ps1'
[0.667s] INFO:colcon.colcon_core.shell:Creating package descriptor '/home/navneeth/ros2_ws/install/my_robot_interfaces/share/my_robot_interfaces/package.dsv'
[0.668s] INFO:colcon.colcon_core.shell:Creating package script '/home/navneeth/ros2_ws/install/my_robot_interfaces/share/my_robot_interfaces/package.sh'
[0.668s] INFO:colcon.colcon_core.shell:Creating package script '/home/navneeth/ros2_ws/install/my_robot_interfaces/share/my_robot_interfaces/package.bash'
[0.668s] INFO:colcon.colcon_core.shell:Creating package script '/home/navneeth/ros2_ws/install/my_robot_interfaces/share/my_robot_interfaces/package.zsh'
[0.669s] Level 1:colcon.colcon_core.environment:create_file_with_runtime_dependencies(/home/navneeth/ros2_ws/install/my_robot_interfaces/share/colcon-core/packages/my_robot_interfaces)
[0.669s] INFO:colcon.colcon_ros.task.ament_python.build:Building ROS package in '/home/navneeth/ros2_ws/src/my_py_pkg' with build type 'ament_python'
[0.669s] Level 1:colcon.colcon_core.shell:create_environment_hook('my_py_pkg', 'ament_prefix_path')
[0.670s] INFO:colcon.colcon_core.shell:Creating environment hook '/home/navneeth/ros2_ws/install/my_py_pkg/share/my_py_pkg/hook/ament_prefix_path.ps1'
[0.670s] INFO:colcon.colcon_core.shell:Creating environment descriptor '/home/navneeth/ros2_ws/install/my_py_pkg/share/my_py_pkg/hook/ament_prefix_path.dsv'
[0.671s] INFO:colcon.colcon_core.shell:Creating environment hook '/home/navneeth/ros2_ws/install/my_py_pkg/share/my_py_pkg/hook/ament_prefix_path.sh'
[0.671s] INFO:colcon.colcon_core.shell:Skip shell extension 'powershell' for command environment: Not usable outside of PowerShell
[0.671s] DEBUG:colcon.colcon_core.shell:Skip shell extension 'dsv' for command environment
[0.913s] INFO:colcon.colcon_core.task.python.build:Building Python package in '/home/navneeth/ros2_ws/src/my_py_pkg'
[0.914s] INFO:colcon.colcon_core.shell:Skip shell extension 'powershell' for command environment: Not usable outside of PowerShell
[0.914s] DEBUG:colcon.colcon_core.shell:Skip shell extension 'dsv' for command environment
[0.922s] DEBUG:colcon.colcon_core.event_handler.log_command:Invoking command in '/home/navneeth/ros2_ws/src/turtle_sim_catch_them_all': PYTHONPATH=/home/navneeth/ros2_ws/install/turtle_sim_catch_them_all/lib/python3.8/site-packages:${PYTHONPATH} /usr/bin/python3 setup.py egg_info --egg-base ../../build/turtle_sim_catch_them_all build --build-base /home/navneeth/ros2_ws/build/turtle_sim_catch_them_all/build install --prefix /home/navneeth/ros2_ws/install/turtle_sim_catch_them_all --record /home/navneeth/ros2_ws/build/turtle_sim_catch_them_all/install.log --single-version-externally-managed
[1.254s] Level 1:colcon.colcon_core.environment:checking '/home/navneeth/ros2_ws/install/turtle_sim_catch_them_all' for CMake module files
[1.254s] DEBUG:colcon.colcon_core.event_handler.log_command:Invoked command in '/home/navneeth/ros2_ws/src/turtle_sim_catch_them_all' returned '0': PYTHONPATH=/home/navneeth/ros2_ws/install/turtle_sim_catch_them_all/lib/python3.8/site-packages:${PYTHONPATH} /usr/bin/python3 setup.py egg_info --egg-base ../../build/turtle_sim_catch_them_all build --build-base /home/navneeth/ros2_ws/build/turtle_sim_catch_them_all/build install --prefix /home/navneeth/ros2_ws/install/turtle_sim_catch_them_all --record /home/navneeth/ros2_ws/build/turtle_sim_catch_them_all/install.log --single-version-externally-managed
[1.255s] Level 1:colcon.colcon_core.environment:checking '/home/navneeth/ros2_ws/install/turtle_sim_catch_them_all' for CMake config files
[1.255s] Level 1:colcon.colcon_core.environment:checking '/home/navneeth/ros2_ws/install/turtle_sim_catch_them_all/lib'
[1.255s] Level 1:colcon.colcon_core.environment:checking '/home/navneeth/ros2_ws/install/turtle_sim_catch_them_all/bin'
[1.255s] Level 1:colcon.colcon_core.environment:checking '/home/navneeth/ros2_ws/install/turtle_sim_catch_them_all/lib/pkgconfig/turtle_sim_catch_them_all.pc'
[1.255s] Level 1:colcon.colcon_core.environment:checking '/home/navneeth/ros2_ws/install/turtle_sim_catch_them_all/lib/python3.8/site-packages'
[1.255s] Level 1:colcon.colcon_core.shell:create_environment_hook('turtle_sim_catch_them_all', 'pythonpath')
[1.256s] INFO:colcon.colcon_core.shell:Creating environment hook '/home/navneeth/ros2_ws/install/turtle_sim_catch_them_all/share/turtle_sim_catch_them_all/hook/pythonpath.ps1'
[1.256s] INFO:colcon.colcon_core.shell:Creating environment descriptor '/home/navneeth/ros2_ws/install/turtle_sim_catch_them_all/share/turtle_sim_catch_them_all/hook/pythonpath.dsv'
[1.257s] INFO:colcon.colcon_core.shell:Creating environment hook '/home/navneeth/ros2_ws/install/turtle_sim_catch_them_all/share/turtle_sim_catch_them_all/hook/pythonpath.sh'
[1.257s] Level 1:colcon.colcon_core.environment:create_environment_scripts_only(turtle_sim_catch_them_all)
[1.258s] INFO:colcon.colcon_core.shell:Creating package script '/home/navneeth/ros2_ws/install/turtle_sim_catch_them_all/share/turtle_sim_catch_them_all/package.ps1'
[1.258s] INFO:colcon.colcon_core.shell:Creating package descriptor '/home/navneeth/ros2_ws/install/turtle_sim_catch_them_all/share/turtle_sim_catch_them_all/package.dsv'
[1.259s] INFO:colcon.colcon_core.shell:Creating package script '/home/navneeth/ros2_ws/install/turtle_sim_catch_them_all/share/turtle_sim_catch_them_all/package.sh'
[1.259s] INFO:colcon.colcon_core.shell:Creating package script '/home/navneeth/ros2_ws/install/turtle_sim_catch_them_all/share/turtle_sim_catch_them_all/package.bash'
[1.259s] INFO:colcon.colcon_core.shell:Creating package script '/home/navneeth/ros2_ws/install/turtle_sim_catch_them_all/share/turtle_sim_catch_them_all/package.zsh'
[1.259s] Level 1:colcon.colcon_core.environment:create_file_with_runtime_dependencies(/home/navneeth/ros2_ws/install/turtle_sim_catch_them_all/share/colcon-core/packages/turtle_sim_catch_them_all)
[1.296s] DEBUG:colcon.colcon_core.event_handler.log_command:Invoking command in '/home/navneeth/ros2_ws/build/my_py_pkg': AMENT_PREFIX_PATH=/home/navneeth/ros2_ws/install/my_robot_interfaces:${AMENT_PREFIX_PATH} CMAKE_PREFIX_PATH=/home/navneeth/ros2_ws/install/my_robot_interfaces LD_LIBRARY_PATH=/home/navneeth/ros2_ws/install/my_robot_interfaces/lib:${LD_LIBRARY_PATH} PYTHONPATH=/home/navneeth/ros2_ws/install/my_py_pkg/lib/python3.8/site-packages:/home/navneeth/ros2_ws/install/my_robot_interfaces/lib/python3.8/site-packages:${PYTHONPATH} /usr/bin/python3 setup.py develop --prefix /home/navneeth/ros2_ws/install/my_py_pkg --uninstall --editable --build-directory /home/navneeth/ros2_ws/build/my_py_pkg/build
[1.673s] DEBUG:colcon.colcon_core.event_handler.log_command:Invoked command in '/home/navneeth/ros2_ws/build/my_py_pkg' returned '0': AMENT_PREFIX_PATH=/home/navneeth/ros2_ws/install/my_robot_interfaces:${AMENT_PREFIX_PATH} CMAKE_PREFIX_PATH=/home/navneeth/ros2_ws/install/my_robot_interfaces LD_LIBRARY_PATH=/home/navneeth/ros2_ws/install/my_robot_interfaces/lib:${LD_LIBRARY_PATH} PYTHONPATH=/home/navneeth/ros2_ws/install/my_py_pkg/lib/python3.8/site-packages:/home/navneeth/ros2_ws/install/my_robot_interfaces/lib/python3.8/site-packages:${PYTHONPATH} /usr/bin/python3 setup.py develop --prefix /home/navneeth/ros2_ws/install/my_py_pkg --uninstall --editable --build-directory /home/navneeth/ros2_ws/build/my_py_pkg/build
[1.674s] DEBUG:colcon.colcon_core.event_handler.log_command:Invoking command in '/home/navneeth/ros2_ws/src/my_py_pkg': AMENT_PREFIX_PATH=/home/navneeth/ros2_ws/install/my_robot_interfaces:${AMENT_PREFIX_PATH} CMAKE_PREFIX_PATH=/home/navneeth/ros2_ws/install/my_robot_interfaces LD_LIBRARY_PATH=/home/navneeth/ros2_ws/install/my_robot_interfaces/lib:${LD_LIBRARY_PATH} PYTHONPATH=/home/navneeth/ros2_ws/install/my_py_pkg/lib/python3.8/site-packages:/home/navneeth/ros2_ws/install/my_robot_interfaces/lib/python3.8/site-packages:${PYTHONPATH} /usr/bin/python3 setup.py egg_info --egg-base ../../build/my_py_pkg build --build-base /home/navneeth/ros2_ws/build/my_py_pkg/build install --prefix /home/navneeth/ros2_ws/install/my_py_pkg --record /home/navneeth/ros2_ws/build/my_py_pkg/install.log --single-version-externally-managed
[1.995s] Level 1:colcon.colcon_core.environment:checking '/home/navneeth/ros2_ws/install/my_py_pkg' for CMake module files
[1.995s] DEBUG:colcon.colcon_core.event_handler.log_command:Invoked command in '/home/navneeth/ros2_ws/src/my_py_pkg' returned '0': AMENT_PREFIX_PATH=/home/navneeth/ros2_ws/install/my_robot_interfaces:${AMENT_PREFIX_PATH} CMAKE_PREFIX_PATH=/home/navneeth/ros2_ws/install/my_robot_interfaces LD_LIBRARY_PATH=/home/navneeth/ros2_ws/install/my_robot_interfaces/lib:${LD_LIBRARY_PATH} PYTHONPATH=/home/navneeth/ros2_ws/install/my_py_pkg/lib/python3.8/site-packages:/home/navneeth/ros2_ws/install/my_robot_interfaces/lib/python3.8/site-packages:${PYTHONPATH} /usr/bin/python3 setup.py egg_info --egg-base ../../build/my_py_pkg build --build-base /home/navneeth/ros2_ws/build/my_py_pkg/build install --prefix /home/navneeth/ros2_ws/install/my_py_pkg --record /home/navneeth/ros2_ws/build/my_py_pkg/install.log --single-version-externally-managed
[1.996s] Level 1:colcon.colcon_core.environment:checking '/home/navneeth/ros2_ws/install/my_py_pkg' for CMake config files
[1.996s] Level 1:colcon.colcon_core.environment:checking '/home/navneeth/ros2_ws/install/my_py_pkg/lib'
[1.996s] Level 1:colcon.colcon_core.environment:checking '/home/navneeth/ros2_ws/install/my_py_pkg/bin'
[1.996s] Level 1:colcon.colcon_core.environment:checking '/home/navneeth/ros2_ws/install/my_py_pkg/lib/pkgconfig/my_py_pkg.pc'
[1.996s] Level 1:colcon.colcon_core.environment:checking '/home/navneeth/ros2_ws/install/my_py_pkg/lib/python3.8/site-packages'
[1.997s] Level 1:colcon.colcon_core.shell:create_environment_hook('my_py_pkg', 'pythonpath')
[1.997s] INFO:colcon.colcon_core.shell:Creating environment hook '/home/navneeth/ros2_ws/install/my_py_pkg/share/my_py_pkg/hook/pythonpath.ps1'
[1.997s] INFO:colcon.colcon_core.shell:Creating environment descriptor '/home/navneeth/ros2_ws/install/my_py_pkg/share/my_py_pkg/hook/pythonpath.dsv'
[1.998s] INFO:colcon.colcon_core.shell:Creating environment hook '/home/navneeth/ros2_ws/install/my_py_pkg/share/my_py_pkg/hook/pythonpath.sh'
[1.998s] Level 1:colcon.colcon_core.environment:create_environment_scripts_only(my_py_pkg)
[1.999s] INFO:colcon.colcon_core.shell:Creating package script '/home/navneeth/ros2_ws/install/my_py_pkg/share/my_py_pkg/package.ps1'
[1.999s] INFO:colcon.colcon_core.shell:Creating package descriptor '/home/navneeth/ros2_ws/install/my_py_pkg/share/my_py_pkg/package.dsv'
[1.999s] INFO:colcon.colcon_core.shell:Creating package script '/home/navneeth/ros2_ws/install/my_py_pkg/share/my_py_pkg/package.sh'
[2.000s] INFO:colcon.colcon_core.shell:Creating package script '/home/navneeth/ros2_ws/install/my_py_pkg/share/my_py_pkg/package.bash'
[2.000s] INFO:colcon.colcon_core.shell:Creating package script '/home/navneeth/ros2_ws/install/my_py_pkg/share/my_py_pkg/package.zsh'
[2.000s] Level 1:colcon.colcon_core.environment:create_file_with_runtime_dependencies(/home/navneeth/ros2_ws/install/my_py_pkg/share/colcon-core/packages/my_py_pkg)
[2.001s] INFO:colcon.colcon_ros.task.ament_cmake.build:Building ROS package in '/home/navneeth/ros2_ws/src/my_robot_bringup' with build type 'ament_cmake'
[2.001s] INFO:colcon.colcon_cmake.task.cmake.build:Building CMake package in '/home/navneeth/ros2_ws/src/my_robot_bringup'
[2.001s] INFO:colcon.colcon_core.shell:Skip shell extension 'powershell' for command environment: Not usable outside of PowerShell
[2.001s] DEBUG:colcon.colcon_core.shell:Skip shell extension 'dsv' for command environment
[2.013s] DEBUG:colcon.colcon_core.event_handler.log_command:Invoking command in '/home/navneeth/ros2_ws/build/my_robot_bringup': AMENT_PREFIX_PATH=/home/navneeth/ros2_ws/install/my_py_pkg:/home/navneeth/ros2_ws/install/my_robot_interfaces:${AMENT_PREFIX_PATH} CMAKE_PREFIX_PATH=/home/navneeth/ros2_ws/install/my_robot_interfaces:/opt/ros/foxy LD_LIBRARY_PATH=/home/navneeth/ros2_ws/install/my_robot_interfaces/lib:${LD_LIBRARY_PATH} PYTHONPATH=/home/navneeth/ros2_ws/install/my_py_pkg/lib/python3.8/site-packages:/home/navneeth/ros2_ws/install/my_robot_interfaces/lib/python3.8/site-packages:${PYTHONPATH} /usr/bin/cmake --build /home/navneeth/ros2_ws/build/my_robot_bringup -- -j8 -l8
[2.047s] DEBUG:colcon.colcon_core.event_handler.log_command:Invoked command in '/home/navneeth/ros2_ws/build/my_robot_bringup' returned '0': AMENT_PREFIX_PATH=/home/navneeth/ros2_ws/install/my_py_pkg:/home/navneeth/ros2_ws/install/my_robot_interfaces:${AMENT_PREFIX_PATH} CMAKE_PREFIX_PATH=/home/navneeth/ros2_ws/install/my_robot_interfaces:/opt/ros/foxy LD_LIBRARY_PATH=/home/navneeth/ros2_ws/install/my_robot_interfaces/lib:${LD_LIBRARY_PATH} PYTHONPATH=/home/navneeth/ros2_ws/install/my_py_pkg/lib/python3.8/site-packages:/home/navneeth/ros2_ws/install/my_robot_interfaces/lib/python3.8/site-packages:${PYTHONPATH} /usr/bin/cmake --build /home/navneeth/ros2_ws/build/my_robot_bringup -- -j8 -l8
[2.067s] DEBUG:colcon.colcon_core.event_handler.log_command:Invoking command in '/home/navneeth/ros2_ws/build/my_robot_bringup': AMENT_PREFIX_PATH=/home/navneeth/ros2_ws/install/my_py_pkg:/home/navneeth/ros2_ws/install/my_robot_interfaces:${AMENT_PREFIX_PATH} CMAKE_PREFIX_PATH=/home/navneeth/ros2_ws/install/my_robot_interfaces:/opt/ros/foxy LD_LIBRARY_PATH=/home/navneeth/ros2_ws/install/my_robot_interfaces/lib:${LD_LIBRARY_PATH} PYTHONPATH=/home/navneeth/ros2_ws/install/my_py_pkg/lib/python3.8/site-packages:/home/navneeth/ros2_ws/install/my_robot_interfaces/lib/python3.8/site-packages:${PYTHONPATH} /usr/bin/cmake --install /home/navneeth/ros2_ws/build/my_robot_bringup
[2.088s] Level 1:colcon.colcon_core.environment:create_environment_scripts_only(my_robot_bringup)
[2.089s] Level 1:colcon.colcon_core.environment:checking '/home/navneeth/ros2_ws/install/my_robot_bringup' for CMake module files
[2.090s] DEBUG:colcon.colcon_core.event_handler.log_command:Invoked command in '/home/navneeth/ros2_ws/build/my_robot_bringup' returned '0': AMENT_PREFIX_PATH=/home/navneeth/ros2_ws/install/my_py_pkg:/home/navneeth/ros2_ws/install/my_robot_interfaces:${AMENT_PREFIX_PATH} CMAKE_PREFIX_PATH=/home/navneeth/ros2_ws/install/my_robot_interfaces:/opt/ros/foxy LD_LIBRARY_PATH=/home/navneeth/ros2_ws/install/my_robot_interfaces/lib:${LD_LIBRARY_PATH} PYTHONPATH=/home/navneeth/ros2_ws/install/my_py_pkg/lib/python3.8/site-packages:/home/navneeth/ros2_ws/install/my_robot_interfaces/lib/python3.8/site-packages:${PYTHONPATH} /usr/bin/cmake --install /home/navneeth/ros2_ws/build/my_robot_bringup
[2.090s] Level 1:colcon.colcon_core.environment:checking '/home/navneeth/ros2_ws/install/my_robot_bringup' for CMake config files
[2.091s] Level 1:colcon.colcon_core.shell:create_environment_hook('my_robot_bringup', 'cmake_prefix_path')
[2.091s] INFO:colcon.colcon_core.shell:Creating environment hook '/home/navneeth/ros2_ws/install/my_robot_bringup/share/my_robot_bringup/hook/cmake_prefix_path.ps1'
[2.092s] INFO:colcon.colcon_core.shell:Creating environment descriptor '/home/navneeth/ros2_ws/install/my_robot_bringup/share/my_robot_bringup/hook/cmake_prefix_path.dsv'
[2.092s] INFO:colcon.colcon_core.shell:Creating environment hook '/home/navneeth/ros2_ws/install/my_robot_bringup/share/my_robot_bringup/hook/cmake_prefix_path.sh'
[2.092s] Level 1:colcon.colcon_core.environment:checking '/home/navneeth/ros2_ws/install/my_robot_bringup/bin'
[2.093s] Level 1:colcon.colcon_core.environment:checking '/home/navneeth/ros2_ws/install/my_robot_bringup/lib/pkgconfig/my_robot_bringup.pc'
[2.093s] Level 1:colcon.colcon_core.environment:checking '/home/navneeth/ros2_ws/install/my_robot_bringup/lib/python3.8/site-packages'
[2.093s] INFO:colcon.colcon_core.shell:Creating package script '/home/navneeth/ros2_ws/install/my_robot_bringup/share/my_robot_bringup/package.ps1'
[2.094s] INFO:colcon.colcon_core.shell:Creating package descriptor '/home/navneeth/ros2_ws/install/my_robot_bringup/share/my_robot_bringup/package.dsv'
[2.094s] INFO:colcon.colcon_core.shell:Creating package script '/home/navneeth/ros2_ws/install/my_robot_bringup/share/my_robot_bringup/package.sh'
[2.094s] INFO:colcon.colcon_core.shell:Creating package script '/home/navneeth/ros2_ws/install/my_robot_bringup/share/my_robot_bringup/package.bash'
[2.095s] INFO:colcon.colcon_core.shell:Creating package script '/home/navneeth/ros2_ws/install/my_robot_bringup/share/my_robot_bringup/package.zsh'
[2.095s] Level 1:colcon.colcon_core.environment:create_file_with_runtime_dependencies(/home/navneeth/ros2_ws/install/my_robot_bringup/share/colcon-core/packages/my_robot_bringup)
[2.113s] Level 1:colcon.colcon_core.environment:create_environment_scripts_only(my_robot_bringup)
[2.114s] Level 1:colcon.colcon_core.environment:checking '/home/navneeth/ros2_ws/install/my_robot_bringup' for CMake module files
[2.114s] Level 1:colcon.colcon_core.environment:checking '/home/navneeth/ros2_ws/install/my_robot_bringup' for CMake config files
[2.114s] Level 1:colcon.colcon_core.shell:create_environment_hook('my_robot_bringup', 'cmake_prefix_path')
[2.115s] INFO:colcon.colcon_core.shell:Creating environment hook '/home/navneeth/ros2_ws/install/my_robot_bringup/share/my_robot_bringup/hook/cmake_prefix_path.ps1'
[2.115s] INFO:colcon.colcon_core.shell:Creating environment descriptor '/home/navneeth/ros2_ws/install/my_robot_bringup/share/my_robot_bringup/hook/cmake_prefix_path.dsv'
[2.116s] INFO:colcon.colcon_core.shell:Creating environment hook '/home/navneeth/ros2_ws/install/my_robot_bringup/share/my_robot_bringup/hook/cmake_prefix_path.sh'
[2.116s] Level 1:colcon.colcon_core.environment:checking '/home/navneeth/ros2_ws/install/my_robot_bringup/bin'
[2.116s] Level 1:colcon.colcon_core.environment:checking '/home/navneeth/ros2_ws/install/my_robot_bringup/lib/pkgconfig/my_robot_bringup.pc'
[2.116s] Level 1:colcon.colcon_core.environment:checking '/home/navneeth/ros2_ws/install/my_robot_bringup/lib/python3.8/site-packages'
[2.117s] INFO:colcon.colcon_core.shell:Creating package script '/home/navneeth/ros2_ws/install/my_robot_bringup/share/my_robot_bringup/package.ps1'
[2.117s] INFO:colcon.colcon_core.shell:Creating package descriptor '/home/navneeth/ros2_ws/install/my_robot_bringup/share/my_robot_bringup/package.dsv'
[2.118s] INFO:colcon.colcon_core.shell:Creating package script '/home/navneeth/ros2_ws/install/my_robot_bringup/share/my_robot_bringup/package.sh'
[2.118s] INFO:colcon.colcon_core.shell:Creating package script '/home/navneeth/ros2_ws/install/my_robot_bringup/share/my_robot_bringup/package.bash'
[2.118s] INFO:colcon.colcon_core.shell:Creating package script '/home/navneeth/ros2_ws/install/my_robot_bringup/share/my_robot_bringup/package.zsh'
[2.119s] Level 1:colcon.colcon_core.environment:create_file_with_runtime_dependencies(/home/navneeth/ros2_ws/install/my_robot_bringup/share/colcon-core/packages/my_robot_bringup)
[2.119s] DEBUG:colcon.colcon_parallel_executor.executor.parallel:closing loop
[2.119s] DEBUG:colcon.colcon_parallel_executor.executor.parallel:loop closed
[2.119s] DEBUG:colcon.colcon_parallel_executor.executor.parallel:run_until_complete finished with '0'
[2.120s] DEBUG:colcon.colcon_core.event_reactor:joining thread
[2.125s] INFO:colcon.colcon_core.plugin_system:Skipping extension 'colcon_notification.desktop_notification.terminal_notifier': Not used on non-Darwin systems
[2.126s] INFO:colcon.colcon_core.plugin_system:Skipping extension 'colcon_notification.desktop_notification.win32': Not used on non-Windows systems
[2.126s] INFO:colcon.colcon_notification.desktop_notification:Sending desktop notification using 'notify2'
[2.139s] DEBUG:colcon.colcon_core.event_reactor:joined thread
[2.139s] INFO:colcon.colcon_core.shell:Creating prefix script '/home/navneeth/ros2_ws/install/local_setup.ps1'
[2.140s] INFO:colcon.colcon_core.shell:Creating prefix util module '/home/navneeth/ros2_ws/install/_local_setup_util_ps1.py'
[2.141s] INFO:colcon.colcon_core.shell:Creating prefix chain script '/home/navneeth/ros2_ws/install/setup.ps1'
[2.143s] INFO:colcon.colcon_core.shell:Creating prefix script '/home/navneeth/ros2_ws/install/local_setup.sh'
[2.143s] INFO:colcon.colcon_core.shell:Creating prefix util module '/home/navneeth/ros2_ws/install/_local_setup_util_sh.py'
[2.144s] INFO:colcon.colcon_core.shell:Creating prefix chain script '/home/navneeth/ros2_ws/install/setup.sh'
[2.145s] INFO:colcon.colcon_core.shell:Creating prefix script '/home/navneeth/ros2_ws/install/local_setup.bash'
[2.146s] INFO:colcon.colcon_core.shell:Creating prefix chain script '/home/navneeth/ros2_ws/install/setup.bash'
[2.163s] INFO:colcon.colcon_core.shell:Creating prefix script '/home/navneeth/ros2_ws/install/local_setup.zsh'
[2.163s] INFO:colcon.colcon_core.shell:Creating prefix chain script '/home/navneeth/ros2_ws/install/setup.zsh'
