[0.031s] Invoking command in '/home/navneeth/ros2_ws/build/webots_ros2_msgs': CMAKE_PREFIX_PATH=/opt/ros/foxy /usr/bin/cmake /home/navneeth/ros2_ws/src/webots_ros2/webots_ros2_msgs -DCMAKE_INSTALL_PREFIX=/home/navneeth/ros2_ws/install/webots_ros2_msgs
[2.402s] -- The C compiler identification is GNU 9.3.0
[3.773s] -- The CXX compiler identification is GNU 9.3.0
[3.797s] -- Check for working C compiler: /usr/bin/cc
[3.909s] -- Check for working C compiler: /usr/bin/cc -- works
[3.910s] -- Detecting C compiler ABI info
[3.968s] -- Detecting C compiler ABI info - done
[3.979s] -- Detecting C compile features
[3.980s] -- Detecting C compile features - done
[3.982s] -- Check for working CXX compiler: /usr/bin/c++
[4.045s] -- Check for working CXX compiler: /usr/bin/c++ -- works
[4.046s] -- Detecting CXX compiler ABI info
[4.109s] -- Detecting CXX compiler ABI info - done
[4.119s] -- Detecting CXX compile features
[4.120s] -- Detecting CXX compile features - done
[4.122s] -- Found ament_cmake: 0.9.9 (/opt/ros/foxy/share/ament_cmake/cmake)
[4.178s] -- Found PythonInterp: /usr/bin/python3 (found suitable version "3.8.10", minimum required is "3") 
[4.178s] -- Using PYTHON_EXECUTABLE: /usr/bin/python3
[4.469s] -- Found builtin_interfaces: 1.0.0 (/opt/ros/foxy/share/builtin_interfaces/cmake)
[4.514s] -- Using all available rosidl_typesupport_c: rosidl_typesupport_fastrtps_c;rosidl_typesupport_introspection_c
[4.519s] -- Found rosidl_adapter: 1.2.1 (/opt/ros/foxy/share/rosidl_adapter/cmake)
[4.808s] -- Found OpenSSL: /usr/lib/x86_64-linux-gnu/libcrypto.so (found version "1.1.1f")  
[4.859s] -- Found FastRTPS: /opt/ros/foxy/include  
[4.923s] -- Using all available rosidl_typesupport_cpp: rosidl_typesupport_fastrtps_cpp;rosidl_typesupport_introspection_cpp
[4.946s] -- Found rosidl_default_generators: 1.0.1 (/opt/ros/foxy/share/rosidl_default_generators/cmake)
[4.956s] -- Found geometry_msgs: 2.0.4 (/opt/ros/foxy/share/geometry_msgs/cmake)
[5.006s] -- Found vision_msgs: 2.0.0 (/opt/ros/foxy/share/vision_msgs/cmake)
[5.201s] -- Found PythonInterp: /usr/bin/python3 (found version "3.8.10") 
[5.384s] -- Found ament_cmake_cppcheck: 0.9.6 (/opt/ros/foxy/share/ament_cmake_cppcheck/cmake)
[5.386s] -- Found ament_cmake_cpplint: 0.9.6 (/opt/ros/foxy/share/ament_cmake_cpplint/cmake)
[5.387s] -- Found ament_cmake_uncrustify: 0.9.6 (/opt/ros/foxy/share/ament_cmake_uncrustify/cmake)
[5.389s] -- Found ament_cmake_ros: 0.9.2 (/opt/ros/foxy/share/ament_cmake_ros/cmake)
[5.663s] -- Using all available rosidl_typesupport_c: rosidl_typesupport_fastrtps_c;rosidl_typesupport_introspection_c
[5.809s] -- Using all available rosidl_typesupport_cpp: rosidl_typesupport_fastrtps_cpp;rosidl_typesupport_introspection_cpp
[5.832s] -- Found PythonInterp: /usr/bin/python3 (found suitable version "3.8.10", minimum required is "3.5") 
[5.833s] -- Found python_cmake_module: 0.8.1 (/opt/ros/foxy/share/python_cmake_module/cmake)
[5.929s] -- Found PythonLibs: /usr/lib/x86_64-linux-gnu/libpython3.8.so (found suitable version "3.8.10", minimum required is "3.5") 
[5.929s] -- Using PYTHON_EXECUTABLE: /usr/bin/python3
[5.930s] -- Using PYTHON_INCLUDE_DIRS: /usr/include/python3.8
[5.930s] -- Using PYTHON_LIBRARIES: /usr/lib/x86_64-linux-gnu/libpython3.8.so
[5.969s] -- Found PythonExtra: .so  
[6.064s] -- Found ament_cmake_flake8: 0.9.6 (/opt/ros/foxy/share/ament_cmake_flake8/cmake)
[6.066s] -- Found ament_cmake_pep257: 0.9.6 (/opt/ros/foxy/share/ament_cmake_pep257/cmake)
[6.068s] -- Found ament_lint_auto: 0.9.6 (/opt/ros/foxy/share/ament_lint_auto/cmake)
[6.078s] -- Added test 'lint_cmake' to check CMake code style
[6.078s] -- Added test 'xmllint' to check XML markup files
[6.082s] -- Configuring done
[6.139s] -- Generating done
[6.141s] -- Build files have been written to: /home/navneeth/ros2_ws/build/webots_ros2_msgs
