[0.149s] Invoking command in '/home/navneeth/ros2_ws/build/webots_ros2_msgs': CMAKE_PREFIX_PATH=/opt/ros/foxy /usr/bin/cmake --build /home/navneeth/ros2_ws/build/webots_ros2_msgs -- -j8 -l8
[0.658s] -- Found ament_cmake: 0.9.9 (/opt/ros/foxy/share/ament_cmake/cmake)
[0.658s] -- Found PythonInterp: /usr/bin/python3 (found suitable version "3.8.10", minimum required is "3") 
[0.658s] -- Using PYTHON_EXECUTABLE: /usr/bin/python3
[0.793s] -- Found builtin_interfaces: 1.0.0 (/opt/ros/foxy/share/builtin_interfaces/cmake)
[0.899s] -- Using all available rosidl_typesupport_c: rosidl_typesupport_fastrtps_c;rosidl_typesupport_introspection_c
[0.932s] -- Found rosidl_adapter: 1.2.1 (/opt/ros/foxy/share/rosidl_adapter/cmake)
[1.328s] -- Using all available rosidl_typesupport_cpp: rosidl_typesupport_fastrtps_cpp;rosidl_typesupport_introspection_cpp
[1.406s] -- Found rosidl_default_generators: 1.0.1 (/opt/ros/foxy/share/rosidl_default_generators/cmake)
[1.446s] -- Found geometry_msgs: 2.0.4 (/opt/ros/foxy/share/geometry_msgs/cmake)
[1.552s] -- Found vision_msgs: 2.0.0 (/opt/ros/foxy/share/vision_msgs/cmake)
[1.835s] -- Found PythonInterp: /usr/bin/python3 (found version "3.8.10") 
[2.104s] -- Found ament_cmake_cppcheck: 0.9.6 (/opt/ros/foxy/share/ament_cmake_cppcheck/cmake)
[2.118s] -- Found ament_cmake_cpplint: 0.9.6 (/opt/ros/foxy/share/ament_cmake_cpplint/cmake)
[2.131s] -- Found ament_cmake_uncrustify: 0.9.6 (/opt/ros/foxy/share/ament_cmake_uncrustify/cmake)
[2.143s] -- Found ament_cmake_ros: 0.9.2 (/opt/ros/foxy/share/ament_cmake_ros/cmake)
[2.566s] -- Using all available rosidl_typesupport_c: rosidl_typesupport_fastrtps_c;rosidl_typesupport_introspection_c
[2.748s] -- Using all available rosidl_typesupport_cpp: rosidl_typesupport_fastrtps_cpp;rosidl_typesupport_introspection_cpp
[2.773s] -- Found PythonInterp: /usr/bin/python3 (found suitable version "3.8.10", minimum required is "3.5") 
[2.780s] -- Found python_cmake_module: 0.8.1 (/opt/ros/foxy/share/python_cmake_module/cmake)
[2.824s] -- Using PYTHON_EXECUTABLE: /usr/bin/python3
[2.824s] -- Using PYTHON_INCLUDE_DIRS: /usr/include/python3.8
[2.825s] -- Using PYTHON_LIBRARIES: /usr/lib/x86_64-linux-gnu/libpython3.8.so
[2.920s] -- Found ament_cmake_flake8: 0.9.6 (/opt/ros/foxy/share/ament_cmake_flake8/cmake)
[2.932s] -- Found ament_cmake_pep257: 0.9.6 (/opt/ros/foxy/share/ament_cmake_pep257/cmake)
[2.948s] -- Found ament_lint_auto: 0.9.6 (/opt/ros/foxy/share/ament_lint_auto/cmake)
[3.011s] -- Added test 'lint_cmake' to check CMake code style
[3.012s] -- Added test 'xmllint' to check XML markup files
[3.022s] -- Configuring done
[3.495s] -- Generating done
[3.500s] -- Build files have been written to: /home/navneeth/ros2_ws/build/webots_ros2_msgs
[3.550s] [  2%] Built target webots_ros2_msgs__cpp
[3.617s] [ 12%] Built target webots_ros2_msgs__rosidl_generator_c
[3.624s] [ 23%] Built target webots_ros2_msgs__rosidl_typesupport_introspection_cpp
[3.628s] [ 34%] Built target webots_ros2_msgs__rosidl_typesupport_fastrtps_cpp
[3.641s] [ 44%] Built target webots_ros2_msgs__rosidl_typesupport_cpp
[3.678s] [ 55%] Built target webots_ros2_msgs__rosidl_typesupport_c
[3.776s] [ 65%] Built target webots_ros2_msgs__rosidl_typesupport_introspection_c
[3.784s] [ 76%] Built target webots_ros2_msgs__rosidl_typesupport_fastrtps_c
[3.811s] [ 76%] Built target webots_ros2_msgs
[3.853s] [ 78%] Built target webots_ros2_msgs__py
[3.914s] [ 87%] Built target webots_ros2_msgs__python
[3.952s] [100%] Built target webots_ros2_msgs__rosidl_typesupport_fastrtps_c__pyext
[3.952s] [100%] Built target webots_ros2_msgs__rosidl_typesupport_introspection_c__pyext
[3.952s] [100%] Built target webots_ros2_msgs__rosidl_typesupport_c__pyext
