[0.136s] Invoking command in '/home/navneeth/ros2_ws/build/my_robot_interfaces': CMAKE_PREFIX_PATH=/opt/ros/foxy /usr/bin/cmake --build /home/navneeth/ros2_ws/build/my_robot_interfaces -- -j8 -l8
[0.638s] [  1%] Built target my_robot_interfaces__cpp
[0.638s] [ 12%] Built target my_robot_interfaces__rosidl_generator_c
[0.639s] [ 23%] Built target my_robot_interfaces__rosidl_typesupport_c
[0.639s] [ 45%] Built target my_robot_interfaces__rosidl_typesupport_cpp
[0.639s] [ 45%] Built target my_robot_interfaces__rosidl_typesupport_introspection_cpp
[0.640s] [ 56%] Built target my_robot_interfaces__rosidl_typesupport_introspection_c
[0.641s] [ 67%] Built target my_robot_interfaces__rosidl_typesupport_fastrtps_cpp
[0.641s] [ 78%] Built target my_robot_interfaces__rosidl_typesupport_fastrtps_c
[0.642s] [ 78%] Built target my_robot_interfaces
[0.642s] [ 80%] Built target my_robot_interfaces__py
[0.643s] [ 89%] Built target my_robot_interfaces__python
[0.643s] [100%] Built target my_robot_interfaces__rosidl_typesupport_fastrtps_c__pyext
[0.643s] [100%] Built target my_robot_interfaces__rosidl_typesupport_introspection_c__pyext
[0.643s] [100%] Built target my_robot_interfaces__rosidl_typesupport_c__pyext
[0.643s] Invoked command in '/home/navneeth/ros2_ws/build/my_robot_interfaces' returned '0': CMAKE_PREFIX_PATH=/opt/ros/foxy /usr/bin/cmake --build /home/navneeth/ros2_ws/build/my_robot_interfaces -- -j8 -l8
[0.715s] Invoking command in '/home/navneeth/ros2_ws/build/my_robot_interfaces': CMAKE_PREFIX_PATH=/opt/ros/foxy /usr/bin/cmake --install /home/navneeth/ros2_ws/build/my_robot_interfaces
[0.722s] -- Install configuration: ""
[0.723s] -- Execute custom install script
[0.723s] -- Up-to-date symlink: /home/navneeth/ros2_ws/install/my_robot_interfaces/share/ament_index/resource_index/rosidl_interfaces/my_robot_interfaces
[0.724s] -- Up-to-date symlink: /home/navneeth/ros2_ws/install/my_robot_interfaces/include/my_robot_interfaces/msg/detail/hardware_status__functions.h
[0.724s] -- Up-to-date symlink: /home/navneeth/ros2_ws/install/my_robot_interfaces/include/my_robot_interfaces/msg/detail/hardware_status__struct.h
[0.724s] -- Up-to-date symlink: /home/navneeth/ros2_ws/install/my_robot_interfaces/include/my_robot_interfaces/msg/detail/hardware_status__type_support.h
[0.724s] -- Up-to-date symlink: /home/navneeth/ros2_ws/install/my_robot_interfaces/include/my_robot_interfaces/msg/detail/led_status__functions.h
[0.724s] -- Up-to-date symlink: /home/navneeth/ros2_ws/install/my_robot_interfaces/include/my_robot_interfaces/msg/detail/led_status__struct.h
[0.724s] -- Up-to-date symlink: /home/navneeth/ros2_ws/install/my_robot_interfaces/include/my_robot_interfaces/msg/detail/led_status__type_support.h
[0.724s] -- Up-to-date symlink: /home/navneeth/ros2_ws/install/my_robot_interfaces/include/my_robot_interfaces/msg/hardware_status.h
[0.724s] -- Up-to-date symlink: /home/navneeth/ros2_ws/install/my_robot_interfaces/include/my_robot_interfaces/msg/led_status.h
[0.725s] -- Up-to-date symlink: /home/navneeth/ros2_ws/install/my_robot_interfaces/include/my_robot_interfaces/msg/rosidl_generator_c__visibility_control.h
[0.725s] -- Up-to-date symlink: /home/navneeth/ros2_ws/install/my_robot_interfaces/include/my_robot_interfaces/srv/compute_rectangle_area.h
[0.725s] -- Up-to-date symlink: /home/navneeth/ros2_ws/install/my_robot_interfaces/include/my_robot_interfaces/srv/detail/compute_rectangle_area__functions.h
[0.725s] -- Up-to-date symlink: /home/navneeth/ros2_ws/install/my_robot_interfaces/include/my_robot_interfaces/srv/detail/compute_rectangle_area__struct.h
[0.725s] -- Up-to-date symlink: /home/navneeth/ros2_ws/install/my_robot_interfaces/include/my_robot_interfaces/srv/detail/compute_rectangle_area__type_support.h
[0.726s] -- Up-to-date symlink: /home/navneeth/ros2_ws/install/my_robot_interfaces/include/my_robot_interfaces/srv/detail/set_led__functions.h
[0.726s] -- Up-to-date symlink: /home/navneeth/ros2_ws/install/my_robot_interfaces/include/my_robot_interfaces/srv/detail/set_led__struct.h
[0.726s] -- Up-to-date symlink: /home/navneeth/ros2_ws/install/my_robot_interfaces/include/my_robot_interfaces/srv/detail/set_led__type_support.h
[0.726s] -- Up-to-date symlink: /home/navneeth/ros2_ws/install/my_robot_interfaces/include/my_robot_interfaces/srv/set_led.h
[0.726s] -- Up-to-date symlink: /home/navneeth/ros2_ws/install/my_robot_interfaces/share/my_robot_interfaces/environment/library_path.sh
[0.726s] -- Up-to-date symlink: /home/navneeth/ros2_ws/install/my_robot_interfaces/share/my_robot_interfaces/environment/library_path.dsv
[0.727s] -- Up-to-date symlink: /home/navneeth/ros2_ws/install/my_robot_interfaces/include/my_robot_interfaces/msg/detail/hardware_status__rosidl_typesupport_fastrtps_c.h
[0.727s] -- Up-to-date symlink: /home/navneeth/ros2_ws/install/my_robot_interfaces/include/my_robot_interfaces/msg/detail/led_status__rosidl_typesupport_fastrtps_c.h
[0.727s] -- Up-to-date symlink: /home/navneeth/ros2_ws/install/my_robot_interfaces/include/my_robot_interfaces/msg/rosidl_typesupport_fastrtps_c__visibility_control.h
[0.728s] -- Up-to-date symlink: /home/navneeth/ros2_ws/install/my_robot_interfaces/include/my_robot_interfaces/srv/detail/compute_rectangle_area__rosidl_typesupport_fastrtps_c.h
[0.728s] -- Up-to-date symlink: /home/navneeth/ros2_ws/install/my_robot_interfaces/include/my_robot_interfaces/srv/detail/set_led__rosidl_typesupport_fastrtps_c.h
[0.728s] -- Up-to-date symlink: /home/navneeth/ros2_ws/install/my_robot_interfaces/lib/libmy_robot_interfaces__rosidl_typesupport_fastrtps_c.so
[0.729s] -- Up-to-date symlink: /home/navneeth/ros2_ws/install/my_robot_interfaces/include/my_robot_interfaces/msg/detail/hardware_status__rosidl_typesupport_fastrtps_cpp.hpp
[0.729s] -- Up-to-date symlink: /home/navneeth/ros2_ws/install/my_robot_interfaces/include/my_robot_interfaces/msg/detail/led_status__rosidl_typesupport_fastrtps_cpp.hpp
[0.729s] -- Up-to-date symlink: /home/navneeth/ros2_ws/install/my_robot_interfaces/include/my_robot_interfaces/msg/rosidl_typesupport_fastrtps_cpp__visibility_control.h
[0.729s] -- Up-to-date symlink: /home/navneeth/ros2_ws/install/my_robot_interfaces/include/my_robot_interfaces/srv/detail/compute_rectangle_area__rosidl_typesupport_fastrtps_cpp.hpp
[0.729s] -- Up-to-date symlink: /home/navneeth/ros2_ws/install/my_robot_interfaces/include/my_robot_interfaces/srv/detail/set_led__rosidl_typesupport_fastrtps_cpp.hpp
[0.730s] -- Up-to-date symlink: /home/navneeth/ros2_ws/install/my_robot_interfaces/lib/libmy_robot_interfaces__rosidl_typesupport_fastrtps_cpp.so
[0.730s] -- Up-to-date symlink: /home/navneeth/ros2_ws/install/my_robot_interfaces/include/my_robot_interfaces/msg/detail/hardware_status__rosidl_typesupport_introspection_c.h
[0.730s] -- Up-to-date symlink: /home/navneeth/ros2_ws/install/my_robot_interfaces/include/my_robot_interfaces/msg/detail/led_status__rosidl_typesupport_introspection_c.h
[0.731s] -- Up-to-date symlink: /home/navneeth/ros2_ws/install/my_robot_interfaces/include/my_robot_interfaces/msg/rosidl_typesupport_introspection_c__visibility_control.h
[0.731s] -- Up-to-date symlink: /home/navneeth/ros2_ws/install/my_robot_interfaces/include/my_robot_interfaces/srv/detail/compute_rectangle_area__rosidl_typesupport_introspection_c.h
[0.731s] -- Up-to-date symlink: /home/navneeth/ros2_ws/install/my_robot_interfaces/include/my_robot_interfaces/srv/detail/set_led__rosidl_typesupport_introspection_c.h
[0.731s] -- Up-to-date symlink: /home/navneeth/ros2_ws/install/my_robot_interfaces/include/my_robot_interfaces/msg/detail/hardware_status__builder.hpp
[0.732s] -- Up-to-date symlink: /home/navneeth/ros2_ws/install/my_robot_interfaces/include/my_robot_interfaces/msg/detail/hardware_status__struct.hpp
[0.732s] -- Up-to-date symlink: /home/navneeth/ros2_ws/install/my_robot_interfaces/include/my_robot_interfaces/msg/detail/hardware_status__traits.hpp
[0.732s] -- Up-to-date symlink: /home/navneeth/ros2_ws/install/my_robot_interfaces/include/my_robot_interfaces/msg/detail/led_status__builder.hpp
[0.732s] -- Up-to-date symlink: /home/navneeth/ros2_ws/install/my_robot_interfaces/include/my_robot_interfaces/msg/detail/led_status__struct.hpp
[0.732s] -- Up-to-date symlink: /home/navneeth/ros2_ws/install/my_robot_interfaces/include/my_robot_interfaces/msg/detail/led_status__traits.hpp
[0.732s] -- Up-to-date symlink: /home/navneeth/ros2_ws/install/my_robot_interfaces/include/my_robot_interfaces/msg/hardware_status.hpp
[0.732s] -- Up-to-date symlink: /home/navneeth/ros2_ws/install/my_robot_interfaces/include/my_robot_interfaces/msg/led_status.hpp
[0.733s] -- Up-to-date symlink: /home/navneeth/ros2_ws/install/my_robot_interfaces/include/my_robot_interfaces/srv/compute_rectangle_area.hpp
[0.733s] -- Up-to-date symlink: /home/navneeth/ros2_ws/install/my_robot_interfaces/include/my_robot_interfaces/srv/detail/compute_rectangle_area__builder.hpp
[0.733s] -- Up-to-date symlink: /home/navneeth/ros2_ws/install/my_robot_interfaces/include/my_robot_interfaces/srv/detail/compute_rectangle_area__struct.hpp
[0.733s] -- Up-to-date symlink: /home/navneeth/ros2_ws/install/my_robot_interfaces/include/my_robot_interfaces/srv/detail/compute_rectangle_area__traits.hpp
[0.733s] -- Up-to-date symlink: /home/navneeth/ros2_ws/install/my_robot_interfaces/include/my_robot_interfaces/srv/detail/set_led__builder.hpp
[0.733s] -- Up-to-date symlink: /home/navneeth/ros2_ws/install/my_robot_interfaces/include/my_robot_interfaces/srv/detail/set_led__struct.hpp
[0.733s] -- Up-to-date symlink: /home/navneeth/ros2_ws/install/my_robot_interfaces/include/my_robot_interfaces/srv/detail/set_led__traits.hpp
[0.734s] -- Up-to-date symlink: /home/navneeth/ros2_ws/install/my_robot_interfaces/include/my_robot_interfaces/srv/set_led.hpp
[0.734s] -- Up-to-date symlink: /home/navneeth/ros2_ws/install/my_robot_interfaces/include/my_robot_interfaces/msg/detail/hardware_status__rosidl_typesupport_introspection_cpp.hpp
[0.734s] -- Up-to-date symlink: /home/navneeth/ros2_ws/install/my_robot_interfaces/include/my_robot_interfaces/msg/detail/led_status__rosidl_typesupport_introspection_cpp.hpp
[0.734s] -- Up-to-date symlink: /home/navneeth/ros2_ws/install/my_robot_interfaces/include/my_robot_interfaces/srv/detail/compute_rectangle_area__rosidl_typesupport_introspection_cpp.hpp
[0.735s] -- Up-to-date symlink: /home/navneeth/ros2_ws/install/my_robot_interfaces/include/my_robot_interfaces/srv/detail/set_led__rosidl_typesupport_introspection_cpp.hpp
[0.735s] -- Up-to-date symlink: /home/navneeth/ros2_ws/install/my_robot_interfaces/share/my_robot_interfaces/environment/pythonpath.sh
[0.735s] -- Up-to-date symlink: /home/navneeth/ros2_ws/install/my_robot_interfaces/share/my_robot_interfaces/environment/pythonpath.dsv
[0.735s] -- Up-to-date symlink: /home/navneeth/ros2_ws/install/my_robot_interfaces/lib/python3.8/site-packages/my_robot_interfaces/__init__.py
[0.736s] -- Up-to-date symlink: /home/navneeth/ros2_ws/install/my_robot_interfaces/lib/python3.8/site-packages/my_robot_interfaces/msg/__init__.py
[0.736s] -- Up-to-date symlink: /home/navneeth/ros2_ws/install/my_robot_interfaces/lib/python3.8/site-packages/my_robot_interfaces/msg/_hardware_status.py
[0.736s] -- Up-to-date symlink: /home/navneeth/ros2_ws/install/my_robot_interfaces/lib/python3.8/site-packages/my_robot_interfaces/msg/_led_status.py
[0.737s] -- Up-to-date symlink: /home/navneeth/ros2_ws/install/my_robot_interfaces/lib/python3.8/site-packages/my_robot_interfaces/srv/__init__.py
[0.737s] -- Up-to-date symlink: /home/navneeth/ros2_ws/install/my_robot_interfaces/lib/python3.8/site-packages/my_robot_interfaces/srv/_compute_rectangle_area.py
[0.737s] -- Up-to-date symlink: /home/navneeth/ros2_ws/install/my_robot_interfaces/lib/python3.8/site-packages/my_robot_interfaces/srv/_set_led.py
[0.737s] -- Up-to-date symlink: /home/navneeth/ros2_ws/install/my_robot_interfaces/lib/python3.8/site-packages/my_robot_interfaces/my_robot_interfaces_s__rosidl_typesupport_fastrtps_c.cpython-38-x86_64-linux-gnu.so
[0.738s] -- Up-to-date symlink: /home/navneeth/ros2_ws/install/my_robot_interfaces/lib/python3.8/site-packages/my_robot_interfaces/my_robot_interfaces_s__rosidl_typesupport_introspection_c.cpython-38-x86_64-linux-gnu.so
[0.738s] -- Up-to-date symlink: /home/navneeth/ros2_ws/install/my_robot_interfaces/lib/python3.8/site-packages/my_robot_interfaces/my_robot_interfaces_s__rosidl_typesupport_c.cpython-38-x86_64-linux-gnu.so
[0.738s] -- Up-to-date symlink: /home/navneeth/ros2_ws/install/my_robot_interfaces/lib/libmy_robot_interfaces__python.so
[0.738s] -- Up-to-date symlink: /home/navneeth/ros2_ws/install/my_robot_interfaces/share/my_robot_interfaces/msg/HardwareStatus.idl
[0.739s] -- Up-to-date symlink: /home/navneeth/ros2_ws/install/my_robot_interfaces/share/my_robot_interfaces/msg/LedStatus.idl
[0.739s] -- Up-to-date symlink: /home/navneeth/ros2_ws/install/my_robot_interfaces/share/my_robot_interfaces/srv/ComputeRectangleArea.idl
[0.739s] -- Up-to-date symlink: /home/navneeth/ros2_ws/install/my_robot_interfaces/share/my_robot_interfaces/srv/SetLed.idl
[0.739s] -- Up-to-date symlink: /home/navneeth/ros2_ws/install/my_robot_interfaces/share/my_robot_interfaces/msg/HardwareStatus.msg
[0.740s] -- Up-to-date symlink: /home/navneeth/ros2_ws/install/my_robot_interfaces/share/my_robot_interfaces/msg/LedStatus.msg
[0.740s] -- Up-to-date symlink: /home/navneeth/ros2_ws/install/my_robot_interfaces/share/my_robot_interfaces/srv/ComputeRectangleArea.srv
[0.740s] -- Up-to-date symlink: /home/navneeth/ros2_ws/install/my_robot_interfaces/share/my_robot_interfaces/srv/ComputeRectangleArea_Request.msg
[0.740s] -- Up-to-date symlink: /home/navneeth/ros2_ws/install/my_robot_interfaces/share/my_robot_interfaces/srv/ComputeRectangleArea_Response.msg
[0.740s] -- Up-to-date symlink: /home/navneeth/ros2_ws/install/my_robot_interfaces/share/my_robot_interfaces/srv/SetLed.srv
[0.741s] -- Up-to-date symlink: /home/navneeth/ros2_ws/install/my_robot_interfaces/share/my_robot_interfaces/srv/SetLed_Request.msg
[0.741s] -- Up-to-date symlink: /home/navneeth/ros2_ws/install/my_robot_interfaces/share/my_robot_interfaces/srv/SetLed_Response.msg
[0.741s] -- Up-to-date symlink: /home/navneeth/ros2_ws/install/my_robot_interfaces/share/ament_index/resource_index/package_run_dependencies/my_robot_interfaces
[0.741s] -- Up-to-date symlink: /home/navneeth/ros2_ws/install/my_robot_interfaces/share/ament_index/resource_index/parent_prefix_path/my_robot_interfaces
[0.742s] -- Up-to-date symlink: /home/navneeth/ros2_ws/install/my_robot_interfaces/share/my_robot_interfaces/environment/ament_prefix_path.sh
[0.742s] -- Up-to-date symlink: /home/navneeth/ros2_ws/install/my_robot_interfaces/share/my_robot_interfaces/environment/ament_prefix_path.dsv
[0.742s] -- Up-to-date symlink: /home/navneeth/ros2_ws/install/my_robot_interfaces/share/my_robot_interfaces/environment/path.sh
[0.743s] -- Up-to-date symlink: /home/navneeth/ros2_ws/install/my_robot_interfaces/share/my_robot_interfaces/environment/path.dsv
[0.743s] -- Up-to-date symlink: /home/navneeth/ros2_ws/install/my_robot_interfaces/share/my_robot_interfaces/local_setup.bash
[0.743s] -- Up-to-date symlink: /home/navneeth/ros2_ws/install/my_robot_interfaces/share/my_robot_interfaces/local_setup.sh
[0.743s] -- Up-to-date symlink: /home/navneeth/ros2_ws/install/my_robot_interfaces/share/my_robot_interfaces/local_setup.zsh
[0.743s] -- Up-to-date symlink: /home/navneeth/ros2_ws/install/my_robot_interfaces/share/my_robot_interfaces/local_setup.dsv
[0.744s] -- Symlinking: /home/navneeth/ros2_ws/install/my_robot_interfaces/share/my_robot_interfaces/package.dsv
[0.751s] -- Up-to-date symlink: /home/navneeth/ros2_ws/install/my_robot_interfaces/share/ament_index/resource_index/packages/my_robot_interfaces
[0.752s] -- Up-to-date symlink: /home/navneeth/ros2_ws/install/my_robot_interfaces/share/my_robot_interfaces/cmake/rosidl_cmake-extras.cmake
[0.752s] -- Up-to-date symlink: /home/navneeth/ros2_ws/install/my_robot_interfaces/share/my_robot_interfaces/cmake/ament_cmake_export_dependencies-extras.cmake
[0.752s] -- Up-to-date symlink: /home/navneeth/ros2_ws/install/my_robot_interfaces/share/my_robot_interfaces/cmake/ament_cmake_export_libraries-extras.cmake
[0.752s] -- Up-to-date symlink: /home/navneeth/ros2_ws/install/my_robot_interfaces/share/my_robot_interfaces/cmake/ament_cmake_export_targets-extras.cmake
[0.752s] -- Up-to-date symlink: /home/navneeth/ros2_ws/install/my_robot_interfaces/share/my_robot_interfaces/cmake/ament_cmake_export_include_directories-extras.cmake
[0.753s] -- Up-to-date symlink: /home/navneeth/ros2_ws/install/my_robot_interfaces/share/my_robot_interfaces/cmake/rosidl_cmake_export_typesupport_libraries-extras.cmake
[0.753s] -- Up-to-date symlink: /home/navneeth/ros2_ws/install/my_robot_interfaces/share/my_robot_interfaces/cmake/rosidl_cmake_export_typesupport_targets-extras.cmake
[0.753s] -- Up-to-date symlink: /home/navneeth/ros2_ws/install/my_robot_interfaces/share/my_robot_interfaces/cmake/my_robot_interfacesConfig.cmake
[0.753s] -- Up-to-date symlink: /home/navneeth/ros2_ws/install/my_robot_interfaces/share/my_robot_interfaces/cmake/my_robot_interfacesConfig-version.cmake
[0.754s] -- Up-to-date symlink: /home/navneeth/ros2_ws/install/my_robot_interfaces/share/my_robot_interfaces/package.xml
[0.754s] -- Up-to-date: /home/navneeth/ros2_ws/install/my_robot_interfaces/lib/libmy_robot_interfaces__rosidl_generator_c.so
[0.754s] -- Up-to-date: /home/navneeth/ros2_ws/install/my_robot_interfaces/lib/libmy_robot_interfaces__rosidl_typesupport_introspection_c.so
[0.754s] -- Up-to-date: /home/navneeth/ros2_ws/install/my_robot_interfaces/lib/libmy_robot_interfaces__rosidl_typesupport_c.so
[0.755s] -- Up-to-date: /home/navneeth/ros2_ws/install/my_robot_interfaces/lib/libmy_robot_interfaces__rosidl_typesupport_introspection_cpp.so
[0.755s] -- Up-to-date: /home/navneeth/ros2_ws/install/my_robot_interfaces/lib/libmy_robot_interfaces__rosidl_typesupport_cpp.so
[0.785s] -- Up-to-date: /home/navneeth/ros2_ws/install/my_robot_interfaces/share/my_robot_interfaces/cmake/my_robot_interfaces__rosidl_generator_cExport.cmake
[0.785s] -- Up-to-date: /home/navneeth/ros2_ws/install/my_robot_interfaces/share/my_robot_interfaces/cmake/my_robot_interfaces__rosidl_generator_cExport-noconfig.cmake
[0.785s] -- Up-to-date: /home/navneeth/ros2_ws/install/my_robot_interfaces/share/my_robot_interfaces/cmake/my_robot_interfaces__rosidl_typesupport_introspection_cExport.cmake
[0.785s] -- Up-to-date: /home/navneeth/ros2_ws/install/my_robot_interfaces/share/my_robot_interfaces/cmake/my_robot_interfaces__rosidl_typesupport_introspection_cExport-noconfig.cmake
[0.785s] -- Up-to-date: /home/navneeth/ros2_ws/install/my_robot_interfaces/share/my_robot_interfaces/cmake/my_robot_interfaces__rosidl_typesupport_cExport.cmake
[0.785s] -- Up-to-date: /home/navneeth/ros2_ws/install/my_robot_interfaces/share/my_robot_interfaces/cmake/my_robot_interfaces__rosidl_typesupport_cExport-noconfig.cmake
[0.785s] -- Up-to-date: /home/navneeth/ros2_ws/install/my_robot_interfaces/share/my_robot_interfaces/cmake/my_robot_interfaces__rosidl_generator_cppExport.cmake
[0.786s] -- Up-to-date: /home/navneeth/ros2_ws/install/my_robot_interfaces/share/my_robot_interfaces/cmake/my_robot_interfaces__rosidl_typesupport_introspection_cppExport.cmake
[0.786s] -- Up-to-date: /home/navneeth/ros2_ws/install/my_robot_interfaces/share/my_robot_interfaces/cmake/my_robot_interfaces__rosidl_typesupport_introspection_cppExport-noconfig.cmake
[0.786s] -- Up-to-date: /home/navneeth/ros2_ws/install/my_robot_interfaces/share/my_robot_interfaces/cmake/my_robot_interfaces__rosidl_typesupport_cppExport.cmake
[0.786s] -- Up-to-date: /home/navneeth/ros2_ws/install/my_robot_interfaces/share/my_robot_interfaces/cmake/my_robot_interfaces__rosidl_typesupport_cppExport-noconfig.cmake
[0.789s] Invoked command in '/home/navneeth/ros2_ws/build/my_robot_interfaces' returned '0': CMAKE_PREFIX_PATH=/opt/ros/foxy /usr/bin/cmake --install /home/navneeth/ros2_ws/build/my_robot_interfaces
