[0.434s] Invoking command in '/home/navneeth/ros2_ws/src/my_py_pkg': PYTHONPATH=/home/navneeth/ros2_ws/install/my_py_pkg/lib/python3.8/site-packages:${PYTHONPATH} /usr/bin/python3 setup.py egg_info --egg-base ../../build/my_py_pkg build --build-base /home/navneeth/ros2_ws/build/my_py_pkg/build install --prefix /home/navneeth/ros2_ws/install/my_py_pkg --record /home/navneeth/ros2_ws/build/my_py_pkg/install.log --single-version-externally-managed
[0.776s] running egg_info
[0.778s] creating ../../build/my_py_pkg/my_py_pkg.egg-info
[0.779s] writing ../../build/my_py_pkg/my_py_pkg.egg-info/PKG-INFO
[0.780s] writing dependency_links to ../../build/my_py_pkg/my_py_pkg.egg-info/dependency_links.txt
[0.780s] writing entry points to ../../build/my_py_pkg/my_py_pkg.egg-info/entry_points.txt
[0.781s] writing requirements to ../../build/my_py_pkg/my_py_pkg.egg-info/requires.txt
[0.781s] writing top-level names to ../../build/my_py_pkg/my_py_pkg.egg-info/top_level.txt
[0.843s] writing manifest file '../../build/my_py_pkg/my_py_pkg.egg-info/SOURCES.txt'
[1.103s] listing git files failed - pretending there aren't any
[1.105s] reading manifest file '../../build/my_py_pkg/my_py_pkg.egg-info/SOURCES.txt'
[1.106s] writing manifest file '../../build/my_py_pkg/my_py_pkg.egg-info/SOURCES.txt'
[1.106s] running build
[1.106s] running build_py
[1.106s] creating /home/navneeth/ros2_ws/build/my_py_pkg/build
[1.107s] creating /home/navneeth/ros2_ws/build/my_py_pkg/build/lib
[1.107s] creating /home/navneeth/ros2_ws/build/my_py_pkg/build/lib/my_py_pkg
[1.107s] copying my_py_pkg/__init__.py -> /home/navneeth/ros2_ws/build/my_py_pkg/build/lib/my_py_pkg
[1.107s] running install
[1.107s] running install_lib
[1.109s] creating /home/navneeth/ros2_ws/install/my_py_pkg/lib/python3.8/site-packages/my_py_pkg
[1.109s] copying /home/navneeth/ros2_ws/build/my_py_pkg/build/lib/my_py_pkg/__init__.py -> /home/navneeth/ros2_ws/install/my_py_pkg/lib/python3.8/site-packages/my_py_pkg
[1.109s] byte-compiling /home/navneeth/ros2_ws/install/my_py_pkg/lib/python3.8/site-packages/my_py_pkg/__init__.py to __init__.cpython-38.pyc
[1.110s] running install_data
[1.110s] creating /home/navneeth/ros2_ws/install/my_py_pkg/share/ament_index
[1.110s] creating /home/navneeth/ros2_ws/install/my_py_pkg/share/ament_index/resource_index
[1.111s] creating /home/navneeth/ros2_ws/install/my_py_pkg/share/ament_index/resource_index/packages
[1.111s] copying resource/my_py_pkg -> /home/navneeth/ros2_ws/install/my_py_pkg/share/ament_index/resource_index/packages
[1.111s] copying package.xml -> /home/navneeth/ros2_ws/install/my_py_pkg/share/my_py_pkg
[1.111s] running install_egg_info
[1.120s] Copying ../../build/my_py_pkg/my_py_pkg.egg-info to /home/navneeth/ros2_ws/install/my_py_pkg/lib/python3.8/site-packages/my_py_pkg-0.0.0-py3.8.egg-info
[1.122s] running install_scripts
[1.149s] writing list of installed files to '/home/navneeth/ros2_ws/build/my_py_pkg/install.log'
[1.171s] Invoked command in '/home/navneeth/ros2_ws/src/my_py_pkg' returned '0': PYTHONPATH=/home/navneeth/ros2_ws/install/my_py_pkg/lib/python3.8/site-packages:${PYTHONPATH} /usr/bin/python3 setup.py egg_info --egg-base ../../build/my_py_pkg build --build-base /home/navneeth/ros2_ws/build/my_py_pkg/build install --prefix /home/navneeth/ros2_ws/install/my_py_pkg --record /home/navneeth/ros2_ws/build/my_py_pkg/install.log --single-version-externally-managed
