[0.134s] Invoking command in '/home/navneeth/ros2_ws/build/my_robot_bringup': AMENT_PREFIX_PATH=/home/navneeth/ros2_ws/install/my_py_pkg:/home/navneeth/ros2_ws/install/turtle_sim_catch_them_all:/home/navneeth/ros2_ws/install/my_robot_bringup:/home/navneeth/ros2_ws/install/my_robot_interfaces:/opt/ros/foxy CMAKE_PREFIX_PATH=/home/navneeth/ros2_ws/install/my_robot_interfaces:/home/navneeth/ros2_ws/install/my_robot_bringup:/home/navneeth/ros2_ws/install/turtle_sim_catch_them_all:/home/navneeth/ros2_ws/install/my_py_pkg:/opt/ros/foxy:/opt/ros/noetic PYTHONPATH=/home/navneeth/ros2_ws/install/my_py_pkg/lib/python3.8/site-packages:/home/navneeth/ros2_ws/install/my_robot_interfaces/lib/python3.8/site-packages:/home/navneeth/ros2_ws/install/turtle_sim_catch_them_all/lib/python3.8/site-packages:/opt/ros/noetic/lib/python3/dist-packages:/opt/ros/foxy/lib/python3.8/site-packages /usr/bin/cmake --build /home/navneeth/ros2_ws/build/my_robot_bringup -- -j8 -l8
[0.341s] Invoked command in '/home/navneeth/ros2_ws/build/my_robot_bringup' returned '0': AMENT_PREFIX_PATH=/home/navneeth/ros2_ws/install/my_py_pkg:/home/navneeth/ros2_ws/install/turtle_sim_catch_them_all:/home/navneeth/ros2_ws/install/my_robot_bringup:/home/navneeth/ros2_ws/install/my_robot_interfaces:/opt/ros/foxy CMAKE_PREFIX_PATH=/home/navneeth/ros2_ws/install/my_robot_interfaces:/home/navneeth/ros2_ws/install/my_robot_bringup:/home/navneeth/ros2_ws/install/turtle_sim_catch_them_all:/home/navneeth/ros2_ws/install/my_py_pkg:/opt/ros/foxy:/opt/ros/noetic PYTHONPATH=/home/navneeth/ros2_ws/install/my_py_pkg/lib/python3.8/site-packages:/home/navneeth/ros2_ws/install/my_robot_interfaces/lib/python3.8/site-packages:/home/navneeth/ros2_ws/install/turtle_sim_catch_them_all/lib/python3.8/site-packages:/opt/ros/noetic/lib/python3/dist-packages:/opt/ros/foxy/lib/python3.8/site-packages /usr/bin/cmake --build /home/navneeth/ros2_ws/build/my_robot_bringup -- -j8 -l8
[0.361s] Invoking command in '/home/navneeth/ros2_ws/build/my_robot_bringup': AMENT_PREFIX_PATH=/home/navneeth/ros2_ws/install/my_py_pkg:/home/navneeth/ros2_ws/install/turtle_sim_catch_them_all:/home/navneeth/ros2_ws/install/my_robot_bringup:/home/navneeth/ros2_ws/install/my_robot_interfaces:/opt/ros/foxy CMAKE_PREFIX_PATH=/home/navneeth/ros2_ws/install/my_robot_interfaces:/home/navneeth/ros2_ws/install/my_robot_bringup:/home/navneeth/ros2_ws/install/turtle_sim_catch_them_all:/home/navneeth/ros2_ws/install/my_py_pkg:/opt/ros/foxy:/opt/ros/noetic PYTHONPATH=/home/navneeth/ros2_ws/install/my_py_pkg/lib/python3.8/site-packages:/home/navneeth/ros2_ws/install/my_robot_interfaces/lib/python3.8/site-packages:/home/navneeth/ros2_ws/install/turtle_sim_catch_them_all/lib/python3.8/site-packages:/opt/ros/noetic/lib/python3/dist-packages:/opt/ros/foxy/lib/python3.8/site-packages /usr/bin/cmake --install /home/navneeth/ros2_ws/build/my_robot_bringup
[0.369s] -- Install configuration: ""
[0.398s] -- Execute custom install script
[0.400s] -- Up-to-date symlink: /home/navneeth/ros2_ws/install/my_robot_bringup/share/my_robot_bringup/launch/number_app.launch.py
[0.401s] -- Up-to-date symlink: /home/navneeth/ros2_ws/install/my_robot_bringup/share/ament_index/resource_index/package_run_dependencies/my_robot_bringup
[0.402s] -- Up-to-date symlink: /home/navneeth/ros2_ws/install/my_robot_bringup/share/ament_index/resource_index/parent_prefix_path/my_robot_bringup
[0.403s] -- Up-to-date symlink: /home/navneeth/ros2_ws/install/my_robot_bringup/share/my_robot_bringup/environment/ament_prefix_path.sh
[0.403s] -- Up-to-date symlink: /home/navneeth/ros2_ws/install/my_robot_bringup/share/my_robot_bringup/environment/ament_prefix_path.dsv
[0.449s] -- Up-to-date symlink: /home/navneeth/ros2_ws/install/my_robot_bringup/share/my_robot_bringup/environment/path.sh
[0.450s] -- Up-to-date symlink: /home/navneeth/ros2_ws/install/my_robot_bringup/share/my_robot_bringup/environment/path.dsv
[0.451s] -- Up-to-date symlink: /home/navneeth/ros2_ws/install/my_robot_bringup/share/my_robot_bringup/local_setup.bash
[0.453s] -- Up-to-date symlink: /home/navneeth/ros2_ws/install/my_robot_bringup/share/my_robot_bringup/local_setup.sh
[0.454s] -- Up-to-date symlink: /home/navneeth/ros2_ws/install/my_robot_bringup/share/my_robot_bringup/local_setup.zsh
[0.455s] -- Up-to-date symlink: /home/navneeth/ros2_ws/install/my_robot_bringup/share/my_robot_bringup/local_setup.dsv
[0.455s] -- Symlinking: /home/navneeth/ros2_ws/install/my_robot_bringup/share/my_robot_bringup/package.dsv
[0.482s] -- Up-to-date symlink: /home/navneeth/ros2_ws/install/my_robot_bringup/share/ament_index/resource_index/packages/my_robot_bringup
[0.484s] -- Up-to-date symlink: /home/navneeth/ros2_ws/install/my_robot_bringup/share/my_robot_bringup/cmake/my_robot_bringupConfig.cmake
[0.484s] -- Up-to-date symlink: /home/navneeth/ros2_ws/install/my_robot_bringup/share/my_robot_bringup/cmake/my_robot_bringupConfig-version.cmake
[0.485s] -- Up-to-date symlink: /home/navneeth/ros2_ws/install/my_robot_bringup/share/my_robot_bringup/package.xml
[0.494s] Invoked command in '/home/navneeth/ros2_ws/build/my_robot_bringup' returned '0': AMENT_PREFIX_PATH=/home/navneeth/ros2_ws/install/my_py_pkg:/home/navneeth/ros2_ws/install/turtle_sim_catch_them_all:/home/navneeth/ros2_ws/install/my_robot_bringup:/home/navneeth/ros2_ws/install/my_robot_interfaces:/opt/ros/foxy CMAKE_PREFIX_PATH=/home/navneeth/ros2_ws/install/my_robot_interfaces:/home/navneeth/ros2_ws/install/my_robot_bringup:/home/navneeth/ros2_ws/install/turtle_sim_catch_them_all:/home/navneeth/ros2_ws/install/my_py_pkg:/opt/ros/foxy:/opt/ros/noetic PYTHONPATH=/home/navneeth/ros2_ws/install/my_py_pkg/lib/python3.8/site-packages:/home/navneeth/ros2_ws/install/my_robot_interfaces/lib/python3.8/site-packages:/home/navneeth/ros2_ws/install/turtle_sim_catch_them_all/lib/python3.8/site-packages:/opt/ros/noetic/lib/python3/dist-packages:/opt/ros/foxy/lib/python3.8/site-packages /usr/bin/cmake --install /home/navneeth/ros2_ws/build/my_robot_bringup
