[0.614s] Invoking command in '/home/navneeth/ros2_ws/build/my_py_pkg': PYTHONPATH=/home/navneeth/ros2_ws/install/my_py_pkg/lib/python3.8/site-packages:${PYTHONPATH} /usr/bin/python3 setup.py develop --prefix /home/navneeth/ros2_ws/install/my_py_pkg --uninstall --editable --build-directory /home/navneeth/ros2_ws/build/my_py_pkg/build
[1.392s] running develop
[1.695s] Invoked command in '/home/navneeth/ros2_ws/build/my_py_pkg' returned '0': PYTHONPATH=/home/navneeth/ros2_ws/install/my_py_pkg/lib/python3.8/site-packages:${PYTHONPATH} /usr/bin/python3 setup.py develop --prefix /home/navneeth/ros2_ws/install/my_py_pkg --uninstall --editable --build-directory /home/navneeth/ros2_ws/build/my_py_pkg/build
[1.695s] Invoking command in '/home/navneeth/ros2_ws/src/my_py_pkg': PYTHONPATH=/home/navneeth/ros2_ws/install/my_py_pkg/lib/python3.8/site-packages:${PYTHONPATH} /usr/bin/python3 setup.py egg_info --egg-base ../../build/my_py_pkg build --build-base /home/navneeth/ros2_ws/build/my_py_pkg/build install --prefix /home/navneeth/ros2_ws/install/my_py_pkg --record /home/navneeth/ros2_ws/build/my_py_pkg/install.log --single-version-externally-managed
[1.941s] running egg_info
[1.942s] writing ../../build/my_py_pkg/my_py_pkg.egg-info/PKG-INFO
[1.954s] writing dependency_links to ../../build/my_py_pkg/my_py_pkg.egg-info/dependency_links.txt
[1.955s] writing entry points to ../../build/my_py_pkg/my_py_pkg.egg-info/entry_points.txt
[1.955s] writing requirements to ../../build/my_py_pkg/my_py_pkg.egg-info/requires.txt
[1.955s] writing top-level names to ../../build/my_py_pkg/my_py_pkg.egg-info/top_level.txt
[2.611s] listing git files failed - pretending there aren't any
[2.613s] reading manifest file '../../build/my_py_pkg/my_py_pkg.egg-info/SOURCES.txt'
[2.649s] writing manifest file '../../build/my_py_pkg/my_py_pkg.egg-info/SOURCES.txt'
[2.649s] running build
[2.649s] running build_py
[2.651s] running install
[2.653s] running install_lib
[2.670s] running install_data
[2.673s] running install_egg_info
[2.677s] removing '/home/navneeth/ros2_ws/install/my_py_pkg/lib/python3.8/site-packages/my_py_pkg-0.0.0-py3.8.egg-info' (and everything under it)
[2.678s] Copying ../../build/my_py_pkg/my_py_pkg.egg-info to /home/navneeth/ros2_ws/install/my_py_pkg/lib/python3.8/site-packages/my_py_pkg-0.0.0-py3.8.egg-info
[2.681s] running install_scripts
[2.711s] Installing add_two_ints_client_no_opp = my_py_pkg.add_two_ints_client_no_opp:mainadd_two_ints_client script to /home/navneeth/ros2_ws/install/my_py_pkg/lib/my_py_pkg
[2.712s] Installing add_two_ints_server script to /home/navneeth/ros2_ws/install/my_py_pkg/lib/my_py_pkg
[2.712s] Installing number_counter script to /home/navneeth/ros2_ws/install/my_py_pkg/lib/my_py_pkg
[2.712s] Installing number_publisher script to /home/navneeth/ros2_ws/install/my_py_pkg/lib/my_py_pkg
[2.712s] Installing py_node script to /home/navneeth/ros2_ws/install/my_py_pkg/lib/my_py_pkg
[2.712s] Installing robot_news_station script to /home/navneeth/ros2_ws/install/my_py_pkg/lib/my_py_pkg
[2.712s] Installing smartphone script to /home/navneeth/ros2_ws/install/my_py_pkg/lib/my_py_pkg
[2.712s] writing list of installed files to '/home/navneeth/ros2_ws/build/my_py_pkg/install.log'
[2.735s] Invoked command in '/home/navneeth/ros2_ws/src/my_py_pkg' returned '0': PYTHONPATH=/home/navneeth/ros2_ws/install/my_py_pkg/lib/python3.8/site-packages:${PYTHONPATH} /usr/bin/python3 setup.py egg_info --egg-base ../../build/my_py_pkg build --build-base /home/navneeth/ros2_ws/build/my_py_pkg/build install --prefix /home/navneeth/ros2_ws/install/my_py_pkg --record /home/navneeth/ros2_ws/build/my_py_pkg/install.log --single-version-externally-managed
