[0.352s] Invoking command in '/home/navneeth/ros2_ws/build/my_robot_interfaces': CMAKE_PREFIX_PATH=/home/navneeth/ros2_ws/install/my_robot_interfaces:/home/navneeth/ros2_ws/install/my_py_pkg:/opt/ros/foxy:/opt/ros/noetic /usr/bin/cmake --build /home/navneeth/ros2_ws/build/my_robot_interfaces -- -j8 -l8
[1.707s] [  3%] Built target my_robot_interfaces__cpp
[1.826s] [ 32%] Built target my_robot_interfaces__rosidl_generator_c
[1.826s] [ 32%] Built target my_robot_interfaces__rosidl_typesupport_introspection_cpp
[1.826s] [ 32%] Built target my_robot_interfaces__rosidl_typesupport_cpp
[1.978s] [ 41%] Built target my_robot_interfaces__rosidl_typesupport_fastrtps_cpp
[2.005s] [ 61%] Built target my_robot_interfaces__rosidl_typesupport_introspection_c
[2.005s] [ 61%] Built target my_robot_interfaces__rosidl_typesupport_c
[2.065s] [ 70%] Built target my_robot_interfaces__rosidl_typesupport_fastrtps_c
[2.092s] [ 70%] Built target my_robot_interfaces
[2.161s] [ 74%] Built target my_robot_interfaces__py
[2.335s] [ 80%] Built target my_robot_interfaces__python
[2.429s] [100%] Built target my_robot_interfaces__rosidl_typesupport_fastrtps_c__pyext
[2.429s] [100%] Built target my_robot_interfaces__rosidl_typesupport_c__pyext
[2.429s] [100%] Built target my_robot_interfaces__rosidl_typesupport_introspection_c__pyext
[2.439s] Invoked command in '/home/navneeth/ros2_ws/build/my_robot_interfaces' returned '0': CMAKE_PREFIX_PATH=/home/navneeth/ros2_ws/install/my_robot_interfaces:/home/navneeth/ros2_ws/install/my_py_pkg:/opt/ros/foxy:/opt/ros/noetic /usr/bin/cmake --build /home/navneeth/ros2_ws/build/my_robot_interfaces -- -j8 -l8
[2.487s] Invoking command in '/home/navneeth/ros2_ws/build/my_robot_interfaces': CMAKE_PREFIX_PATH=/home/navneeth/ros2_ws/install/my_robot_interfaces:/home/navneeth/ros2_ws/install/my_py_pkg:/opt/ros/foxy:/opt/ros/noetic /usr/bin/cmake --install /home/navneeth/ros2_ws/build/my_robot_interfaces
[2.495s] -- Install configuration: ""
[2.495s] -- Up-to-date: /home/navneeth/ros2_ws/install/my_robot_interfaces/share/ament_index/resource_index/rosidl_interfaces/my_robot_interfaces
[2.495s] -- Up-to-date: /home/navneeth/ros2_ws/install/my_robot_interfaces/include/my_robot_interfaces
[2.496s] -- Up-to-date: /home/navneeth/ros2_ws/install/my_robot_interfaces/include/my_robot_interfaces/msg
[2.501s] -- Up-to-date: /home/navneeth/ros2_ws/install/my_robot_interfaces/include/my_robot_interfaces/msg/hardware_status.h
[2.501s] -- Up-to-date: /home/navneeth/ros2_ws/install/my_robot_interfaces/include/my_robot_interfaces/msg/detail
[2.501s] -- Up-to-date: /home/navneeth/ros2_ws/install/my_robot_interfaces/include/my_robot_interfaces/msg/detail/hardware_status__functions.h
[2.501s] -- Up-to-date: /home/navneeth/ros2_ws/install/my_robot_interfaces/include/my_robot_interfaces/msg/detail/hardware_status__struct.h
[2.501s] -- Up-to-date: /home/navneeth/ros2_ws/install/my_robot_interfaces/include/my_robot_interfaces/msg/detail/hardware_status__functions.c
[2.501s] -- Up-to-date: /home/navneeth/ros2_ws/install/my_robot_interfaces/include/my_robot_interfaces/msg/detail/hardware_status__type_support.h
[2.502s] -- Up-to-date: /home/navneeth/ros2_ws/install/my_robot_interfaces/include/my_robot_interfaces/msg/rosidl_generator_c__visibility_control.h
[2.502s] -- Up-to-date: /home/navneeth/ros2_ws/install/my_robot_interfaces/share/my_robot_interfaces/environment/library_path.sh
[2.502s] -- Up-to-date: /home/navneeth/ros2_ws/install/my_robot_interfaces/share/my_robot_interfaces/environment/library_path.dsv
[2.502s] -- Up-to-date: /home/navneeth/ros2_ws/install/my_robot_interfaces/lib/libmy_robot_interfaces__rosidl_generator_c.so
[2.502s] -- Up-to-date: /home/navneeth/ros2_ws/install/my_robot_interfaces/include/my_robot_interfaces
[2.502s] -- Up-to-date: /home/navneeth/ros2_ws/install/my_robot_interfaces/include/my_robot_interfaces/msg
[2.502s] -- Up-to-date: /home/navneeth/ros2_ws/install/my_robot_interfaces/include/my_robot_interfaces/msg/rosidl_typesupport_fastrtps_c__visibility_control.h
[2.502s] -- Up-to-date: /home/navneeth/ros2_ws/install/my_robot_interfaces/include/my_robot_interfaces/msg/detail
[2.502s] -- Up-to-date: /home/navneeth/ros2_ws/install/my_robot_interfaces/include/my_robot_interfaces/msg/detail/hardware_status__rosidl_typesupport_fastrtps_c.h
[2.502s] -- Up-to-date: /home/navneeth/ros2_ws/install/my_robot_interfaces/lib/libmy_robot_interfaces__rosidl_typesupport_fastrtps_c.so
[2.502s] -- Up-to-date: /home/navneeth/ros2_ws/install/my_robot_interfaces/include/my_robot_interfaces
[2.502s] -- Up-to-date: /home/navneeth/ros2_ws/install/my_robot_interfaces/include/my_robot_interfaces/msg
[2.503s] -- Up-to-date: /home/navneeth/ros2_ws/install/my_robot_interfaces/include/my_robot_interfaces/msg/rosidl_typesupport_fastrtps_cpp__visibility_control.h
[2.503s] -- Up-to-date: /home/navneeth/ros2_ws/install/my_robot_interfaces/include/my_robot_interfaces/msg/detail
[2.503s] -- Up-to-date: /home/navneeth/ros2_ws/install/my_robot_interfaces/include/my_robot_interfaces/msg/detail/dds_fastrtps
[2.503s] -- Up-to-date: /home/navneeth/ros2_ws/install/my_robot_interfaces/include/my_robot_interfaces/msg/detail/hardware_status__rosidl_typesupport_fastrtps_cpp.hpp
[2.503s] -- Up-to-date: /home/navneeth/ros2_ws/install/my_robot_interfaces/lib/libmy_robot_interfaces__rosidl_typesupport_fastrtps_cpp.so
[2.503s] -- Up-to-date: /home/navneeth/ros2_ws/install/my_robot_interfaces/include/my_robot_interfaces
[2.503s] -- Up-to-date: /home/navneeth/ros2_ws/install/my_robot_interfaces/include/my_robot_interfaces/msg
[2.503s] -- Up-to-date: /home/navneeth/ros2_ws/install/my_robot_interfaces/include/my_robot_interfaces/msg/rosidl_typesupport_introspection_c__visibility_control.h
[2.503s] -- Up-to-date: /home/navneeth/ros2_ws/install/my_robot_interfaces/include/my_robot_interfaces/msg/detail
[2.503s] -- Up-to-date: /home/navneeth/ros2_ws/install/my_robot_interfaces/include/my_robot_interfaces/msg/detail/hardware_status__rosidl_typesupport_introspection_c.h
[2.503s] -- Up-to-date: /home/navneeth/ros2_ws/install/my_robot_interfaces/include/my_robot_interfaces/msg/detail/hardware_status__type_support.c
[2.504s] -- Up-to-date: /home/navneeth/ros2_ws/install/my_robot_interfaces/lib/libmy_robot_interfaces__rosidl_typesupport_introspection_c.so
[2.504s] -- Up-to-date: /home/navneeth/ros2_ws/install/my_robot_interfaces/lib/libmy_robot_interfaces__rosidl_typesupport_c.so
[2.504s] -- Up-to-date: /home/navneeth/ros2_ws/install/my_robot_interfaces/include/my_robot_interfaces
[2.505s] -- Up-to-date: /home/navneeth/ros2_ws/install/my_robot_interfaces/include/my_robot_interfaces/msg
[2.505s] -- Up-to-date: /home/navneeth/ros2_ws/install/my_robot_interfaces/include/my_robot_interfaces/msg/hardware_status.hpp
[2.505s] -- Up-to-date: /home/navneeth/ros2_ws/install/my_robot_interfaces/include/my_robot_interfaces/msg/detail
[2.505s] -- Up-to-date: /home/navneeth/ros2_ws/install/my_robot_interfaces/include/my_robot_interfaces/msg/detail/hardware_status__traits.hpp
[2.505s] -- Up-to-date: /home/navneeth/ros2_ws/install/my_robot_interfaces/include/my_robot_interfaces/msg/detail/hardware_status__struct.hpp
[2.505s] -- Up-to-date: /home/navneeth/ros2_ws/install/my_robot_interfaces/include/my_robot_interfaces/msg/detail/hardware_status__builder.hpp
[2.505s] -- Up-to-date: /home/navneeth/ros2_ws/install/my_robot_interfaces/include/my_robot_interfaces
[2.505s] -- Up-to-date: /home/navneeth/ros2_ws/install/my_robot_interfaces/include/my_robot_interfaces/msg
[2.505s] -- Up-to-date: /home/navneeth/ros2_ws/install/my_robot_interfaces/include/my_robot_interfaces/msg/detail
[2.505s] -- Up-to-date: /home/navneeth/ros2_ws/install/my_robot_interfaces/include/my_robot_interfaces/msg/detail/hardware_status__type_support.cpp
[2.505s] -- Up-to-date: /home/navneeth/ros2_ws/install/my_robot_interfaces/include/my_robot_interfaces/msg/detail/hardware_status__rosidl_typesupport_introspection_cpp.hpp
[2.505s] -- Up-to-date: /home/navneeth/ros2_ws/install/my_robot_interfaces/lib/libmy_robot_interfaces__rosidl_typesupport_introspection_cpp.so
[2.505s] -- Up-to-date: /home/navneeth/ros2_ws/install/my_robot_interfaces/lib/libmy_robot_interfaces__rosidl_typesupport_cpp.so
[2.506s] -- Up-to-date: /home/navneeth/ros2_ws/install/my_robot_interfaces/share/my_robot_interfaces/environment/pythonpath.sh
[2.506s] -- Up-to-date: /home/navneeth/ros2_ws/install/my_robot_interfaces/share/my_robot_interfaces/environment/pythonpath.dsv
[2.506s] -- Up-to-date: /home/navneeth/ros2_ws/install/my_robot_interfaces/lib/python3.8/site-packages/my_robot_interfaces/__init__.py
[2.552s] -- Up-to-date: /home/navneeth/ros2_ws/install/my_robot_interfaces/lib/python3.8/site-packages/my_robot_interfaces/msg
[2.559s] -- Up-to-date: /home/navneeth/ros2_ws/install/my_robot_interfaces/lib/python3.8/site-packages/my_robot_interfaces/msg/_hardware_status_s.c
[2.559s] -- Up-to-date: /home/navneeth/ros2_ws/install/my_robot_interfaces/lib/python3.8/site-packages/my_robot_interfaces/msg/_hardware_status.py
[2.559s] -- Up-to-date: /home/navneeth/ros2_ws/install/my_robot_interfaces/lib/python3.8/site-packages/my_robot_interfaces/msg/__init__.py
[2.559s] -- Up-to-date: /home/navneeth/ros2_ws/install/my_robot_interfaces/lib/python3.8/site-packages/my_robot_interfaces/my_robot_interfaces_s__rosidl_typesupport_fastrtps_c.cpython-38-x86_64-linux-gnu.so
[2.560s] -- Up-to-date: /home/navneeth/ros2_ws/install/my_robot_interfaces/lib/python3.8/site-packages/my_robot_interfaces/my_robot_interfaces_s__rosidl_typesupport_introspection_c.cpython-38-x86_64-linux-gnu.so
[2.561s] -- Up-to-date: /home/navneeth/ros2_ws/install/my_robot_interfaces/lib/python3.8/site-packages/my_robot_interfaces/my_robot_interfaces_s__rosidl_typesupport_c.cpython-38-x86_64-linux-gnu.so
[2.561s] -- Up-to-date: /home/navneeth/ros2_ws/install/my_robot_interfaces/lib/libmy_robot_interfaces__python.so
[2.579s] -- Up-to-date: /home/navneeth/ros2_ws/install/my_robot_interfaces/share/my_robot_interfaces/msg/HardwareStatus.idl
[2.579s] -- Up-to-date: /home/navneeth/ros2_ws/install/my_robot_interfaces/share/my_robot_interfaces/msg/HardwareStatus.msg
[2.580s] -- Up-to-date: /home/navneeth/ros2_ws/install/my_robot_interfaces/share/ament_index/resource_index/package_run_dependencies/my_robot_interfaces
[2.580s] -- Up-to-date: /home/navneeth/ros2_ws/install/my_robot_interfaces/share/ament_index/resource_index/parent_prefix_path/my_robot_interfaces
[2.580s] -- Up-to-date: /home/navneeth/ros2_ws/install/my_robot_interfaces/share/my_robot_interfaces/environment/ament_prefix_path.sh
[2.580s] -- Up-to-date: /home/navneeth/ros2_ws/install/my_robot_interfaces/share/my_robot_interfaces/environment/ament_prefix_path.dsv
[2.580s] -- Up-to-date: /home/navneeth/ros2_ws/install/my_robot_interfaces/share/my_robot_interfaces/environment/path.sh
[2.580s] -- Up-to-date: /home/navneeth/ros2_ws/install/my_robot_interfaces/share/my_robot_interfaces/environment/path.dsv
[2.580s] -- Up-to-date: /home/navneeth/ros2_ws/install/my_robot_interfaces/share/my_robot_interfaces/local_setup.bash
[2.581s] -- Up-to-date: /home/navneeth/ros2_ws/install/my_robot_interfaces/share/my_robot_interfaces/local_setup.sh
[2.581s] -- Up-to-date: /home/navneeth/ros2_ws/install/my_robot_interfaces/share/my_robot_interfaces/local_setup.zsh
[2.581s] -- Up-to-date: /home/navneeth/ros2_ws/install/my_robot_interfaces/share/my_robot_interfaces/local_setup.dsv
[2.581s] -- Installing: /home/navneeth/ros2_ws/install/my_robot_interfaces/share/my_robot_interfaces/package.dsv
[2.581s] -- Up-to-date: /home/navneeth/ros2_ws/install/my_robot_interfaces/share/ament_index/resource_index/packages/my_robot_interfaces
[2.588s] -- Up-to-date: /home/navneeth/ros2_ws/install/my_robot_interfaces/share/my_robot_interfaces/cmake/my_robot_interfaces__rosidl_generator_cExport.cmake
[2.589s] -- Up-to-date: /home/navneeth/ros2_ws/install/my_robot_interfaces/share/my_robot_interfaces/cmake/my_robot_interfaces__rosidl_generator_cExport-noconfig.cmake
[2.601s] -- Up-to-date: /home/navneeth/ros2_ws/install/my_robot_interfaces/share/my_robot_interfaces/cmake/my_robot_interfaces__rosidl_typesupport_introspection_cExport.cmake
[2.602s] -- Up-to-date: /home/navneeth/ros2_ws/install/my_robot_interfaces/share/my_robot_interfaces/cmake/my_robot_interfaces__rosidl_typesupport_introspection_cExport-noconfig.cmake
[2.602s] -- Up-to-date: /home/navneeth/ros2_ws/install/my_robot_interfaces/share/my_robot_interfaces/cmake/my_robot_interfaces__rosidl_typesupport_cExport.cmake
[2.602s] -- Up-to-date: /home/navneeth/ros2_ws/install/my_robot_interfaces/share/my_robot_interfaces/cmake/my_robot_interfaces__rosidl_typesupport_cExport-noconfig.cmake
[2.603s] -- Up-to-date: /home/navneeth/ros2_ws/install/my_robot_interfaces/share/my_robot_interfaces/cmake/my_robot_interfaces__rosidl_generator_cppExport.cmake
[2.604s] -- Up-to-date: /home/navneeth/ros2_ws/install/my_robot_interfaces/share/my_robot_interfaces/cmake/my_robot_interfaces__rosidl_typesupport_introspection_cppExport.cmake
[2.604s] -- Up-to-date: /home/navneeth/ros2_ws/install/my_robot_interfaces/share/my_robot_interfaces/cmake/my_robot_interfaces__rosidl_typesupport_introspection_cppExport-noconfig.cmake
[2.605s] -- Up-to-date: /home/navneeth/ros2_ws/install/my_robot_interfaces/share/my_robot_interfaces/cmake/my_robot_interfaces__rosidl_typesupport_cppExport.cmake
[2.606s] -- Up-to-date: /home/navneeth/ros2_ws/install/my_robot_interfaces/share/my_robot_interfaces/cmake/my_robot_interfaces__rosidl_typesupport_cppExport-noconfig.cmake
[2.606s] -- Up-to-date: /home/navneeth/ros2_ws/install/my_robot_interfaces/share/my_robot_interfaces/cmake/rosidl_cmake-extras.cmake
[2.607s] -- Up-to-date: /home/navneeth/ros2_ws/install/my_robot_interfaces/share/my_robot_interfaces/cmake/ament_cmake_export_dependencies-extras.cmake
[2.607s] -- Up-to-date: /home/navneeth/ros2_ws/install/my_robot_interfaces/share/my_robot_interfaces/cmake/ament_cmake_export_libraries-extras.cmake
[2.608s] -- Up-to-date: /home/navneeth/ros2_ws/install/my_robot_interfaces/share/my_robot_interfaces/cmake/ament_cmake_export_targets-extras.cmake
[2.608s] -- Up-to-date: /home/navneeth/ros2_ws/install/my_robot_interfaces/share/my_robot_interfaces/cmake/ament_cmake_export_include_directories-extras.cmake
[2.608s] -- Up-to-date: /home/navneeth/ros2_ws/install/my_robot_interfaces/share/my_robot_interfaces/cmake/rosidl_cmake_export_typesupport_libraries-extras.cmake
[2.609s] -- Up-to-date: /home/navneeth/ros2_ws/install/my_robot_interfaces/share/my_robot_interfaces/cmake/rosidl_cmake_export_typesupport_targets-extras.cmake
[2.609s] -- Up-to-date: /home/navneeth/ros2_ws/install/my_robot_interfaces/share/my_robot_interfaces/cmake/my_robot_interfacesConfig.cmake
[2.609s] -- Up-to-date: /home/navneeth/ros2_ws/install/my_robot_interfaces/share/my_robot_interfaces/cmake/my_robot_interfacesConfig-version.cmake
[2.609s] -- Up-to-date: /home/navneeth/ros2_ws/install/my_robot_interfaces/share/my_robot_interfaces/package.xml
[2.613s] Invoked command in '/home/navneeth/ros2_ws/build/my_robot_interfaces' returned '0': CMAKE_PREFIX_PATH=/home/navneeth/ros2_ws/install/my_robot_interfaces:/home/navneeth/ros2_ws/install/my_py_pkg:/opt/ros/foxy:/opt/ros/noetic /usr/bin/cmake --install /home/navneeth/ros2_ws/build/my_robot_interfaces
