[0.296s] Invoking command in '/home/navneeth/ros2_ws/src/my_py_pkg': PYTHONPATH=/home/navneeth/ros2_ws/install/my_py_pkg/lib/python3.8/site-packages:${PYTHONPATH} /usr/bin/python3 setup.py egg_info --egg-base ../../build/my_py_pkg build --build-base /home/navneeth/ros2_ws/build/my_py_pkg/build install --prefix /home/navneeth/ros2_ws/install/my_py_pkg --record /home/navneeth/ros2_ws/build/my_py_pkg/install.log --single-version-externally-managed
[0.548s] running egg_info
[0.548s] writing ../../build/my_py_pkg/my_py_pkg.egg-info/PKG-INFO
[0.549s] writing dependency_links to ../../build/my_py_pkg/my_py_pkg.egg-info/dependency_links.txt
[0.549s] writing entry points to ../../build/my_py_pkg/my_py_pkg.egg-info/entry_points.txt
[0.549s] writing requirements to ../../build/my_py_pkg/my_py_pkg.egg-info/requires.txt
[0.549s] writing top-level names to ../../build/my_py_pkg/my_py_pkg.egg-info/top_level.txt
[0.640s] listing git files failed - pretending there aren't any
[0.642s] reading manifest file '../../build/my_py_pkg/my_py_pkg.egg-info/SOURCES.txt'
[0.644s] writing manifest file '../../build/my_py_pkg/my_py_pkg.egg-info/SOURCES.txt'
[0.644s] running build
[0.644s] running build_py
[0.644s] copying my_py_pkg/my_first_node.py -> /home/navneeth/ros2_ws/build/my_py_pkg/build/lib/my_py_pkg
[0.644s] running install
[0.645s] running install_lib
[0.647s] copying /home/navneeth/ros2_ws/build/my_py_pkg/build/lib/my_py_pkg/my_first_node.py -> /home/navneeth/ros2_ws/install/my_py_pkg/lib/python3.8/site-packages/my_py_pkg
[0.648s] byte-compiling /home/navneeth/ros2_ws/install/my_py_pkg/lib/python3.8/site-packages/my_py_pkg/my_first_node.py to my_first_node.cpython-38.pyc
[0.648s] running install_data
[0.649s] running install_egg_info
[0.650s] removing '/home/navneeth/ros2_ws/install/my_py_pkg/lib/python3.8/site-packages/my_py_pkg-0.0.0-py3.8.egg-info' (and everything under it)
[0.650s] Copying ../../build/my_py_pkg/my_py_pkg.egg-info to /home/navneeth/ros2_ws/install/my_py_pkg/lib/python3.8/site-packages/my_py_pkg-0.0.0-py3.8.egg-info
[0.651s] running install_scripts
[0.666s] Installing py_node script to /home/navneeth/ros2_ws/install/my_py_pkg/lib/my_py_pkg
[0.667s] writing list of installed files to '/home/navneeth/ros2_ws/build/my_py_pkg/install.log'
[0.688s] Invoked command in '/home/navneeth/ros2_ws/src/my_py_pkg' returned '0': PYTHONPATH=/home/navneeth/ros2_ws/install/my_py_pkg/lib/python3.8/site-packages:${PYTHONPATH} /usr/bin/python3 setup.py egg_info --egg-base ../../build/my_py_pkg build --build-base /home/navneeth/ros2_ws/build/my_py_pkg/build install --prefix /home/navneeth/ros2_ws/install/my_py_pkg --record /home/navneeth/ros2_ws/build/my_py_pkg/install.log --single-version-externally-managed
