[0.031s] Invoking command in '/home/navneeth/ros2_ws/build/webots_ros2_msgs': CMAKE_PREFIX_PATH=/opt/ros/foxy /usr/bin/cmake --build /home/navneeth/ros2_ws/build/webots_ros2_msgs -- -j8 -l8
[0.655s] [35m[1mScanning dependencies of target webots_ros2_msgs__cpp[0m
[0.655s] [  2%] [34m[1mGenerating C code for ROS interfaces[0m
[0.656s] [  4%] [34m[1mGenerating C++ code for ROS interfaces[0m
[0.656s] [35m[1mScanning dependencies of target webots_ros2_msgs__rosidl_generator_c[0m
[0.657s] [  8%] [32mBuilding C object CMakeFiles/webots_ros2_msgs__rosidl_generator_c.dir/rosidl_generator_c/webots_ros2_msgs/srv/detail/set_int__functions.c.o[0m
[0.657s] [  8%] [32mBuilding C object CMakeFiles/webots_ros2_msgs__rosidl_generator_c.dir/rosidl_generator_c/webots_ros2_msgs/msg/detail/wb_camera_recognition_objects__functions.c.o[0m
[0.659s] [ 10%] [32mBuilding C object CMakeFiles/webots_ros2_msgs__rosidl_generator_c.dir/rosidl_generator_c/webots_ros2_msgs/msg/detail/wb_camera_recognition_object__functions.c.o[0m
[0.659s] [ 10%] Built target webots_ros2_msgs__cpp
[0.660s] [ 17%] [34m[1mGenerating C++ type support for eProsima Fast-RTPS[0m
[0.661s] [ 17%] [34m[1mGenerating C++ introspection for ROS interfaces[0m
[0.662s] [ 17%] [34m[1mGenerating C++ type support dispatch for ROS interfaces[0m
[0.825s] [35m[1mScanning dependencies of target webots_ros2_msgs__rosidl_typesupport_introspection_cpp[0m
[0.836s] [35m[1mScanning dependencies of target webots_ros2_msgs__rosidl_typesupport_cpp[0m
[0.846s] [ 21%] [32mBuilding CXX object CMakeFiles/webots_ros2_msgs__rosidl_typesupport_introspection_cpp.dir/rosidl_typesupport_introspection_cpp/webots_ros2_msgs/srv/detail/set_int__type_support.cpp.o[0m
[0.846s] [ 21%] [32mBuilding CXX object CMakeFiles/webots_ros2_msgs__rosidl_typesupport_introspection_cpp.dir/rosidl_typesupport_introspection_cpp/webots_ros2_msgs/msg/detail/wb_camera_recognition_object__type_support.cpp.o[0m
[0.850s] [ 23%] [32mBuilding CXX object CMakeFiles/webots_ros2_msgs__rosidl_typesupport_introspection_cpp.dir/rosidl_typesupport_introspection_cpp/webots_ros2_msgs/msg/detail/wb_camera_recognition_objects__type_support.cpp.o[0m
[0.857s] [ 25%] [32mBuilding CXX object CMakeFiles/webots_ros2_msgs__rosidl_typesupport_cpp.dir/rosidl_typesupport_cpp/webots_ros2_msgs/msg/wb_camera_recognition_object__type_support.cpp.o[0m
[0.926s] [35m[1mScanning dependencies of target webots_ros2_msgs__rosidl_typesupport_fastrtps_cpp[0m
[0.948s] [ 27%] [32mBuilding CXX object CMakeFiles/webots_ros2_msgs__rosidl_typesupport_fastrtps_cpp.dir/rosidl_typesupport_fastrtps_cpp/webots_ros2_msgs/msg/detail/dds_fastrtps/wb_camera_recognition_object__type_support.cpp.o[0m
[1.029s] [ 29%] [32mBuilding CXX object CMakeFiles/webots_ros2_msgs__rosidl_typesupport_cpp.dir/rosidl_typesupport_cpp/webots_ros2_msgs/msg/wb_camera_recognition_objects__type_support.cpp.o[0m
[1.035s] [ 31%] [32mBuilding CXX object CMakeFiles/webots_ros2_msgs__rosidl_typesupport_fastrtps_cpp.dir/rosidl_typesupport_fastrtps_cpp/webots_ros2_msgs/msg/detail/dds_fastrtps/wb_camera_recognition_objects__type_support.cpp.o[0m
[1.036s] [ 34%] [32m[1mLinking C shared library libwebots_ros2_msgs__rosidl_generator_c.so[0m
[1.081s] [ 34%] Built target webots_ros2_msgs__rosidl_generator_c
[1.095s] [ 36%] [32mBuilding CXX object CMakeFiles/webots_ros2_msgs__rosidl_typesupport_fastrtps_cpp.dir/rosidl_typesupport_fastrtps_cpp/webots_ros2_msgs/srv/detail/dds_fastrtps/set_int__type_support.cpp.o[0m
[2.124s] [ 38%] [32mBuilding CXX object CMakeFiles/webots_ros2_msgs__rosidl_typesupport_cpp.dir/rosidl_typesupport_cpp/webots_ros2_msgs/srv/set_int__type_support.cpp.o[0m
[2.155s] [ 40%] [34m[1mGenerating C type support dispatch for ROS interfaces[0m
[2.167s] [ 42%] [34m[1mGenerating C introspection for ROS interfaces[0m
[2.330s] [ 44%] [32m[1mLinking CXX shared library libwebots_ros2_msgs__rosidl_typesupport_introspection_cpp.so[0m
[2.449s] [ 44%] Built target webots_ros2_msgs__rosidl_typesupport_introspection_cpp
[2.519s] [ 46%] [32m[1mLinking CXX shared library libwebots_ros2_msgs__rosidl_typesupport_fastrtps_cpp.so[0m
[2.556s] [35m[1mScanning dependencies of target webots_ros2_msgs__rosidl_typesupport_c[0m
[2.561s] [ 48%] [32m[1mLinking CXX shared library libwebots_ros2_msgs__rosidl_typesupport_cpp.so[0m
[2.570s] [ 51%] [32mBuilding CXX object CMakeFiles/webots_ros2_msgs__rosidl_typesupport_c.dir/rosidl_typesupport_c/webots_ros2_msgs/msg/wb_camera_recognition_objects__type_support.cpp.o[0m
[2.572s] [ 53%] [32mBuilding CXX object CMakeFiles/webots_ros2_msgs__rosidl_typesupport_c.dir/rosidl_typesupport_c/webots_ros2_msgs/msg/wb_camera_recognition_object__type_support.cpp.o[0m
[2.573s] [ 55%] [32mBuilding CXX object CMakeFiles/webots_ros2_msgs__rosidl_typesupport_c.dir/rosidl_typesupport_c/webots_ros2_msgs/srv/set_int__type_support.cpp.o[0m
[2.617s] [ 57%] [32m[1mLinking CXX shared library libwebots_ros2_msgs__rosidl_typesupport_c.so[0m
[2.622s] [ 57%] Built target webots_ros2_msgs__rosidl_typesupport_cpp
[2.629s] [35m[1mScanning dependencies of target webots_ros2_msgs__rosidl_typesupport_introspection_c[0m
[2.638s] [ 57%] Built target webots_ros2_msgs__rosidl_typesupport_fastrtps_cpp
[2.645s] [ 61%] [32mBuilding C object CMakeFiles/webots_ros2_msgs__rosidl_typesupport_introspection_c.dir/rosidl_typesupport_introspection_c/webots_ros2_msgs/msg/detail/wb_camera_recognition_objects__type_support.c.o[0m
[2.645s] [ 61%] [32mBuilding C object CMakeFiles/webots_ros2_msgs__rosidl_typesupport_introspection_c.dir/rosidl_typesupport_introspection_c/webots_ros2_msgs/msg/detail/wb_camera_recognition_object__type_support.c.o[0m
[2.647s] [ 63%] [32mBuilding C object CMakeFiles/webots_ros2_msgs__rosidl_typesupport_introspection_c.dir/rosidl_typesupport_introspection_c/webots_ros2_msgs/srv/detail/set_int__type_support.c.o[0m
[2.649s] [ 65%] [34m[1mGenerating C type support for eProsima Fast-RTPS[0m
[2.665s] [ 65%] Built target webots_ros2_msgs__rosidl_typesupport_c
[2.689s] [ 68%] [32m[1mLinking C shared library libwebots_ros2_msgs__rosidl_typesupport_introspection_c.so[0m
[2.720s] [ 68%] Built target webots_ros2_msgs__rosidl_typesupport_introspection_c
[2.921s] [35m[1mScanning dependencies of target webots_ros2_msgs__rosidl_typesupport_fastrtps_c[0m
[2.940s] [ 74%] [32mBuilding CXX object CMakeFiles/webots_ros2_msgs__rosidl_typesupport_fastrtps_c.dir/rosidl_typesupport_fastrtps_c/webots_ros2_msgs/msg/detail/wb_camera_recognition_object__type_support_c.cpp.o[0m
[2.940s] [ 74%] [32mBuilding CXX object CMakeFiles/webots_ros2_msgs__rosidl_typesupport_fastrtps_c.dir/rosidl_typesupport_fastrtps_c/webots_ros2_msgs/srv/detail/set_int__type_support_c.cpp.o[0m
[2.940s] [ 74%] [32mBuilding CXX object CMakeFiles/webots_ros2_msgs__rosidl_typesupport_fastrtps_c.dir/rosidl_typesupport_fastrtps_c/webots_ros2_msgs/msg/detail/wb_camera_recognition_objects__type_support_c.cpp.o[0m
[3.290s] [ 76%] [32m[1mLinking CXX shared library libwebots_ros2_msgs__rosidl_typesupport_fastrtps_c.so[0m
[3.375s] [ 76%] Built target webots_ros2_msgs__rosidl_typesupport_fastrtps_c
[3.384s] [35m[1mScanning dependencies of target webots_ros2_msgs[0m
[3.393s] [ 76%] Built target webots_ros2_msgs
[3.402s] [35m[1mScanning dependencies of target webots_ros2_msgs__py[0m
[3.412s] [ 78%] [34m[1mGenerating Python code for ROS interfaces[0m
[3.913s] [ 78%] Built target webots_ros2_msgs__py
[3.922s] [35m[1mScanning dependencies of target webots_ros2_msgs__python[0m
[4.093s] [ 82%] [32mBuilding C object CMakeFiles/webots_ros2_msgs__python.dir/rosidl_generator_py/webots_ros2_msgs/msg/_wb_camera_recognition_object_s.c.o[0m
[4.093s] [ 82%] [32mBuilding C object CMakeFiles/webots_ros2_msgs__python.dir/rosidl_generator_py/webots_ros2_msgs/msg/_wb_camera_recognition_objects_s.c.o[0m
[4.094s] [ 85%] [32mBuilding C object CMakeFiles/webots_ros2_msgs__python.dir/rosidl_generator_py/webots_ros2_msgs/srv/_set_int_s.c.o[0m
[4.442s] [ 87%] [32m[1mLinking C shared library rosidl_generator_py/webots_ros2_msgs/libwebots_ros2_msgs__python.so[0m
[4.487s] [ 87%] Built target webots_ros2_msgs__python
[4.496s] [35m[1mScanning dependencies of target webots_ros2_msgs__rosidl_typesupport_c__pyext[0m
[4.496s] [35m[1mScanning dependencies of target webots_ros2_msgs__rosidl_typesupport_introspection_c__pyext[0m
[4.496s] [35m[1mScanning dependencies of target webots_ros2_msgs__rosidl_typesupport_fastrtps_c__pyext[0m
[4.512s] [ 89%] [32mBuilding C object CMakeFiles/webots_ros2_msgs__rosidl_typesupport_c__pyext.dir/rosidl_generator_py/webots_ros2_msgs/_webots_ros2_msgs_s.ep.rosidl_typesupport_c.c.o[0m
[4.513s] [ 91%] [32mBuilding C object CMakeFiles/webots_ros2_msgs__rosidl_typesupport_introspection_c__pyext.dir/rosidl_generator_py/webots_ros2_msgs/_webots_ros2_msgs_s.ep.rosidl_typesupport_introspection_c.c.o[0m
[4.515s] [ 93%] [32mBuilding C object CMakeFiles/webots_ros2_msgs__rosidl_typesupport_fastrtps_c__pyext.dir/rosidl_generator_py/webots_ros2_msgs/_webots_ros2_msgs_s.ep.rosidl_typesupport_fastrtps_c.c.o[0m
[4.588s] [ 95%] [32m[1mLinking C shared library rosidl_generator_py/webots_ros2_msgs/webots_ros2_msgs_s__rosidl_typesupport_c.cpython-38-x86_64-linux-gnu.so[0m
[4.588s] [ 97%] [32m[1mLinking C shared library rosidl_generator_py/webots_ros2_msgs/webots_ros2_msgs_s__rosidl_typesupport_introspection_c.cpython-38-x86_64-linux-gnu.so[0m
[4.593s] [100%] [32m[1mLinking CXX shared library rosidl_generator_py/webots_ros2_msgs/webots_ros2_msgs_s__rosidl_typesupport_fastrtps_c.cpython-38-x86_64-linux-gnu.so[0m
[4.626s] [100%] Built target webots_ros2_msgs__rosidl_typesupport_introspection_c__pyext
[4.626s] [100%] Built target webots_ros2_msgs__rosidl_typesupport_c__pyext
[4.659s] [100%] Built target webots_ros2_msgs__rosidl_typesupport_fastrtps_c__pyext
