[0.141s] Invoking command in '/home/navneeth/ros2_ws/build/my_robot_bringup': CMAKE_PREFIX_PATH=/home/navneeth/ros2_ws/install/my_robot_interfaces:/home/navneeth/ros2_ws/install/my_robot_bringup:/home/navneeth/ros2_ws/install/my_py_pkg:/opt/ros/foxy:/opt/ros/noetic PYTHONPATH=/home/navneeth/ros2_ws/install/my_py_pkg/lib/python3.8/site-packages:/home/navneeth/ros2_ws/install/my_robot_interfaces/lib/python3.8/site-packages:/home/navneeth/ros2_ws/build/my_py_pkg:/opt/ros/noetic/lib/python3/dist-packages:/opt/ros/foxy/lib/python3.8/site-packages /usr/bin/cmake /home/navneeth/ros2_ws/src/my_robot_bringup -DCMAKE_INSTALL_PREFIX=/home/navneeth/ros2_ws/install/my_robot_bringup
[0.226s] -- Found ament_cmake: 0.9.9 (/opt/ros/foxy/share/ament_cmake/cmake)
[0.281s] -- Using PYTHON_EXECUTABLE: /usr/bin/python3
[0.561s] -- Override CMake install command with custom implementation using symlinks instead of copying resources
[0.674s] -- Configuring done
[0.776s] -- Generating done
[0.791s] -- Build files have been written to: /home/navneeth/ros2_ws/build/my_robot_bringup
[0.793s] Invoked command in '/home/navneeth/ros2_ws/build/my_robot_bringup' returned '0': CMAKE_PREFIX_PATH=/home/navneeth/ros2_ws/install/my_robot_interfaces:/home/navneeth/ros2_ws/install/my_robot_bringup:/home/navneeth/ros2_ws/install/my_py_pkg:/opt/ros/foxy:/opt/ros/noetic PYTHONPATH=/home/navneeth/ros2_ws/install/my_py_pkg/lib/python3.8/site-packages:/home/navneeth/ros2_ws/install/my_robot_interfaces/lib/python3.8/site-packages:/home/navneeth/ros2_ws/build/my_py_pkg:/opt/ros/noetic/lib/python3/dist-packages:/opt/ros/foxy/lib/python3.8/site-packages /usr/bin/cmake /home/navneeth/ros2_ws/src/my_robot_bringup -DCMAKE_INSTALL_PREFIX=/home/navneeth/ros2_ws/install/my_robot_bringup
[0.795s] Invoking command in '/home/navneeth/ros2_ws/build/my_robot_bringup': CMAKE_PREFIX_PATH=/home/navneeth/ros2_ws/install/my_robot_interfaces:/home/navneeth/ros2_ws/install/my_robot_bringup:/home/navneeth/ros2_ws/install/my_py_pkg:/opt/ros/foxy:/opt/ros/noetic PYTHONPATH=/home/navneeth/ros2_ws/install/my_py_pkg/lib/python3.8/site-packages:/home/navneeth/ros2_ws/install/my_robot_interfaces/lib/python3.8/site-packages:/home/navneeth/ros2_ws/build/my_py_pkg:/opt/ros/noetic/lib/python3/dist-packages:/opt/ros/foxy/lib/python3.8/site-packages /usr/bin/cmake --build /home/navneeth/ros2_ws/build/my_robot_bringup -- -j8 -l8
[0.845s] Invoked command in '/home/navneeth/ros2_ws/build/my_robot_bringup' returned '0': CMAKE_PREFIX_PATH=/home/navneeth/ros2_ws/install/my_robot_interfaces:/home/navneeth/ros2_ws/install/my_robot_bringup:/home/navneeth/ros2_ws/install/my_py_pkg:/opt/ros/foxy:/opt/ros/noetic PYTHONPATH=/home/navneeth/ros2_ws/install/my_py_pkg/lib/python3.8/site-packages:/home/navneeth/ros2_ws/install/my_robot_interfaces/lib/python3.8/site-packages:/home/navneeth/ros2_ws/build/my_py_pkg:/opt/ros/noetic/lib/python3/dist-packages:/opt/ros/foxy/lib/python3.8/site-packages /usr/bin/cmake --build /home/navneeth/ros2_ws/build/my_robot_bringup -- -j8 -l8
[0.869s] Invoking command in '/home/navneeth/ros2_ws/build/my_robot_bringup': CMAKE_PREFIX_PATH=/home/navneeth/ros2_ws/install/my_robot_interfaces:/home/navneeth/ros2_ws/install/my_robot_bringup:/home/navneeth/ros2_ws/install/my_py_pkg:/opt/ros/foxy:/opt/ros/noetic PYTHONPATH=/home/navneeth/ros2_ws/install/my_py_pkg/lib/python3.8/site-packages:/home/navneeth/ros2_ws/install/my_robot_interfaces/lib/python3.8/site-packages:/home/navneeth/ros2_ws/build/my_py_pkg:/opt/ros/noetic/lib/python3/dist-packages:/opt/ros/foxy/lib/python3.8/site-packages /usr/bin/cmake --install /home/navneeth/ros2_ws/build/my_robot_bringup
[0.878s] -- Install configuration: ""
[0.879s] -- Execute custom install script
[0.880s] -- Up-to-date symlink: /home/navneeth/ros2_ws/install/my_robot_bringup/share/my_robot_bringup/launch/number_app.launch.py
[0.881s] -- Up-to-date symlink: /home/navneeth/ros2_ws/install/my_robot_bringup/share/ament_index/resource_index/package_run_dependencies/my_robot_bringup
[0.881s] -- Up-to-date symlink: /home/navneeth/ros2_ws/install/my_robot_bringup/share/ament_index/resource_index/parent_prefix_path/my_robot_bringup
[0.881s] -- Up-to-date symlink: /home/navneeth/ros2_ws/install/my_robot_bringup/share/my_robot_bringup/environment/ament_prefix_path.sh
[0.882s] -- Up-to-date symlink: /home/navneeth/ros2_ws/install/my_robot_bringup/share/my_robot_bringup/environment/ament_prefix_path.dsv
[0.882s] -- Up-to-date symlink: /home/navneeth/ros2_ws/install/my_robot_bringup/share/my_robot_bringup/environment/path.sh
[0.882s] -- Up-to-date symlink: /home/navneeth/ros2_ws/install/my_robot_bringup/share/my_robot_bringup/environment/path.dsv
[0.883s] -- Up-to-date symlink: /home/navneeth/ros2_ws/install/my_robot_bringup/share/my_robot_bringup/local_setup.bash
[0.883s] -- Up-to-date symlink: /home/navneeth/ros2_ws/install/my_robot_bringup/share/my_robot_bringup/local_setup.sh
[0.883s] -- Up-to-date symlink: /home/navneeth/ros2_ws/install/my_robot_bringup/share/my_robot_bringup/local_setup.zsh
[0.884s] -- Up-to-date symlink: /home/navneeth/ros2_ws/install/my_robot_bringup/share/my_robot_bringup/local_setup.dsv
[0.884s] -- Symlinking: /home/navneeth/ros2_ws/install/my_robot_bringup/share/my_robot_bringup/package.dsv
[0.893s] -- Up-to-date symlink: /home/navneeth/ros2_ws/install/my_robot_bringup/share/ament_index/resource_index/packages/my_robot_bringup
[0.893s] -- Up-to-date symlink: /home/navneeth/ros2_ws/install/my_robot_bringup/share/my_robot_bringup/cmake/my_robot_bringupConfig.cmake
[0.894s] -- Up-to-date symlink: /home/navneeth/ros2_ws/install/my_robot_bringup/share/my_robot_bringup/cmake/my_robot_bringupConfig-version.cmake
[0.894s] -- Up-to-date symlink: /home/navneeth/ros2_ws/install/my_robot_bringup/share/my_robot_bringup/package.xml
[0.898s] Invoked command in '/home/navneeth/ros2_ws/build/my_robot_bringup' returned '0': CMAKE_PREFIX_PATH=/home/navneeth/ros2_ws/install/my_robot_interfaces:/home/navneeth/ros2_ws/install/my_robot_bringup:/home/navneeth/ros2_ws/install/my_py_pkg:/opt/ros/foxy:/opt/ros/noetic PYTHONPATH=/home/navneeth/ros2_ws/install/my_py_pkg/lib/python3.8/site-packages:/home/navneeth/ros2_ws/install/my_robot_interfaces/lib/python3.8/site-packages:/home/navneeth/ros2_ws/build/my_py_pkg:/opt/ros/noetic/lib/python3/dist-packages:/opt/ros/foxy/lib/python3.8/site-packages /usr/bin/cmake --install /home/navneeth/ros2_ws/build/my_robot_bringup
