[0.015s] Invoking command in '/home/navneeth/ros2_ws/build/my_robot_bringup': CMAKE_PREFIX_PATH=/home/navneeth/ros2_ws/install/my_robot_interfaces:/home/navneeth/ros2_ws/install/my_py_pkg:/opt/ros/foxy:/opt/ros/noetic /usr/bin/cmake /home/navneeth/ros2_ws/src/my_robot_bringup -DAMENT_CMAKE_SYMLINK_INSTALL=1 -DCMAKE_INSTALL_PREFIX=/home/navneeth/ros2_ws/install/my_robot_bringup
[0.144s] -- The C compiler identification is GNU 9.3.0
[0.211s] -- The CXX compiler identification is GNU 9.3.0
[0.215s] -- Check for working C compiler: /usr/bin/cc
[0.275s] -- Check for working C compiler: /usr/bin/cc -- works
[0.276s] -- Detecting C compiler ABI info
[0.341s] -- Detecting C compiler ABI info - done
[0.355s] -- Detecting C compile features
[0.371s] -- Detecting C compile features - done
[0.373s] -- Check for working CXX compiler: /usr/bin/c++
[0.450s] -- Check for working CXX compiler: /usr/bin/c++ -- works
[0.451s] -- Detecting CXX compiler ABI info
[0.526s] -- Detecting CXX compiler ABI info - done
[0.548s] -- Detecting CXX compile features
[0.549s] -- Detecting CXX compile features - done
[0.584s] -- Found ament_cmake: 0.9.9 (/opt/ros/foxy/share/ament_cmake/cmake)
[0.612s] -- Found PythonInterp: /usr/bin/python3 (found suitable version "3.8.10", minimum required is "3") 
[0.612s] -- Using PYTHON_EXECUTABLE: /usr/bin/python3
[0.816s] -- Override CMake install command with custom implementation using symlinks instead of copying resources
[0.921s] -- Configuring done
[0.923s] -- Generating done
[0.924s] -- Build files have been written to: /home/navneeth/ros2_ws/build/my_robot_bringup
[0.928s] Invoked command in '/home/navneeth/ros2_ws/build/my_robot_bringup' returned '0': CMAKE_PREFIX_PATH=/home/navneeth/ros2_ws/install/my_robot_interfaces:/home/navneeth/ros2_ws/install/my_py_pkg:/opt/ros/foxy:/opt/ros/noetic /usr/bin/cmake /home/navneeth/ros2_ws/src/my_robot_bringup -DAMENT_CMAKE_SYMLINK_INSTALL=1 -DCMAKE_INSTALL_PREFIX=/home/navneeth/ros2_ws/install/my_robot_bringup
[0.930s] Invoking command in '/home/navneeth/ros2_ws/build/my_robot_bringup': CMAKE_PREFIX_PATH=/home/navneeth/ros2_ws/install/my_robot_interfaces:/home/navneeth/ros2_ws/install/my_py_pkg:/opt/ros/foxy:/opt/ros/noetic /usr/bin/cmake --build /home/navneeth/ros2_ws/build/my_robot_bringup -- -j8 -l8
[0.965s] Invoked command in '/home/navneeth/ros2_ws/build/my_robot_bringup' returned '0': CMAKE_PREFIX_PATH=/home/navneeth/ros2_ws/install/my_robot_interfaces:/home/navneeth/ros2_ws/install/my_py_pkg:/opt/ros/foxy:/opt/ros/noetic /usr/bin/cmake --build /home/navneeth/ros2_ws/build/my_robot_bringup -- -j8 -l8
[0.985s] Invoking command in '/home/navneeth/ros2_ws/build/my_robot_bringup': CMAKE_PREFIX_PATH=/home/navneeth/ros2_ws/install/my_robot_interfaces:/home/navneeth/ros2_ws/install/my_py_pkg:/opt/ros/foxy:/opt/ros/noetic /usr/bin/cmake --install /home/navneeth/ros2_ws/build/my_robot_bringup
[0.993s] -- Install configuration: ""
[0.993s] -- Execute custom install script
[0.994s] -- Symlinking: /home/navneeth/ros2_ws/install/my_robot_bringup/share/my_robot_bringup/launch/number_app.launch.py
[1.002s] -- Symlinking: /home/navneeth/ros2_ws/install/my_robot_bringup/share/ament_index/resource_index/package_run_dependencies/my_robot_bringup
[1.010s] -- Symlinking: /home/navneeth/ros2_ws/install/my_robot_bringup/share/ament_index/resource_index/parent_prefix_path/my_robot_bringup
[1.019s] -- Symlinking: /home/navneeth/ros2_ws/install/my_robot_bringup/share/my_robot_bringup/environment/ament_prefix_path.sh
[1.027s] -- Symlinking: /home/navneeth/ros2_ws/install/my_robot_bringup/share/my_robot_bringup/environment/ament_prefix_path.dsv
[1.035s] -- Symlinking: /home/navneeth/ros2_ws/install/my_robot_bringup/share/my_robot_bringup/environment/path.sh
[1.044s] -- Symlinking: /home/navneeth/ros2_ws/install/my_robot_bringup/share/my_robot_bringup/environment/path.dsv
[1.052s] -- Symlinking: /home/navneeth/ros2_ws/install/my_robot_bringup/share/my_robot_bringup/local_setup.bash
[1.060s] -- Symlinking: /home/navneeth/ros2_ws/install/my_robot_bringup/share/my_robot_bringup/local_setup.sh
[1.069s] -- Symlinking: /home/navneeth/ros2_ws/install/my_robot_bringup/share/my_robot_bringup/local_setup.zsh
[1.076s] -- Symlinking: /home/navneeth/ros2_ws/install/my_robot_bringup/share/my_robot_bringup/local_setup.dsv
[1.085s] -- Symlinking: /home/navneeth/ros2_ws/install/my_robot_bringup/share/my_robot_bringup/package.dsv
[1.093s] -- Symlinking: /home/navneeth/ros2_ws/install/my_robot_bringup/share/ament_index/resource_index/packages/my_robot_bringup
[1.101s] -- Symlinking: /home/navneeth/ros2_ws/install/my_robot_bringup/share/my_robot_bringup/cmake/my_robot_bringupConfig.cmake
[1.108s] -- Symlinking: /home/navneeth/ros2_ws/install/my_robot_bringup/share/my_robot_bringup/cmake/my_robot_bringupConfig-version.cmake
[1.116s] -- Symlinking: /home/navneeth/ros2_ws/install/my_robot_bringup/share/my_robot_bringup/package.xml
[1.127s] Invoked command in '/home/navneeth/ros2_ws/build/my_robot_bringup' returned '0': CMAKE_PREFIX_PATH=/home/navneeth/ros2_ws/install/my_robot_interfaces:/home/navneeth/ros2_ws/install/my_py_pkg:/opt/ros/foxy:/opt/ros/noetic /usr/bin/cmake --install /home/navneeth/ros2_ws/build/my_robot_bringup
