[0.014s] Invoking command in '/home/navneeth/ros2_ws/build/my_robot_interfaces': CMAKE_PREFIX_PATH=/home/navneeth/ros2_ws/install/my_robot_interfaces:/home/navneeth/ros2_ws/install/my_py_pkg:/opt/ros/foxy:/opt/ros/noetic /usr/bin/cmake --build /home/navneeth/ros2_ws/build/my_robot_interfaces -- -j8 -l8
[0.039s] -- Found ament_cmake: 0.9.9 (/opt/ros/foxy/share/ament_cmake/cmake)
[0.066s] -- Found PythonInterp: /usr/bin/python3 (found suitable version "3.8.10", minimum required is "3") 
[0.066s] -- Using PYTHON_EXECUTABLE: /usr/bin/python3
[0.271s] -- Found rosidl_default_generators: 1.0.1 (/opt/ros/foxy/share/rosidl_default_generators/cmake)
[0.273s] -- Using all available rosidl_typesupport_c: rosidl_typesupport_fastrtps_c;rosidl_typesupport_introspection_c
[0.277s] -- Found rosidl_adapter: 1.2.1 (/opt/ros/foxy/share/rosidl_adapter/cmake)
[0.400s] -- Using all available rosidl_typesupport_cpp: rosidl_typesupport_fastrtps_cpp;rosidl_typesupport_introspection_cpp
[0.445s] -- Found PythonInterp: /usr/bin/python3 (found version "3.8.10") 
[0.568s] -- Found ament_cmake_ros: 0.9.2 (/opt/ros/foxy/share/ament_cmake_ros/cmake)
[0.654s] -- Using all available rosidl_typesupport_c: rosidl_typesupport_fastrtps_c;rosidl_typesupport_introspection_c
[0.661s] -- Using all available rosidl_typesupport_cpp: rosidl_typesupport_fastrtps_cpp;rosidl_typesupport_introspection_cpp
[0.685s] -- Found PythonInterp: /usr/bin/python3 (found suitable version "3.8.10", minimum required is "3.5") 
[0.686s] -- Found python_cmake_module: 0.8.1 (/opt/ros/foxy/share/python_cmake_module/cmake)
[0.710s] -- Using PYTHON_EXECUTABLE: /usr/bin/python3
[0.710s] -- Using PYTHON_INCLUDE_DIRS: /usr/include/python3.8
[0.710s] -- Using PYTHON_LIBRARIES: /usr/lib/x86_64-linux-gnu/libpython3.8.so
[0.728s] -- Configuring done
[0.756s] -- Generating done
[0.758s] -- Build files have been written to: /home/navneeth/ros2_ws/build/my_robot_interfaces
[0.782s] [  1%] [34m[1mGenerating C code for ROS interfaces[0m
[0.792s] [  3%] [34m[1mGenerating C++ code for ROS interfaces[0m
[1.146s] [  3%] Built target my_robot_interfaces__cpp
[1.154s] [35m[1mScanning dependencies of target my_robot_interfaces__rosidl_generator_c[0m
[1.155s] [  9%] [34m[1mGenerating C++ type support dispatch for ROS interfaces[0m
[1.155s] [  9%] [34m[1mGenerating C++ type support for eProsima Fast-RTPS[0m
[1.156s] [  9%] [34m[1mGenerating C++ introspection for ROS interfaces[0m
[1.169s] [ 16%] [32mBuilding C object CMakeFiles/my_robot_interfaces__rosidl_generator_c.dir/rosidl_generator_c/my_robot_interfaces/srv/detail/set_led__functions.c.o[0m
[1.169s] [ 16%] [32mBuilding C object CMakeFiles/my_robot_interfaces__rosidl_generator_c.dir/rosidl_generator_c/my_robot_interfaces/srv/detail/compute_rectangle_area__functions.c.o[0m
[1.169s] [ 16%] [32mBuilding C object CMakeFiles/my_robot_interfaces__rosidl_generator_c.dir/rosidl_generator_c/my_robot_interfaces/msg/detail/led_status__functions.c.o[0m
[1.169s] [ 16%] [32mBuilding C object CMakeFiles/my_robot_interfaces__rosidl_generator_c.dir/rosidl_generator_c/my_robot_interfaces/msg/detail/hardware_status__functions.c.o[0m
[1.185s] In file included from [01m[K/home/navneeth/ros2_ws/build/my_robot_interfaces/rosidl_generator_c/my_robot_interfaces/msg/detail/led_status__functions.h:19[m[K,
[1.186s]                  from [01m[K/home/navneeth/ros2_ws/build/my_robot_interfaces/rosidl_generator_c/my_robot_interfaces/msg/detail/led_status__functions.c:4[m[K:
[1.186s] [01m[K/home/navneeth/ros2_ws/build/my_robot_interfaces/rosidl_generator_c/my_robot_interfaces/msg/detail/led_status__struct.h:22:10:[m[K [01;31m[Kfatal error: [m[Kmy_robot_interfaces/msg/detail/string__struct.h: No such file or directory
[1.186s]    22 | #include [01;31m[K"my_robot_interfaces/msg/detail/string__struct.h"[m[K
[1.186s]       |          [01;31m[K^~~~~~~~~~~~~~~~~~~~~~~~~~~~~~~~~~~~~~~~~~~~~~~~~[m[K
[1.186s] compilation terminated.
[1.186s] make[2]: *** [CMakeFiles/my_robot_interfaces__rosidl_generator_c.dir/build.make:153: CMakeFiles/my_robot_interfaces__rosidl_generator_c.dir/rosidl_generator_c/my_robot_interfaces/msg/detail/led_status__functions.c.o] Error 1
[1.187s] make[2]: *** Waiting for unfinished jobs....
[1.220s] make[1]: *** [CMakeFiles/Makefile2:246: CMakeFiles/my_robot_interfaces__rosidl_generator_c.dir/all] Error 2
[1.220s] make[1]: *** Waiting for unfinished jobs....
[1.433s] [35m[1mScanning dependencies of target my_robot_interfaces__rosidl_typesupport_cpp[0m
[1.446s] [ 18%] [32mBuilding CXX object CMakeFiles/my_robot_interfaces__rosidl_typesupport_cpp.dir/rosidl_typesupport_cpp/my_robot_interfaces/srv/compute_rectangle_area__type_support.cpp.o[0m
[1.448s] [ 21%] [32mBuilding CXX object CMakeFiles/my_robot_interfaces__rosidl_typesupport_cpp.dir/rosidl_typesupport_cpp/my_robot_interfaces/msg/hardware_status__type_support.cpp.o[0m
[1.448s] [ 21%] [32mBuilding CXX object CMakeFiles/my_robot_interfaces__rosidl_typesupport_cpp.dir/rosidl_typesupport_cpp/my_robot_interfaces/msg/led_status__type_support.cpp.o[0m
[1.448s] [ 23%] [32mBuilding CXX object CMakeFiles/my_robot_interfaces__rosidl_typesupport_cpp.dir/rosidl_typesupport_cpp/my_robot_interfaces/srv/set_led__type_support.cpp.o[0m
[1.495s] [35m[1mScanning dependencies of target my_robot_interfaces__rosidl_typesupport_introspection_cpp[0m
[1.515s] In file included from [01m[K/home/navneeth/ros2_ws/build/my_robot_interfaces/rosidl_typesupport_cpp/my_robot_interfaces/msg/led_status__type_support.cpp:7[m[K:
[1.515s] [01m[K/home/navneeth/ros2_ws/build/my_robot_interfaces/rosidl_generator_cpp/my_robot_interfaces/msg/detail/led_status__struct.hpp:19:10:[m[K [01;31m[Kfatal error: [m[Kmy_robot_interfaces/msg/detail/string__struct.hpp: No such file or directory
[1.515s]    19 | #include [01;31m[K"my_robot_interfaces/msg/detail/string__struct.hpp"[m[K
[1.515s]       |          [01;31m[K^~~~~~~~~~~~~~~~~~~~~~~~~~~~~~~~~~~~~~~~~~~~~~~~~~~[m[K
[1.516s] compilation terminated.
[1.560s] [35m[1mScanning dependencies of target my_robot_interfaces__rosidl_typesupport_fastrtps_cpp[0m
[1.572s] make[2]: *** [CMakeFiles/my_robot_interfaces__rosidl_typesupport_cpp.dir/build.make:98: CMakeFiles/my_robot_interfaces__rosidl_typesupport_cpp.dir/rosidl_typesupport_cpp/my_robot_interfaces/msg/led_status__type_support.cpp.o] Error 1
[1.572s] make[2]: *** Waiting for unfinished jobs....
[1.586s] [ 30%] [32mBuilding CXX object CMakeFiles/my_robot_interfaces__rosidl_typesupport_fastrtps_cpp.dir/rosidl_typesupport_fastrtps_cpp/my_robot_interfaces/msg/detail/dds_fastrtps/hardware_status__type_support.cpp.o[0m
[1.586s] [ 30%] [32mBuilding CXX object CMakeFiles/my_robot_interfaces__rosidl_typesupport_introspection_cpp.dir/rosidl_typesupport_introspection_cpp/my_robot_interfaces/msg/detail/led_status__type_support.cpp.o[0m
[1.586s] [ 30%] [32mBuilding CXX object CMakeFiles/my_robot_interfaces__rosidl_typesupport_introspection_cpp.dir/rosidl_typesupport_introspection_cpp/my_robot_interfaces/msg/detail/hardware_status__type_support.cpp.o[0m
[1.587s] [ 32%] [32mBuilding CXX object CMakeFiles/my_robot_interfaces__rosidl_typesupport_introspection_cpp.dir/rosidl_typesupport_introspection_cpp/my_robot_interfaces/srv/detail/set_led__type_support.cpp.o[0m
[1.587s] [ 30%] [32mBuilding CXX object CMakeFiles/my_robot_interfaces__rosidl_typesupport_introspection_cpp.dir/rosidl_typesupport_introspection_cpp/my_robot_interfaces/srv/detail/compute_rectangle_area__type_support.cpp.o[0m
[1.656s] In file included from [01m[K/home/navneeth/ros2_ws/build/my_robot_interfaces/rosidl_typesupport_introspection_cpp/my_robot_interfaces/msg/detail/led_status__type_support.cpp:12[m[K:
[1.656s] [01m[K/home/navneeth/ros2_ws/build/my_robot_interfaces/rosidl_generator_cpp/my_robot_interfaces/msg/detail/led_status__struct.hpp:19:10:[m[K [01;31m[Kfatal error: [m[Kmy_robot_interfaces/msg/detail/string__struct.hpp: No such file or directory
[1.656s]    19 | #include [01;31m[K"my_robot_interfaces/msg/detail/string__struct.hpp"[m[K
[1.656s]       |          [01;31m[K^~~~~~~~~~~~~~~~~~~~~~~~~~~~~~~~~~~~~~~~~~~~~~~~~~~[m[K
[1.656s] compilation terminated.
[1.658s] make[2]: *** [CMakeFiles/my_robot_interfaces__rosidl_typesupport_introspection_cpp.dir/build.make:112: CMakeFiles/my_robot_interfaces__rosidl_typesupport_introspection_cpp.dir/rosidl_typesupport_introspection_cpp/my_robot_interfaces/msg/detail/led_status__type_support.cpp.o] Error 1
[1.658s] make[2]: *** Waiting for unfinished jobs....
[1.670s] [ 34%] [32mBuilding CXX object CMakeFiles/my_robot_interfaces__rosidl_typesupport_fastrtps_cpp.dir/rosidl_typesupport_fastrtps_cpp/my_robot_interfaces/msg/detail/dds_fastrtps/led_status__type_support.cpp.o[0m
[1.741s] In file included from [01m[K/home/navneeth/ros2_ws/build/my_robot_interfaces/rosidl_typesupport_fastrtps_cpp/my_robot_interfaces/msg/detail/led_status__rosidl_typesupport_fastrtps_cpp.hpp:11[m[K,
[1.741s]                  from [01m[K/home/navneeth/ros2_ws/build/my_robot_interfaces/rosidl_typesupport_fastrtps_cpp/my_robot_interfaces/msg/detail/dds_fastrtps/led_status__type_support.cpp:4[m[K:
[1.741s] [01m[K/home/navneeth/ros2_ws/build/my_robot_interfaces/rosidl_generator_cpp/my_robot_interfaces/msg/detail/led_status__struct.hpp:19:10:[m[K [01;31m[Kfatal error: [m[Kmy_robot_interfaces/msg/detail/string__struct.hpp: No such file or directory
[1.742s]    19 | #include [01;31m[K"my_robot_interfaces/msg/detail/string__struct.hpp"[m[K
[1.742s]       |          [01;31m[K^~~~~~~~~~~~~~~~~~~~~~~~~~~~~~~~~~~~~~~~~~~~~~~~~~~[m[K
[1.742s] compilation terminated.
[1.743s] make[2]: *** [CMakeFiles/my_robot_interfaces__rosidl_typesupport_fastrtps_cpp.dir/build.make:112: CMakeFiles/my_robot_interfaces__rosidl_typesupport_fastrtps_cpp.dir/rosidl_typesupport_fastrtps_cpp/my_robot_interfaces/msg/detail/dds_fastrtps/led_status__type_support.cpp.o] Error 1
[1.743s] make[2]: *** Waiting for unfinished jobs....
[1.873s] make[1]: *** [CMakeFiles/Makefile2:469: CMakeFiles/my_robot_interfaces__rosidl_typesupport_cpp.dir/all] Error 2
[1.975s] make[1]: *** [CMakeFiles/Makefile2:526: CMakeFiles/my_robot_interfaces__rosidl_typesupport_introspection_cpp.dir/all] Error 2
[2.049s] make[1]: *** [CMakeFiles/Makefile2:356: CMakeFiles/my_robot_interfaces__rosidl_typesupport_fastrtps_cpp.dir/all] Error 2
[2.049s] make: *** [Makefile:141: all] Error 2
[2.052s] Invoked command in '/home/navneeth/ros2_ws/build/my_robot_interfaces' returned '2': CMAKE_PREFIX_PATH=/home/navneeth/ros2_ws/install/my_robot_interfaces:/home/navneeth/ros2_ws/install/my_py_pkg:/opt/ros/foxy:/opt/ros/noetic /usr/bin/cmake --build /home/navneeth/ros2_ws/build/my_robot_interfaces -- -j8 -l8
