[0.731s] Invoking command in '/home/navneeth/ros2_ws/src/turtle_sim_catch_them_all': PYTHONPATH=/home/navneeth/ros2_ws/install/turtle_sim_catch_them_all/lib/python3.8/site-packages:${PYTHONPATH} /usr/bin/python3 setup.py egg_info --egg-base ../../build/turtle_sim_catch_them_all build --build-base /home/navneeth/ros2_ws/build/turtle_sim_catch_them_all/build install --prefix /home/navneeth/ros2_ws/install/turtle_sim_catch_them_all --record /home/navneeth/ros2_ws/build/turtle_sim_catch_them_all/install.log --single-version-externally-managed
[1.101s] running egg_info
[1.102s] creating ../../build/turtle_sim_catch_them_all/turtle_sim_catch_them_all.egg-info
[1.102s] writing ../../build/turtle_sim_catch_them_all/turtle_sim_catch_them_all.egg-info/PKG-INFO
[1.102s] writing dependency_links to ../../build/turtle_sim_catch_them_all/turtle_sim_catch_them_all.egg-info/dependency_links.txt
[1.103s] writing entry points to ../../build/turtle_sim_catch_them_all/turtle_sim_catch_them_all.egg-info/entry_points.txt
[1.103s] writing requirements to ../../build/turtle_sim_catch_them_all/turtle_sim_catch_them_all.egg-info/requires.txt
[1.103s] writing top-level names to ../../build/turtle_sim_catch_them_all/turtle_sim_catch_them_all.egg-info/top_level.txt
[1.163s] writing manifest file '../../build/turtle_sim_catch_them_all/turtle_sim_catch_them_all.egg-info/SOURCES.txt'
[1.722s] listing git files failed - pretending there aren't any
[1.754s] reading manifest file '../../build/turtle_sim_catch_them_all/turtle_sim_catch_them_all.egg-info/SOURCES.txt'
[1.758s] writing manifest file '../../build/turtle_sim_catch_them_all/turtle_sim_catch_them_all.egg-info/SOURCES.txt'
[1.759s] running build
[1.759s] running build_py
[1.760s] creating /home/navneeth/ros2_ws/build/turtle_sim_catch_them_all/build
[1.760s] creating /home/navneeth/ros2_ws/build/turtle_sim_catch_them_all/build/lib
[1.761s] creating /home/navneeth/ros2_ws/build/turtle_sim_catch_them_all/build/lib/turtle_sim_catch_them_all
[1.761s] copying turtle_sim_catch_them_all/turtle_controller.py -> /home/navneeth/ros2_ws/build/turtle_sim_catch_them_all/build/lib/turtle_sim_catch_them_all
[1.792s] copying turtle_sim_catch_them_all/__init__.py -> /home/navneeth/ros2_ws/build/turtle_sim_catch_them_all/build/lib/turtle_sim_catch_them_all
[1.793s] running install
[1.797s] running install_lib
[1.816s] creating /home/navneeth/ros2_ws/install/turtle_sim_catch_them_all/lib/python3.8/site-packages/turtle_sim_catch_them_all
[1.816s] copying /home/navneeth/ros2_ws/build/turtle_sim_catch_them_all/build/lib/turtle_sim_catch_them_all/turtle_controller.py -> /home/navneeth/ros2_ws/install/turtle_sim_catch_them_all/lib/python3.8/site-packages/turtle_sim_catch_them_all
[1.817s] copying /home/navneeth/ros2_ws/build/turtle_sim_catch_them_all/build/lib/turtle_sim_catch_them_all/__init__.py -> /home/navneeth/ros2_ws/install/turtle_sim_catch_them_all/lib/python3.8/site-packages/turtle_sim_catch_them_all
[1.818s] byte-compiling /home/navneeth/ros2_ws/install/turtle_sim_catch_them_all/lib/python3.8/site-packages/turtle_sim_catch_them_all/turtle_controller.py to turtle_controller.cpython-38.pyc
[1.820s] byte-compiling /home/navneeth/ros2_ws/install/turtle_sim_catch_them_all/lib/python3.8/site-packages/turtle_sim_catch_them_all/__init__.py to __init__.cpython-38.pyc
[1.820s] running install_data
[1.829s] creating /home/navneeth/ros2_ws/install/turtle_sim_catch_them_all/share/ament_index
[1.829s] creating /home/navneeth/ros2_ws/install/turtle_sim_catch_them_all/share/ament_index/resource_index
[1.830s] creating /home/navneeth/ros2_ws/install/turtle_sim_catch_them_all/share/ament_index/resource_index/packages
[1.830s] copying resource/turtle_sim_catch_them_all -> /home/navneeth/ros2_ws/install/turtle_sim_catch_them_all/share/ament_index/resource_index/packages
[1.830s] copying package.xml -> /home/navneeth/ros2_ws/install/turtle_sim_catch_them_all/share/turtle_sim_catch_them_all
[1.831s] running install_egg_info
[1.843s] Copying ../../build/turtle_sim_catch_them_all/turtle_sim_catch_them_all.egg-info to /home/navneeth/ros2_ws/install/turtle_sim_catch_them_all/lib/python3.8/site-packages/turtle_sim_catch_them_all-0.0.0-py3.8.egg-info
[1.845s] running install_scripts
[1.974s] writing list of installed files to '/home/navneeth/ros2_ws/build/turtle_sim_catch_them_all/install.log'
[1.999s] Invoked command in '/home/navneeth/ros2_ws/src/turtle_sim_catch_them_all' returned '0': PYTHONPATH=/home/navneeth/ros2_ws/install/turtle_sim_catch_them_all/lib/python3.8/site-packages:${PYTHONPATH} /usr/bin/python3 setup.py egg_info --egg-base ../../build/turtle_sim_catch_them_all build --build-base /home/navneeth/ros2_ws/build/turtle_sim_catch_them_all/build install --prefix /home/navneeth/ros2_ws/install/turtle_sim_catch_them_all --record /home/navneeth/ros2_ws/build/turtle_sim_catch_them_all/install.log --single-version-externally-managed
