[0.278s] Invoking command in '/home/navneeth/ros2_ws/build/my_py_pkg': PYTHONPATH=/home/navneeth/ros2_ws/install/my_py_pkg/lib/python3.8/site-packages:/home/navneeth/ros2_ws/install/my_robot_interfaces/lib/python3.8/site-packages:/home/navneeth/ros2_ws/install/my_py_pkg/lib/python3.8/site-packages:/opt/ros/noetic/lib/python3/dist-packages:/opt/ros/foxy/lib/python3.8/site-packages /usr/bin/python3 setup.py develop --prefix /home/navneeth/ros2_ws/install/my_py_pkg --editable --build-directory /home/navneeth/ros2_ws/build/my_py_pkg/build --no-deps install_data --install-dir /home/navneeth/ros2_ws/install/my_py_pkg
[0.521s] running develop
[0.686s] running egg_info
[0.686s] writing my_py_pkg.egg-info/PKG-INFO
[0.686s] writing dependency_links to my_py_pkg.egg-info/dependency_links.txt
[0.686s] writing entry points to my_py_pkg.egg-info/entry_points.txt
[0.686s] writing requirements to my_py_pkg.egg-info/requires.txt
[0.686s] writing top-level names to my_py_pkg.egg-info/top_level.txt
[0.772s] listing git files failed - pretending there aren't any
[0.774s] reading manifest file 'my_py_pkg.egg-info/SOURCES.txt'
[0.775s] writing manifest file 'my_py_pkg.egg-info/SOURCES.txt'
[1.281s] running build_ext
[1.308s] Creating /home/navneeth/ros2_ws/install/my_py_pkg/lib/python3.8/site-packages/my-py-pkg.egg-link (link to .)
[1.312s] Installing add_two_ints_client_no_opp = my_py_pkg.add_two_ints_client_no_opp:mainadd_two_ints_client script to /home/navneeth/ros2_ws/install/my_py_pkg/lib/my_py_pkg
[1.313s] Installing add_two_ints_server script to /home/navneeth/ros2_ws/install/my_py_pkg/lib/my_py_pkg
[1.314s] Installing hw_status_publisher script to /home/navneeth/ros2_ws/install/my_py_pkg/lib/my_py_pkg
[1.315s] Installing number_counter script to /home/navneeth/ros2_ws/install/my_py_pkg/lib/my_py_pkg
[1.315s] Installing number_publisher script to /home/navneeth/ros2_ws/install/my_py_pkg/lib/my_py_pkg
[1.316s] Installing py_node script to /home/navneeth/ros2_ws/install/my_py_pkg/lib/my_py_pkg
[1.317s] Installing robot_news_station script to /home/navneeth/ros2_ws/install/my_py_pkg/lib/my_py_pkg
[1.317s] Installing smartphone script to /home/navneeth/ros2_ws/install/my_py_pkg/lib/my_py_pkg
[1.317s] 
[1.317s] Installed /home/navneeth/ros2_ws/build/my_py_pkg
[1.318s] running install_data
[1.366s] Invoked command in '/home/navneeth/ros2_ws/build/my_py_pkg' returned '0': PYTHONPATH=/home/navneeth/ros2_ws/install/my_py_pkg/lib/python3.8/site-packages:/home/navneeth/ros2_ws/install/my_robot_interfaces/lib/python3.8/site-packages:/home/navneeth/ros2_ws/install/my_py_pkg/lib/python3.8/site-packages:/opt/ros/noetic/lib/python3/dist-packages:/opt/ros/foxy/lib/python3.8/site-packages /usr/bin/python3 setup.py develop --prefix /home/navneeth/ros2_ws/install/my_py_pkg --editable --build-directory /home/navneeth/ros2_ws/build/my_py_pkg/build --no-deps install_data --install-dir /home/navneeth/ros2_ws/install/my_py_pkg
