[5.517s] Invoking command in '/home/navneeth/ros2_ws/src/turtle_sim_catch_them_all': PYTHONPATH=/home/navneeth/ros2_ws/install/turtle_sim_catch_them_all/lib/python3.8/site-packages:${PYTHONPATH} /usr/bin/python3 setup.py egg_info --egg-base ../../build/turtle_sim_catch_them_all build --build-base /home/navneeth/ros2_ws/build/turtle_sim_catch_them_all/build install --prefix /home/navneeth/ros2_ws/install/turtle_sim_catch_them_all --record /home/navneeth/ros2_ws/build/turtle_sim_catch_them_all/install.log --single-version-externally-managed
[5.744s] running egg_info
[5.744s] writing ../../build/turtle_sim_catch_them_all/turtle_sim_catch_them_all.egg-info/PKG-INFO
[5.769s] writing dependency_links to ../../build/turtle_sim_catch_them_all/turtle_sim_catch_them_all.egg-info/dependency_links.txt
[5.769s] writing entry points to ../../build/turtle_sim_catch_them_all/turtle_sim_catch_them_all.egg-info/entry_points.txt
[5.769s] writing requirements to ../../build/turtle_sim_catch_them_all/turtle_sim_catch_them_all.egg-info/requires.txt
[5.769s] writing top-level names to ../../build/turtle_sim_catch_them_all/turtle_sim_catch_them_all.egg-info/top_level.txt
[6.147s] listing git files failed - pretending there aren't any
[6.149s] reading manifest file '../../build/turtle_sim_catch_them_all/turtle_sim_catch_them_all.egg-info/SOURCES.txt'
[6.166s] writing manifest file '../../build/turtle_sim_catch_them_all/turtle_sim_catch_them_all.egg-info/SOURCES.txt'
[6.166s] running build
[6.166s] running build_py
[6.180s] running install
[6.180s] running install_lib
[6.182s] running install_data
[6.183s] running install_egg_info
[6.183s] removing '/home/navneeth/ros2_ws/install/turtle_sim_catch_them_all/lib/python3.8/site-packages/turtle_sim_catch_them_all-0.0.0-py3.8.egg-info' (and everything under it)
[6.217s] Copying ../../build/turtle_sim_catch_them_all/turtle_sim_catch_them_all.egg-info to /home/navneeth/ros2_ws/install/turtle_sim_catch_them_all/lib/python3.8/site-packages/turtle_sim_catch_them_all-0.0.0-py3.8.egg-info
[6.322s] running install_scripts
[6.359s] writing list of installed files to '/home/navneeth/ros2_ws/build/turtle_sim_catch_them_all/install.log'
[6.386s] Invoked command in '/home/navneeth/ros2_ws/src/turtle_sim_catch_them_all' returned '0': PYTHONPATH=/home/navneeth/ros2_ws/install/turtle_sim_catch_them_all/lib/python3.8/site-packages:${PYTHONPATH} /usr/bin/python3 setup.py egg_info --egg-base ../../build/turtle_sim_catch_them_all build --build-base /home/navneeth/ros2_ws/build/turtle_sim_catch_them_all/build install --prefix /home/navneeth/ros2_ws/install/turtle_sim_catch_them_all --record /home/navneeth/ros2_ws/build/turtle_sim_catch_them_all/install.log --single-version-externally-managed
