[0.821s] DEBUG:colcon:Command line arguments: ['/usr/bin/colcon', 'build']
[0.821s] DEBUG:colcon:Parsed command line arguments: Namespace(ament_cmake_args=None, base_paths=['.'], build_base='build', catkin_cmake_args=None, catkin_skip_building_tests=False, cmake_args=None, cmake_clean_cache=False, cmake_clean_first=False, cmake_force_configure=False, cmake_target=None, cmake_target_skip_unavailable=False, continue_on_error=False, event_handlers=None, executor='parallel', ignore_user_meta=False, install_base='install', log_base=None, log_level=None, main=<bound method BuildVerb.main of <colcon_core.verb.build.BuildVerb object at 0x7f217d78e760>>, merge_install=False, metas=['./colcon.meta'], packages_above=None, packages_above_and_dependencies=None, packages_above_depth=None, packages_end=None, packages_ignore=None, packages_ignore_regex=None, packages_select=None, packages_select_build_failed=False, packages_select_by_dep=None, packages_select_regex=None, packages_select_test_failures=False, packages_skip=None, packages_skip_build_finished=False, packages_skip_by_dep=None, packages_skip_regex=None, packages_skip_test_passed=False, packages_skip_up_to=None, packages_start=None, packages_up_to=None, packages_up_to_regex=None, parallel_workers=8, paths=None, symlink_install=False, test_result_base=None, verb_extension=<colcon_core.verb.build.BuildVerb object at 0x7f217d78e760>, verb_name='build', verb_parser=<colcon_defaults.argument_parser.defaults.DefaultArgumentsDecorator object at 0x7f217d78eca0>)
[0.840s] Level 1:colcon.colcon_core.package_discovery:discover_packages(colcon_meta) check parameters
[0.840s] Level 1:colcon.colcon_core.package_discovery:discover_packages(recursive) check parameters
[0.840s] Level 1:colcon.colcon_core.package_discovery:discover_packages(ignore) check parameters
[0.840s] Level 1:colcon.colcon_core.package_discovery:discover_packages(path) check parameters
[0.840s] Level 1:colcon.colcon_core.package_discovery:discover_packages(colcon_meta) discover
[0.840s] Level 1:colcon.colcon_core.package_discovery:discover_packages(recursive) discover
[0.840s] INFO:colcon.colcon_core.package_discovery:Crawling recursively for packages in '/home/navneeth/ros2_ws'
[0.840s] Level 1:colcon.colcon_core.package_identification:_identify(.) by extensions ['ignore', 'ignore_ament_install']
[0.841s] Level 1:colcon.colcon_core.package_identification:_identify(.) by extension 'ignore'
[0.841s] Level 1:colcon.colcon_core.package_identification:_identify(.) by extension 'ignore_ament_install'
[0.841s] Level 1:colcon.colcon_core.package_identification:_identify(.) by extensions ['colcon_pkg']
[0.841s] Level 1:colcon.colcon_core.package_identification:_identify(.) by extension 'colcon_pkg'
[0.841s] Level 1:colcon.colcon_core.package_identification:_identify(.) by extensions ['colcon_meta']
[0.841s] Level 1:colcon.colcon_core.package_identification:_identify(.) by extension 'colcon_meta'
[0.841s] Level 1:colcon.colcon_core.package_identification:_identify(.) by extensions ['ros']
[0.841s] Level 1:colcon.colcon_core.package_identification:_identify(.) by extension 'ros'
[0.860s] Level 1:colcon.colcon_core.package_identification:_identify(.) by extensions ['cmake', 'python']
[0.860s] Level 1:colcon.colcon_core.package_identification:_identify(.) by extension 'cmake'
[0.860s] Level 1:colcon.colcon_core.package_identification:_identify(.) by extension 'python'
[0.860s] Level 1:colcon.colcon_core.package_identification:_identify(.) by extensions ['python_setup_py']
[0.860s] Level 1:colcon.colcon_core.package_identification:_identify(.) by extension 'python_setup_py'
[0.861s] Level 1:colcon.colcon_core.package_identification:_identify(build) by extensions ['ignore', 'ignore_ament_install']
[0.861s] Level 1:colcon.colcon_core.package_identification:_identify(build) by extension 'ignore'
[0.861s] Level 1:colcon.colcon_core.package_identification:_identify(build) ignored
[0.861s] Level 1:colcon.colcon_core.package_identification:_identify(install) by extensions ['ignore', 'ignore_ament_install']
[0.861s] Level 1:colcon.colcon_core.package_identification:_identify(install) by extension 'ignore'
[0.861s] Level 1:colcon.colcon_core.package_identification:_identify(install) ignored
[0.861s] Level 1:colcon.colcon_core.package_identification:_identify(log) by extensions ['ignore', 'ignore_ament_install']
[0.861s] Level 1:colcon.colcon_core.package_identification:_identify(log) by extension 'ignore'
[0.862s] Level 1:colcon.colcon_core.package_identification:_identify(log) ignored
[0.862s] Level 1:colcon.colcon_core.package_identification:_identify(src) by extensions ['ignore', 'ignore_ament_install']
[0.862s] Level 1:colcon.colcon_core.package_identification:_identify(src) by extension 'ignore'
[0.862s] Level 1:colcon.colcon_core.package_identification:_identify(src) by extension 'ignore_ament_install'
[0.862s] Level 1:colcon.colcon_core.package_identification:_identify(src) by extensions ['colcon_pkg']
[0.862s] Level 1:colcon.colcon_core.package_identification:_identify(src) by extension 'colcon_pkg'
[0.862s] Level 1:colcon.colcon_core.package_identification:_identify(src) by extensions ['colcon_meta']
[0.862s] Level 1:colcon.colcon_core.package_identification:_identify(src) by extension 'colcon_meta'
[0.862s] Level 1:colcon.colcon_core.package_identification:_identify(src) by extensions ['ros']
[0.862s] Level 1:colcon.colcon_core.package_identification:_identify(src) by extension 'ros'
[0.862s] Level 1:colcon.colcon_core.package_identification:_identify(src) by extensions ['cmake', 'python']
[0.862s] Level 1:colcon.colcon_core.package_identification:_identify(src) by extension 'cmake'
[0.862s] Level 1:colcon.colcon_core.package_identification:_identify(src) by extension 'python'
[0.862s] Level 1:colcon.colcon_core.package_identification:_identify(src) by extensions ['python_setup_py']
[0.862s] Level 1:colcon.colcon_core.package_identification:_identify(src) by extension 'python_setup_py'
[0.863s] Level 1:colcon.colcon_core.package_identification:_identify(src/my_py_pkg) by extensions ['ignore', 'ignore_ament_install']
[0.863s] Level 1:colcon.colcon_core.package_identification:_identify(src/my_py_pkg) by extension 'ignore'
[0.863s] Level 1:colcon.colcon_core.package_identification:_identify(src/my_py_pkg) by extension 'ignore_ament_install'
[0.863s] Level 1:colcon.colcon_core.package_identification:_identify(src/my_py_pkg) by extensions ['colcon_pkg']
[0.863s] Level 1:colcon.colcon_core.package_identification:_identify(src/my_py_pkg) by extension 'colcon_pkg'
[0.863s] Level 1:colcon.colcon_core.package_identification:_identify(src/my_py_pkg) by extensions ['colcon_meta']
[0.863s] Level 1:colcon.colcon_core.package_identification:_identify(src/my_py_pkg) by extension 'colcon_meta'
[0.863s] Level 1:colcon.colcon_core.package_identification:_identify(src/my_py_pkg) by extensions ['ros']
[0.863s] Level 1:colcon.colcon_core.package_identification:_identify(src/my_py_pkg) by extension 'ros'
[0.866s] DEBUG:colcon.colcon_core.package_identification:Package 'src/my_py_pkg' with type 'ros.ament_python' and name 'my_py_pkg'
[0.866s] Level 1:colcon.colcon_core.package_identification:_identify(src/my_robot_interfaces) by extensions ['ignore', 'ignore_ament_install']
[0.866s] Level 1:colcon.colcon_core.package_identification:_identify(src/my_robot_interfaces) by extension 'ignore'
[0.866s] Level 1:colcon.colcon_core.package_identification:_identify(src/my_robot_interfaces) by extension 'ignore_ament_install'
[0.866s] Level 1:colcon.colcon_core.package_identification:_identify(src/my_robot_interfaces) by extensions ['colcon_pkg']
[0.866s] Level 1:colcon.colcon_core.package_identification:_identify(src/my_robot_interfaces) by extension 'colcon_pkg'
[0.866s] Level 1:colcon.colcon_core.package_identification:_identify(src/my_robot_interfaces) by extensions ['colcon_meta']
[0.867s] Level 1:colcon.colcon_core.package_identification:_identify(src/my_robot_interfaces) by extension 'colcon_meta'
[0.867s] Level 1:colcon.colcon_core.package_identification:_identify(src/my_robot_interfaces) by extensions ['ros']
[0.867s] Level 1:colcon.colcon_core.package_identification:_identify(src/my_robot_interfaces) by extension 'ros'
[0.867s] DEBUG:colcon.colcon_core.package_identification:Package 'src/my_robot_interfaces' with type 'ros.ament_cmake' and name 'my_robot_interfaces'
[0.867s] Level 1:colcon.colcon_core.package_discovery:discover_packages(recursive) using defaults
[0.867s] Level 1:colcon.colcon_core.package_discovery:discover_packages(ignore) discover
[0.867s] Level 1:colcon.colcon_core.package_discovery:discover_packages(ignore) using defaults
[0.867s] Level 1:colcon.colcon_core.package_discovery:discover_packages(path) discover
[0.867s] Level 1:colcon.colcon_core.package_discovery:discover_packages(path) using defaults
[0.885s] Level 5:colcon.colcon_core.verb:set package 'my_py_pkg' build argument 'cmake_args' from command line to 'None'
[0.885s] Level 5:colcon.colcon_core.verb:set package 'my_py_pkg' build argument 'cmake_target' from command line to 'None'
[0.886s] Level 5:colcon.colcon_core.verb:set package 'my_py_pkg' build argument 'cmake_target_skip_unavailable' from command line to 'False'
[0.886s] Level 5:colcon.colcon_core.verb:set package 'my_py_pkg' build argument 'cmake_clean_cache' from command line to 'False'
[0.886s] Level 5:colcon.colcon_core.verb:set package 'my_py_pkg' build argument 'cmake_clean_first' from command line to 'False'
[0.886s] Level 5:colcon.colcon_core.verb:set package 'my_py_pkg' build argument 'cmake_force_configure' from command line to 'False'
[0.886s] Level 5:colcon.colcon_core.verb:set package 'my_py_pkg' build argument 'ament_cmake_args' from command line to 'None'
[0.886s] Level 5:colcon.colcon_core.verb:set package 'my_py_pkg' build argument 'catkin_cmake_args' from command line to 'None'
[0.886s] Level 5:colcon.colcon_core.verb:set package 'my_py_pkg' build argument 'catkin_skip_building_tests' from command line to 'False'
[0.886s] DEBUG:colcon.colcon_core.verb:Building package 'my_py_pkg' with the following arguments: {'ament_cmake_args': None, 'build_base': '/home/navneeth/ros2_ws/build/my_py_pkg', 'catkin_cmake_args': None, 'catkin_skip_building_tests': False, 'cmake_args': None, 'cmake_clean_cache': False, 'cmake_clean_first': False, 'cmake_force_configure': False, 'cmake_target': None, 'cmake_target_skip_unavailable': False, 'install_base': '/home/navneeth/ros2_ws/install/my_py_pkg', 'merge_install': False, 'path': '/home/navneeth/ros2_ws/src/my_py_pkg', 'symlink_install': False, 'test_result_base': None}
[0.888s] Level 5:colcon.colcon_core.verb:set package 'my_robot_interfaces' build argument 'cmake_args' from command line to 'None'
[0.888s] Level 5:colcon.colcon_core.verb:set package 'my_robot_interfaces' build argument 'cmake_target' from command line to 'None'
[0.888s] Level 5:colcon.colcon_core.verb:set package 'my_robot_interfaces' build argument 'cmake_target_skip_unavailable' from command line to 'False'
[0.888s] Level 5:colcon.colcon_core.verb:set package 'my_robot_interfaces' build argument 'cmake_clean_cache' from command line to 'False'
[0.888s] Level 5:colcon.colcon_core.verb:set package 'my_robot_interfaces' build argument 'cmake_clean_first' from command line to 'False'
[0.888s] Level 5:colcon.colcon_core.verb:set package 'my_robot_interfaces' build argument 'cmake_force_configure' from command line to 'False'
[0.888s] Level 5:colcon.colcon_core.verb:set package 'my_robot_interfaces' build argument 'ament_cmake_args' from command line to 'None'
[0.888s] Level 5:colcon.colcon_core.verb:set package 'my_robot_interfaces' build argument 'catkin_cmake_args' from command line to 'None'
[0.888s] Level 5:colcon.colcon_core.verb:set package 'my_robot_interfaces' build argument 'catkin_skip_building_tests' from command line to 'False'
[0.888s] DEBUG:colcon.colcon_core.verb:Building package 'my_robot_interfaces' with the following arguments: {'ament_cmake_args': None, 'build_base': '/home/navneeth/ros2_ws/build/my_robot_interfaces', 'catkin_cmake_args': None, 'catkin_skip_building_tests': False, 'cmake_args': None, 'cmake_clean_cache': False, 'cmake_clean_first': False, 'cmake_force_configure': False, 'cmake_target': None, 'cmake_target_skip_unavailable': False, 'install_base': '/home/navneeth/ros2_ws/install/my_robot_interfaces', 'merge_install': False, 'path': '/home/navneeth/ros2_ws/src/my_robot_interfaces', 'symlink_install': False, 'test_result_base': None}
[0.889s] INFO:colcon.colcon_core.executor:Executing jobs using 'parallel' executor
[0.890s] DEBUG:colcon.colcon_parallel_executor.executor.parallel:run_until_complete
[0.890s] INFO:colcon.colcon_ros.task.ament_python.build:Building ROS package in '/home/navneeth/ros2_ws/src/my_py_pkg' with build type 'ament_python'
[0.890s] Level 1:colcon.colcon_core.shell:create_environment_hook('my_py_pkg', 'ament_prefix_path')
[0.941s] INFO:colcon.colcon_core.plugin_system:Skipping extension 'colcon_core.shell.bat': Not used on non-Windows systems
[0.942s] INFO:colcon.colcon_core.shell:Creating environment hook '/home/navneeth/ros2_ws/install/my_py_pkg/share/my_py_pkg/hook/ament_prefix_path.ps1'
[0.948s] INFO:colcon.colcon_core.shell:Creating environment descriptor '/home/navneeth/ros2_ws/install/my_py_pkg/share/my_py_pkg/hook/ament_prefix_path.dsv'
[0.971s] INFO:colcon.colcon_core.shell:Creating environment hook '/home/navneeth/ros2_ws/install/my_py_pkg/share/my_py_pkg/hook/ament_prefix_path.sh'
[0.976s] INFO:colcon.colcon_core.shell:Skip shell extension 'powershell' for command environment: Not usable outside of PowerShell
[0.976s] DEBUG:colcon.colcon_core.shell:Skip shell extension 'dsv' for command environment
[0.986s] DEBUG:colcon.colcon_core.shell:Ignoring prefix path '/opt/ros/foxy'
[0.986s] DEBUG:colcon.colcon_core.shell:Ignoring prefix path '/opt/ros/noetic'
[0.994s] INFO:colcon.colcon_ros.task.ament_cmake.build:Building ROS package in '/home/navneeth/ros2_ws/src/my_robot_interfaces' with build type 'ament_cmake'
[0.995s] INFO:colcon.colcon_cmake.task.cmake.build:Building CMake package in '/home/navneeth/ros2_ws/src/my_robot_interfaces'
[0.997s] INFO:colcon.colcon_core.shell:Skip shell extension 'powershell' for command environment: Not usable outside of PowerShell
[0.997s] DEBUG:colcon.colcon_core.shell:Skip shell extension 'dsv' for command environment
[1.003s] DEBUG:colcon.colcon_core.shell:Ignoring prefix path '/opt/ros/foxy'
[1.004s] DEBUG:colcon.colcon_core.shell:Ignoring prefix path '/opt/ros/noetic'
[1.422s] INFO:colcon.colcon_core.task.python.build:Building Python package in '/home/navneeth/ros2_ws/src/my_py_pkg'
[1.423s] INFO:colcon.colcon_core.shell:Skip shell extension 'powershell' for command environment: Not usable outside of PowerShell
[1.423s] DEBUG:colcon.colcon_core.shell:Skip shell extension 'dsv' for command environment
[1.424s] DEBUG:colcon.colcon_core.shell:Ignoring prefix path '/opt/ros/foxy'
[1.425s] DEBUG:colcon.colcon_core.shell:Ignoring prefix path '/opt/ros/noetic'
[1.476s] DEBUG:colcon.colcon_core.event_handler.log_command:Invoking command in '/home/navneeth/ros2_ws/build/my_robot_interfaces': CMAKE_PREFIX_PATH=/home/navneeth/ros2_ws/install/my_robot_interfaces:/home/navneeth/ros2_ws/install/my_py_pkg:/opt/ros/foxy:/opt/ros/noetic /usr/bin/cmake --build /home/navneeth/ros2_ws/build/my_robot_interfaces -- -j8 -l8
[1.505s] DEBUG:colcon.colcon_core.event_handler.log_command:Invoking command in '/home/navneeth/ros2_ws/build/my_py_pkg': PYTHONPATH=/home/navneeth/ros2_ws/install/my_py_pkg/lib/python3.8/site-packages:${PYTHONPATH} /usr/bin/python3 setup.py develop --prefix /home/navneeth/ros2_ws/install/my_py_pkg --uninstall --editable --build-directory /home/navneeth/ros2_ws/build/my_py_pkg/build
[2.586s] DEBUG:colcon.colcon_core.event_handler.log_command:Invoked command in '/home/navneeth/ros2_ws/build/my_py_pkg' returned '0': PYTHONPATH=/home/navneeth/ros2_ws/install/my_py_pkg/lib/python3.8/site-packages:${PYTHONPATH} /usr/bin/python3 setup.py develop --prefix /home/navneeth/ros2_ws/install/my_py_pkg --uninstall --editable --build-directory /home/navneeth/ros2_ws/build/my_py_pkg/build
[2.586s] DEBUG:colcon.colcon_core.event_handler.log_command:Invoking command in '/home/navneeth/ros2_ws/src/my_py_pkg': PYTHONPATH=/home/navneeth/ros2_ws/install/my_py_pkg/lib/python3.8/site-packages:${PYTHONPATH} /usr/bin/python3 setup.py egg_info --egg-base ../../build/my_py_pkg build --build-base /home/navneeth/ros2_ws/build/my_py_pkg/build install --prefix /home/navneeth/ros2_ws/install/my_py_pkg --record /home/navneeth/ros2_ws/build/my_py_pkg/install.log --single-version-externally-managed
[2.822s] DEBUG:colcon.colcon_core.event_handler.log_command:Invoked command in '/home/navneeth/ros2_ws/build/my_robot_interfaces' returned '0': CMAKE_PREFIX_PATH=/home/navneeth/ros2_ws/install/my_robot_interfaces:/home/navneeth/ros2_ws/install/my_py_pkg:/opt/ros/foxy:/opt/ros/noetic /usr/bin/cmake --build /home/navneeth/ros2_ws/build/my_robot_interfaces -- -j8 -l8
[2.870s] DEBUG:colcon.colcon_core.event_handler.log_command:Invoking command in '/home/navneeth/ros2_ws/build/my_robot_interfaces': CMAKE_PREFIX_PATH=/home/navneeth/ros2_ws/install/my_robot_interfaces:/home/navneeth/ros2_ws/install/my_py_pkg:/opt/ros/foxy:/opt/ros/noetic /usr/bin/cmake --install /home/navneeth/ros2_ws/build/my_robot_interfaces
[3.136s] Level 1:colcon.colcon_core.environment:create_environment_scripts_only(my_robot_interfaces)
[3.140s] DEBUG:colcon.colcon_core.event_handler.log_command:Invoked command in '/home/navneeth/ros2_ws/build/my_robot_interfaces' returned '0': CMAKE_PREFIX_PATH=/home/navneeth/ros2_ws/install/my_robot_interfaces:/home/navneeth/ros2_ws/install/my_py_pkg:/opt/ros/foxy:/opt/ros/noetic /usr/bin/cmake --install /home/navneeth/ros2_ws/build/my_robot_interfaces
[3.273s] Level 1:colcon.colcon_core.environment:checking '/home/navneeth/ros2_ws/install/my_robot_interfaces' for CMake module files
[3.278s] Level 1:colcon.colcon_core.environment:checking '/home/navneeth/ros2_ws/install/my_robot_interfaces' for CMake config files
[3.280s] Level 1:colcon.colcon_core.shell:create_environment_hook('my_robot_interfaces', 'cmake_prefix_path')
[3.284s] INFO:colcon.colcon_core.shell:Creating environment hook '/home/navneeth/ros2_ws/install/my_robot_interfaces/share/my_robot_interfaces/hook/cmake_prefix_path.ps1'
[3.287s] INFO:colcon.colcon_core.shell:Creating environment descriptor '/home/navneeth/ros2_ws/install/my_robot_interfaces/share/my_robot_interfaces/hook/cmake_prefix_path.dsv'
[3.287s] INFO:colcon.colcon_core.shell:Creating environment hook '/home/navneeth/ros2_ws/install/my_robot_interfaces/share/my_robot_interfaces/hook/cmake_prefix_path.sh'
[3.288s] Level 1:colcon.colcon_core.environment:checking '/home/navneeth/ros2_ws/install/my_robot_interfaces/lib'
[3.288s] Level 1:colcon.colcon_core.shell:create_environment_hook('my_robot_interfaces', 'ld_library_path_lib')
[3.289s] INFO:colcon.colcon_core.shell:Creating environment hook '/home/navneeth/ros2_ws/install/my_robot_interfaces/share/my_robot_interfaces/hook/ld_library_path_lib.ps1'
[3.289s] INFO:colcon.colcon_core.shell:Creating environment descriptor '/home/navneeth/ros2_ws/install/my_robot_interfaces/share/my_robot_interfaces/hook/ld_library_path_lib.dsv'
[3.289s] INFO:colcon.colcon_core.shell:Creating environment hook '/home/navneeth/ros2_ws/install/my_robot_interfaces/share/my_robot_interfaces/hook/ld_library_path_lib.sh'
[3.290s] Level 1:colcon.colcon_core.environment:checking '/home/navneeth/ros2_ws/install/my_robot_interfaces/bin'
[3.290s] Level 1:colcon.colcon_core.environment:checking '/home/navneeth/ros2_ws/install/my_robot_interfaces/lib/pkgconfig/my_robot_interfaces.pc'
[3.290s] Level 1:colcon.colcon_core.environment:checking '/home/navneeth/ros2_ws/install/my_robot_interfaces/lib/python3.8/site-packages'
[3.290s] Level 1:colcon.colcon_core.shell:create_environment_hook('my_robot_interfaces', 'pythonpath')
[3.291s] INFO:colcon.colcon_core.shell:Creating environment hook '/home/navneeth/ros2_ws/install/my_robot_interfaces/share/my_robot_interfaces/hook/pythonpath.ps1'
[3.291s] INFO:colcon.colcon_core.shell:Creating environment descriptor '/home/navneeth/ros2_ws/install/my_robot_interfaces/share/my_robot_interfaces/hook/pythonpath.dsv'
[3.291s] INFO:colcon.colcon_core.shell:Creating environment hook '/home/navneeth/ros2_ws/install/my_robot_interfaces/share/my_robot_interfaces/hook/pythonpath.sh'
[3.292s] INFO:colcon.colcon_core.shell:Creating package script '/home/navneeth/ros2_ws/install/my_robot_interfaces/share/my_robot_interfaces/package.ps1'
[3.330s] INFO:colcon.colcon_core.shell:Creating package descriptor '/home/navneeth/ros2_ws/install/my_robot_interfaces/share/my_robot_interfaces/package.dsv'
[3.346s] INFO:colcon.colcon_core.shell:Creating package script '/home/navneeth/ros2_ws/install/my_robot_interfaces/share/my_robot_interfaces/package.sh'
[3.350s] INFO:colcon.colcon_core.shell:Creating package script '/home/navneeth/ros2_ws/install/my_robot_interfaces/share/my_robot_interfaces/package.bash'
[3.383s] INFO:colcon.colcon_core.shell:Creating package script '/home/navneeth/ros2_ws/install/my_robot_interfaces/share/my_robot_interfaces/package.zsh'
[3.388s] Level 1:colcon.colcon_core.environment:create_file_with_runtime_dependencies(/home/navneeth/ros2_ws/install/my_robot_interfaces/share/colcon-core/packages/my_robot_interfaces)
[3.436s] Level 1:colcon.colcon_core.environment:create_environment_scripts_only(my_robot_interfaces)
[3.437s] Level 1:colcon.colcon_core.environment:checking '/home/navneeth/ros2_ws/install/my_robot_interfaces' for CMake module files
[3.438s] Level 1:colcon.colcon_core.environment:checking '/home/navneeth/ros2_ws/install/my_robot_interfaces' for CMake config files
[3.438s] Level 1:colcon.colcon_core.shell:create_environment_hook('my_robot_interfaces', 'cmake_prefix_path')
[3.438s] INFO:colcon.colcon_core.shell:Creating environment hook '/home/navneeth/ros2_ws/install/my_robot_interfaces/share/my_robot_interfaces/hook/cmake_prefix_path.ps1'
[3.439s] INFO:colcon.colcon_core.shell:Creating environment descriptor '/home/navneeth/ros2_ws/install/my_robot_interfaces/share/my_robot_interfaces/hook/cmake_prefix_path.dsv'
[3.439s] INFO:colcon.colcon_core.shell:Creating environment hook '/home/navneeth/ros2_ws/install/my_robot_interfaces/share/my_robot_interfaces/hook/cmake_prefix_path.sh'
[3.440s] Level 1:colcon.colcon_core.environment:checking '/home/navneeth/ros2_ws/install/my_robot_interfaces/lib'
[3.440s] Level 1:colcon.colcon_core.shell:create_environment_hook('my_robot_interfaces', 'ld_library_path_lib')
[3.440s] INFO:colcon.colcon_core.shell:Creating environment hook '/home/navneeth/ros2_ws/install/my_robot_interfaces/share/my_robot_interfaces/hook/ld_library_path_lib.ps1'
[3.441s] INFO:colcon.colcon_core.shell:Creating environment descriptor '/home/navneeth/ros2_ws/install/my_robot_interfaces/share/my_robot_interfaces/hook/ld_library_path_lib.dsv'
[3.441s] INFO:colcon.colcon_core.shell:Creating environment hook '/home/navneeth/ros2_ws/install/my_robot_interfaces/share/my_robot_interfaces/hook/ld_library_path_lib.sh'
[3.441s] Level 1:colcon.colcon_core.environment:checking '/home/navneeth/ros2_ws/install/my_robot_interfaces/bin'
[3.441s] Level 1:colcon.colcon_core.environment:checking '/home/navneeth/ros2_ws/install/my_robot_interfaces/lib/pkgconfig/my_robot_interfaces.pc'
[3.441s] Level 1:colcon.colcon_core.environment:checking '/home/navneeth/ros2_ws/install/my_robot_interfaces/lib/python3.8/site-packages'
[3.441s] Level 1:colcon.colcon_core.shell:create_environment_hook('my_robot_interfaces', 'pythonpath')
[3.442s] INFO:colcon.colcon_core.shell:Creating environment hook '/home/navneeth/ros2_ws/install/my_robot_interfaces/share/my_robot_interfaces/hook/pythonpath.ps1'
[3.444s] INFO:colcon.colcon_core.shell:Creating environment descriptor '/home/navneeth/ros2_ws/install/my_robot_interfaces/share/my_robot_interfaces/hook/pythonpath.dsv'
[3.444s] INFO:colcon.colcon_core.shell:Creating environment hook '/home/navneeth/ros2_ws/install/my_robot_interfaces/share/my_robot_interfaces/hook/pythonpath.sh'
[3.445s] INFO:colcon.colcon_core.shell:Creating package script '/home/navneeth/ros2_ws/install/my_robot_interfaces/share/my_robot_interfaces/package.ps1'
[3.446s] INFO:colcon.colcon_core.shell:Creating package descriptor '/home/navneeth/ros2_ws/install/my_robot_interfaces/share/my_robot_interfaces/package.dsv'
[3.446s] INFO:colcon.colcon_core.shell:Creating package script '/home/navneeth/ros2_ws/install/my_robot_interfaces/share/my_robot_interfaces/package.sh'
[3.446s] INFO:colcon.colcon_core.shell:Creating package script '/home/navneeth/ros2_ws/install/my_robot_interfaces/share/my_robot_interfaces/package.bash'
[3.447s] INFO:colcon.colcon_core.shell:Creating package script '/home/navneeth/ros2_ws/install/my_robot_interfaces/share/my_robot_interfaces/package.zsh'
[3.447s] Level 1:colcon.colcon_core.environment:create_file_with_runtime_dependencies(/home/navneeth/ros2_ws/install/my_robot_interfaces/share/colcon-core/packages/my_robot_interfaces)
[3.625s] Level 1:colcon.colcon_core.environment:checking '/home/navneeth/ros2_ws/install/my_py_pkg' for CMake module files
[3.626s] DEBUG:colcon.colcon_core.event_handler.log_command:Invoked command in '/home/navneeth/ros2_ws/src/my_py_pkg' returned '0': PYTHONPATH=/home/navneeth/ros2_ws/install/my_py_pkg/lib/python3.8/site-packages:${PYTHONPATH} /usr/bin/python3 setup.py egg_info --egg-base ../../build/my_py_pkg build --build-base /home/navneeth/ros2_ws/build/my_py_pkg/build install --prefix /home/navneeth/ros2_ws/install/my_py_pkg --record /home/navneeth/ros2_ws/build/my_py_pkg/install.log --single-version-externally-managed
[3.626s] Level 1:colcon.colcon_core.environment:checking '/home/navneeth/ros2_ws/install/my_py_pkg' for CMake config files
[3.627s] Level 1:colcon.colcon_core.environment:checking '/home/navneeth/ros2_ws/install/my_py_pkg/lib'
[3.627s] Level 1:colcon.colcon_core.environment:checking '/home/navneeth/ros2_ws/install/my_py_pkg/bin'
[3.627s] Level 1:colcon.colcon_core.environment:checking '/home/navneeth/ros2_ws/install/my_py_pkg/lib/pkgconfig/my_py_pkg.pc'
[3.627s] Level 1:colcon.colcon_core.environment:checking '/home/navneeth/ros2_ws/install/my_py_pkg/lib/python3.8/site-packages'
[3.627s] Level 1:colcon.colcon_core.shell:create_environment_hook('my_py_pkg', 'pythonpath')
[3.628s] INFO:colcon.colcon_core.shell:Creating environment hook '/home/navneeth/ros2_ws/install/my_py_pkg/share/my_py_pkg/hook/pythonpath.ps1'
[3.628s] INFO:colcon.colcon_core.shell:Creating environment descriptor '/home/navneeth/ros2_ws/install/my_py_pkg/share/my_py_pkg/hook/pythonpath.dsv'
[3.628s] INFO:colcon.colcon_core.shell:Creating environment hook '/home/navneeth/ros2_ws/install/my_py_pkg/share/my_py_pkg/hook/pythonpath.sh'
[3.629s] Level 1:colcon.colcon_core.environment:create_environment_scripts_only(my_py_pkg)
[3.629s] INFO:colcon.colcon_core.shell:Creating package script '/home/navneeth/ros2_ws/install/my_py_pkg/share/my_py_pkg/package.ps1'
[3.630s] INFO:colcon.colcon_core.shell:Creating package descriptor '/home/navneeth/ros2_ws/install/my_py_pkg/share/my_py_pkg/package.dsv'
[3.630s] INFO:colcon.colcon_core.shell:Creating package script '/home/navneeth/ros2_ws/install/my_py_pkg/share/my_py_pkg/package.sh'
[3.631s] INFO:colcon.colcon_core.shell:Creating package script '/home/navneeth/ros2_ws/install/my_py_pkg/share/my_py_pkg/package.bash'
[3.631s] INFO:colcon.colcon_core.shell:Creating package script '/home/navneeth/ros2_ws/install/my_py_pkg/share/my_py_pkg/package.zsh'
[3.631s] Level 1:colcon.colcon_core.environment:create_file_with_runtime_dependencies(/home/navneeth/ros2_ws/install/my_py_pkg/share/colcon-core/packages/my_py_pkg)
[3.631s] DEBUG:colcon.colcon_parallel_executor.executor.parallel:closing loop
[3.632s] DEBUG:colcon.colcon_parallel_executor.executor.parallel:loop closed
[3.632s] DEBUG:colcon.colcon_parallel_executor.executor.parallel:run_until_complete finished with '0'
[3.632s] DEBUG:colcon.colcon_core.event_reactor:joining thread
[3.644s] INFO:colcon.colcon_core.plugin_system:Skipping extension 'colcon_notification.desktop_notification.terminal_notifier': Not used on non-Darwin systems
[3.644s] INFO:colcon.colcon_core.plugin_system:Skipping extension 'colcon_notification.desktop_notification.win32': Not used on non-Windows systems
[3.644s] INFO:colcon.colcon_notification.desktop_notification:Sending desktop notification using 'notify2'
[3.675s] DEBUG:colcon.colcon_core.event_reactor:joined thread
[3.676s] INFO:colcon.colcon_core.shell:Creating prefix script '/home/navneeth/ros2_ws/install/local_setup.ps1'
[3.678s] INFO:colcon.colcon_core.shell:Creating prefix util module '/home/navneeth/ros2_ws/install/_local_setup_util_ps1.py'
[3.679s] INFO:colcon.colcon_core.shell:Creating prefix chain script '/home/navneeth/ros2_ws/install/setup.ps1'
[3.681s] INFO:colcon.colcon_core.shell:Creating prefix script '/home/navneeth/ros2_ws/install/local_setup.sh'
[3.682s] INFO:colcon.colcon_core.shell:Creating prefix util module '/home/navneeth/ros2_ws/install/_local_setup_util_sh.py'
[3.683s] INFO:colcon.colcon_core.shell:Creating prefix chain script '/home/navneeth/ros2_ws/install/setup.sh'
[3.685s] INFO:colcon.colcon_core.shell:Creating prefix script '/home/navneeth/ros2_ws/install/local_setup.bash'
[3.685s] INFO:colcon.colcon_core.shell:Creating prefix chain script '/home/navneeth/ros2_ws/install/setup.bash'
[3.687s] INFO:colcon.colcon_core.shell:Creating prefix script '/home/navneeth/ros2_ws/install/local_setup.zsh'
[3.688s] INFO:colcon.colcon_core.shell:Creating prefix chain script '/home/navneeth/ros2_ws/install/setup.zsh'
