[0.749s] Invoking command in '/home/navneeth/ros2_ws/src/turtle_sim_catch_them_all': PYTHONPATH=/home/navneeth/ros2_ws/install/turtle_sim_catch_them_all/lib/python3.8/site-packages:${PYTHONPATH} /usr/bin/python3 setup.py egg_info --egg-base ../../build/turtle_sim_catch_them_all build --build-base /home/navneeth/ros2_ws/build/turtle_sim_catch_them_all/build install --prefix /home/navneeth/ros2_ws/install/turtle_sim_catch_them_all --record /home/navneeth/ros2_ws/build/turtle_sim_catch_them_all/install.log --single-version-externally-managed
[0.962s] running egg_info
[0.963s] writing ../../build/turtle_sim_catch_them_all/turtle_sim_catch_them_all.egg-info/PKG-INFO
[0.963s] writing dependency_links to ../../build/turtle_sim_catch_them_all/turtle_sim_catch_them_all.egg-info/dependency_links.txt
[0.963s] writing entry points to ../../build/turtle_sim_catch_them_all/turtle_sim_catch_them_all.egg-info/entry_points.txt
[0.963s] writing requirements to ../../build/turtle_sim_catch_them_all/turtle_sim_catch_them_all.egg-info/requires.txt
[0.963s] writing top-level names to ../../build/turtle_sim_catch_them_all/turtle_sim_catch_them_all.egg-info/top_level.txt
[1.036s] listing git files failed - pretending there aren't any
[1.038s] reading manifest file '../../build/turtle_sim_catch_them_all/turtle_sim_catch_them_all.egg-info/SOURCES.txt'
[1.039s] writing manifest file '../../build/turtle_sim_catch_them_all/turtle_sim_catch_them_all.egg-info/SOURCES.txt'
[1.039s] running build
[1.039s] running build_py
[1.039s] running install
[1.040s] running install_lib
[1.042s] running install_data
[1.042s] running install_egg_info
[1.043s] removing '/home/navneeth/ros2_ws/install/turtle_sim_catch_them_all/lib/python3.8/site-packages/turtle_sim_catch_them_all-0.0.0-py3.8.egg-info' (and everything under it)
[1.043s] Copying ../../build/turtle_sim_catch_them_all/turtle_sim_catch_them_all.egg-info to /home/navneeth/ros2_ws/install/turtle_sim_catch_them_all/lib/python3.8/site-packages/turtle_sim_catch_them_all-0.0.0-py3.8.egg-info
[1.043s] running install_scripts
[1.058s] writing list of installed files to '/home/navneeth/ros2_ws/build/turtle_sim_catch_them_all/install.log'
[1.082s] Invoked command in '/home/navneeth/ros2_ws/src/turtle_sim_catch_them_all' returned '0': PYTHONPATH=/home/navneeth/ros2_ws/install/turtle_sim_catch_them_all/lib/python3.8/site-packages:${PYTHONPATH} /usr/bin/python3 setup.py egg_info --egg-base ../../build/turtle_sim_catch_them_all build --build-base /home/navneeth/ros2_ws/build/turtle_sim_catch_them_all/build install --prefix /home/navneeth/ros2_ws/install/turtle_sim_catch_them_all --record /home/navneeth/ros2_ws/build/turtle_sim_catch_them_all/install.log --single-version-externally-managed
