[0.292s] DEBUG:colcon:Command line arguments: ['/usr/bin/colcon', 'build', '--symlink-install']
[0.292s] DEBUG:colcon:Parsed command line arguments: Namespace(ament_cmake_args=None, base_paths=['.'], build_base='build', catkin_cmake_args=None, catkin_skip_building_tests=False, cmake_args=None, cmake_clean_cache=False, cmake_clean_first=False, cmake_force_configure=False, cmake_target=None, cmake_target_skip_unavailable=False, continue_on_error=False, event_handlers=None, executor='parallel', ignore_user_meta=False, install_base='install', log_base=None, log_level=None, main=<bound method BuildVerb.main of <colcon_core.verb.build.BuildVerb object at 0x7f0366f1b7c0>>, merge_install=False, metas=['./colcon.meta'], packages_above=None, packages_above_and_dependencies=None, packages_above_depth=None, packages_end=None, packages_ignore=None, packages_ignore_regex=None, packages_select=None, packages_select_build_failed=False, packages_select_by_dep=None, packages_select_regex=None, packages_select_test_failures=False, packages_skip=None, packages_skip_build_finished=False, packages_skip_by_dep=None, packages_skip_regex=None, packages_skip_test_passed=False, packages_skip_up_to=None, packages_start=None, packages_up_to=None, packages_up_to_regex=None, parallel_workers=8, paths=None, symlink_install=True, test_result_base=None, verb_extension=<colcon_core.verb.build.BuildVerb object at 0x7f0366f1b7c0>, verb_name='build', verb_parser=<colcon_defaults.argument_parser.defaults.DefaultArgumentsDecorator object at 0x7f0366f1bd30>)
[0.296s] Level 1:colcon.colcon_core.package_discovery:discover_packages(colcon_meta) check parameters
[0.296s] Level 1:colcon.colcon_core.package_discovery:discover_packages(recursive) check parameters
[0.296s] Level 1:colcon.colcon_core.package_discovery:discover_packages(ignore) check parameters
[0.296s] Level 1:colcon.colcon_core.package_discovery:discover_packages(path) check parameters
[0.296s] Level 1:colcon.colcon_core.package_discovery:discover_packages(colcon_meta) discover
[0.296s] Level 1:colcon.colcon_core.package_discovery:discover_packages(recursive) discover
[0.296s] INFO:colcon.colcon_core.package_discovery:Crawling recursively for packages in '/home/navneeth/ros2_ws'
[0.296s] Level 1:colcon.colcon_core.package_identification:_identify(.) by extensions ['ignore', 'ignore_ament_install']
[0.296s] Level 1:colcon.colcon_core.package_identification:_identify(.) by extension 'ignore'
[0.297s] Level 1:colcon.colcon_core.package_identification:_identify(.) by extension 'ignore_ament_install'
[0.297s] Level 1:colcon.colcon_core.package_identification:_identify(.) by extensions ['colcon_pkg']
[0.297s] Level 1:colcon.colcon_core.package_identification:_identify(.) by extension 'colcon_pkg'
[0.297s] Level 1:colcon.colcon_core.package_identification:_identify(.) by extensions ['colcon_meta']
[0.297s] Level 1:colcon.colcon_core.package_identification:_identify(.) by extension 'colcon_meta'
[0.297s] Level 1:colcon.colcon_core.package_identification:_identify(.) by extensions ['ros']
[0.297s] Level 1:colcon.colcon_core.package_identification:_identify(.) by extension 'ros'
[0.307s] Level 1:colcon.colcon_core.package_identification:_identify(.) by extensions ['cmake', 'python']
[0.307s] Level 1:colcon.colcon_core.package_identification:_identify(.) by extension 'cmake'
[0.307s] Level 1:colcon.colcon_core.package_identification:_identify(.) by extension 'python'
[0.307s] Level 1:colcon.colcon_core.package_identification:_identify(.) by extensions ['python_setup_py']
[0.307s] Level 1:colcon.colcon_core.package_identification:_identify(.) by extension 'python_setup_py'
[0.307s] Level 1:colcon.colcon_core.package_identification:_identify(build) by extensions ['ignore', 'ignore_ament_install']
[0.307s] Level 1:colcon.colcon_core.package_identification:_identify(build) by extension 'ignore'
[0.307s] Level 1:colcon.colcon_core.package_identification:_identify(build) ignored
[0.307s] Level 1:colcon.colcon_core.package_identification:_identify(install) by extensions ['ignore', 'ignore_ament_install']
[0.307s] Level 1:colcon.colcon_core.package_identification:_identify(install) by extension 'ignore'
[0.307s] Level 1:colcon.colcon_core.package_identification:_identify(install) ignored
[0.308s] Level 1:colcon.colcon_core.package_identification:_identify(log) by extensions ['ignore', 'ignore_ament_install']
[0.308s] Level 1:colcon.colcon_core.package_identification:_identify(log) by extension 'ignore'
[0.308s] Level 1:colcon.colcon_core.package_identification:_identify(log) ignored
[0.308s] Level 1:colcon.colcon_core.package_identification:_identify(src) by extensions ['ignore', 'ignore_ament_install']
[0.308s] Level 1:colcon.colcon_core.package_identification:_identify(src) by extension 'ignore'
[0.308s] Level 1:colcon.colcon_core.package_identification:_identify(src) by extension 'ignore_ament_install'
[0.308s] Level 1:colcon.colcon_core.package_identification:_identify(src) by extensions ['colcon_pkg']
[0.308s] Level 1:colcon.colcon_core.package_identification:_identify(src) by extension 'colcon_pkg'
[0.308s] Level 1:colcon.colcon_core.package_identification:_identify(src) by extensions ['colcon_meta']
[0.308s] Level 1:colcon.colcon_core.package_identification:_identify(src) by extension 'colcon_meta'
[0.308s] Level 1:colcon.colcon_core.package_identification:_identify(src) by extensions ['ros']
[0.308s] Level 1:colcon.colcon_core.package_identification:_identify(src) by extension 'ros'
[0.308s] Level 1:colcon.colcon_core.package_identification:_identify(src) by extensions ['cmake', 'python']
[0.308s] Level 1:colcon.colcon_core.package_identification:_identify(src) by extension 'cmake'
[0.308s] Level 1:colcon.colcon_core.package_identification:_identify(src) by extension 'python'
[0.308s] Level 1:colcon.colcon_core.package_identification:_identify(src) by extensions ['python_setup_py']
[0.308s] Level 1:colcon.colcon_core.package_identification:_identify(src) by extension 'python_setup_py'
[0.308s] Level 1:colcon.colcon_core.package_identification:_identify(src/my_py_pkg) by extensions ['ignore', 'ignore_ament_install']
[0.308s] Level 1:colcon.colcon_core.package_identification:_identify(src/my_py_pkg) by extension 'ignore'
[0.308s] Level 1:colcon.colcon_core.package_identification:_identify(src/my_py_pkg) by extension 'ignore_ament_install'
[0.308s] Level 1:colcon.colcon_core.package_identification:_identify(src/my_py_pkg) by extensions ['colcon_pkg']
[0.308s] Level 1:colcon.colcon_core.package_identification:_identify(src/my_py_pkg) by extension 'colcon_pkg'
[0.309s] Level 1:colcon.colcon_core.package_identification:_identify(src/my_py_pkg) by extensions ['colcon_meta']
[0.309s] Level 1:colcon.colcon_core.package_identification:_identify(src/my_py_pkg) by extension 'colcon_meta'
[0.309s] Level 1:colcon.colcon_core.package_identification:_identify(src/my_py_pkg) by extensions ['ros']
[0.309s] Level 1:colcon.colcon_core.package_identification:_identify(src/my_py_pkg) by extension 'ros'
[0.311s] DEBUG:colcon.colcon_core.package_identification:Package 'src/my_py_pkg' with type 'ros.ament_python' and name 'my_py_pkg'
[0.311s] Level 1:colcon.colcon_core.package_identification:_identify(src/my_robot_interfaces) by extensions ['ignore', 'ignore_ament_install']
[0.311s] Level 1:colcon.colcon_core.package_identification:_identify(src/my_robot_interfaces) by extension 'ignore'
[0.311s] Level 1:colcon.colcon_core.package_identification:_identify(src/my_robot_interfaces) by extension 'ignore_ament_install'
[0.311s] Level 1:colcon.colcon_core.package_identification:_identify(src/my_robot_interfaces) by extensions ['colcon_pkg']
[0.311s] Level 1:colcon.colcon_core.package_identification:_identify(src/my_robot_interfaces) by extension 'colcon_pkg'
[0.311s] Level 1:colcon.colcon_core.package_identification:_identify(src/my_robot_interfaces) by extensions ['colcon_meta']
[0.311s] Level 1:colcon.colcon_core.package_identification:_identify(src/my_robot_interfaces) by extension 'colcon_meta'
[0.311s] Level 1:colcon.colcon_core.package_identification:_identify(src/my_robot_interfaces) by extensions ['ros']
[0.311s] Level 1:colcon.colcon_core.package_identification:_identify(src/my_robot_interfaces) by extension 'ros'
[0.312s] DEBUG:colcon.colcon_core.package_identification:Package 'src/my_robot_interfaces' with type 'ros.ament_cmake' and name 'my_robot_interfaces'
[0.312s] Level 1:colcon.colcon_core.package_discovery:discover_packages(recursive) using defaults
[0.312s] Level 1:colcon.colcon_core.package_discovery:discover_packages(ignore) discover
[0.312s] Level 1:colcon.colcon_core.package_discovery:discover_packages(ignore) using defaults
[0.312s] Level 1:colcon.colcon_core.package_discovery:discover_packages(path) discover
[0.312s] Level 1:colcon.colcon_core.package_discovery:discover_packages(path) using defaults
[0.328s] Level 5:colcon.colcon_core.verb:set package 'my_robot_interfaces' build argument 'cmake_args' from command line to 'None'
[0.328s] Level 5:colcon.colcon_core.verb:set package 'my_robot_interfaces' build argument 'cmake_target' from command line to 'None'
[0.328s] Level 5:colcon.colcon_core.verb:set package 'my_robot_interfaces' build argument 'cmake_target_skip_unavailable' from command line to 'False'
[0.328s] Level 5:colcon.colcon_core.verb:set package 'my_robot_interfaces' build argument 'cmake_clean_cache' from command line to 'False'
[0.328s] Level 5:colcon.colcon_core.verb:set package 'my_robot_interfaces' build argument 'cmake_clean_first' from command line to 'False'
[0.328s] Level 5:colcon.colcon_core.verb:set package 'my_robot_interfaces' build argument 'cmake_force_configure' from command line to 'False'
[0.328s] Level 5:colcon.colcon_core.verb:set package 'my_robot_interfaces' build argument 'ament_cmake_args' from command line to 'None'
[0.328s] Level 5:colcon.colcon_core.verb:set package 'my_robot_interfaces' build argument 'catkin_cmake_args' from command line to 'None'
[0.328s] Level 5:colcon.colcon_core.verb:set package 'my_robot_interfaces' build argument 'catkin_skip_building_tests' from command line to 'False'
[0.328s] DEBUG:colcon.colcon_core.verb:Building package 'my_robot_interfaces' with the following arguments: {'ament_cmake_args': None, 'build_base': '/home/navneeth/ros2_ws/build/my_robot_interfaces', 'catkin_cmake_args': None, 'catkin_skip_building_tests': False, 'cmake_args': None, 'cmake_clean_cache': False, 'cmake_clean_first': False, 'cmake_force_configure': False, 'cmake_target': None, 'cmake_target_skip_unavailable': False, 'install_base': '/home/navneeth/ros2_ws/install/my_robot_interfaces', 'merge_install': False, 'path': '/home/navneeth/ros2_ws/src/my_robot_interfaces', 'symlink_install': True, 'test_result_base': None}
[0.330s] Level 5:colcon.colcon_core.verb:set package 'my_py_pkg' build argument 'cmake_args' from command line to 'None'
[0.330s] Level 5:colcon.colcon_core.verb:set package 'my_py_pkg' build argument 'cmake_target' from command line to 'None'
[0.331s] Level 5:colcon.colcon_core.verb:set package 'my_py_pkg' build argument 'cmake_target_skip_unavailable' from command line to 'False'
[0.331s] Level 5:colcon.colcon_core.verb:set package 'my_py_pkg' build argument 'cmake_clean_cache' from command line to 'False'
[0.331s] Level 5:colcon.colcon_core.verb:set package 'my_py_pkg' build argument 'cmake_clean_first' from command line to 'False'
[0.331s] Level 5:colcon.colcon_core.verb:set package 'my_py_pkg' build argument 'cmake_force_configure' from command line to 'False'
[0.331s] Level 5:colcon.colcon_core.verb:set package 'my_py_pkg' build argument 'ament_cmake_args' from command line to 'None'
[0.331s] Level 5:colcon.colcon_core.verb:set package 'my_py_pkg' build argument 'catkin_cmake_args' from command line to 'None'
[0.331s] Level 5:colcon.colcon_core.verb:set package 'my_py_pkg' build argument 'catkin_skip_building_tests' from command line to 'False'
[0.331s] DEBUG:colcon.colcon_core.verb:Building package 'my_py_pkg' with the following arguments: {'ament_cmake_args': None, 'build_base': '/home/navneeth/ros2_ws/build/my_py_pkg', 'catkin_cmake_args': None, 'catkin_skip_building_tests': False, 'cmake_args': None, 'cmake_clean_cache': False, 'cmake_clean_first': False, 'cmake_force_configure': False, 'cmake_target': None, 'cmake_target_skip_unavailable': False, 'install_base': '/home/navneeth/ros2_ws/install/my_py_pkg', 'merge_install': False, 'path': '/home/navneeth/ros2_ws/src/my_py_pkg', 'symlink_install': True, 'test_result_base': None}
[0.331s] INFO:colcon.colcon_core.executor:Executing jobs using 'parallel' executor
[0.334s] DEBUG:colcon.colcon_parallel_executor.executor.parallel:run_until_complete
[0.334s] INFO:colcon.colcon_ros.task.ament_cmake.build:Building ROS package in '/home/navneeth/ros2_ws/src/my_robot_interfaces' with build type 'ament_cmake'
[0.334s] INFO:colcon.colcon_cmake.task.cmake.build:Building CMake package in '/home/navneeth/ros2_ws/src/my_robot_interfaces'
[0.337s] INFO:colcon.colcon_core.plugin_system:Skipping extension 'colcon_core.shell.bat': Not used on non-Windows systems
[0.337s] INFO:colcon.colcon_core.shell:Skip shell extension 'powershell' for command environment: Not usable outside of PowerShell
[0.337s] DEBUG:colcon.colcon_core.shell:Skip shell extension 'dsv' for command environment
[0.339s] DEBUG:colcon.colcon_core.shell:Ignoring prefix path '/opt/ros/foxy'
[0.339s] DEBUG:colcon.colcon_core.shell:Ignoring prefix path '/opt/ros/noetic'
[0.348s] DEBUG:colcon.colcon_core.event_handler.log_command:Invoking command in '/home/navneeth/ros2_ws/build/my_robot_interfaces': CMAKE_PREFIX_PATH=/home/navneeth/ros2_ws/install/my_robot_interfaces:/home/navneeth/ros2_ws/install/my_py_pkg:/opt/ros/foxy:/opt/ros/noetic /usr/bin/cmake /home/navneeth/ros2_ws/src/my_robot_interfaces -DAMENT_CMAKE_SYMLINK_INSTALL=1 -DCMAKE_INSTALL_PREFIX=/home/navneeth/ros2_ws/install/my_robot_interfaces
[1.168s] DEBUG:colcon.colcon_core.event_handler.log_command:Invoked command in '/home/navneeth/ros2_ws/build/my_robot_interfaces' returned '0': CMAKE_PREFIX_PATH=/home/navneeth/ros2_ws/install/my_robot_interfaces:/home/navneeth/ros2_ws/install/my_py_pkg:/opt/ros/foxy:/opt/ros/noetic /usr/bin/cmake /home/navneeth/ros2_ws/src/my_robot_interfaces -DAMENT_CMAKE_SYMLINK_INSTALL=1 -DCMAKE_INSTALL_PREFIX=/home/navneeth/ros2_ws/install/my_robot_interfaces
[1.170s] DEBUG:colcon.colcon_core.event_handler.log_command:Invoking command in '/home/navneeth/ros2_ws/build/my_robot_interfaces': CMAKE_PREFIX_PATH=/home/navneeth/ros2_ws/install/my_robot_interfaces:/home/navneeth/ros2_ws/install/my_py_pkg:/opt/ros/foxy:/opt/ros/noetic /usr/bin/cmake --build /home/navneeth/ros2_ws/build/my_robot_interfaces -- -j8 -l8
[1.629s] DEBUG:colcon.colcon_core.event_handler.log_command:Invoked command in '/home/navneeth/ros2_ws/build/my_robot_interfaces' returned '0': CMAKE_PREFIX_PATH=/home/navneeth/ros2_ws/install/my_robot_interfaces:/home/navneeth/ros2_ws/install/my_py_pkg:/opt/ros/foxy:/opt/ros/noetic /usr/bin/cmake --build /home/navneeth/ros2_ws/build/my_robot_interfaces -- -j8 -l8
[1.704s] DEBUG:colcon.colcon_core.event_handler.log_command:Invoking command in '/home/navneeth/ros2_ws/build/my_robot_interfaces': CMAKE_PREFIX_PATH=/home/navneeth/ros2_ws/install/my_robot_interfaces:/home/navneeth/ros2_ws/install/my_py_pkg:/opt/ros/foxy:/opt/ros/noetic /usr/bin/cmake --install /home/navneeth/ros2_ws/build/my_robot_interfaces
[2.615s] Level 1:colcon.colcon_core.environment:create_environment_scripts_only(my_robot_interfaces)
[2.617s] DEBUG:colcon.colcon_core.event_handler.log_command:Invoked command in '/home/navneeth/ros2_ws/build/my_robot_interfaces' returned '0': CMAKE_PREFIX_PATH=/home/navneeth/ros2_ws/install/my_robot_interfaces:/home/navneeth/ros2_ws/install/my_py_pkg:/opt/ros/foxy:/opt/ros/noetic /usr/bin/cmake --install /home/navneeth/ros2_ws/build/my_robot_interfaces
[2.619s] Level 1:colcon.colcon_core.environment:checking '/home/navneeth/ros2_ws/install/my_robot_interfaces' for CMake module files
[2.620s] Level 1:colcon.colcon_core.environment:checking '/home/navneeth/ros2_ws/install/my_robot_interfaces' for CMake config files
[2.620s] Level 1:colcon.colcon_core.shell:create_environment_hook('my_robot_interfaces', 'cmake_prefix_path')
[2.621s] INFO:colcon.colcon_core.shell:Creating environment hook '/home/navneeth/ros2_ws/install/my_robot_interfaces/share/my_robot_interfaces/hook/cmake_prefix_path.ps1'
[2.621s] INFO:colcon.colcon_core.shell:Creating environment descriptor '/home/navneeth/ros2_ws/install/my_robot_interfaces/share/my_robot_interfaces/hook/cmake_prefix_path.dsv'
[2.622s] INFO:colcon.colcon_core.shell:Creating environment hook '/home/navneeth/ros2_ws/install/my_robot_interfaces/share/my_robot_interfaces/hook/cmake_prefix_path.sh'
[2.623s] Level 1:colcon.colcon_core.environment:checking '/home/navneeth/ros2_ws/install/my_robot_interfaces/lib'
[2.623s] Level 1:colcon.colcon_core.shell:create_environment_hook('my_robot_interfaces', 'ld_library_path_lib')
[2.623s] INFO:colcon.colcon_core.shell:Creating environment hook '/home/navneeth/ros2_ws/install/my_robot_interfaces/share/my_robot_interfaces/hook/ld_library_path_lib.ps1'
[2.624s] INFO:colcon.colcon_core.shell:Creating environment descriptor '/home/navneeth/ros2_ws/install/my_robot_interfaces/share/my_robot_interfaces/hook/ld_library_path_lib.dsv'
[2.624s] INFO:colcon.colcon_core.shell:Creating environment hook '/home/navneeth/ros2_ws/install/my_robot_interfaces/share/my_robot_interfaces/hook/ld_library_path_lib.sh'
[2.624s] Level 1:colcon.colcon_core.environment:checking '/home/navneeth/ros2_ws/install/my_robot_interfaces/bin'
[2.624s] Level 1:colcon.colcon_core.environment:checking '/home/navneeth/ros2_ws/install/my_robot_interfaces/lib/pkgconfig/my_robot_interfaces.pc'
[2.624s] Level 1:colcon.colcon_core.environment:checking '/home/navneeth/ros2_ws/install/my_robot_interfaces/lib/python3.8/site-packages'
[2.624s] Level 1:colcon.colcon_core.shell:create_environment_hook('my_robot_interfaces', 'pythonpath')
[2.625s] INFO:colcon.colcon_core.shell:Creating environment hook '/home/navneeth/ros2_ws/install/my_robot_interfaces/share/my_robot_interfaces/hook/pythonpath.ps1'
[2.625s] INFO:colcon.colcon_core.shell:Creating environment descriptor '/home/navneeth/ros2_ws/install/my_robot_interfaces/share/my_robot_interfaces/hook/pythonpath.dsv'
[2.625s] INFO:colcon.colcon_core.shell:Creating environment hook '/home/navneeth/ros2_ws/install/my_robot_interfaces/share/my_robot_interfaces/hook/pythonpath.sh'
[2.626s] INFO:colcon.colcon_core.shell:Creating package script '/home/navneeth/ros2_ws/install/my_robot_interfaces/share/my_robot_interfaces/package.ps1'
[2.627s] INFO:colcon.colcon_core.shell:Creating package descriptor '/home/navneeth/ros2_ws/install/my_robot_interfaces/share/my_robot_interfaces/package.dsv'
[2.628s] INFO:colcon.colcon_core.shell:Creating package script '/home/navneeth/ros2_ws/install/my_robot_interfaces/share/my_robot_interfaces/package.sh'
[2.628s] INFO:colcon.colcon_core.shell:Creating package script '/home/navneeth/ros2_ws/install/my_robot_interfaces/share/my_robot_interfaces/package.bash'
[2.629s] INFO:colcon.colcon_core.shell:Creating package script '/home/navneeth/ros2_ws/install/my_robot_interfaces/share/my_robot_interfaces/package.zsh'
[2.629s] Level 1:colcon.colcon_core.environment:create_file_with_runtime_dependencies(/home/navneeth/ros2_ws/install/my_robot_interfaces/share/colcon-core/packages/my_robot_interfaces)
[2.696s] Level 1:colcon.colcon_core.environment:create_environment_scripts_only(my_robot_interfaces)
[2.697s] Level 1:colcon.colcon_core.environment:checking '/home/navneeth/ros2_ws/install/my_robot_interfaces' for CMake module files
[2.698s] Level 1:colcon.colcon_core.environment:checking '/home/navneeth/ros2_ws/install/my_robot_interfaces' for CMake config files
[2.698s] Level 1:colcon.colcon_core.shell:create_environment_hook('my_robot_interfaces', 'cmake_prefix_path')
[2.699s] INFO:colcon.colcon_core.shell:Creating environment hook '/home/navneeth/ros2_ws/install/my_robot_interfaces/share/my_robot_interfaces/hook/cmake_prefix_path.ps1'
[2.699s] INFO:colcon.colcon_core.shell:Creating environment descriptor '/home/navneeth/ros2_ws/install/my_robot_interfaces/share/my_robot_interfaces/hook/cmake_prefix_path.dsv'
[2.699s] INFO:colcon.colcon_core.shell:Creating environment hook '/home/navneeth/ros2_ws/install/my_robot_interfaces/share/my_robot_interfaces/hook/cmake_prefix_path.sh'
[2.700s] Level 1:colcon.colcon_core.environment:checking '/home/navneeth/ros2_ws/install/my_robot_interfaces/lib'
[2.700s] Level 1:colcon.colcon_core.shell:create_environment_hook('my_robot_interfaces', 'ld_library_path_lib')
[2.700s] INFO:colcon.colcon_core.shell:Creating environment hook '/home/navneeth/ros2_ws/install/my_robot_interfaces/share/my_robot_interfaces/hook/ld_library_path_lib.ps1'
[2.701s] INFO:colcon.colcon_core.shell:Creating environment descriptor '/home/navneeth/ros2_ws/install/my_robot_interfaces/share/my_robot_interfaces/hook/ld_library_path_lib.dsv'
[2.701s] INFO:colcon.colcon_core.shell:Creating environment hook '/home/navneeth/ros2_ws/install/my_robot_interfaces/share/my_robot_interfaces/hook/ld_library_path_lib.sh'
[2.701s] Level 1:colcon.colcon_core.environment:checking '/home/navneeth/ros2_ws/install/my_robot_interfaces/bin'
[2.701s] Level 1:colcon.colcon_core.environment:checking '/home/navneeth/ros2_ws/install/my_robot_interfaces/lib/pkgconfig/my_robot_interfaces.pc'
[2.701s] Level 1:colcon.colcon_core.environment:checking '/home/navneeth/ros2_ws/install/my_robot_interfaces/lib/python3.8/site-packages'
[2.701s] Level 1:colcon.colcon_core.shell:create_environment_hook('my_robot_interfaces', 'pythonpath')
[2.702s] INFO:colcon.colcon_core.shell:Creating environment hook '/home/navneeth/ros2_ws/install/my_robot_interfaces/share/my_robot_interfaces/hook/pythonpath.ps1'
[2.702s] INFO:colcon.colcon_core.shell:Creating environment descriptor '/home/navneeth/ros2_ws/install/my_robot_interfaces/share/my_robot_interfaces/hook/pythonpath.dsv'
[2.702s] INFO:colcon.colcon_core.shell:Creating environment hook '/home/navneeth/ros2_ws/install/my_robot_interfaces/share/my_robot_interfaces/hook/pythonpath.sh'
[2.703s] INFO:colcon.colcon_core.shell:Creating package script '/home/navneeth/ros2_ws/install/my_robot_interfaces/share/my_robot_interfaces/package.ps1'
[2.704s] INFO:colcon.colcon_core.shell:Creating package descriptor '/home/navneeth/ros2_ws/install/my_robot_interfaces/share/my_robot_interfaces/package.dsv'
[2.704s] INFO:colcon.colcon_core.shell:Creating package script '/home/navneeth/ros2_ws/install/my_robot_interfaces/share/my_robot_interfaces/package.sh'
[2.704s] INFO:colcon.colcon_core.shell:Creating package script '/home/navneeth/ros2_ws/install/my_robot_interfaces/share/my_robot_interfaces/package.bash'
[2.705s] INFO:colcon.colcon_core.shell:Creating package script '/home/navneeth/ros2_ws/install/my_robot_interfaces/share/my_robot_interfaces/package.zsh'
[2.705s] Level 1:colcon.colcon_core.environment:create_file_with_runtime_dependencies(/home/navneeth/ros2_ws/install/my_robot_interfaces/share/colcon-core/packages/my_robot_interfaces)
[2.705s] INFO:colcon.colcon_ros.task.ament_python.build:Building ROS package in '/home/navneeth/ros2_ws/src/my_py_pkg' with build type 'ament_python'
[2.706s] Level 1:colcon.colcon_core.shell:create_environment_hook('my_py_pkg', 'ament_prefix_path')
[2.706s] INFO:colcon.colcon_core.shell:Creating environment hook '/home/navneeth/ros2_ws/install/my_py_pkg/share/my_py_pkg/hook/ament_prefix_path.ps1'
[2.707s] INFO:colcon.colcon_core.shell:Creating environment descriptor '/home/navneeth/ros2_ws/install/my_py_pkg/share/my_py_pkg/hook/ament_prefix_path.dsv'
[2.707s] INFO:colcon.colcon_core.shell:Creating environment hook '/home/navneeth/ros2_ws/install/my_py_pkg/share/my_py_pkg/hook/ament_prefix_path.sh'
[2.708s] INFO:colcon.colcon_core.shell:Skip shell extension 'powershell' for command environment: Not usable outside of PowerShell
[2.708s] DEBUG:colcon.colcon_core.shell:Skip shell extension 'dsv' for command environment
[2.709s] DEBUG:colcon.colcon_core.shell:Ignoring prefix path '/opt/ros/foxy'
[2.710s] DEBUG:colcon.colcon_core.shell:Ignoring prefix path '/opt/ros/noetic'
[2.972s] INFO:colcon.colcon_core.task.python.build:Building Python package in '/home/navneeth/ros2_ws/src/my_py_pkg'
[2.973s] INFO:colcon.colcon_core.shell:Skip shell extension 'powershell' for command environment: Not usable outside of PowerShell
[2.973s] DEBUG:colcon.colcon_core.shell:Skip shell extension 'dsv' for command environment
[2.975s] DEBUG:colcon.colcon_core.shell:Ignoring prefix path '/opt/ros/foxy'
[2.975s] DEBUG:colcon.colcon_core.shell:Ignoring prefix path '/opt/ros/noetic'
[2.981s] DEBUG:colcon.colcon_core.task.python.build:While undoing a previous installation files outside the Python library path are being ignored: /home/navneeth/ros2_ws/install/my_py_pkg/share/ament_index/resource_index/packages/my_py_pkg
[2.981s] DEBUG:colcon.colcon_core.task.python.build:While undoing a previous installation files outside the Python library path are being ignored: /home/navneeth/ros2_ws/install/my_py_pkg/share/my_py_pkg/package.xml
[2.981s] DEBUG:colcon.colcon_core.task.python.build:While undoing a previous installation files outside the Python library path are being ignored: /home/navneeth/ros2_ws/install/my_py_pkg/lib/my_py_pkg/add_two_ints_client_no_opp = my_py_pkg.add_two_ints_client_no_opp:mainadd_two_ints_client
[2.982s] DEBUG:colcon.colcon_core.task.python.build:While undoing a previous installation files outside the Python library path are being ignored: /home/navneeth/ros2_ws/install/my_py_pkg/lib/my_py_pkg/add_two_ints_server
[2.982s] DEBUG:colcon.colcon_core.task.python.build:While undoing a previous installation files outside the Python library path are being ignored: /home/navneeth/ros2_ws/install/my_py_pkg/lib/my_py_pkg/hw_status_publisher
[2.982s] DEBUG:colcon.colcon_core.task.python.build:While undoing a previous installation files outside the Python library path are being ignored: /home/navneeth/ros2_ws/install/my_py_pkg/lib/my_py_pkg/number_counter
[2.982s] DEBUG:colcon.colcon_core.task.python.build:While undoing a previous installation files outside the Python library path are being ignored: /home/navneeth/ros2_ws/install/my_py_pkg/lib/my_py_pkg/number_publisher
[2.982s] DEBUG:colcon.colcon_core.task.python.build:While undoing a previous installation files outside the Python library path are being ignored: /home/navneeth/ros2_ws/install/my_py_pkg/lib/my_py_pkg/py_node
[2.982s] DEBUG:colcon.colcon_core.task.python.build:While undoing a previous installation files outside the Python library path are being ignored: /home/navneeth/ros2_ws/install/my_py_pkg/lib/my_py_pkg/robot_news_station
[2.982s] DEBUG:colcon.colcon_core.task.python.build:While undoing a previous installation files outside the Python library path are being ignored: /home/navneeth/ros2_ws/install/my_py_pkg/lib/my_py_pkg/smartphone
[2.985s] DEBUG:colcon.colcon_core.event_handler.log_command:Invoking command in '/home/navneeth/ros2_ws/build/my_py_pkg': PYTHONPATH=/home/navneeth/ros2_ws/install/my_py_pkg/lib/python3.8/site-packages:/home/navneeth/ros2_ws/install/my_robot_interfaces/lib/python3.8/site-packages:/home/navneeth/ros2_ws/install/my_py_pkg/lib/python3.8/site-packages:/opt/ros/noetic/lib/python3/dist-packages:/opt/ros/foxy/lib/python3.8/site-packages /usr/bin/python3 setup.py develop --prefix /home/navneeth/ros2_ws/install/my_py_pkg --editable --build-directory /home/navneeth/ros2_ws/build/my_py_pkg/build --no-deps install_data --install-dir /home/navneeth/ros2_ws/install/my_py_pkg
[4.070s] Level 1:colcon.colcon_core.shell:create_environment_hook('my_py_pkg', 'pythonpath_develop')
[4.071s] INFO:colcon.colcon_core.shell:Creating environment hook '/home/navneeth/ros2_ws/build/my_py_pkg/share/my_py_pkg/hook/pythonpath_develop.ps1'
[4.072s] DEBUG:colcon.colcon_core.event_handler.log_command:Invoked command in '/home/navneeth/ros2_ws/build/my_py_pkg' returned '0': PYTHONPATH=/home/navneeth/ros2_ws/install/my_py_pkg/lib/python3.8/site-packages:/home/navneeth/ros2_ws/install/my_robot_interfaces/lib/python3.8/site-packages:/home/navneeth/ros2_ws/install/my_py_pkg/lib/python3.8/site-packages:/opt/ros/noetic/lib/python3/dist-packages:/opt/ros/foxy/lib/python3.8/site-packages /usr/bin/python3 setup.py develop --prefix /home/navneeth/ros2_ws/install/my_py_pkg --editable --build-directory /home/navneeth/ros2_ws/build/my_py_pkg/build --no-deps install_data --install-dir /home/navneeth/ros2_ws/install/my_py_pkg
[4.072s] INFO:colcon.colcon_core.shell:Creating environment descriptor '/home/navneeth/ros2_ws/build/my_py_pkg/share/my_py_pkg/hook/pythonpath_develop.dsv'
[4.073s] INFO:colcon.colcon_core.shell:Creating environment hook '/home/navneeth/ros2_ws/build/my_py_pkg/share/my_py_pkg/hook/pythonpath_develop.sh'
[4.074s] Level 1:colcon.colcon_core.environment:checking '/home/navneeth/ros2_ws/install/my_py_pkg' for CMake module files
[4.075s] Level 1:colcon.colcon_core.environment:checking '/home/navneeth/ros2_ws/install/my_py_pkg' for CMake config files
[4.075s] Level 1:colcon.colcon_core.environment:checking '/home/navneeth/ros2_ws/install/my_py_pkg/lib'
[4.075s] Level 1:colcon.colcon_core.environment:checking '/home/navneeth/ros2_ws/install/my_py_pkg/bin'
[4.075s] Level 1:colcon.colcon_core.environment:checking '/home/navneeth/ros2_ws/install/my_py_pkg/lib/pkgconfig/my_py_pkg.pc'
[4.075s] Level 1:colcon.colcon_core.environment:checking '/home/navneeth/ros2_ws/install/my_py_pkg/lib/python3.8/site-packages'
[4.075s] Level 1:colcon.colcon_core.shell:create_environment_hook('my_py_pkg', 'pythonpath')
[4.076s] INFO:colcon.colcon_core.shell:Creating environment hook '/home/navneeth/ros2_ws/install/my_py_pkg/share/my_py_pkg/hook/pythonpath.ps1'
[4.076s] INFO:colcon.colcon_core.shell:Creating environment descriptor '/home/navneeth/ros2_ws/install/my_py_pkg/share/my_py_pkg/hook/pythonpath.dsv'
[4.077s] INFO:colcon.colcon_core.shell:Creating environment hook '/home/navneeth/ros2_ws/install/my_py_pkg/share/my_py_pkg/hook/pythonpath.sh'
[4.077s] Level 1:colcon.colcon_core.environment:create_environment_scripts_only(my_py_pkg)
[4.078s] INFO:colcon.colcon_core.shell:Creating package script '/home/navneeth/ros2_ws/install/my_py_pkg/share/my_py_pkg/package.ps1'
[4.078s] INFO:colcon.colcon_core.shell:Creating package descriptor '/home/navneeth/ros2_ws/install/my_py_pkg/share/my_py_pkg/package.dsv'
[4.079s] INFO:colcon.colcon_core.shell:Creating package script '/home/navneeth/ros2_ws/install/my_py_pkg/share/my_py_pkg/package.sh'
[4.079s] INFO:colcon.colcon_core.shell:Creating package script '/home/navneeth/ros2_ws/install/my_py_pkg/share/my_py_pkg/package.bash'
[4.079s] INFO:colcon.colcon_core.shell:Creating package script '/home/navneeth/ros2_ws/install/my_py_pkg/share/my_py_pkg/package.zsh'
[4.080s] Level 1:colcon.colcon_core.environment:create_file_with_runtime_dependencies(/home/navneeth/ros2_ws/install/my_py_pkg/share/colcon-core/packages/my_py_pkg)
[4.080s] DEBUG:colcon.colcon_parallel_executor.executor.parallel:closing loop
[4.081s] DEBUG:colcon.colcon_parallel_executor.executor.parallel:loop closed
[4.081s] DEBUG:colcon.colcon_parallel_executor.executor.parallel:run_until_complete finished with '0'
[4.081s] DEBUG:colcon.colcon_core.event_reactor:joining thread
[4.087s] INFO:colcon.colcon_core.plugin_system:Skipping extension 'colcon_notification.desktop_notification.terminal_notifier': Not used on non-Darwin systems
[4.087s] INFO:colcon.colcon_core.plugin_system:Skipping extension 'colcon_notification.desktop_notification.win32': Not used on non-Windows systems
[4.087s] INFO:colcon.colcon_notification.desktop_notification:Sending desktop notification using 'notify2'
[4.102s] DEBUG:colcon.colcon_core.event_reactor:joined thread
[4.103s] INFO:colcon.colcon_core.shell:Creating prefix script '/home/navneeth/ros2_ws/install/local_setup.ps1'
[4.104s] INFO:colcon.colcon_core.shell:Creating prefix util module '/home/navneeth/ros2_ws/install/_local_setup_util_ps1.py'
[4.106s] INFO:colcon.colcon_core.shell:Creating prefix chain script '/home/navneeth/ros2_ws/install/setup.ps1'
[4.108s] INFO:colcon.colcon_core.shell:Creating prefix script '/home/navneeth/ros2_ws/install/local_setup.sh'
[4.109s] INFO:colcon.colcon_core.shell:Creating prefix util module '/home/navneeth/ros2_ws/install/_local_setup_util_sh.py'
[4.110s] INFO:colcon.colcon_core.shell:Creating prefix chain script '/home/navneeth/ros2_ws/install/setup.sh'
[4.112s] INFO:colcon.colcon_core.shell:Creating prefix script '/home/navneeth/ros2_ws/install/local_setup.bash'
[4.113s] INFO:colcon.colcon_core.shell:Creating prefix chain script '/home/navneeth/ros2_ws/install/setup.bash'
[4.115s] INFO:colcon.colcon_core.shell:Creating prefix script '/home/navneeth/ros2_ws/install/local_setup.zsh'
[4.115s] INFO:colcon.colcon_core.shell:Creating prefix chain script '/home/navneeth/ros2_ws/install/setup.zsh'
