[0.650s] Invoking command in '/home/navneeth/ros2_ws/build/my_py_pkg': PYTHONPATH=/home/navneeth/ros2_ws/install/my_py_pkg/lib/python3.8/site-packages:${PYTHONPATH} /usr/bin/python3 setup.py develop --prefix /home/navneeth/ros2_ws/install/my_py_pkg --editable --build-directory /home/navneeth/ros2_ws/build/my_py_pkg/build --no-deps install_data --install-dir /home/navneeth/ros2_ws/install/my_py_pkg
[0.898s] running develop
[1.061s] running egg_info
[1.061s] writing my_py_pkg.egg-info/PKG-INFO
[1.061s] writing dependency_links to my_py_pkg.egg-info/dependency_links.txt
[1.061s] writing entry points to my_py_pkg.egg-info/entry_points.txt
[1.061s] writing requirements to my_py_pkg.egg-info/requires.txt
[1.061s] writing top-level names to my_py_pkg.egg-info/top_level.txt
[1.147s] listing git files failed - pretending there aren't any
[1.149s] reading manifest file 'my_py_pkg.egg-info/SOURCES.txt'
[1.150s] writing manifest file 'my_py_pkg.egg-info/SOURCES.txt'
[1.609s] running build_ext
[1.633s] Creating /home/navneeth/ros2_ws/install/my_py_pkg/lib/python3.8/site-packages/my-py-pkg.egg-link (link to .)
[1.637s] Installing add_two_ints_client_no_opp = my_py_pkg.add_two_ints_client_no_opp:mainadd_two_ints_client script to /home/navneeth/ros2_ws/install/my_py_pkg/lib/my_py_pkg
[1.638s] Installing add_two_ints_server script to /home/navneeth/ros2_ws/install/my_py_pkg/lib/my_py_pkg
[1.638s] Installing hw_status_publisher script to /home/navneeth/ros2_ws/install/my_py_pkg/lib/my_py_pkg
[1.639s] Installing number_counter script to /home/navneeth/ros2_ws/install/my_py_pkg/lib/my_py_pkg
[1.639s] Installing number_publisher script to /home/navneeth/ros2_ws/install/my_py_pkg/lib/my_py_pkg
[1.639s] Installing py_node script to /home/navneeth/ros2_ws/install/my_py_pkg/lib/my_py_pkg
[1.640s] Installing robot_news_station script to /home/navneeth/ros2_ws/install/my_py_pkg/lib/my_py_pkg
[1.640s] Installing smartphone script to /home/navneeth/ros2_ws/install/my_py_pkg/lib/my_py_pkg
[1.641s] 
[1.641s] Installed /home/navneeth/ros2_ws/build/my_py_pkg
[1.641s] running install_data
[1.642s] copying package.xml -> /home/navneeth/ros2_ws/install/my_py_pkg/share/my_py_pkg
[1.672s] Invoked command in '/home/navneeth/ros2_ws/build/my_py_pkg' returned '0': PYTHONPATH=/home/navneeth/ros2_ws/install/my_py_pkg/lib/python3.8/site-packages:${PYTHONPATH} /usr/bin/python3 setup.py develop --prefix /home/navneeth/ros2_ws/install/my_py_pkg --editable --build-directory /home/navneeth/ros2_ws/build/my_py_pkg/build --no-deps install_data --install-dir /home/navneeth/ros2_ws/install/my_py_pkg
