[0.733s] Invoking command in '/home/navneeth/ros2_ws/src/turtle_sim_catch_them_all': PYTHONPATH=/home/navneeth/ros2_ws/install/turtle_sim_catch_them_all/lib/python3.8/site-packages:${PYTHONPATH} /usr/bin/python3 setup.py egg_info --egg-base ../../build/turtle_sim_catch_them_all build --build-base /home/navneeth/ros2_ws/build/turtle_sim_catch_them_all/build install --prefix /home/navneeth/ros2_ws/install/turtle_sim_catch_them_all --record /home/navneeth/ros2_ws/build/turtle_sim_catch_them_all/install.log --single-version-externally-managed
[0.956s] running egg_info
[0.957s] writing ../../build/turtle_sim_catch_them_all/turtle_sim_catch_them_all.egg-info/PKG-INFO
[0.965s] writing dependency_links to ../../build/turtle_sim_catch_them_all/turtle_sim_catch_them_all.egg-info/dependency_links.txt
[0.965s] writing entry points to ../../build/turtle_sim_catch_them_all/turtle_sim_catch_them_all.egg-info/entry_points.txt
[0.965s] writing requirements to ../../build/turtle_sim_catch_them_all/turtle_sim_catch_them_all.egg-info/requires.txt
[0.965s] writing top-level names to ../../build/turtle_sim_catch_them_all/turtle_sim_catch_them_all.egg-info/top_level.txt
[1.138s] listing git files failed - pretending there aren't any
[1.140s] reading manifest file '../../build/turtle_sim_catch_them_all/turtle_sim_catch_them_all.egg-info/SOURCES.txt'
[1.176s] writing manifest file '../../build/turtle_sim_catch_them_all/turtle_sim_catch_them_all.egg-info/SOURCES.txt'
[1.176s] running build
[1.176s] running build_py
[1.190s] running install
[1.192s] running install_lib
[1.203s] running install_data
[1.204s] running install_egg_info
[1.206s] removing '/home/navneeth/ros2_ws/install/turtle_sim_catch_them_all/lib/python3.8/site-packages/turtle_sim_catch_them_all-0.0.0-py3.8.egg-info' (and everything under it)
[1.226s] Copying ../../build/turtle_sim_catch_them_all/turtle_sim_catch_them_all.egg-info to /home/navneeth/ros2_ws/install/turtle_sim_catch_them_all/lib/python3.8/site-packages/turtle_sim_catch_them_all-0.0.0-py3.8.egg-info
[1.249s] running install_scripts
[1.265s] writing list of installed files to '/home/navneeth/ros2_ws/build/turtle_sim_catch_them_all/install.log'
[1.290s] Invoked command in '/home/navneeth/ros2_ws/src/turtle_sim_catch_them_all' returned '0': PYTHONPATH=/home/navneeth/ros2_ws/install/turtle_sim_catch_them_all/lib/python3.8/site-packages:${PYTHONPATH} /usr/bin/python3 setup.py egg_info --egg-base ../../build/turtle_sim_catch_them_all build --build-base /home/navneeth/ros2_ws/build/turtle_sim_catch_them_all/build install --prefix /home/navneeth/ros2_ws/install/turtle_sim_catch_them_all --record /home/navneeth/ros2_ws/build/turtle_sim_catch_them_all/install.log --single-version-externally-managed
