[8.896s] DEBUG:colcon:Command line arguments: ['/usr/bin/colcon', 'build']
[8.896s] DEBUG:colcon:Parsed command line arguments: Namespace(ament_cmake_args=None, base_paths=['.'], build_base='build', catkin_cmake_args=None, catkin_skip_building_tests=False, cmake_args=None, cmake_clean_cache=False, cmake_clean_first=False, cmake_force_configure=False, cmake_target=None, cmake_target_skip_unavailable=False, continue_on_error=False, event_handlers=None, executor='parallel', ignore_user_meta=False, install_base='install', log_base=None, log_level=None, main=<bound method BuildVerb.main of <colcon_core.verb.build.BuildVerb object at 0x7f1fff908fd0>>, merge_install=False, metas=['./colcon.meta'], packages_above=None, packages_above_and_dependencies=None, packages_above_depth=None, packages_end=None, packages_ignore=None, packages_ignore_regex=None, packages_select=None, packages_select_build_failed=False, packages_select_by_dep=None, packages_select_regex=None, packages_select_test_failures=False, packages_skip=None, packages_skip_build_finished=False, packages_skip_by_dep=None, packages_skip_regex=None, packages_skip_test_passed=False, packages_skip_up_to=None, packages_start=None, packages_up_to=None, packages_up_to_regex=None, parallel_workers=8, paths=None, symlink_install=False, test_result_base=None, verb_extension=<colcon_core.verb.build.BuildVerb object at 0x7f1fff908fd0>, verb_name='build', verb_parser=<colcon_defaults.argument_parser.defaults.DefaultArgumentsDecorator object at 0x7f1fff910400>)
[9.002s] Level 1:colcon.colcon_core.package_discovery:discover_packages(colcon_meta) check parameters
[9.003s] Level 1:colcon.colcon_core.package_discovery:discover_packages(recursive) check parameters
[9.003s] Level 1:colcon.colcon_core.package_discovery:discover_packages(ignore) check parameters
[9.003s] Level 1:colcon.colcon_core.package_discovery:discover_packages(path) check parameters
[9.003s] Level 1:colcon.colcon_core.package_discovery:discover_packages(colcon_meta) discover
[9.004s] Level 1:colcon.colcon_core.package_discovery:discover_packages(recursive) discover
[9.004s] INFO:colcon.colcon_core.package_discovery:Crawling recursively for packages in '/home/navneeth/ros2_ws'
[9.004s] Level 1:colcon.colcon_core.package_identification:_identify(.) by extensions ['ignore', 'ignore_ament_install']
[9.005s] Level 1:colcon.colcon_core.package_identification:_identify(.) by extension 'ignore'
[9.005s] Level 1:colcon.colcon_core.package_identification:_identify(.) by extension 'ignore_ament_install'
[9.005s] Level 1:colcon.colcon_core.package_identification:_identify(.) by extensions ['colcon_pkg']
[9.006s] Level 1:colcon.colcon_core.package_identification:_identify(.) by extension 'colcon_pkg'
[9.006s] Level 1:colcon.colcon_core.package_identification:_identify(.) by extensions ['colcon_meta']
[9.006s] Level 1:colcon.colcon_core.package_identification:_identify(.) by extension 'colcon_meta'
[9.006s] Level 1:colcon.colcon_core.package_identification:_identify(.) by extensions ['ros']
[9.006s] Level 1:colcon.colcon_core.package_identification:_identify(.) by extension 'ros'
[9.114s] Level 1:colcon.colcon_core.package_identification:_identify(.) by extensions ['cmake', 'python']
[9.114s] Level 1:colcon.colcon_core.package_identification:_identify(.) by extension 'cmake'
[9.114s] Level 1:colcon.colcon_core.package_identification:_identify(.) by extension 'python'
[9.114s] Level 1:colcon.colcon_core.package_identification:_identify(.) by extensions ['python_setup_py']
[9.114s] Level 1:colcon.colcon_core.package_identification:_identify(.) by extension 'python_setup_py'
[9.115s] Level 1:colcon.colcon_core.package_identification:_identify(build) by extensions ['ignore', 'ignore_ament_install']
[9.115s] Level 1:colcon.colcon_core.package_identification:_identify(build) by extension 'ignore'
[9.115s] Level 1:colcon.colcon_core.package_identification:_identify(build) ignored
[9.115s] Level 1:colcon.colcon_core.package_identification:_identify(install) by extensions ['ignore', 'ignore_ament_install']
[9.115s] Level 1:colcon.colcon_core.package_identification:_identify(install) by extension 'ignore'
[9.115s] Level 1:colcon.colcon_core.package_identification:_identify(install) ignored
[9.116s] Level 1:colcon.colcon_core.package_identification:_identify(log) by extensions ['ignore', 'ignore_ament_install']
[9.116s] Level 1:colcon.colcon_core.package_identification:_identify(log) by extension 'ignore'
[9.116s] Level 1:colcon.colcon_core.package_identification:_identify(log) ignored
[9.116s] Level 1:colcon.colcon_core.package_identification:_identify(src) by extensions ['ignore', 'ignore_ament_install']
[9.117s] Level 1:colcon.colcon_core.package_identification:_identify(src) by extension 'ignore'
[9.117s] Level 1:colcon.colcon_core.package_identification:_identify(src) by extension 'ignore_ament_install'
[9.117s] Level 1:colcon.colcon_core.package_identification:_identify(src) by extensions ['colcon_pkg']
[9.117s] Level 1:colcon.colcon_core.package_identification:_identify(src) by extension 'colcon_pkg'
[9.117s] Level 1:colcon.colcon_core.package_identification:_identify(src) by extensions ['colcon_meta']
[9.117s] Level 1:colcon.colcon_core.package_identification:_identify(src) by extension 'colcon_meta'
[9.118s] Level 1:colcon.colcon_core.package_identification:_identify(src) by extensions ['ros']
[9.118s] Level 1:colcon.colcon_core.package_identification:_identify(src) by extension 'ros'
[9.118s] Level 1:colcon.colcon_core.package_identification:_identify(src) by extensions ['cmake', 'python']
[9.118s] Level 1:colcon.colcon_core.package_identification:_identify(src) by extension 'cmake'
[9.118s] Level 1:colcon.colcon_core.package_identification:_identify(src) by extension 'python'
[9.118s] Level 1:colcon.colcon_core.package_identification:_identify(src) by extensions ['python_setup_py']
[9.118s] Level 1:colcon.colcon_core.package_identification:_identify(src) by extension 'python_setup_py'
[9.118s] Level 1:colcon.colcon_core.package_discovery:discover_packages(recursive) using defaults
[9.119s] Level 1:colcon.colcon_core.package_discovery:discover_packages(ignore) discover
[9.119s] Level 1:colcon.colcon_core.package_discovery:discover_packages(ignore) using defaults
[9.119s] Level 1:colcon.colcon_core.package_discovery:discover_packages(path) discover
[9.119s] Level 1:colcon.colcon_core.package_discovery:discover_packages(path) using defaults
[9.244s] INFO:colcon.colcon_core.executor:Executing jobs using 'parallel' executor
[9.246s] DEBUG:colcon.colcon_parallel_executor.executor.parallel:run_until_complete
[9.246s] DEBUG:colcon.colcon_parallel_executor.executor.parallel:closing loop
[9.246s] DEBUG:colcon.colcon_parallel_executor.executor.parallel:loop closed
[9.246s] DEBUG:colcon.colcon_parallel_executor.executor.parallel:run_until_complete finished with '0'
[9.247s] DEBUG:colcon.colcon_core.event_reactor:joining thread
[9.257s] INFO:colcon.colcon_core.plugin_system:Skipping extension 'colcon_notification.desktop_notification.terminal_notifier': Not used on non-Darwin systems
[9.257s] INFO:colcon.colcon_core.plugin_system:Skipping extension 'colcon_notification.desktop_notification.win32': Not used on non-Windows systems
[9.257s] INFO:colcon.colcon_notification.desktop_notification:Sending desktop notification using 'notify2'
[9.269s] DEBUG:colcon.colcon_core.event_reactor:joined thread
[9.273s] INFO:colcon.colcon_core.plugin_system:Skipping extension 'colcon_core.shell.bat': Not used on non-Windows systems
[9.273s] INFO:colcon.colcon_core.shell:Creating prefix script '/home/navneeth/ros2_ws/install/local_setup.ps1'
[9.274s] INFO:colcon.colcon_core.shell:Creating prefix util module '/home/navneeth/ros2_ws/install/_local_setup_util_ps1.py'
[9.275s] INFO:colcon.colcon_core.shell:Creating prefix chain script '/home/navneeth/ros2_ws/install/setup.ps1'
[9.278s] INFO:colcon.colcon_core.shell:Creating prefix script '/home/navneeth/ros2_ws/install/local_setup.sh'
[9.279s] INFO:colcon.colcon_core.shell:Creating prefix util module '/home/navneeth/ros2_ws/install/_local_setup_util_sh.py'
[9.279s] INFO:colcon.colcon_core.shell:Creating prefix chain script '/home/navneeth/ros2_ws/install/setup.sh'
[9.281s] INFO:colcon.colcon_core.shell:Creating prefix script '/home/navneeth/ros2_ws/install/local_setup.bash'
[9.281s] INFO:colcon.colcon_core.shell:Creating prefix chain script '/home/navneeth/ros2_ws/install/setup.bash'
[9.285s] INFO:colcon.colcon_core.shell:Creating prefix script '/home/navneeth/ros2_ws/install/local_setup.zsh'
[9.286s] INFO:colcon.colcon_core.shell:Creating prefix chain script '/home/navneeth/ros2_ws/install/setup.zsh'
